<?xml version="1.0" encoding="utf-8"?>
<!DOCTYPE coverage SYSTEM "http://cobertura.sourceforge.net/xml/coverage-04.dtd">
<coverage line-rate="0.7180232558139535" branch-rate="0.5056818181818182" lines-covered="247" lines-valid="344" branches-covered="89" branches-valid="176" complexity="236" version="0" timestamp="1733688839">
  <sources>
    <source>D:\a\Fededim.Extensions.Configuration.Protected\Fededim.Extensions.Configuration.Protected\</source>
  </sources>
  <packages>
    <package name="Fededim.Extensions.Configuration.Protected" line-rate="0.73" branch-rate="0.4936708860759494" complexity="204">
      <classes>
        <class name="Fededim.Extensions.Configuration.Protected.ConfigurationBuilderExtensions" filename="D:\a\Fededim.Extensions.Configuration.Protected\Fededim.Extensions.Configuration.Protected\Fededim.Extensions.Configuration.Protected\ConfigurationBuilderExtensions.cs" line-rate="0.8235294117647058" branch-rate="0.7" complexity="45">
          <methods>
            <method name="get_ProtectFilesOptions" signature="()" line-rate="1" branch-rate="1" complexity="1">
              <lines>
                <line number="44" hits="42" branch="false" />
              </lines>
            </method>
            <method name="UseJsonWithCommentsProtectFileOption" signature="()" line-rate="1" branch-rate="1" complexity="1">
              <lines>
                <line number="57" hits="8" branch="false" />
                <line number="58" hits="8" branch="false" />
                <line number="59" hits="8" branch="false" />
              </lines>
            </method>
            <method name="ProtectFiles" signature="(Fededim.Extensions.Configuration.Protected.IProtectProviderConfigurationData,System.String,System.String,System.IO.SearchOption,System.Boolean)" line-rate="0" branch-rate="0" complexity="4">
              <lines>
                <line number="75" hits="0" branch="false" />
                <line number="77" hits="0" branch="true" condition-coverage="0% (0/2)" />
                <line number="79" hits="0" branch="true" condition-coverage="0% (0/2)" />
                <line number="80" hits="0" branch="false" />
                <line number="83" hits="0" branch="false" />
              </lines>
            </method>
            <method name="ProtectFile" signature="(Fededim.Extensions.Configuration.Protected.IProtectProviderConfigurationData,System.String,System.Boolean)" line-rate="0.9230769230769231" branch-rate="0.8" complexity="10">
              <lines>
                <line number="99" hits="24" branch="false" />
                <line number="101" hits="24" branch="false" />
                <line number="102" hits="24" branch="false" />
                <line number="104" hits="124" branch="true" condition-coverage="50% (1/2)" />
                <line number="105" hits="50" branch="true" condition-coverage="100% (2/2)" />
                <line number="107" hits="4793990" branch="true" condition-coverage="100% (2/2)" />
                <line number="108" hits="24" branch="false" />
                <line number="111" hits="24" branch="true" condition-coverage="50% (1/2)" />
                <line number="113" hits="24" branch="true" condition-coverage="100% (2/2)" />
                <line number="114" hits="24" branch="false" />
                <line number="116" hits="24" branch="false" />
                <line number="118" hits="24" branch="false" />
                <line number="121" hits="0" branch="false" />
              </lines>
            </method>
            <method name="ProtectConfigurationValue" signature="(Fededim.Extensions.Configuration.Protected.IProtectProviderConfigurationData,System.String)" line-rate="0" branch-rate="1" complexity="1">
              <lines>
                <line number="135" hits="0" branch="false" />
              </lines>
            </method>
            <method name="ProtectConfigurationValue" signature="(Fededim.Extensions.Configuration.Protected.IProtectProviderConfigurationData,System.String,System.String)" line-rate="1" branch-rate="1" complexity="1">
              <lines>
                <line number="150" hits="9619512" branch="false" />
              </lines>
            </method>
            <method name="ProtectConfigurationValueInternal" signature="(Fededim.Extensions.Configuration.Protected.IProtectProviderConfigurationData,System.String,System.String)" line-rate="1" branch-rate="0.9" complexity="10">
              <lines>
                <line number="163" hits="9619512" branch="true" condition-coverage="100% (2/2)" />
                <line number="164" hits="639782" branch="false" />
                <line number="166" hits="8979730" branch="false" />
                <line number="168" hits="8979730" branch="false" />
                <line number="169" hits="8979730" branch="false" />
                <line number="170" hits="6086884" branch="true" condition-coverage="50% (1/2)" />
                <line number="171" hits="8979730" branch="false" />
                <line number="172" hits="6086884" branch="false" />
                <line number="173" hits="8979730" branch="false" />
                <line number="174" hits="6086884" branch="true" condition-coverage="100% (2/2)" />
                <line number="175" hits="1519901" branch="false" />
                <line number="176" hits="8979730" branch="false" />
                <line number="177" hits="6086884" branch="false" />
                <line number="178" hits="8979730" branch="false" />
                <line number="179" hits="8979730" branch="false" />
                <line number="180" hits="6086884" branch="true" condition-coverage="100% (2/2)" />
                <line number="181" hits="6709" branch="false" />
                <line number="182" hits="8979730" branch="false" />
                <line number="183" hits="6080175" branch="true" condition-coverage="100% (2/2)" />
                <line number="184" hits="8979730" branch="false" />
              </lines>
            </method>
            <method name="ProtectConfigurationValue" signature="(Fededim.Extensions.Configuration.Protected.IProtectProviderConfigurationData,System.Collections.Generic.Dictionary`2&lt;System.String,System.String&gt;)" line-rate="1" branch-rate="1" complexity="4">
              <lines>
                <line number="196" hits="8" branch="true" condition-coverage="100% (2/2)" />
                <line number="197" hits="3200016" branch="true" condition-coverage="100% (2/2)" />
                <line number="198" hits="1600000" branch="false" />
                <line number="199" hits="8" branch="false" />
              </lines>
            </method>
            <method name="ProtectConfigurationValue" signature="(Fededim.Extensions.Configuration.Protected.IProtectProviderConfigurationData,System.Collections.Generic.IEnumerable`1&lt;System.String&gt;)" line-rate="0" branch-rate="0" complexity="2">
              <lines>
                <line number="211" hits="0" branch="true" condition-coverage="0% (0/2)" />
              </lines>
            </method>
            <method name="ProtectConfigurationValue" signature="(Fededim.Extensions.Configuration.Protected.IProtectProviderConfigurationData,System.String[])" line-rate="1" branch-rate="0.5" complexity="2">
              <lines>
                <line number="224" hits="3200008" branch="true" condition-coverage="50% (1/2)" />
              </lines>
            </method>
            <method name="ProtectEnvironmentVariables" signature="(Fededim.Extensions.Configuration.Protected.IProtectProviderConfigurationData,System.EnvironmentVariableTarget,System.String)" line-rate="1" branch-rate="1" complexity="6">
              <lines>
                <line number="236" hits="8" branch="false" />
                <line number="238" hits="58182" branch="true" condition-coverage="100% (2/2)" />
                <line number="239" hits="29083" branch="true" condition-coverage="100% (4/4)" />
                <line number="240" hits="25546" branch="false" />
                <line number="241" hits="8" branch="false" />
              </lines>
            </method>
            <method name="WithProtectedConfigurationOptions" signature="(Microsoft.Extensions.Configuration.IConfigurationBuilder,Fededim.Extensions.Configuration.Protected.IProtectProviderConfigurationData)" line-rate="0" branch-rate="0" complexity="2">
              <lines>
                <line number="255" hits="0" branch="false" />
                <line number="257" hits="0" branch="true" condition-coverage="0% (0/2)" />
                <line number="258" hits="0" branch="false" />
                <line number="260" hits="0" branch="false" />
              </lines>
            </method>
            <method name=".cctor" signature="()" line-rate="1" branch-rate="1" complexity="1">
              <lines>
                <line number="19" hits="2" branch="false" />
                <line number="24" hits="2" branch="false" />
                <line number="29" hits="2" branch="false" />
                <line number="34" hits="2" branch="false" />
                <line number="44" hits="42" branch="false" />
                <line number="45" hits="2" branch="false" />
                <line number="46" hits="2" branch="false" />
                <line number="47" hits="2" branch="false" />
                <line number="48" hits="2" branch="false" />
                <line number="49" hits="2" branch="false" />
              </lines>
            </method>
          </methods>
          <lines>
            <line number="19" hits="2" branch="false" />
            <line number="24" hits="2" branch="false" />
            <line number="29" hits="2" branch="false" />
            <line number="34" hits="2" branch="false" />
            <line number="44" hits="42" branch="false" />
            <line number="45" hits="2" branch="false" />
            <line number="46" hits="2" branch="false" />
            <line number="47" hits="2" branch="false" />
            <line number="48" hits="2" branch="false" />
            <line number="49" hits="2" branch="false" />
            <line number="57" hits="8" branch="false" />
            <line number="58" hits="8" branch="false" />
            <line number="59" hits="8" branch="false" />
            <line number="75" hits="0" branch="false" />
            <line number="77" hits="0" branch="true" condition-coverage="0% (0/2)" />
            <line number="79" hits="0" branch="true" condition-coverage="0% (0/2)" />
            <line number="80" hits="0" branch="false" />
            <line number="83" hits="0" branch="false" />
            <line number="99" hits="24" branch="false" />
            <line number="101" hits="24" branch="false" />
            <line number="102" hits="24" branch="false" />
            <line number="104" hits="124" branch="true" condition-coverage="50% (1/2)" />
            <line number="105" hits="50" branch="true" condition-coverage="100% (2/2)" />
            <line number="107" hits="4793990" branch="true" condition-coverage="100% (2/2)" />
            <line number="108" hits="24" branch="false" />
            <line number="111" hits="24" branch="true" condition-coverage="50% (1/2)" />
            <line number="113" hits="24" branch="true" condition-coverage="100% (2/2)" />
            <line number="114" hits="24" branch="false" />
            <line number="116" hits="24" branch="false" />
            <line number="118" hits="24" branch="false" />
            <line number="121" hits="0" branch="false" />
            <line number="135" hits="0" branch="false" />
            <line number="150" hits="9619512" branch="false" />
            <line number="163" hits="9619512" branch="true" condition-coverage="100% (2/2)" />
            <line number="164" hits="639782" branch="false" />
            <line number="166" hits="8979730" branch="false" />
            <line number="168" hits="8979730" branch="false" />
            <line number="169" hits="8979730" branch="false" />
            <line number="170" hits="6086884" branch="true" condition-coverage="50% (1/2)" />
            <line number="171" hits="8979730" branch="false" />
            <line number="172" hits="6086884" branch="false" />
            <line number="173" hits="8979730" branch="false" />
            <line number="174" hits="6086884" branch="true" condition-coverage="100% (2/2)" />
            <line number="175" hits="1519901" branch="false" />
            <line number="176" hits="8979730" branch="false" />
            <line number="177" hits="6086884" branch="false" />
            <line number="178" hits="8979730" branch="false" />
            <line number="179" hits="8979730" branch="false" />
            <line number="180" hits="6086884" branch="true" condition-coverage="100% (2/2)" />
            <line number="181" hits="6709" branch="false" />
            <line number="182" hits="8979730" branch="false" />
            <line number="183" hits="6080175" branch="true" condition-coverage="100% (2/2)" />
            <line number="184" hits="8979730" branch="false" />
            <line number="196" hits="8" branch="true" condition-coverage="100% (2/2)" />
            <line number="197" hits="3200016" branch="true" condition-coverage="100% (2/2)" />
            <line number="198" hits="1600000" branch="false" />
            <line number="199" hits="8" branch="false" />
            <line number="211" hits="0" branch="true" condition-coverage="0% (0/2)" />
            <line number="224" hits="3200008" branch="true" condition-coverage="50% (1/2)" />
            <line number="236" hits="8" branch="false" />
            <line number="238" hits="58182" branch="true" condition-coverage="100% (2/2)" />
            <line number="239" hits="29083" branch="true" condition-coverage="100% (4/4)" />
            <line number="240" hits="25546" branch="false" />
            <line number="241" hits="8" branch="false" />
            <line number="255" hits="0" branch="false" />
            <line number="257" hits="0" branch="true" condition-coverage="0% (0/2)" />
            <line number="258" hits="0" branch="false" />
            <line number="260" hits="0" branch="false" />
          </lines>
        </class>
        <class name="Fededim.Extensions.Configuration.Protected.IProtectProviderConfigurationData" filename="D:\a\Fededim.Extensions.Configuration.Protected\Fededim.Extensions.Configuration.Protected\Fededim.Extensions.Configuration.Protected\ProtectProviderConfigurationData.cs" line-rate="0.7647058823529411" branch-rate="0.7142857142857143" complexity="19">
          <methods>
            <method name="get_ProtectProvider" signature="()" line-rate="1" branch-rate="1" complexity="1">
              <lines>
                <line number="53" hits="22666930" branch="false" />
              </lines>
            </method>
            <method name="get_ProtectedRegex" signature="()" line-rate="1" branch-rate="1" complexity="1">
              <lines>
                <line number="58" hits="48667921" branch="false" />
              </lines>
            </method>
            <method name="get_ProtectRegex" signature="()" line-rate="1" branch-rate="1" complexity="1">
              <lines>
                <line number="64" hits="38035665" branch="false" />
              </lines>
            </method>
            <method name="get_ProtectedReplaceString" signature="()" line-rate="1" branch-rate="1" complexity="1">
              <lines>
                <line number="70" hits="41999719" branch="false" />
              </lines>
            </method>
            <method name="CheckConfigurationIsValid" signature="()" line-rate="0.6666666666666666" branch-rate="0.7142857142857143" complexity="14">
              <lines>
                <line number="78" hits="8979874" branch="true" condition-coverage="100% (2/2)" />
                <line number="79" hits="8979874" branch="true" condition-coverage="50% (1/2)" />
                <line number="80" hits="0" branch="false" />
                <line number="82" hits="8979874" branch="true" condition-coverage="100% (2/2)" />
                <line number="83" hits="8979874" branch="true" condition-coverage="50% (1/2)" />
                <line number="84" hits="0" branch="false" />
                <line number="86" hits="8979874" branch="true" condition-coverage="100% (2/2)" />
                <line number="87" hits="8979874" branch="true" condition-coverage="50% (1/2)" />
                <line number="88" hits="0" branch="false" />
                <line number="90" hits="8979874" branch="true" condition-coverage="50% (1/2)" />
                <line number="91" hits="0" branch="false" />
                <line number="92" hits="8979874" branch="false" />
              </lines>
            </method>
            <method name="Chain" signature="(System.Func`2&lt;Fededim.Extensions.Configuration.Protected.IProtectProvider,Fededim.Extensions.Configuration.Protected.IProtectProvider&gt;)" line-rate="1" branch-rate="1" complexity="1">
              <lines>
                <line number="102" hits="24" branch="false" />
              </lines>
            </method>
          </methods>
          <lines>
            <line number="53" hits="22666930" branch="false" />
            <line number="58" hits="48667921" branch="false" />
            <line number="64" hits="38035665" branch="false" />
            <line number="70" hits="41999719" branch="false" />
            <line number="78" hits="8979874" branch="true" condition-coverage="100% (2/2)" />
            <line number="79" hits="8979874" branch="true" condition-coverage="50% (1/2)" />
            <line number="80" hits="0" branch="false" />
            <line number="82" hits="8979874" branch="true" condition-coverage="100% (2/2)" />
            <line number="83" hits="8979874" branch="true" condition-coverage="50% (1/2)" />
            <line number="84" hits="0" branch="false" />
            <line number="86" hits="8979874" branch="true" condition-coverage="100% (2/2)" />
            <line number="87" hits="8979874" branch="true" condition-coverage="50% (1/2)" />
            <line number="88" hits="0" branch="false" />
            <line number="90" hits="8979874" branch="true" condition-coverage="50% (1/2)" />
            <line number="91" hits="0" branch="false" />
            <line number="92" hits="8979874" branch="false" />
            <line number="102" hits="24" branch="false" />
          </lines>
        </class>
        <class name="Fededim.Extensions.Configuration.Protected.JsonProtectFileProcessor" filename="D:\a\Fededim.Extensions.Configuration.Protected\Fededim.Extensions.Configuration.Protected\Fededim.Extensions.Configuration.Protected\ProtectFileProcessors.cs" line-rate="0.2727272727272727" branch-rate="0.08333333333333333" complexity="27">
          <methods>
            <method name="get_JsonSerializerOptions" signature="()" line-rate="1" branch-rate="1" complexity="1">
              <lines>
                <line number="83" hits="2" branch="false" />
              </lines>
            </method>
            <method name="get_JsonNodeOptions" signature="()" line-rate="1" branch-rate="1" complexity="1">
              <lines>
                <line number="84" hits="2" branch="false" />
              </lines>
            </method>
            <method name="get_JsonDocumentOptions" signature="()" line-rate="1" branch-rate="1" complexity="1">
              <lines>
                <line number="85" hits="2" branch="false" />
              </lines>
            </method>
            <method name="ProtectFile" signature="(System.String,System.Text.RegularExpressions.Regex,System.Func`3&lt;System.String,System.String,System.String&gt;)" line-rate="0" branch-rate="0" complexity="8">
              <lines>
                <line number="116" hits="0" branch="false" />
                <line number="120" hits="0" branch="true" condition-coverage="0% (0/2)" />
                <line number="122" hits="0" branch="false" />
                <line number="125" hits="0" branch="true" condition-coverage="0% (0/2)" />
                <line number="127" hits="0" branch="false" />
                <line number="128" hits="0" branch="false" />
                <line number="131" hits="0" branch="true" condition-coverage="0% (0/2)" />
                <line number="133" hits="0" branch="false" />
                <line number="135" hits="0" branch="true" condition-coverage="0% (0/2)" />
                <line number="137" hits="0" branch="false" />
                <line number="143" hits="0" branch="false" />
              </lines>
            </method>
            <method name="ExtractAllStringNodes" signature="(System.Text.Json.Nodes.JsonNode,System.Text.RegularExpressions.Regex,System.Func`3&lt;System.String,System.String,System.String&gt;)" line-rate="0" branch-rate="0" complexity="14">
              <lines>
                <line number="157" hits="0" branch="false" />
                <line number="159" hits="0" branch="false" />
                <line number="161" hits="0" branch="true" condition-coverage="0% (0/2)" />
                <line number="163" hits="0" branch="true" condition-coverage="0% (0/2)" />
                <line number="164" hits="0" branch="true" condition-coverage="0% (0/2)" />
                <line number="165" hits="0" branch="false" />
                <line number="167" hits="0" branch="true" condition-coverage="0% (0/2)" />
                <line number="169" hits="0" branch="true" condition-coverage="0% (0/2)" />
                <line number="170" hits="0" branch="true" condition-coverage="0% (0/2)" />
                <line number="171" hits="0" branch="false" />
                <line number="173" hits="0" branch="true" condition-coverage="0% (0/2)" />
                <line number="175" hits="0" branch="false" />
                <line number="178" hits="0" branch="false" />
              </lines>
            </method>
            <method name=".ctor" signature="(System.Text.Json.JsonSerializerOptions)" line-rate="1" branch-rate="1" complexity="2">
              <lines>
                <line number="96" hits="2" branch="false" />
                <line number="98" hits="2" branch="true" condition-coverage="100% (2/2)" />
                <line number="100" hits="2" branch="false" />
                <line number="101" hits="2" branch="false" />
                <line number="102" hits="2" branch="false" />
                <line number="103" hits="2" branch="false" />
              </lines>
            </method>
          </methods>
          <lines>
            <line number="83" hits="2" branch="false" />
            <line number="84" hits="2" branch="false" />
            <line number="85" hits="2" branch="false" />
            <line number="96" hits="2" branch="false" />
            <line number="98" hits="2" branch="true" condition-coverage="100% (2/2)" />
            <line number="100" hits="2" branch="false" />
            <line number="101" hits="2" branch="false" />
            <line number="102" hits="2" branch="false" />
            <line number="103" hits="2" branch="false" />
            <line number="116" hits="0" branch="false" />
            <line number="120" hits="0" branch="true" condition-coverage="0% (0/2)" />
            <line number="122" hits="0" branch="false" />
            <line number="125" hits="0" branch="true" condition-coverage="0% (0/2)" />
            <line number="127" hits="0" branch="false" />
            <line number="128" hits="0" branch="false" />
            <line number="131" hits="0" branch="true" condition-coverage="0% (0/2)" />
            <line number="133" hits="0" branch="false" />
            <line number="135" hits="0" branch="true" condition-coverage="0% (0/2)" />
            <line number="137" hits="0" branch="false" />
            <line number="143" hits="0" branch="false" />
            <line number="157" hits="0" branch="false" />
            <line number="159" hits="0" branch="false" />
            <line number="161" hits="0" branch="true" condition-coverage="0% (0/2)" />
            <line number="163" hits="0" branch="true" condition-coverage="0% (0/2)" />
            <line number="164" hits="0" branch="true" condition-coverage="0% (0/2)" />
            <line number="165" hits="0" branch="false" />
            <line number="167" hits="0" branch="true" condition-coverage="0% (0/2)" />
            <line number="169" hits="0" branch="true" condition-coverage="0% (0/2)" />
            <line number="170" hits="0" branch="true" condition-coverage="0% (0/2)" />
            <line number="171" hits="0" branch="false" />
            <line number="173" hits="0" branch="true" condition-coverage="0% (0/2)" />
            <line number="175" hits="0" branch="false" />
            <line number="178" hits="0" branch="false" />
          </lines>
        </class>
        <class name="Fededim.Extensions.Configuration.Protected.JsonWithCommentsProtectFileProcessor" filename="D:\a\Fededim.Extensions.Configuration.Protected\Fededim.Extensions.Configuration.Protected\Fededim.Extensions.Configuration.Protected\ProtectFileProcessors.cs" line-rate="0.9565217391304348" branch-rate="0.75" complexity="7">
          <methods>
            <method name="get_JsonSerializerOptions" signature="()" line-rate="1" branch-rate="1" complexity="1">
              <lines>
                <line number="189" hits="10" branch="false" />
              </lines>
            </method>
            <method name="get_JsonReaderOptions" signature="()" line-rate="1" branch-rate="1" complexity="1">
              <lines>
                <line number="190" hits="3199546" branch="false" />
              </lines>
            </method>
            <method name="get_JsonWriterOptions" signature="()" line-rate="1" branch-rate="1" complexity="1">
              <lines>
                <line number="191" hits="3199546" branch="false" />
              </lines>
            </method>
            <method name="ProtectFile" signature="(System.String,System.Text.RegularExpressions.Regex,System.Func`3&lt;System.String,System.String,System.String&gt;)" line-rate="0.9333333333333333" branch-rate="0.5" complexity="2">
              <lines>
                <line number="218" hits="16" branch="false" />
                <line number="219" hits="16" branch="false" />
                <line number="220" hits="3199544" branch="false" />
                <line number="221" hits="3199544" branch="false" />
                <line number="222" hits="3199544" branch="false" />
                <line number="223" hits="16" branch="false" />
                <line number="224" hits="3199544" branch="true" condition-coverage="50% (1/2)" />
                <line number="225" hits="16" branch="false" />
                <line number="226" hits="3199544" branch="false" />
                <line number="227" hits="3199544" branch="false" />
                <line number="228" hits="3199544" branch="false" />
                <line number="229" hits="16" branch="false" />
                <line number="230" hits="16" branch="false" />
                <line number="231" hits="0" branch="false" />
                <line number="232" hits="16" branch="false" />
              </lines>
            </method>
            <method name=".ctor" signature="(System.Text.Json.JsonSerializerOptions)" line-rate="1" branch-rate="1" complexity="2">
              <lines>
                <line number="201" hits="2" branch="false" />
                <line number="203" hits="2" branch="true" condition-coverage="100% (2/2)" />
                <line number="204" hits="2" branch="false" />
                <line number="205" hits="2" branch="false" />
                <line number="206" hits="2" branch="false" />
              </lines>
            </method>
          </methods>
          <lines>
            <line number="189" hits="10" branch="false" />
            <line number="190" hits="3199546" branch="false" />
            <line number="191" hits="3199546" branch="false" />
            <line number="201" hits="2" branch="false" />
            <line number="203" hits="2" branch="true" condition-coverage="100% (2/2)" />
            <line number="204" hits="2" branch="false" />
            <line number="205" hits="2" branch="false" />
            <line number="206" hits="2" branch="false" />
            <line number="218" hits="16" branch="false" />
            <line number="219" hits="16" branch="false" />
            <line number="220" hits="3199544" branch="false" />
            <line number="221" hits="3199544" branch="false" />
            <line number="222" hits="3199544" branch="false" />
            <line number="223" hits="16" branch="false" />
            <line number="224" hits="3199544" branch="true" condition-coverage="50% (1/2)" />
            <line number="225" hits="16" branch="false" />
            <line number="226" hits="3199544" branch="false" />
            <line number="227" hits="3199544" branch="false" />
            <line number="228" hits="3199544" branch="false" />
            <line number="229" hits="16" branch="false" />
            <line number="230" hits="16" branch="false" />
            <line number="231" hits="0" branch="false" />
            <line number="232" hits="16" branch="false" />
          </lines>
        </class>
        <class name="Fededim.Extensions.Configuration.Protected.PassthroughProtectConfigurationData" filename="D:\a\Fededim.Extensions.Configuration.Protected\Fededim.Extensions.Configuration.Protected\Fededim.Extensions.Configuration.Protected\PassthroughProtectConfigurationData.cs" line-rate="1" branch-rate="1" complexity="2">
          <methods>
            <method name="get_CreateInstance" signature="()" line-rate="1" branch-rate="1" complexity="1">
              <lines>
                <line number="10" hits="24" branch="false" />
              </lines>
            </method>
            <method name=".ctor" signature="(System.String,System.String,System.String)" line-rate="1" branch-rate="1" complexity="1">
              <lines>
                <line number="20" hits="24" branch="false" />
                <line number="23" hits="24" branch="false" />
              </lines>
            </method>
          </methods>
          <lines>
            <line number="10" hits="24" branch="false" />
            <line number="20" hits="24" branch="false" />
            <line number="23" hits="24" branch="false" />
          </lines>
        </class>
        <class name="Fededim.Extensions.Configuration.Protected.PassthroughProtectProvider" filename="D:\a\Fededim.Extensions.Configuration.Protected\Fededim.Extensions.Configuration.Protected\Fededim.Extensions.Configuration.Protected\PassthroughProtectProvider.cs" line-rate="1" branch-rate="1" complexity="4">
          <methods>
            <method name="CreateNewProviderFromSubkey" signature="(System.String,System.String)" line-rate="1" branch-rate="1" complexity="1">
              <lines>
                <line number="26" hits="1516681" branch="false" />
              </lines>
            </method>
            <method name="Decrypt" signature="(System.String,System.String)" line-rate="1" branch-rate="1" complexity="1">
              <lines>
                <line number="38" hits="3036516" branch="false" />
              </lines>
            </method>
            <method name="Encrypt" signature="(System.String,System.String)" line-rate="1" branch-rate="1" complexity="1">
              <lines>
                <line number="50" hits="3043225" branch="false" />
              </lines>
            </method>
            <method name=".ctor" signature="()" line-rate="1" branch-rate="1" complexity="1">
              <lines>
                <line number="14" hits="24" branch="false" />
                <line number="16" hits="24" branch="false" />
              </lines>
            </method>
          </methods>
          <lines>
            <line number="14" hits="24" branch="false" />
            <line number="16" hits="24" branch="false" />
            <line number="26" hits="1516681" branch="false" />
            <line number="38" hits="3036516" branch="false" />
            <line number="50" hits="3043225" branch="false" />
          </lines>
        </class>
        <class name="Fededim.Extensions.Configuration.Protected.ProtectedConfigurationBuilder" filename="D:\a\Fededim.Extensions.Configuration.Protected\Fededim.Extensions.Configuration.Protected\Fededim.Extensions.Configuration.Protected\ProtectedConfigurationBuilder.cs" line-rate="0.7407407407407407" branch-rate="0.625" complexity="14">
          <methods>
            <method name="get_ProtectedProviderGlobalConfigurationData" signature="()" line-rate="1" branch-rate="1" complexity="1">
              <lines>
                <line number="30" hits="48" branch="false" />
              </lines>
            </method>
            <method name="get_ProtectProviderLocalConfigurationData" signature="()" line-rate="1" branch-rate="1" complexity="1">
              <lines>
                <line number="35" hits="144" branch="false" />
              </lines>
            </method>
            <method name="get_Sources" signature="()" line-rate="0" branch-rate="1" complexity="1">
              <lines>
                <line number="56" hits="0" branch="false" />
              </lines>
            </method>
            <method name="get_Properties" signature="()" line-rate="1" branch-rate="1" complexity="1">
              <lines>
                <line number="64" hits="96" branch="false" />
              </lines>
            </method>
            <method name="Add" signature="(Microsoft.Extensions.Configuration.IConfigurationSource)" line-rate="0.75" branch-rate="0.5" complexity="2">
              <lines>
                <line number="76" hits="48" branch="true" condition-coverage="50% (1/2)" />
                <line number="77" hits="0" branch="false" />
                <line number="79" hits="48" branch="false" />
                <line number="80" hits="48" branch="false" />
              </lines>
            </method>
            <method name="Build" signature="()" line-rate="0.7777777777777778" branch-rate="0.75" complexity="4">
              <lines>
                <line number="91" hits="48" branch="false" />
                <line number="92" hits="192" branch="true" condition-coverage="100% (2/2)" />
                <line number="94" hits="48" branch="false" />
                <line number="97" hits="48" branch="false" />
                <line number="98" hits="48" branch="true" condition-coverage="50% (1/2)" />
                <line number="100" hits="0" branch="false" />
                <line number="101" hits="0" branch="false" />
                <line number="104" hits="48" branch="false" />
                <line number="106" hits="48" branch="false" />
              </lines>
            </method>
            <method name="Fededim.Extensions.Configuration.Protected.IProtectedConfigurationBuilder.WithProtectedConfigurationOptions" signature="(Fededim.Extensions.Configuration.Protected.IProtectProviderConfigurationData)" line-rate="0" branch-rate="1" complexity="1">
              <lines>
                <line number="118" hits="0" branch="false" />
                <line number="119" hits="0" branch="false" />
                <line number="121" hits="0" branch="false" />
              </lines>
            </method>
            <method name="CreateProtectedConfigurationProvider" signature="(Microsoft.Extensions.Configuration.IConfigurationProvider)" line-rate="1" branch-rate="0.5" complexity="2">
              <lines>
                <line number="142" hits="48" branch="true" condition-coverage="50% (1/2)" />
                <line number="145" hits="48" branch="false" />
              </lines>
            </method>
            <method name=".ctor" signature="(Fededim.Extensions.Configuration.Protected.IProtectProviderConfigurationData)" line-rate="1" branch-rate="1" complexity="1">
              <lines>
                <line number="38" hits="48" branch="false" />
                <line number="45" hits="48" branch="false" />
                <line number="47" hits="48" branch="false" />
                <line number="48" hits="48" branch="false" />
                <line number="49" hits="48" branch="false" />
              </lines>
            </method>
          </methods>
          <lines>
            <line number="30" hits="48" branch="false" />
            <line number="35" hits="144" branch="false" />
            <line number="38" hits="48" branch="false" />
            <line number="45" hits="48" branch="false" />
            <line number="47" hits="48" branch="false" />
            <line number="48" hits="48" branch="false" />
            <line number="49" hits="48" branch="false" />
            <line number="56" hits="0" branch="false" />
            <line number="64" hits="96" branch="false" />
            <line number="76" hits="48" branch="true" condition-coverage="50% (1/2)" />
            <line number="77" hits="0" branch="false" />
            <line number="79" hits="48" branch="false" />
            <line number="80" hits="48" branch="false" />
            <line number="91" hits="48" branch="false" />
            <line number="92" hits="192" branch="true" condition-coverage="100% (2/2)" />
            <line number="94" hits="48" branch="false" />
            <line number="97" hits="48" branch="false" />
            <line number="98" hits="48" branch="true" condition-coverage="50% (1/2)" />
            <line number="100" hits="0" branch="false" />
            <line number="101" hits="0" branch="false" />
            <line number="104" hits="48" branch="false" />
            <line number="106" hits="48" branch="false" />
            <line number="118" hits="0" branch="false" />
            <line number="119" hits="0" branch="false" />
            <line number="121" hits="0" branch="false" />
            <line number="142" hits="48" branch="true" condition-coverage="50% (1/2)" />
            <line number="145" hits="48" branch="false" />
          </lines>
        </class>
        <class name="Fededim.Extensions.Configuration.Protected.ProtectedConfigurationProvider" filename="D:\a\Fededim.Extensions.Configuration.Protected\Fededim.Extensions.Configuration.Protected\Fededim.Extensions.Configuration.Protected\ProtectedConfigurationProvider.cs" line-rate="0.6842105263157895" branch-rate="0.46875" complexity="43">
          <methods>
            <method name="get_Provider" signature="()" line-rate="1" branch-rate="1" complexity="1">
              <lines>
                <line number="19" hits="21728755" branch="false" />
              </lines>
            </method>
            <method name="get_ProtectProviderConfigurationData" signature="()" line-rate="1" branch-rate="1" complexity="1">
              <lines>
                <line number="20" hits="27808426" branch="false" />
              </lines>
            </method>
            <method name="get_ProviderReloadTokenRegistration" signature="()" line-rate="1" branch-rate="1" complexity="1">
              <lines>
                <line number="24" hits="48" branch="false" />
              </lines>
            </method>
            <method name="RegisterReloadCallback" signature="()" line-rate="1" branch-rate="1" complexity="2">
              <lines>
                <line number="43" hits="48" branch="true" condition-coverage="100% (2/2)" />
                <line number="46" hits="48" branch="false" />
                <line number="49" hits="120" branch="false" />
                <line number="50" hits="48" branch="false" />
                <line number="51" hits="24" branch="false" />
                <line number="52" hits="48" branch="false" />
                <line number="53" hits="48" branch="false" />
                <line number="54" hits="24" branch="false" />
                <line number="55" hits="48" branch="false" />
                <line number="56" hits="48" branch="false" />
                <line number="57" hits="24" branch="false" />
                <line number="58" hits="72" branch="false" />
                <line number="60" hits="48" branch="false" />
              </lines>
            </method>
            <method name="OnReload" signature="()" line-rate="1" branch-rate="1" complexity="1">
              <lines>
                <line number="69" hits="24" branch="false" />
                <line number="70" hits="24" branch="false" />
                <line number="71" hits="24" branch="false" />
              </lines>
            </method>
            <method name="get_ProviderDataReadOnly" signature="()" line-rate="0.75" branch-rate="0.5" complexity="2">
              <lines>
                <line number="90" hits="96" branch="false" />
                <line number="92" hits="96" branch="true" condition-coverage="50% (1/2)" />
                <line number="93" hits="96" branch="false" />
                <line number="95" hits="0" branch="false" />
              </lines>
            </method>
            <method name="get_ProviderData" signature="()" line-rate="1" branch-rate="1" complexity="4">
              <lines>
                <line number="109" hits="168" branch="false" />
                <line number="111" hits="168" branch="true" condition-coverage="100% (4/4)" />
                <line number="112" hits="168" branch="false" />
                <line number="114" hits="168" branch="false" />
              </lines>
            </method>
            <method name="DecryptChildKeys" signature="(System.String)" line-rate="0.48484848484848486" branch-rate="0.36363636363636365" complexity="22">
              <lines>
                <line number="134" hits="72" branch="true" condition-coverage="50% (1/2)" />
                <line number="136" hits="51349032" branch="true" condition-coverage="100% (2/2)" />
                <line number="138" hits="25674444" branch="true" condition-coverage="100% (2/2)" />
                <line number="139" hits="21728251" branch="false" />
                <line number="140" hits="21728251" branch="false" />
                <line number="141" hits="21728251" branch="false" />
                <line number="142" hits="6080175" branch="true" condition-coverage="50% (1/2)" />
                <line number="143" hits="21728251" branch="false" />
                <line number="144" hits="6080175" branch="false" />
                <line number="145" hits="21728251" branch="false" />
                <line number="146" hits="6080175" branch="true" condition-coverage="100% (2/2)" />
                <line number="147" hits="1518160" branch="false" />
                <line number="148" hits="21728251" branch="false" />
                <line number="149" hits="6080175" branch="false" />
                <line number="150" hits="21728251" branch="false" />
                <line number="155" hits="0" branch="true" condition-coverage="0% (0/2)" />
                <line number="157" hits="0" branch="true" condition-coverage="0% (0/2)" />
                <line number="158" hits="0" branch="true" condition-coverage="0% (0/2)" />
                <line number="160" hits="0" branch="true" condition-coverage="0% (0/2)" />
                <line number="161" hits="0" branch="false" />
                <line number="162" hits="0" branch="false" />
                <line number="163" hits="0" branch="false" />
                <line number="164" hits="0" branch="true" condition-coverage="0% (0/2)" />
                <line number="165" hits="0" branch="false" />
                <line number="166" hits="0" branch="false" />
                <line number="167" hits="0" branch="false" />
                <line number="168" hits="0" branch="true" condition-coverage="0% (0/2)" />
                <line number="169" hits="0" branch="false" />
                <line number="170" hits="0" branch="false" />
                <line number="171" hits="0" branch="false" />
                <line number="172" hits="0" branch="false" />
                <line number="174" hits="0" branch="false" />
                <line number="177" hits="72" branch="false" />
              </lines>
            </method>
            <method name="GetReloadToken" signature="()" line-rate="1" branch-rate="1" complexity="1">
              <lines>
                <line number="187" hits="48" branch="false" />
              </lines>
            </method>
            <method name="Load" signature="()" line-rate="1" branch-rate="1" complexity="1">
              <lines>
                <line number="197" hits="48" branch="false" />
                <line number="200" hits="48" branch="false" />
                <line number="201" hits="48" branch="false" />
              </lines>
            </method>
            <method name="GetChildKeys" signature="(System.Collections.Generic.IEnumerable`1&lt;System.String&gt;,System.String)" line-rate="0" branch-rate="1" complexity="1">
              <lines>
                <line number="215" hits="0" branch="false" />
              </lines>
            </method>
            <method name="Set" signature="(System.String,System.String)" line-rate="0" branch-rate="1" complexity="1">
              <lines>
                <line number="227" hits="0" branch="false" />
                <line number="228" hits="0" branch="false" />
              </lines>
            </method>
            <method name="TryGet" signature="(System.String,System.String&amp;)" line-rate="0" branch-rate="1" complexity="1">
              <lines>
                <line number="240" hits="0" branch="false" />
              </lines>
            </method>
            <method name="Dispose" signature="()" line-rate="0" branch-rate="0" complexity="2">
              <lines>
                <line number="250" hits="0" branch="true" condition-coverage="0% (0/2)" />
                <line number="251" hits="0" branch="false" />
              </lines>
            </method>
            <method name=".ctor" signature="(Microsoft.Extensions.Configuration.IConfigurationProvider,Fededim.Extensions.Configuration.Protected.IProtectProviderConfigurationData)" line-rate="1" branch-rate="1" complexity="1">
              <lines>
                <line number="27" hits="48" branch="false" />
                <line number="29" hits="48" branch="false" />
                <line number="30" hits="48" branch="false" />
                <line number="32" hits="48" branch="false" />
                <line number="33" hits="48" branch="false" />
              </lines>
            </method>
            <method name=".cctor" signature="()" line-rate="1" branch-rate="1" complexity="1">
              <lines>
                <line number="79" hits="2" branch="false" />
              </lines>
            </method>
          </methods>
          <lines>
            <line number="19" hits="21728755" branch="false" />
            <line number="20" hits="27808426" branch="false" />
            <line number="24" hits="48" branch="false" />
            <line number="27" hits="48" branch="false" />
            <line number="29" hits="48" branch="false" />
            <line number="30" hits="48" branch="false" />
            <line number="32" hits="48" branch="false" />
            <line number="33" hits="48" branch="false" />
            <line number="43" hits="48" branch="true" condition-coverage="100% (2/2)" />
            <line number="46" hits="48" branch="false" />
            <line number="49" hits="120" branch="false" />
            <line number="50" hits="48" branch="false" />
            <line number="51" hits="24" branch="false" />
            <line number="52" hits="48" branch="false" />
            <line number="53" hits="48" branch="false" />
            <line number="54" hits="24" branch="false" />
            <line number="55" hits="48" branch="false" />
            <line number="56" hits="48" branch="false" />
            <line number="57" hits="24" branch="false" />
            <line number="58" hits="72" branch="false" />
            <line number="60" hits="48" branch="false" />
            <line number="69" hits="24" branch="false" />
            <line number="70" hits="24" branch="false" />
            <line number="71" hits="24" branch="false" />
            <line number="79" hits="2" branch="false" />
            <line number="90" hits="96" branch="false" />
            <line number="92" hits="96" branch="true" condition-coverage="50% (1/2)" />
            <line number="93" hits="96" branch="false" />
            <line number="95" hits="0" branch="false" />
            <line number="109" hits="168" branch="false" />
            <line number="111" hits="168" branch="true" condition-coverage="100% (4/4)" />
            <line number="112" hits="168" branch="false" />
            <line number="114" hits="168" branch="false" />
            <line number="134" hits="72" branch="true" condition-coverage="50% (1/2)" />
            <line number="136" hits="51349032" branch="true" condition-coverage="100% (2/2)" />
            <line number="138" hits="25674444" branch="true" condition-coverage="100% (2/2)" />
            <line number="139" hits="21728251" branch="false" />
            <line number="140" hits="21728251" branch="false" />
            <line number="141" hits="21728251" branch="false" />
            <line number="142" hits="6080175" branch="true" condition-coverage="50% (1/2)" />
            <line number="143" hits="21728251" branch="false" />
            <line number="144" hits="6080175" branch="false" />
            <line number="145" hits="21728251" branch="false" />
            <line number="146" hits="6080175" branch="true" condition-coverage="100% (2/2)" />
            <line number="147" hits="1518160" branch="false" />
            <line number="148" hits="21728251" branch="false" />
            <line number="149" hits="6080175" branch="false" />
            <line number="150" hits="21728251" branch="false" />
            <line number="155" hits="0" branch="true" condition-coverage="0% (0/2)" />
            <line number="157" hits="0" branch="true" condition-coverage="0% (0/2)" />
            <line number="158" hits="0" branch="true" condition-coverage="0% (0/2)" />
            <line number="160" hits="0" branch="true" condition-coverage="0% (0/2)" />
            <line number="161" hits="0" branch="false" />
            <line number="162" hits="0" branch="false" />
            <line number="163" hits="0" branch="false" />
            <line number="164" hits="0" branch="true" condition-coverage="0% (0/2)" />
            <line number="165" hits="0" branch="false" />
            <line number="166" hits="0" branch="false" />
            <line number="167" hits="0" branch="false" />
            <line number="168" hits="0" branch="true" condition-coverage="0% (0/2)" />
            <line number="169" hits="0" branch="false" />
            <line number="170" hits="0" branch="false" />
            <line number="171" hits="0" branch="false" />
            <line number="172" hits="0" branch="false" />
            <line number="174" hits="0" branch="false" />
            <line number="177" hits="72" branch="false" />
            <line number="187" hits="48" branch="false" />
            <line number="197" hits="48" branch="false" />
            <line number="200" hits="48" branch="false" />
            <line number="201" hits="48" branch="false" />
            <line number="215" hits="0" branch="false" />
            <line number="227" hits="0" branch="false" />
            <line number="228" hits="0" branch="false" />
            <line number="240" hits="0" branch="false" />
            <line number="250" hits="0" branch="true" condition-coverage="0% (0/2)" />
            <line number="251" hits="0" branch="false" />
          </lines>
        </class>
        <class name="Fededim.Extensions.Configuration.Protected.ProtectFileOptions" filename="D:\a\Fededim.Extensions.Configuration.Protected\Fededim.Extensions.Configuration.Protected\Fededim.Extensions.Configuration.Protected\ProtectFileProcessors.cs" line-rate="1" branch-rate="1" complexity="3">
          <methods>
            <method name="get_FilenameRegex" signature="()" line-rate="1" branch-rate="1" complexity="1">
              <lines>
                <line number="39" hits="58" branch="false" />
              </lines>
            </method>
            <method name="get_ProtectFileProcessor" signature="()" line-rate="1" branch-rate="1" complexity="1">
              <lines>
                <line number="44" hits="32" branch="false" />
              </lines>
            </method>
            <method name=".ctor" signature="(System.Text.RegularExpressions.Regex,Fededim.Extensions.Configuration.Protected.IProtectFileProcessor)" line-rate="1" branch-rate="1" complexity="1">
              <lines>
                <line number="47" hits="8" branch="false" />
                <line number="49" hits="8" branch="false" />
                <line number="50" hits="8" branch="false" />
                <line number="51" hits="8" branch="false" />
              </lines>
            </method>
          </methods>
          <lines>
            <line number="39" hits="58" branch="false" />
            <line number="44" hits="32" branch="false" />
            <line number="47" hits="8" branch="false" />
            <line number="49" hits="8" branch="false" />
            <line number="50" hits="8" branch="false" />
            <line number="51" hits="8" branch="false" />
          </lines>
        </class>
        <class name="Fededim.Extensions.Configuration.Protected.ProtectProviderConfigurationData" filename="D:\a\Fededim.Extensions.Configuration.Protected\Fededim.Extensions.Configuration.Protected\Fededim.Extensions.Configuration.Protected\ProtectProviderConfigurationData.cs" line-rate="0.6" branch-rate="0.16666666666666666" complexity="24">
          <methods>
            <method name="Merge" signature="(Fededim.Extensions.Configuration.Protected.IProtectProviderConfigurationData,Fededim.Extensions.Configuration.Protected.IProtectProviderConfigurationData)" line-rate="0" branch-rate="0" complexity="20">
              <lines>
                <line number="146" hits="0" branch="true" condition-coverage="0% (0/2)" />
                <line number="147" hits="0" branch="false" />
                <line number="149" hits="0" branch="true" condition-coverage="0% (0/2)" />
                <line number="150" hits="0" branch="false" />
                <line number="153" hits="0" branch="true" condition-coverage="0% (0/16)" />
                <line number="155" hits="0" branch="false" />
              </lines>
            </method>
            <method name=".ctor" signature="(System.String,System.String,System.String,Fededim.Extensions.Configuration.Protected.IProtectProvider)" line-rate="1" branch-rate="1" complexity="4">
              <lines>
                <line number="122" hits="48" branch="false" />
                <line number="124" hits="48" branch="true" condition-coverage="100% (2/2)" />
                <line number="125" hits="24" branch="false" />
                <line number="127" hits="48" branch="true" condition-coverage="100% (2/2)" />
                <line number="128" hits="24" branch="false" />
                <line number="130" hits="48" branch="false" />
                <line number="131" hits="48" branch="false" />
                <line number="134" hits="48" branch="false" />
                <line number="135" hits="48" branch="false" />
              </lines>
            </method>
          </methods>
          <lines>
            <line number="122" hits="48" branch="false" />
            <line number="124" hits="48" branch="true" condition-coverage="100% (2/2)" />
            <line number="125" hits="24" branch="false" />
            <line number="127" hits="48" branch="true" condition-coverage="100% (2/2)" />
            <line number="128" hits="24" branch="false" />
            <line number="130" hits="48" branch="false" />
            <line number="131" hits="48" branch="false" />
            <line number="134" hits="48" branch="false" />
            <line number="135" hits="48" branch="false" />
            <line number="146" hits="0" branch="true" condition-coverage="0% (0/2)" />
            <line number="147" hits="0" branch="false" />
            <line number="149" hits="0" branch="true" condition-coverage="0% (0/2)" />
            <line number="150" hits="0" branch="false" />
            <line number="153" hits="0" branch="true" condition-coverage="0% (0/16)" />
            <line number="155" hits="0" branch="false" />
          </lines>
        </class>
        <class name="Fededim.Extensions.Configuration.Protected.RawProtectFileProcessor" filename="D:\a\Fededim.Extensions.Configuration.Protected\Fededim.Extensions.Configuration.Protected\Fededim.Extensions.Configuration.Protected\ProtectFileProcessors.cs" line-rate="0" branch-rate="1" complexity="1">
          <methods>
            <method name="ProtectFile" signature="(System.String,System.Text.RegularExpressions.Regex,System.Func`3&lt;System.String,System.String,System.String&gt;)" line-rate="0" branch-rate="1" complexity="1">
              <lines>
                <line number="70" hits="0" branch="false" />
                <line number="72" hits="0" branch="false" />
              </lines>
            </method>
          </methods>
          <lines>
            <line number="70" hits="0" branch="false" />
            <line number="72" hits="0" branch="false" />
          </lines>
        </class>
        <class name="Fededim.Extensions.Configuration.Protected.XmlProtectFileProcessor" filename="D:\a\Fededim.Extensions.Configuration.Protected\Fededim.Extensions.Configuration.Protected\Fededim.Extensions.Configuration.Protected\ProtectFileProcessors.cs" line-rate="0.96" branch-rate="0.9166666666666666" complexity="15">
          <methods>
            <method name="get_LoadOptions" signature="()" line-rate="1" branch-rate="1" complexity="1">
              <lines>
                <line number="243" hits="10" branch="false" />
              </lines>
            </method>
            <method name="get_SaveOptions" signature="()" line-rate="1" branch-rate="1" complexity="1">
              <lines>
                <line number="244" hits="10" branch="false" />
              </lines>
            </method>
            <method name="ProtectFile" signature="(System.String,System.Text.RegularExpressions.Regex,System.Func`3&lt;System.String,System.String,System.String&gt;)" line-rate="0.875" branch-rate="0.5" complexity="2">
              <lines>
                <line number="270" hits="8" branch="false" />
                <line number="272" hits="8" branch="false" />
                <line number="275" hits="8" branch="false" />
                <line number="277" hits="8" branch="true" condition-coverage="50% (1/2)" />
                <line number="278" hits="0" branch="false" />
                <line number="280" hits="8" branch="false" />
                <line number="282" hits="8" branch="false" />
                <line number="284" hits="8" branch="false" />
              </lines>
            </method>
            <method name="ProtectXmlNodes" signature="(System.Xml.Linq.XElement,System.Text.RegularExpressions.Regex,System.Func`3&lt;System.String,System.String,System.String&gt;)" line-rate="1" branch-rate="1" complexity="10">
              <lines>
                <line number="300" hits="9192952" branch="true" condition-coverage="100% (2/2)" />
                <line number="302" hits="333840" branch="false" />
                <line number="303" hits="333840" branch="true" condition-coverage="100% (2/2)" />
                <line number="304" hits="147119" branch="false" />
                <line number="307" hits="4262636" branch="true" condition-coverage="100% (2/2)" />
                <line number="310" hits="9726304" branch="true" condition-coverage="100% (2/2)" />
                <line number="311" hits="4262628" branch="false" />
                <line number="316" hits="3662112" branch="false" />
                <line number="317" hits="3662112" branch="true" condition-coverage="100% (2/2)" />
                <line number="318" hits="1447303" branch="false" />
                <line number="320" hits="4262636" branch="false" />
              </lines>
            </method>
            <method name=".ctor" signature="(System.Xml.Linq.LoadOptions,System.Nullable`1&lt;System.Xml.Linq.SaveOptions&gt;)" line-rate="1" branch-rate="1" complexity="1">
              <lines>
                <line number="254" hits="2" branch="false" />
                <line number="256" hits="2" branch="false" />
                <line number="257" hits="2" branch="false" />
                <line number="258" hits="2" branch="false" />
              </lines>
            </method>
          </methods>
          <lines>
            <line number="243" hits="10" branch="false" />
            <line number="244" hits="10" branch="false" />
            <line number="254" hits="2" branch="false" />
            <line number="256" hits="2" branch="false" />
            <line number="257" hits="2" branch="false" />
            <line number="258" hits="2" branch="false" />
            <line number="270" hits="8" branch="false" />
            <line number="272" hits="8" branch="false" />
            <line number="275" hits="8" branch="false" />
            <line number="277" hits="8" branch="true" condition-coverage="50% (1/2)" />
            <line number="278" hits="0" branch="false" />
            <line number="280" hits="8" branch="false" />
            <line number="282" hits="8" branch="false" />
            <line number="284" hits="8" branch="false" />
            <line number="300" hits="9192952" branch="true" condition-coverage="100% (2/2)" />
            <line number="302" hits="333840" branch="false" />
            <line number="303" hits="333840" branch="true" condition-coverage="100% (2/2)" />
            <line number="304" hits="147119" branch="false" />
            <line number="307" hits="4262636" branch="true" condition-coverage="100% (2/2)" />
            <line number="310" hits="9726304" branch="true" condition-coverage="100% (2/2)" />
            <line number="311" hits="4262628" branch="false" />
            <line number="316" hits="3662112" branch="false" />
            <line number="317" hits="3662112" branch="true" condition-coverage="100% (2/2)" />
            <line number="318" hits="1447303" branch="false" />
            <line number="320" hits="4262636" branch="false" />
          </lines>
        </class>
      </classes>
    </package>
    <package name="Fededim.Extensions.Configuration.Protected.DataProtectionAPI" line-rate="0.6363636363636364" branch-rate="0.6111111111111112" complexity="32">
      <classes>
        <class name="Fededim.Extensions.Configuration.Protected.DataProtectionAPI.DataProtectionAPIProtectConfigurationData" filename="D:\a\Fededim.Extensions.Configuration.Protected\Fededim.Extensions.Configuration.Protected\Fededim.Extensions.Configuration.Protected.DataProtectionAPI\DataProtectionAPIProtectConfigurationData.cs" line-rate="0.5675675675675675" branch-rate="0.6111111111111112" complexity="27">
          <methods>
            <method name="DataProtectionAPIProtectConfigurationKeyNumberPurpose" signature="(System.Int32)" line-rate="0" branch-rate="1" complexity="1">
              <lines>
                <line number="23" hits="0" branch="false" />
              </lines>
            </method>
            <method name="DataProtectionAPIProtectConfigurationStringPurpose" signature="(System.String)" line-rate="0.6666666666666666" branch-rate="0.5" complexity="2">
              <lines>
                <line number="32" hits="24" branch="true" condition-coverage="50% (1/2)" />
                <line number="33" hits="0" branch="false" />
                <line number="35" hits="24" branch="false" />
              </lines>
            </method>
            <method name="DataProtectionAPIProtectConfigurationKeyNumberToString" signature="(System.Int32)" line-rate="1" branch-rate="1" complexity="1">
              <lines>
                <line number="43" hits="24" branch="false" />
              </lines>
            </method>
            <method name=".ctor" signature="(System.IServiceProvider)" line-rate="0" branch-rate="1" complexity="1">
              <lines>
                <line number="56" hits="0" branch="false" />
                <line number="58" hits="0" branch="false" />
              </lines>
            </method>
            <method name=".ctor" signature="(System.IServiceProvider,System.Int32,System.String,System.String,System.String)" line-rate="0" branch-rate="1" complexity="1">
              <lines>
                <line number="72" hits="0" branch="false" />
                <line number="74" hits="0" branch="false" />
              </lines>
            </method>
            <method name=".ctor" signature="(System.IServiceProvider,System.String,System.String,System.String,System.String)" line-rate="0" branch-rate="1" complexity="1">
              <lines>
                <line number="89" hits="0" branch="false" />
                <line number="91" hits="0" branch="false" />
              </lines>
            </method>
            <method name=".ctor" signature="(System.Action`1&lt;Microsoft.AspNetCore.DataProtection.IDataProtectionBuilder&gt;)" line-rate="1" branch-rate="1" complexity="1">
              <lines>
                <line number="104" hits="24" branch="false" />
                <line number="106" hits="24" branch="false" />
              </lines>
            </method>
            <method name=".ctor" signature="(System.Action`1&lt;Microsoft.AspNetCore.DataProtection.IDataProtectionBuilder&gt;,System.Int32,System.String,System.String,System.String)" line-rate="0" branch-rate="1" complexity="1">
              <lines>
                <line number="121" hits="0" branch="false" />
                <line number="123" hits="0" branch="false" />
              </lines>
            </method>
            <method name=".ctor" signature="(System.Action`1&lt;Microsoft.AspNetCore.DataProtection.IDataProtectionBuilder&gt;,System.String,System.String,System.String,System.String)" line-rate="0" branch-rate="1" complexity="1">
              <lines>
                <line number="138" hits="0" branch="false" />
                <line number="140" hits="0" branch="false" />
              </lines>
            </method>
            <method name=".ctor" signature="(System.String,System.String,System.String,System.IServiceProvider,System.Action`1&lt;Microsoft.AspNetCore.DataProtection.IDataProtectionBuilder&gt;,System.Int32)" line-rate="1" branch-rate="1" complexity="1">
              <lines>
                <line number="156" hits="24" branch="false" />
                <line number="159" hits="24" branch="false" />
              </lines>
            </method>
            <method name=".ctor" signature="(System.String,System.String,System.String,System.IServiceProvider,System.Action`1&lt;Microsoft.AspNetCore.DataProtection.IDataProtectionBuilder&gt;,System.String)" line-rate="0.7777777777777778" branch-rate="0.625" complexity="16">
              <lines>
                <line number="173" hits="24" branch="false" />
                <line number="176" hits="24" branch="true" condition-coverage="75% (3/4)" />
                <line number="177" hits="0" branch="false" />
                <line number="180" hits="24" branch="true" condition-coverage="100% (4/4)" />
                <line number="182" hits="24" branch="false" />
                <line number="183" hits="24" branch="false" />
                <line number="184" hits="24" branch="false" />
                <line number="188" hits="24" branch="false" />
                <line number="189" hits="24" branch="true" condition-coverage="50% (1/2)" />
                <line number="190" hits="0" branch="true" condition-coverage="0% (0/2)" />
                <line number="193" hits="24" branch="true" condition-coverage="50% (1/2)" />
                <line number="194" hits="0" branch="false" />
                <line number="196" hits="24" branch="true" condition-coverage="50% (1/2)" />
                <line number="197" hits="0" branch="false" />
                <line number="199" hits="24" branch="false" />
                <line number="201" hits="24" branch="false" />
                <line number="203" hits="24" branch="false" />
                <line number="204" hits="24" branch="false" />
              </lines>
            </method>
          </methods>
          <lines>
            <line number="23" hits="0" branch="false" />
            <line number="32" hits="24" branch="true" condition-coverage="50% (1/2)" />
            <line number="33" hits="0" branch="false" />
            <line number="35" hits="24" branch="false" />
            <line number="43" hits="24" branch="false" />
            <line number="56" hits="0" branch="false" />
            <line number="58" hits="0" branch="false" />
            <line number="72" hits="0" branch="false" />
            <line number="74" hits="0" branch="false" />
            <line number="89" hits="0" branch="false" />
            <line number="91" hits="0" branch="false" />
            <line number="104" hits="24" branch="false" />
            <line number="106" hits="24" branch="false" />
            <line number="121" hits="0" branch="false" />
            <line number="123" hits="0" branch="false" />
            <line number="138" hits="0" branch="false" />
            <line number="140" hits="0" branch="false" />
            <line number="156" hits="24" branch="false" />
            <line number="159" hits="24" branch="false" />
            <line number="173" hits="24" branch="false" />
            <line number="176" hits="24" branch="true" condition-coverage="75% (3/4)" />
            <line number="177" hits="0" branch="false" />
            <line number="180" hits="24" branch="true" condition-coverage="100% (4/4)" />
            <line number="182" hits="24" branch="false" />
            <line number="183" hits="24" branch="false" />
            <line number="184" hits="24" branch="false" />
            <line number="188" hits="24" branch="false" />
            <line number="189" hits="24" branch="true" condition-coverage="50% (1/2)" />
            <line number="190" hits="0" branch="true" condition-coverage="0% (0/2)" />
            <line number="193" hits="24" branch="true" condition-coverage="50% (1/2)" />
            <line number="194" hits="0" branch="false" />
            <line number="196" hits="24" branch="true" condition-coverage="50% (1/2)" />
            <line number="197" hits="0" branch="false" />
            <line number="199" hits="24" branch="false" />
            <line number="201" hits="24" branch="false" />
            <line number="203" hits="24" branch="false" />
            <line number="204" hits="24" branch="false" />
          </lines>
        </class>
        <class name="Fededim.Extensions.Configuration.Protected.DataProtectionAPI.DataProtectionAPIProtectProvider" filename="D:\a\Fededim.Extensions.Configuration.Protected\Fededim.Extensions.Configuration.Protected\Fededim.Extensions.Configuration.Protected.DataProtectionAPI\DataProtectionAPIProtectProvider.cs" line-rate="1" branch-rate="1" complexity="5">
          <methods>
            <method name="get_DataProtector" signature="()" line-rate="1" branch-rate="1" complexity="1">
              <lines>
                <line number="11" hits="7608698" branch="false" />
              </lines>
            </method>
            <method name="CreateNewProviderFromSubkey" signature="(System.String,System.String)" line-rate="1" branch-rate="1" complexity="1">
              <lines>
                <line number="31" hits="1521380" branch="false" />
              </lines>
            </method>
            <method name="Decrypt" signature="(System.String,System.String)" line-rate="1" branch-rate="1" complexity="1">
              <lines>
                <line number="43" hits="3043659" branch="false" />
              </lines>
            </method>
            <method name="Encrypt" signature="(System.String,System.String)" line-rate="1" branch-rate="1" complexity="1">
              <lines>
                <line number="55" hits="3043659" branch="false" />
              </lines>
            </method>
            <method name=".ctor" signature="(Microsoft.AspNetCore.DataProtection.IDataProtector)" line-rate="1" branch-rate="1" complexity="1">
              <lines>
                <line number="18" hits="1521404" branch="false" />
                <line number="20" hits="1521404" branch="false" />
                <line number="21" hits="1521404" branch="false" />
              </lines>
            </method>
          </methods>
          <lines>
            <line number="11" hits="7608698" branch="false" />
            <line number="18" hits="1521404" branch="false" />
            <line number="20" hits="1521404" branch="false" />
            <line number="21" hits="1521404" branch="false" />
            <line number="31" hits="1521380" branch="false" />
            <line number="43" hits="3043659" branch="false" />
            <line number="55" hits="3043659" branch="false" />
          </lines>
        </class>
      </classes>
    </package>
  </packages>
</coverage>