<?xml version="1.0" encoding="utf-8"?>
<TestRun id="fe547fdd-384d-482b-a863-b7ffbb19b4f6" name="runneradmin@runnervmj2eup 2025-08-27 01:15:25" runUser="runnervmj2eup\runneradmin" xmlns="http://microsoft.com/schemas/VisualStudio/TeamTest/2010">
  <Times creation="2025-08-27T01:15:25.3482405+00:00" queuing="2025-08-27T01:15:25.3482409+00:00" start="2025-08-27T01:15:17.0821637+00:00" finish="2025-08-27T01:17:36.6001594+00:00" />
  <TestSettings name="default" id="f08e1cb0-a798-482d-89df-750ae66c1f17">
    <Deployment runDeploymentRoot="runneradmin_runnervmj2eup_2025-08-27_01_15_25" />
  </TestSettings>
  <Results>
    <UnitTestResult executionId="fb4a27b4-7376-4db8-9ce3-507ad8c8c08e" testId="215bdca5-d044-0fe3-ab3a-2e4442ce76c5" testName="Fededim.Extensions.Configuration.Protected.DataProtectionAPITest.DataProtectionAPIProtectProviderTest.RandomJsonFileTest(useJsonWithCommentFileProcessor: False)" computerName="runnervmj2eup" duration="00:00:30.9470000" startTime="2025-08-27T01:17:00.3994708+00:00" endTime="2025-08-27T01:17:00.3994708+00:00" testType="13cdc9d9-ddb5-4fa4-a97d-d965ccfc6d4b" outcome="Passed" testListId="8c84fa94-04c1-424b-9868-57a2d4851a1d" relativeResultsDirectory="fb4a27b4-7376-4db8-9ce3-507ad8c8c08e">
      <Output>
        <StdOut>8/27/2025 1:16:29 AM: Generating a random JSON file with 100000 keys, autogenerated strings max length 20 and autogenerated array max length 10...&#xD;
8/27/2025 1:16:33 AM: File location file://D:/a/Fededim.Extensions.Configuration.Protected/Fededim.Extensions.Configuration.Protected/Fededim.Extensions.Configuration.Protected.DataProtectionAPITest/bin/Release/net462/random_d578335c-884f-4a26-a7a5-e4325bc307c1.json&#xD;
8/27/2025 1:16:33 AM: Generated random JSON file (NumEntries 100000 NumValues 248959 size 59287 KB) duration 3903ms &#xD;
8/27/2025 1:16:41 AM: Encrypted random JSON file (NumEntries 100000 NumValues 248959 size 85263 KB) duration 7743ms &#xD;
8/27/2025 1:16:42 AM: Checked that all random JSON file is encrypted duration 1262ms &#xD;
8/27/2025 1:16:58 AM: Loaded and decrypted random JSON file with ProtectedConfigurationBuilder duration 00:00:16.0038185 &#xD;
8/27/2025 1:17:00 AM: Checked that 248959 entries are equal duration 2032ms</StdOut>
      </Output>
    </UnitTestResult>
    <UnitTestResult executionId="500712b8-5ae1-423d-ab83-2e804408c43d" testId="a5b4138a-877c-581b-780d-3494b3972f17" testName="Fededim.Extensions.Configuration.Protected.DataProtectionAPITest.DataProtectionAPIProtectProviderTest.RandomInMemoryDictionaryTest" computerName="runnervmj2eup" duration="00:00:18.0890000" startTime="2025-08-27T01:15:39.6703557+00:00" endTime="2025-08-27T01:15:39.6703557+00:00" testType="13cdc9d9-ddb5-4fa4-a97d-d965ccfc6d4b" outcome="Passed" testListId="8c84fa94-04c1-424b-9868-57a2d4851a1d" relativeResultsDirectory="500712b8-5ae1-423d-ab83-2e804408c43d">
      <Output>
        <StdOut>8/27/2025 1:15:23 AM: Generating a random in-memory dictionary with 100000 keys, autogenerated strings max length 20 and autogenerated array max length 10...&#xD;
8/27/2025 1:15:23 AM: Starting test...&#xD;
8/27/2025 1:15:23 AM: Generated random in-memory dictionary (NumEntries 100000 NumValues 251314) duration 638ms &#xD;
8/27/2025 1:15:32 AM: Encrypted random in-memory dictionary duration 8575ms &#xD;
8/27/2025 1:15:32 AM: Checked that all random in-memory dictionary is encrypted duration 172ms &#xD;
8/27/2025 1:15:39 AM: Loaded and decrypted random in-memory dictionary with ProtectedConfigurationBuilder duration 6759ms &#xD;
8/27/2025 1:15:39 AM: Checked that 100000 entries are equal duration 261ms</StdOut>
      </Output>
    </UnitTestResult>
    <UnitTestResult executionId="79a6fce7-c027-4e56-ad1c-a417c18cfae8" testId="60df3619-3efb-dbb7-6212-6602ebf68f95" testName="Fededim.Extensions.Configuration.Protected.DataProtectionAPITest.ReverseChainedDataProtectionAPIProtectProviderTest.RandomCommandLineTest" computerName="runnervmj2eup" duration="00:00:05.4410000" startTime="2025-08-27T01:17:29.3025761+00:00" endTime="2025-08-27T01:17:29.3025761+00:00" testType="13cdc9d9-ddb5-4fa4-a97d-d965ccfc6d4b" outcome="Passed" testListId="8c84fa94-04c1-424b-9868-57a2d4851a1d" relativeResultsDirectory="79a6fce7-c027-4e56-ad1c-a417c18cfae8">
      <Output>
        <StdOut>8/27/2025 1:17:23 AM: Generating a random command line arguments with 100000 keys, autogenerated strings max length 20 and autogenerated array max length 10...&#xD;
8/27/2025 1:17:24 AM: Starting test...&#xD;
8/27/2025 1:17:24 AM: Generated random comand line args (NumEntries 100000 NumValues 250346) duration 415ms &#xD;
8/27/2025 1:17:25 AM: Encrypted random comand line args duration 1486ms &#xD;
8/27/2025 1:17:25 AM: Checked that all random comand line args are encrypted duration 98ms &#xD;
8/27/2025 1:17:29 AM: Loaded and decrypted random comand line args with ProtectedConfigurationBuilder duration 3338ms &#xD;
8/27/2025 1:17:29 AM: Checked that 100000 entries are equal duration 101ms</StdOut>
      </Output>
    </UnitTestResult>
    <UnitTestResult executionId="bc6985c6-1d79-4649-8ec5-4b3db936f9a1" testId="53bdc893-11b6-05bf-6c05-1776c77b4125" testName="Fededim.Extensions.Configuration.Protected.DataProtectionAPITest.PassthroughProtectProviderTest.RandomCommandLineTest" computerName="runnervmj2eup" duration="00:00:03.9650000" startTime="2025-08-27T01:15:53.9157934+00:00" endTime="2025-08-27T01:15:53.9157934+00:00" testType="13cdc9d9-ddb5-4fa4-a97d-d965ccfc6d4b" outcome="Passed" testListId="8c84fa94-04c1-424b-9868-57a2d4851a1d" relativeResultsDirectory="bc6985c6-1d79-4649-8ec5-4b3db936f9a1">
      <Output>
        <StdOut>8/27/2025 1:15:49 AM: Generating a random command line arguments with 100000 keys, autogenerated strings max length 20 and autogenerated array max length 10...&#xD;
8/27/2025 1:15:50 AM: Starting test...&#xD;
8/27/2025 1:15:50 AM: Generated random comand line args (NumEntries 100000 NumValues 250322) duration 445ms &#xD;
8/27/2025 1:15:52 AM: Encrypted random comand line args duration 2227ms &#xD;
8/27/2025 1:15:52 AM: Checked that all random comand line args are encrypted duration 326ms &#xD;
8/27/2025 1:15:53 AM: Loaded and decrypted random comand line args with ProtectedConfigurationBuilder duration 846ms &#xD;
8/27/2025 1:15:53 AM: Checked that 100000 entries are equal duration 119ms</StdOut>
      </Output>
    </UnitTestResult>
    <UnitTestResult executionId="0042ea73-5ab0-405e-82f2-5015bd8632f4" testId="b5fa2e2b-5ba5-fac3-aba2-27926978692e" testName="Fededim.Extensions.Configuration.Protected.DataProtectionAPITest.ReverseChainedPassthroughProtectProviderTest.RandomJsonFileTest(useJsonWithCommentFileProcessor: True)" computerName="runnervmj2eup" duration="00:00:22.2830000" startTime="2025-08-27T01:15:50.8009318+00:00" endTime="2025-08-27T01:15:50.8009318+00:00" testType="13cdc9d9-ddb5-4fa4-a97d-d965ccfc6d4b" outcome="Passed" testListId="8c84fa94-04c1-424b-9868-57a2d4851a1d" relativeResultsDirectory="0042ea73-5ab0-405e-82f2-5015bd8632f4">
      <Output>
        <StdOut>8/27/2025 1:15:28 AM: Generating a random JSON file with 100000 keys, autogenerated strings max length 20 and autogenerated array max length 10...&#xD;
8/27/2025 1:15:31 AM: File location file://D:/a/Fededim.Extensions.Configuration.Protected/Fededim.Extensions.Configuration.Protected/Fededim.Extensions.Configuration.Protected.DataProtectionAPITest/bin/Release/net462/random_80289d9f-a898-4465-9ac0-641ab6c84d03.json&#xD;
8/27/2025 1:15:31 AM: Generated random JSON file (NumEntries 100000 NumValues 249904 size 57468 KB) duration 3153ms &#xD;
8/27/2025 1:15:36 AM: Encrypted random JSON file (NumEntries 100000 NumValues 249904 size 57853 KB) duration 4399ms &#xD;
8/27/2025 1:15:37 AM: Checked that all random JSON file is encrypted duration 1791ms &#xD;
8/27/2025 1:15:48 AM: Loaded and decrypted random JSON file with ProtectedConfigurationBuilder duration 00:00:10.7564201 &#xD;
8/27/2025 1:15:50 AM: Checked that 249904 entries are equal duration 2179ms</StdOut>
      </Output>
    </UnitTestResult>
    <UnitTestResult executionId="966888f5-c0cf-4f70-9e68-05ac80cdbf81" testId="dc307d4d-4502-7282-1f60-31615d2a0d24" testName="Fededim.Extensions.Configuration.Protected.DataProtectionAPITest.ReverseChainedPassthroughProtectProviderTest.RandomXmlFileTest" computerName="runnervmj2eup" duration="00:00:27.4660000" startTime="2025-08-27T01:16:38.7624397+00:00" endTime="2025-08-27T01:16:38.7624397+00:00" testType="13cdc9d9-ddb5-4fa4-a97d-d965ccfc6d4b" outcome="Passed" testListId="8c84fa94-04c1-424b-9868-57a2d4851a1d" relativeResultsDirectory="966888f5-c0cf-4f70-9e68-05ac80cdbf81">
      <Output>
        <StdOut>8/27/2025 1:16:11 AM: Generating a random XML file with 100000 keys, autogenerated strings max length 20 and autogenerated array max length 10...&#xD;
8/27/2025 1:16:15 AM: File location file://D:/a/Fededim.Extensions.Configuration.Protected/Fededim.Extensions.Configuration.Protected/Fededim.Extensions.Configuration.Protected.DataProtectionAPITest/bin/Release/net462/random_4b60ce74-0218-47bb-86d2-1d1a0889bdd6.xml&#xD;
8/27/2025 1:16:15 AM: Generated random XML file (NumEntries 100000 NumValues 251008 size 68005 KB) duration 3823ms &#xD;
8/27/2025 1:16:23 AM: Encrypted random XML file (NumEntries 100000 NumValues 251008 size 68396 KB) duration 7970ms &#xD;
8/27/2025 1:16:25 AM: Checked that all random XML file is encrypted duration 2203ms &#xD;
8/27/2025 1:16:36 AM: Loaded and decrypted random XML file with ProtectedConfigurationBuilder duration 00:00:11.4275210 &#xD;
8/27/2025 1:16:38 AM: Checked that 202865 entries are equal duration 2039ms</StdOut>
      </Output>
    </UnitTestResult>
    <UnitTestResult executionId="1078080b-32d4-49b1-929c-017ebd0426e7" testId="20fa24cf-117e-2734-ecaa-01279073fded" testName="Fededim.Extensions.Configuration.Protected.DataProtectionAPITest.PassthroughProtectProviderTest.RandomInMemoryDictionaryTest" computerName="runnervmj2eup" duration="00:00:02.2960000" startTime="2025-08-27T01:15:56.2160820+00:00" endTime="2025-08-27T01:15:56.2160820+00:00" testType="13cdc9d9-ddb5-4fa4-a97d-d965ccfc6d4b" outcome="Passed" testListId="8c84fa94-04c1-424b-9868-57a2d4851a1d" relativeResultsDirectory="1078080b-32d4-49b1-929c-017ebd0426e7">
      <Output>
        <StdOut>8/27/2025 1:15:53 AM: Generating a random in-memory dictionary with 100000 keys, autogenerated strings max length 20 and autogenerated array max length 10...&#xD;
8/27/2025 1:15:54 AM: Starting test...&#xD;
8/27/2025 1:15:54 AM: Generated random in-memory dictionary (NumEntries 100000 NumValues 250698) duration 647ms &#xD;
8/27/2025 1:15:55 AM: Encrypted random in-memory dictionary duration 850ms &#xD;
8/27/2025 1:15:55 AM: Checked that all random in-memory dictionary is encrypted duration 90ms &#xD;
8/27/2025 1:15:56 AM: Loaded and decrypted random in-memory dictionary with ProtectedConfigurationBuilder duration 593ms &#xD;
8/27/2025 1:15:56 AM: Checked that 100000 entries are equal duration 112ms</StdOut>
      </Output>
    </UnitTestResult>
    <UnitTestResult executionId="1f74815b-b77b-4a6a-9fc9-a2306cdf0f58" testId="c54c3964-5bef-c878-d4a0-6c44caf97732" testName="Fededim.Extensions.Configuration.Protected.DataProtectionAPITest.ReverseChainedPassthroughProtectProviderTest.RandomInMemoryDictionaryTest" computerName="runnervmj2eup" duration="00:00:03.6880000" startTime="2025-08-27T01:15:25.2891374+00:00" endTime="2025-08-27T01:15:25.2891374+00:00" testType="13cdc9d9-ddb5-4fa4-a97d-d965ccfc6d4b" outcome="Passed" testListId="8c84fa94-04c1-424b-9868-57a2d4851a1d" relativeResultsDirectory="1f74815b-b77b-4a6a-9fc9-a2306cdf0f58">
      <Output>
        <StdOut>8/27/2025 1:15:22 AM: Generating a random in-memory dictionary with 100000 keys, autogenerated strings max length 20 and autogenerated array max length 10...&#xD;
8/27/2025 1:15:22 AM: Starting test...&#xD;
8/27/2025 1:15:22 AM: Generated random in-memory dictionary (NumEntries 100000 NumValues 251393) duration 369ms &#xD;
8/27/2025 1:15:23 AM: Encrypted random in-memory dictionary duration 845ms &#xD;
8/27/2025 1:15:23 AM: Checked that all random in-memory dictionary is encrypted duration 173ms &#xD;
8/27/2025 1:15:24 AM: Loaded and decrypted random in-memory dictionary with ProtectedConfigurationBuilder duration 1047ms &#xD;
8/27/2025 1:15:25 AM: Checked that 100000 entries are equal duration 269ms</StdOut>
      </Output>
    </UnitTestResult>
    <UnitTestResult executionId="c572cc97-79ae-4b8a-bb94-1188434246cb" testId="efb735a9-3ad5-1771-1fbc-4b718376ccc7" testName="Fededim.Extensions.Configuration.Protected.DataProtectionAPITest.ReverseChainedDataProtectionAPIProtectProviderTest.RandomXmlFileTest" computerName="runnervmj2eup" duration="00:00:34.9780000" startTime="2025-08-27T01:17:21.3896998+00:00" endTime="2025-08-27T01:17:21.3896998+00:00" testType="13cdc9d9-ddb5-4fa4-a97d-d965ccfc6d4b" outcome="Passed" testListId="8c84fa94-04c1-424b-9868-57a2d4851a1d" relativeResultsDirectory="c572cc97-79ae-4b8a-bb94-1188434246cb">
      <Output>
        <StdOut>8/27/2025 1:16:46 AM: Generating a random XML file with 100000 keys, autogenerated strings max length 20 and autogenerated array max length 10...&#xD;
8/27/2025 1:16:49 AM: File location file://D:/a/Fededim.Extensions.Configuration.Protected/Fededim.Extensions.Configuration.Protected/Fededim.Extensions.Configuration.Protected.DataProtectionAPITest/bin/Release/net462/random_b4f2c70a-d0ca-44dc-8142-1292a4e56375.xml&#xD;
8/27/2025 1:16:49 AM: Generated random XML file (NumEntries 100000 NumValues 250250 size 68660 KB) duration 3566ms &#xD;
8/27/2025 1:16:58 AM: Encrypted random XML file (NumEntries 100000 NumValues 250250 size 95081 KB) duration 8110ms &#xD;
8/27/2025 1:16:59 AM: Checked that all random XML file is encrypted duration 1690ms &#xD;
8/27/2025 1:17:19 AM: Loaded and decrypted random XML file with ProtectedConfigurationBuilder duration 00:00:20.0905998 &#xD;
8/27/2025 1:17:21 AM: Checked that 202880 entries are equal duration 1518ms</StdOut>
      </Output>
    </UnitTestResult>
    <UnitTestResult executionId="4af89393-7713-4d09-89f9-c5b649d3b5bf" testId="97ac352b-e433-e531-3210-5b085419ca0a" testName="Fededim.Extensions.Configuration.Protected.DataProtectionAPITest.DataProtectionAPIProtectProviderTest.RandomXmlFileTest" computerName="runnervmj2eup" duration="00:00:31.1070000" startTime="2025-08-27T01:17:31.4936214+00:00" endTime="2025-08-27T01:17:31.4936214+00:00" testType="13cdc9d9-ddb5-4fa4-a97d-d965ccfc6d4b" outcome="Passed" testListId="8c84fa94-04c1-424b-9868-57a2d4851a1d" relativeResultsDirectory="4af89393-7713-4d09-89f9-c5b649d3b5bf">
      <Output>
        <StdOut>8/27/2025 1:17:00 AM: Generating a random XML file with 100000 keys, autogenerated strings max length 20 and autogenerated array max length 10...&#xD;
8/27/2025 1:17:07 AM: File location file://D:/a/Fededim.Extensions.Configuration.Protected/Fededim.Extensions.Configuration.Protected/Fededim.Extensions.Configuration.Protected.DataProtectionAPITest/bin/Release/net462/random_7becb16b-6923-4fc4-9b2e-7640a7da84b8.xml&#xD;
8/27/2025 1:17:07 AM: Generated random XML file (NumEntries 100000 NumValues 249904 size 58950 KB) duration 6707ms &#xD;
8/27/2025 1:17:14 AM: Encrypted random XML file (NumEntries 100000 NumValues 249904 size 85301 KB) duration 7089ms &#xD;
8/27/2025 1:17:15 AM: Checked that all random XML file is encrypted duration 1644ms &#xD;
8/27/2025 1:17:30 AM: Loaded and decrypted random XML file with ProtectedConfigurationBuilder duration 00:00:14.6836794 &#xD;
8/27/2025 1:17:31 AM: Checked that 202302 entries are equal duration 982ms</StdOut>
      </Output>
    </UnitTestResult>
    <UnitTestResult executionId="993fc690-3c30-4bea-80f1-39f852475278" testId="b6fd352f-d0bb-6f9f-e8b5-484cb632db0b" testName="Fededim.Extensions.Configuration.Protected.DataProtectionAPITest.ReverseChainedPassthroughProtectProviderTest.RandomJsonFileTest(useJsonWithCommentFileProcessor: False)" computerName="runnervmj2eup" duration="00:00:20.4990000" startTime="2025-08-27T01:16:11.2866968+00:00" endTime="2025-08-27T01:16:11.2866968+00:00" testType="13cdc9d9-ddb5-4fa4-a97d-d965ccfc6d4b" outcome="Passed" testListId="8c84fa94-04c1-424b-9868-57a2d4851a1d" relativeResultsDirectory="993fc690-3c30-4bea-80f1-39f852475278">
      <Output>
        <StdOut>8/27/2025 1:15:50 AM: Generating a random JSON file with 100000 keys, autogenerated strings max length 20 and autogenerated array max length 10...&#xD;
8/27/2025 1:15:54 AM: File location file://D:/a/Fededim.Extensions.Configuration.Protected/Fededim.Extensions.Configuration.Protected/Fededim.Extensions.Configuration.Protected.DataProtectionAPITest/bin/Release/net462/random_c89a70e6-e2e3-45ed-b6ed-e7d10389dfbc.json&#xD;
8/27/2025 1:15:54 AM: Generated random JSON file (NumEntries 100000 NumValues 251227 size 58040 KB) duration 3246ms &#xD;
8/27/2025 1:15:59 AM: Encrypted random JSON file (NumEntries 100000 NumValues 251227 size 58426 KB) duration 5071ms &#xD;
8/27/2025 1:16:00 AM: Checked that all random JSON file is encrypted duration 1478ms &#xD;
8/27/2025 1:16:09 AM: Loaded and decrypted random JSON file with ProtectedConfigurationBuilder duration 8640ms &#xD;
8/27/2025 1:16:11 AM: Checked that 251227 entries are equal duration 2061ms</StdOut>
      </Output>
    </UnitTestResult>
    <UnitTestResult executionId="2dc64f52-6bf7-4fb3-a81b-53cea990e834" testId="fd694cea-f6eb-8b2a-be1c-cfd9341efde5" testName="Fededim.Extensions.Configuration.Protected.DataProtectionAPITest.ReverseChainedPassthroughProtectProviderTest.RandomEnvironmentVariablesTest" computerName="runnervmj2eup" duration="00:00:09.8140000" startTime="2025-08-27T01:16:48.5881396+00:00" endTime="2025-08-27T01:16:48.5881396+00:00" testType="13cdc9d9-ddb5-4fa4-a97d-d965ccfc6d4b" outcome="Passed" testListId="8c84fa94-04c1-424b-9868-57a2d4851a1d" relativeResultsDirectory="2dc64f52-6bf7-4fb3-a81b-53cea990e834">
      <Output>
        <StdOut>8/27/2025 1:16:38 AM: Generating a random environment variables 100000 keys, autogenerated strings max length 20 and autogenerated array max length 10...&#xD;
8/27/2025 1:16:41 AM: Starting test...&#xD;
8/27/2025 1:16:41 AM: Generated random environment variables (NumEntries 2000 NumValues 5063 TID 16, note that Windows has a maximum size of 32KB for all environment variables, so not all 100000 keys could be created) duration 2495ms &#xD;
8/27/2025 1:16:45 AM: Encrypted random environment variables duration 4522ms &#xD;
8/27/2025 1:16:45 AM: Checked that all random environment variables are encrypted duration 12ms &#xD;
8/27/2025 1:16:45 AM: Loaded and decrypted random environment variables with ProtectedConfigurationBuilder duration 18ms &#xD;
8/27/2025 1:16:45 AM: Checked that 1569 entries are equal duration 1ms</StdOut>
      </Output>
    </UnitTestResult>
    <UnitTestResult executionId="2f913d55-7493-40ad-8e48-82d14399c195" testId="ade5454d-acc1-63ed-986a-ba08d0a9b3c4" testName="Fededim.Extensions.Configuration.Protected.DataProtectionAPITest.PassthroughProtectProviderTest.RandomJsonFileTest(useJsonWithCommentFileProcessor: False)" computerName="runnervmj2eup" duration="00:00:20.1990000" startTime="2025-08-27T01:16:16.4344725+00:00" endTime="2025-08-27T01:16:16.4344725+00:00" testType="13cdc9d9-ddb5-4fa4-a97d-d965ccfc6d4b" outcome="Passed" testListId="8c84fa94-04c1-424b-9868-57a2d4851a1d" relativeResultsDirectory="2f913d55-7493-40ad-8e48-82d14399c195">
      <Output>
        <StdOut>8/27/2025 1:15:56 AM: Generating a random JSON file with 100000 keys, autogenerated strings max length 20 and autogenerated array max length 10...&#xD;
8/27/2025 1:15:58 AM: File location file://D:/a/Fededim.Extensions.Configuration.Protected/Fededim.Extensions.Configuration.Protected/Fededim.Extensions.Configuration.Protected.DataProtectionAPITest/bin/Release/net462/random_11b5cd7b-cdb9-4788-8bd5-54ce8dc080e4.json&#xD;
8/27/2025 1:15:58 AM: Generated random JSON file (NumEntries 100000 NumValues 249260 size 61030 KB) duration 2353ms &#xD;
8/27/2025 1:16:04 AM: Encrypted random JSON file (NumEntries 100000 NumValues 249260 size 61413 KB) duration 5426ms &#xD;
8/27/2025 1:16:06 AM: Checked that all random JSON file is encrypted duration 2186ms &#xD;
8/27/2025 1:16:14 AM: Loaded and decrypted random JSON file with ProtectedConfigurationBuilder duration 8171ms &#xD;
8/27/2025 1:16:16 AM: Checked that 249260 entries are equal duration 2060ms</StdOut>
      </Output>
    </UnitTestResult>
    <UnitTestResult executionId="1d26ec2f-6f02-422b-9699-ab334d2c2b26" testId="17c2c8ae-a50b-08a0-7c03-1289a54a7d68" testName="Fededim.Extensions.Configuration.Protected.DataProtectionAPITest.PassthroughProtectProviderTest.RandomXmlFileTest" computerName="runnervmj2eup" duration="00:00:27.6580000" startTime="2025-08-27T01:15:49.9556694+00:00" endTime="2025-08-27T01:15:49.9556694+00:00" testType="13cdc9d9-ddb5-4fa4-a97d-d965ccfc6d4b" outcome="Passed" testListId="8c84fa94-04c1-424b-9868-57a2d4851a1d" relativeResultsDirectory="1d26ec2f-6f02-422b-9699-ab334d2c2b26">
      <Output>
        <StdOut>8/27/2025 1:15:22 AM: Generating a random XML file with 100000 keys, autogenerated strings max length 20 and autogenerated array max length 10...&#xD;
8/27/2025 1:15:28 AM: File location file://D:/a/Fededim.Extensions.Configuration.Protected/Fededim.Extensions.Configuration.Protected/Fededim.Extensions.Configuration.Protected.DataProtectionAPITest/bin/Release/net462/random_d0eb29e0-1a68-4942-8492-596a75547a6f.xml&#xD;
8/27/2025 1:15:28 AM: Generated random XML file (NumEntries 100000 NumValues 249847 size 62520 KB) duration 5477ms &#xD;
8/27/2025 1:15:35 AM: Encrypted random XML file (NumEntries 100000 NumValues 249847 size 62910 KB) duration 7449ms &#xD;
8/27/2025 1:15:37 AM: Checked that all random XML file is encrypted duration 1821ms &#xD;
8/27/2025 1:15:48 AM: Loaded and decrypted random XML file with ProtectedConfigurationBuilder duration 00:00:10.9550927 &#xD;
8/27/2025 1:15:49 AM: Checked that 202006 entries are equal duration 1367ms</StdOut>
      </Output>
    </UnitTestResult>
    <UnitTestResult executionId="608723e9-a53c-4db5-a35a-5750e13c26ce" testId="b9bf8ed7-522c-e76a-b80e-8d05fc5adc83" testName="Fededim.Extensions.Configuration.Protected.DataProtectionAPITest.DataProtectionAPIProtectProviderTest.RandomCommandLineTest" computerName="runnervmj2eup" duration="00:00:04.6650000" startTime="2025-08-27T01:17:36.1708419+00:00" endTime="2025-08-27T01:17:36.1708419+00:00" testType="13cdc9d9-ddb5-4fa4-a97d-d965ccfc6d4b" outcome="Passed" testListId="8c84fa94-04c1-424b-9868-57a2d4851a1d" relativeResultsDirectory="608723e9-a53c-4db5-a35a-5750e13c26ce">
      <Output>
        <StdOut>8/27/2025 1:17:31 AM: Generating a random command line arguments with 100000 keys, autogenerated strings max length 20 and autogenerated array max length 10...&#xD;
8/27/2025 1:17:31 AM: Starting test...&#xD;
8/27/2025 1:17:31 AM: Generated random comand line args (NumEntries 100000 NumValues 250029) duration 422ms &#xD;
8/27/2025 1:17:33 AM: Encrypted random comand line args duration 1511ms &#xD;
8/27/2025 1:17:33 AM: Checked that all random comand line args are encrypted duration 97ms &#xD;
8/27/2025 1:17:36 AM: Loaded and decrypted random comand line args with ProtectedConfigurationBuilder duration 2565ms &#xD;
8/27/2025 1:17:36 AM: Checked that 100000 entries are equal duration 67ms</StdOut>
      </Output>
    </UnitTestResult>
    <UnitTestResult executionId="4968e94b-498b-46ca-97b6-7f23ce57fc51" testId="83d9d3b3-01c1-e554-7b15-bf5199894c8f" testName="Fededim.Extensions.Configuration.Protected.DataProtectionAPITest.ReverseChainedDataProtectionAPIProtectProviderTest.RandomJsonFileTest(useJsonWithCommentFileProcessor: False)" computerName="runnervmj2eup" duration="00:00:38.4220000" startTime="2025-08-27T01:16:46.4139423+00:00" endTime="2025-08-27T01:16:46.4139423+00:00" testType="13cdc9d9-ddb5-4fa4-a97d-d965ccfc6d4b" outcome="Passed" testListId="8c84fa94-04c1-424b-9868-57a2d4851a1d" relativeResultsDirectory="4968e94b-498b-46ca-97b6-7f23ce57fc51">
      <Output>
        <StdOut>8/27/2025 1:16:07 AM: Generating a random JSON file with 100000 keys, autogenerated strings max length 20 and autogenerated array max length 10...&#xD;
8/27/2025 1:16:10 AM: File location file://D:/a/Fededim.Extensions.Configuration.Protected/Fededim.Extensions.Configuration.Protected/Fededim.Extensions.Configuration.Protected.DataProtectionAPITest/bin/Release/net462/random_98df7502-f0f8-48a2-98de-51727d819de7.json&#xD;
8/27/2025 1:16:10 AM: Generated random JSON file (NumEntries 100000 NumValues 249504 size 58114 KB) duration 2445ms &#xD;
8/27/2025 1:16:21 AM: Encrypted random JSON file (NumEntries 100000 NumValues 249504 size 84132 KB) duration 00:00:11.3141315 &#xD;
8/27/2025 1:16:23 AM: Checked that all random JSON file is encrypted duration 1789ms &#xD;
8/27/2025 1:16:44 AM: Loaded and decrypted random JSON file with ProtectedConfigurationBuilder duration 00:00:21.0573997 &#xD;
8/27/2025 1:16:46 AM: Checked that 249504 entries are equal duration 1814ms</StdOut>
      </Output>
    </UnitTestResult>
    <UnitTestResult executionId="4d1fc77e-e675-440b-9048-7686457e3691" testId="f352b3e4-d8b2-0588-46bb-043afb7266c1" testName="Fededim.Extensions.Configuration.Protected.DataProtectionAPITest.DataProtectionAPIProtectProviderTest.RandomEnvironmentVariablesTest" computerName="runnervmj2eup" duration="00:00:07.2040000" startTime="2025-08-27T01:15:46.8986244+00:00" endTime="2025-08-27T01:15:46.8986244+00:00" testType="13cdc9d9-ddb5-4fa4-a97d-d965ccfc6d4b" outcome="Passed" testListId="8c84fa94-04c1-424b-9868-57a2d4851a1d" relativeResultsDirectory="4d1fc77e-e675-440b-9048-7686457e3691">
      <Output>
        <StdOut>8/27/2025 1:15:39 AM: Generating a random environment variables 100000 keys, autogenerated strings max length 20 and autogenerated array max length 10...&#xD;
8/27/2025 1:15:42 AM: Starting test...&#xD;
8/27/2025 1:15:42 AM: Generated random environment variables (NumEntries 2000 NumValues 5101 TID 8, note that Windows has a maximum size of 32KB for all environment variables, so not all 100000 keys could be created) duration 2647ms &#xD;
8/27/2025 1:15:45 AM: Encrypted random environment variables duration 2657ms &#xD;
8/27/2025 1:15:45 AM: Checked that all random environment variables are encrypted duration 21ms &#xD;
8/27/2025 1:15:45 AM: Loaded and decrypted random environment variables with ProtectedConfigurationBuilder duration 95ms &#xD;
8/27/2025 1:15:45 AM: Checked that 1615 entries are equal duration 1ms</StdOut>
      </Output>
    </UnitTestResult>
    <UnitTestResult executionId="3d6c3d2e-e401-4832-a0c0-135af082de92" testId="f6916fa8-7335-1ac2-9bd9-068ab445ecb1" testName="Fededim.Extensions.Configuration.Protected.DataProtectionAPITest.DataProtectionAPIProtectProviderTest.RandomJsonFileTest(useJsonWithCommentFileProcessor: True)" computerName="runnervmj2eup" duration="00:00:42.5740000" startTime="2025-08-27T01:16:29.4387442+00:00" endTime="2025-08-27T01:16:29.4387442+00:00" testType="13cdc9d9-ddb5-4fa4-a97d-d965ccfc6d4b" outcome="Passed" testListId="8c84fa94-04c1-424b-9868-57a2d4851a1d" relativeResultsDirectory="3d6c3d2e-e401-4832-a0c0-135af082de92">
      <Output>
        <StdOut>8/27/2025 1:15:46 AM: Generating a random JSON file with 100000 keys, autogenerated strings max length 20 and autogenerated array max length 10...&#xD;
8/27/2025 1:15:49 AM: File location file://D:/a/Fededim.Extensions.Configuration.Protected/Fededim.Extensions.Configuration.Protected/Fededim.Extensions.Configuration.Protected.DataProtectionAPITest/bin/Release/net462/random_90b564df-9781-42ca-bb1d-544892ec78fb.json&#xD;
8/27/2025 1:15:49 AM: Generated random JSON file (NumEntries 100000 NumValues 249409 size 59383 KB) duration 2210ms &#xD;
8/27/2025 1:15:59 AM: Encrypted random JSON file (NumEntries 100000 NumValues 249409 size 85383 KB) duration 00:00:10.6681516 &#xD;
8/27/2025 1:16:01 AM: Checked that all random JSON file is encrypted duration 1917ms &#xD;
8/27/2025 1:16:25 AM: Loaded and decrypted random JSON file with ProtectedConfigurationBuilder duration 00:00:23.4155309 &#xD;
8/27/2025 1:16:29 AM: Checked that 249409 entries are equal duration 4341ms</StdOut>
      </Output>
    </UnitTestResult>
    <UnitTestResult executionId="5e93290b-0e76-40d3-9230-0a6e3a19e8e7" testId="dbafd3c0-547c-f72c-7714-3310b3a28f6c" testName="Fededim.Extensions.Configuration.Protected.DataProtectionAPITest.ReverseChainedDataProtectionAPIProtectProviderTest.RandomInMemoryDictionaryTest" computerName="runnervmj2eup" duration="00:00:05.4570000" startTime="2025-08-27T01:17:34.7635236+00:00" endTime="2025-08-27T01:17:34.7635236+00:00" testType="13cdc9d9-ddb5-4fa4-a97d-d965ccfc6d4b" outcome="Passed" testListId="8c84fa94-04c1-424b-9868-57a2d4851a1d" relativeResultsDirectory="5e93290b-0e76-40d3-9230-0a6e3a19e8e7">
      <Output>
        <StdOut>8/27/2025 1:17:29 AM: Generating a random in-memory dictionary with 100000 keys, autogenerated strings max length 20 and autogenerated array max length 10...&#xD;
8/27/2025 1:17:29 AM: Starting test...&#xD;
8/27/2025 1:17:29 AM: Generated random in-memory dictionary (NumEntries 100000 NumValues 250324) duration 459ms &#xD;
8/27/2025 1:17:31 AM: Encrypted random in-memory dictionary duration 1373ms &#xD;
8/27/2025 1:17:31 AM: Checked that all random in-memory dictionary is encrypted duration 97ms &#xD;
8/27/2025 1:17:34 AM: Loaded and decrypted random in-memory dictionary with ProtectedConfigurationBuilder duration 3419ms &#xD;
8/27/2025 1:17:34 AM: Checked that 100000 entries are equal duration 106ms</StdOut>
      </Output>
    </UnitTestResult>
    <UnitTestResult executionId="513d17ea-04be-4e9b-8079-bd834e706160" testId="d2ec5ba7-d50b-7023-11ad-69c0b8299f4c" testName="Fededim.Extensions.Configuration.Protected.DataProtectionAPITest.ReverseChainedDataProtectionAPIProtectProviderTest.RandomJsonFileTest(useJsonWithCommentFileProcessor: True)" computerName="runnervmj2eup" duration="00:00:46.4150000" startTime="2025-08-27T01:16:08.0381534+00:00" endTime="2025-08-27T01:16:08.0381534+00:00" testType="13cdc9d9-ddb5-4fa4-a97d-d965ccfc6d4b" outcome="Passed" testListId="8c84fa94-04c1-424b-9868-57a2d4851a1d" relativeResultsDirectory="513d17ea-04be-4e9b-8079-bd834e706160">
      <Output>
        <StdOut>8/27/2025 1:15:23 AM: Generating a random JSON file with 100000 keys, autogenerated strings max length 20 and autogenerated array max length 10...&#xD;
8/27/2025 1:15:26 AM: File location file://D:/a/Fededim.Extensions.Configuration.Protected/Fededim.Extensions.Configuration.Protected/Fededim.Extensions.Configuration.Protected.DataProtectionAPITest/bin/Release/net462/random_fdb52678-75e8-43ef-860f-d9f65eb2f9d9.json&#xD;
8/27/2025 1:15:26 AM: Generated random JSON file (NumEntries 100000 NumValues 250065 size 52198 KB) duration 3398ms &#xD;
8/27/2025 1:15:40 AM: Encrypted random JSON file (NumEntries 100000 NumValues 250065 size 78262 KB) duration 00:00:13.4414808 &#xD;
8/27/2025 1:15:43 AM: Checked that all random JSON file is encrypted duration 3336ms &#xD;
8/27/2025 1:16:06 AM: Loaded and decrypted random JSON file with ProtectedConfigurationBuilder duration 00:00:22.5888021 &#xD;
8/27/2025 1:16:07 AM: Checked that 250065 entries are equal duration 1914ms</StdOut>
      </Output>
    </UnitTestResult>
    <UnitTestResult executionId="d641b787-71bf-40f6-9053-786ab2de0a12" testId="b51079a5-ff93-277c-c6d0-2b0eb1149993" testName="Fededim.Extensions.Configuration.Protected.DataProtectionAPITest.PassthroughProtectProviderTest.RandomEnvironmentVariablesTest" computerName="runnervmj2eup" duration="00:00:09.8380000" startTime="2025-08-27T01:16:48.7338032+00:00" endTime="2025-08-27T01:16:48.7338032+00:00" testType="13cdc9d9-ddb5-4fa4-a97d-d965ccfc6d4b" outcome="Passed" testListId="8c84fa94-04c1-424b-9868-57a2d4851a1d" relativeResultsDirectory="d641b787-71bf-40f6-9053-786ab2de0a12">
      <Output>
        <StdOut>8/27/2025 1:16:38 AM: Generating a random environment variables 100000 keys, autogenerated strings max length 20 and autogenerated array max length 10...&#xD;
8/27/2025 1:16:42 AM: Starting test...&#xD;
8/27/2025 1:16:42 AM: Generated random environment variables (NumEntries 2000 NumValues 4975 TID 14, note that Windows has a maximum size of 32KB for all environment variables, so not all 100000 keys could be created) duration 4002ms &#xD;
8/27/2025 1:16:47 AM: Encrypted random environment variables duration 4803ms &#xD;
8/27/2025 1:16:47 AM: Checked that all random environment variables are encrypted duration 16ms &#xD;
8/27/2025 1:16:47 AM: Loaded and decrypted random environment variables with ProtectedConfigurationBuilder duration 27ms &#xD;
8/27/2025 1:16:47 AM: Checked that 1594 entries are equal duration 1ms</StdOut>
      </Output>
    </UnitTestResult>
    <UnitTestResult executionId="ce2834ec-686a-4914-992b-6c1cd51c5029" testId="f4974d5b-c288-bf3b-c0f6-abb4edc5d313" testName="Fededim.Extensions.Configuration.Protected.DataProtectionAPITest.ReverseChainedDataProtectionAPIProtectProviderTest.RandomEnvironmentVariablesTest" computerName="runnervmj2eup" duration="00:00:02.4690000" startTime="2025-08-27T01:17:23.8602649+00:00" endTime="2025-08-27T01:17:23.8602649+00:00" testType="13cdc9d9-ddb5-4fa4-a97d-d965ccfc6d4b" outcome="Passed" testListId="8c84fa94-04c1-424b-9868-57a2d4851a1d" relativeResultsDirectory="ce2834ec-686a-4914-992b-6c1cd51c5029">
      <Output>
        <StdOut>8/27/2025 1:17:21 AM: Generating a random environment variables 100000 keys, autogenerated strings max length 20 and autogenerated array max length 10...&#xD;
8/27/2025 1:17:22 AM: Starting test...&#xD;
8/27/2025 1:17:22 AM: Generated random environment variables (NumEntries 2000 NumValues 5143 TID 10, note that Windows has a maximum size of 32KB for all environment variables, so not all 100000 keys could be created) duration 710ms &#xD;
8/27/2025 1:17:23 AM: Encrypted random environment variables duration 1027ms &#xD;
8/27/2025 1:17:23 AM: Checked that all random environment variables are encrypted duration 5ms &#xD;
8/27/2025 1:17:23 AM: Loaded and decrypted random environment variables with ProtectedConfigurationBuilder duration 73ms &#xD;
8/27/2025 1:17:23 AM: Checked that 1624 entries are equal duration 1ms</StdOut>
      </Output>
    </UnitTestResult>
    <UnitTestResult executionId="0a942cc8-3c65-4c62-973a-36759f3cb16b" testId="cf0e5a6f-eacf-e1e6-8610-cf6ad43d699c" testName="Fededim.Extensions.Configuration.Protected.DataProtectionAPITest.PassthroughProtectProviderTest.RandomJsonFileTest(useJsonWithCommentFileProcessor: True)" computerName="runnervmj2eup" duration="00:00:22.4650000" startTime="2025-08-27T01:16:38.8874409+00:00" endTime="2025-08-27T01:16:38.8874409+00:00" testType="13cdc9d9-ddb5-4fa4-a97d-d965ccfc6d4b" outcome="Passed" testListId="8c84fa94-04c1-424b-9868-57a2d4851a1d" relativeResultsDirectory="0a942cc8-3c65-4c62-973a-36759f3cb16b">
      <Output>
        <StdOut>8/27/2025 1:16:16 AM: Generating a random JSON file with 100000 keys, autogenerated strings max length 20 and autogenerated array max length 10...&#xD;
8/27/2025 1:16:20 AM: File location file://D:/a/Fededim.Extensions.Configuration.Protected/Fededim.Extensions.Configuration.Protected/Fededim.Extensions.Configuration.Protected.DataProtectionAPITest/bin/Release/net462/random_80c120fa-9463-46ac-96ea-1be86688702d.json&#xD;
8/27/2025 1:16:20 AM: Generated random JSON file (NumEntries 100000 NumValues 250868 size 57993 KB) duration 3756ms &#xD;
8/27/2025 1:16:24 AM: Encrypted random JSON file (NumEntries 100000 NumValues 250868 size 58379 KB) duration 4634ms &#xD;
8/27/2025 1:16:27 AM: Checked that all random JSON file is encrypted duration 2309ms &#xD;
8/27/2025 1:16:36 AM: Loaded and decrypted random JSON file with ProtectedConfigurationBuilder duration 9872ms &#xD;
8/27/2025 1:16:38 AM: Checked that 250868 entries are equal duration 1889ms</StdOut>
      </Output>
    </UnitTestResult>
    <UnitTestResult executionId="bcb048a7-41ab-4ff6-b649-e160124e1c71" testId="21abf860-ed3d-2e49-4a1e-a39daf2ff1b2" testName="Fededim.Extensions.Configuration.Protected.DataProtectionAPITest.ReverseChainedPassthroughProtectProviderTest.RandomCommandLineTest" computerName="runnervmj2eup" duration="00:00:03.2280000" startTime="2025-08-27T01:15:28.5105245+00:00" endTime="2025-08-27T01:15:28.5105245+00:00" testType="13cdc9d9-ddb5-4fa4-a97d-d965ccfc6d4b" outcome="Passed" testListId="8c84fa94-04c1-424b-9868-57a2d4851a1d" relativeResultsDirectory="bcb048a7-41ab-4ff6-b649-e160124e1c71">
      <Output>
        <StdOut>8/27/2025 1:15:25 AM: Generating a random command line arguments with 100000 keys, autogenerated strings max length 20 and autogenerated array max length 10...&#xD;
8/27/2025 1:15:26 AM: Starting test...&#xD;
8/27/2025 1:15:26 AM: Generated random comand line args (NumEntries 100000 NumValues 249767) duration 753ms &#xD;
8/27/2025 1:15:27 AM: Encrypted random comand line args duration 1506ms &#xD;
8/27/2025 1:15:27 AM: Checked that all random comand line args are encrypted duration 88ms &#xD;
8/27/2025 1:15:28 AM: Loaded and decrypted random comand line args with ProtectedConfigurationBuilder duration 727ms &#xD;
8/27/2025 1:15:28 AM: Checked that 100000 entries are equal duration 130ms</StdOut>
      </Output>
    </UnitTestResult>
  </Results>
  <TestDefinitions>
    <UnitTest name="Fededim.Extensions.Configuration.Protected.DataProtectionAPITest.ReverseChainedDataProtectionAPIProtectProviderTest.RandomCommandLineTest" storage="d:\a\fededim.extensions.configuration.protected\fededim.extensions.configuration.protected\fededim.extensions.configuration.protected.dataprotectionapitest\bin\release\net462\fededim.extensions.configuration.protected.dataprotectionapitest.dll" id="60df3619-3efb-dbb7-6212-6602ebf68f95">
      <Execution id="79a6fce7-c027-4e56-ad1c-a417c18cfae8" />
      <TestMethod codeBase="D:\a\Fededim.Extensions.Configuration.Protected\Fededim.Extensions.Configuration.Protected\Fededim.Extensions.Configuration.Protected.DataProtectionAPITest\bin\Release\net462\Fededim.Extensions.Configuration.Protected.DataProtectionAPITest.dll" adapterTypeName="executor://xunit/VsTestRunner2/net" className="Fededim.Extensions.Configuration.Protected.DataProtectionAPITest.ReverseChainedDataProtectionAPIProtectProviderTest" name="RandomCommandLineTest" />
    </UnitTest>
    <UnitTest name="Fededim.Extensions.Configuration.Protected.DataProtectionAPITest.DataProtectionAPIProtectProviderTest.RandomXmlFileTest" storage="d:\a\fededim.extensions.configuration.protected\fededim.extensions.configuration.protected\fededim.extensions.configuration.protected.dataprotectionapitest\bin\release\net462\fededim.extensions.configuration.protected.dataprotectionapitest.dll" id="97ac352b-e433-e531-3210-5b085419ca0a">
      <Execution id="4af89393-7713-4d09-89f9-c5b649d3b5bf" />
      <TestMethod codeBase="D:\a\Fededim.Extensions.Configuration.Protected\Fededim.Extensions.Configuration.Protected\Fededim.Extensions.Configuration.Protected.DataProtectionAPITest\bin\Release\net462\Fededim.Extensions.Configuration.Protected.DataProtectionAPITest.dll" adapterTypeName="executor://xunit/VsTestRunner2/net" className="Fededim.Extensions.Configuration.Protected.DataProtectionAPITest.DataProtectionAPIProtectProviderTest" name="RandomXmlFileTest" />
    </UnitTest>
    <UnitTest name="Fededim.Extensions.Configuration.Protected.DataProtectionAPITest.PassthroughProtectProviderTest.RandomCommandLineTest" storage="d:\a\fededim.extensions.configuration.protected\fededim.extensions.configuration.protected\fededim.extensions.configuration.protected.dataprotectionapitest\bin\release\net462\fededim.extensions.configuration.protected.dataprotectionapitest.dll" id="53bdc893-11b6-05bf-6c05-1776c77b4125">
      <Execution id="bc6985c6-1d79-4649-8ec5-4b3db936f9a1" />
      <TestMethod codeBase="D:\a\Fededim.Extensions.Configuration.Protected\Fededim.Extensions.Configuration.Protected\Fededim.Extensions.Configuration.Protected.DataProtectionAPITest\bin\Release\net462\Fededim.Extensions.Configuration.Protected.DataProtectionAPITest.dll" adapterTypeName="executor://xunit/VsTestRunner2/net" className="Fededim.Extensions.Configuration.Protected.DataProtectionAPITest.PassthroughProtectProviderTest" name="RandomCommandLineTest" />
    </UnitTest>
    <UnitTest name="Fededim.Extensions.Configuration.Protected.DataProtectionAPITest.PassthroughProtectProviderTest.RandomJsonFileTest(useJsonWithCommentFileProcessor: True)" storage="d:\a\fededim.extensions.configuration.protected\fededim.extensions.configuration.protected\fededim.extensions.configuration.protected.dataprotectionapitest\bin\release\net462\fededim.extensions.configuration.protected.dataprotectionapitest.dll" id="cf0e5a6f-eacf-e1e6-8610-cf6ad43d699c">
      <Execution id="0a942cc8-3c65-4c62-973a-36759f3cb16b" />
      <TestMethod codeBase="D:\a\Fededim.Extensions.Configuration.Protected\Fededim.Extensions.Configuration.Protected\Fededim.Extensions.Configuration.Protected.DataProtectionAPITest\bin\Release\net462\Fededim.Extensions.Configuration.Protected.DataProtectionAPITest.dll" adapterTypeName="executor://xunit/VsTestRunner2/net" className="Fededim.Extensions.Configuration.Protected.DataProtectionAPITest.PassthroughProtectProviderTest" name="RandomJsonFileTest" />
    </UnitTest>
    <UnitTest name="Fededim.Extensions.Configuration.Protected.DataProtectionAPITest.ReverseChainedPassthroughProtectProviderTest.RandomXmlFileTest" storage="d:\a\fededim.extensions.configuration.protected\fededim.extensions.configuration.protected\fededim.extensions.configuration.protected.dataprotectionapitest\bin\release\net462\fededim.extensions.configuration.protected.dataprotectionapitest.dll" id="dc307d4d-4502-7282-1f60-31615d2a0d24">
      <Execution id="966888f5-c0cf-4f70-9e68-05ac80cdbf81" />
      <TestMethod codeBase="D:\a\Fededim.Extensions.Configuration.Protected\Fededim.Extensions.Configuration.Protected\Fededim.Extensions.Configuration.Protected.DataProtectionAPITest\bin\Release\net462\Fededim.Extensions.Configuration.Protected.DataProtectionAPITest.dll" adapterTypeName="executor://xunit/VsTestRunner2/net" className="Fededim.Extensions.Configuration.Protected.DataProtectionAPITest.ReverseChainedPassthroughProtectProviderTest" name="RandomXmlFileTest" />
    </UnitTest>
    <UnitTest name="Fededim.Extensions.Configuration.Protected.DataProtectionAPITest.ReverseChainedDataProtectionAPIProtectProviderTest.RandomInMemoryDictionaryTest" storage="d:\a\fededim.extensions.configuration.protected\fededim.extensions.configuration.protected\fededim.extensions.configuration.protected.dataprotectionapitest\bin\release\net462\fededim.extensions.configuration.protected.dataprotectionapitest.dll" id="dbafd3c0-547c-f72c-7714-3310b3a28f6c">
      <Execution id="5e93290b-0e76-40d3-9230-0a6e3a19e8e7" />
      <TestMethod codeBase="D:\a\Fededim.Extensions.Configuration.Protected\Fededim.Extensions.Configuration.Protected\Fededim.Extensions.Configuration.Protected.DataProtectionAPITest\bin\Release\net462\Fededim.Extensions.Configuration.Protected.DataProtectionAPITest.dll" adapterTypeName="executor://xunit/VsTestRunner2/net" className="Fededim.Extensions.Configuration.Protected.DataProtectionAPITest.ReverseChainedDataProtectionAPIProtectProviderTest" name="RandomInMemoryDictionaryTest" />
    </UnitTest>
    <UnitTest name="Fededim.Extensions.Configuration.Protected.DataProtectionAPITest.PassthroughProtectProviderTest.RandomXmlFileTest" storage="d:\a\fededim.extensions.configuration.protected\fededim.extensions.configuration.protected\fededim.extensions.configuration.protected.dataprotectionapitest\bin\release\net462\fededim.extensions.configuration.protected.dataprotectionapitest.dll" id="17c2c8ae-a50b-08a0-7c03-1289a54a7d68">
      <Execution id="1d26ec2f-6f02-422b-9699-ab334d2c2b26" />
      <TestMethod codeBase="D:\a\Fededim.Extensions.Configuration.Protected\Fededim.Extensions.Configuration.Protected\Fededim.Extensions.Configuration.Protected.DataProtectionAPITest\bin\Release\net462\Fededim.Extensions.Configuration.Protected.DataProtectionAPITest.dll" adapterTypeName="executor://xunit/VsTestRunner2/net" className="Fededim.Extensions.Configuration.Protected.DataProtectionAPITest.PassthroughProtectProviderTest" name="RandomXmlFileTest" />
    </UnitTest>
    <UnitTest name="Fededim.Extensions.Configuration.Protected.DataProtectionAPITest.ReverseChainedPassthroughProtectProviderTest.RandomEnvironmentVariablesTest" storage="d:\a\fededim.extensions.configuration.protected\fededim.extensions.configuration.protected\fededim.extensions.configuration.protected.dataprotectionapitest\bin\release\net462\fededim.extensions.configuration.protected.dataprotectionapitest.dll" id="fd694cea-f6eb-8b2a-be1c-cfd9341efde5">
      <Execution id="2dc64f52-6bf7-4fb3-a81b-53cea990e834" />
      <TestMethod codeBase="D:\a\Fededim.Extensions.Configuration.Protected\Fededim.Extensions.Configuration.Protected\Fededim.Extensions.Configuration.Protected.DataProtectionAPITest\bin\Release\net462\Fededim.Extensions.Configuration.Protected.DataProtectionAPITest.dll" adapterTypeName="executor://xunit/VsTestRunner2/net" className="Fededim.Extensions.Configuration.Protected.DataProtectionAPITest.ReverseChainedPassthroughProtectProviderTest" name="RandomEnvironmentVariablesTest" />
    </UnitTest>
    <UnitTest name="Fededim.Extensions.Configuration.Protected.DataProtectionAPITest.DataProtectionAPIProtectProviderTest.RandomInMemoryDictionaryTest" storage="d:\a\fededim.extensions.configuration.protected\fededim.extensions.configuration.protected\fededim.extensions.configuration.protected.dataprotectionapitest\bin\release\net462\fededim.extensions.configuration.protected.dataprotectionapitest.dll" id="a5b4138a-877c-581b-780d-3494b3972f17">
      <Execution id="500712b8-5ae1-423d-ab83-2e804408c43d" />
      <TestMethod codeBase="D:\a\Fededim.Extensions.Configuration.Protected\Fededim.Extensions.Configuration.Protected\Fededim.Extensions.Configuration.Protected.DataProtectionAPITest\bin\Release\net462\Fededim.Extensions.Configuration.Protected.DataProtectionAPITest.dll" adapterTypeName="executor://xunit/VsTestRunner2/net" className="Fededim.Extensions.Configuration.Protected.DataProtectionAPITest.DataProtectionAPIProtectProviderTest" name="RandomInMemoryDictionaryTest" />
    </UnitTest>
    <UnitTest name="Fededim.Extensions.Configuration.Protected.DataProtectionAPITest.PassthroughProtectProviderTest.RandomEnvironmentVariablesTest" storage="d:\a\fededim.extensions.configuration.protected\fededim.extensions.configuration.protected\fededim.extensions.configuration.protected.dataprotectionapitest\bin\release\net462\fededim.extensions.configuration.protected.dataprotectionapitest.dll" id="b51079a5-ff93-277c-c6d0-2b0eb1149993">
      <Execution id="d641b787-71bf-40f6-9053-786ab2de0a12" />
      <TestMethod codeBase="D:\a\Fededim.Extensions.Configuration.Protected\Fededim.Extensions.Configuration.Protected\Fededim.Extensions.Configuration.Protected.DataProtectionAPITest\bin\Release\net462\Fededim.Extensions.Configuration.Protected.DataProtectionAPITest.dll" adapterTypeName="executor://xunit/VsTestRunner2/net" className="Fededim.Extensions.Configuration.Protected.DataProtectionAPITest.PassthroughProtectProviderTest" name="RandomEnvironmentVariablesTest" />
    </UnitTest>
    <UnitTest name="Fededim.Extensions.Configuration.Protected.DataProtectionAPITest.ReverseChainedPassthroughProtectProviderTest.RandomJsonFileTest(useJsonWithCommentFileProcessor: True)" storage="d:\a\fededim.extensions.configuration.protected\fededim.extensions.configuration.protected\fededim.extensions.configuration.protected.dataprotectionapitest\bin\release\net462\fededim.extensions.configuration.protected.dataprotectionapitest.dll" id="b5fa2e2b-5ba5-fac3-aba2-27926978692e">
      <Execution id="0042ea73-5ab0-405e-82f2-5015bd8632f4" />
      <TestMethod codeBase="D:\a\Fededim.Extensions.Configuration.Protected\Fededim.Extensions.Configuration.Protected\Fededim.Extensions.Configuration.Protected.DataProtectionAPITest\bin\Release\net462\Fededim.Extensions.Configuration.Protected.DataProtectionAPITest.dll" adapterTypeName="executor://xunit/VsTestRunner2/net" className="Fededim.Extensions.Configuration.Protected.DataProtectionAPITest.ReverseChainedPassthroughProtectProviderTest" name="RandomJsonFileTest" />
    </UnitTest>
    <UnitTest name="Fededim.Extensions.Configuration.Protected.DataProtectionAPITest.DataProtectionAPIProtectProviderTest.RandomEnvironmentVariablesTest" storage="d:\a\fededim.extensions.configuration.protected\fededim.extensions.configuration.protected\fededim.extensions.configuration.protected.dataprotectionapitest\bin\release\net462\fededim.extensions.configuration.protected.dataprotectionapitest.dll" id="f352b3e4-d8b2-0588-46bb-043afb7266c1">
      <Execution id="4d1fc77e-e675-440b-9048-7686457e3691" />
      <TestMethod codeBase="D:\a\Fededim.Extensions.Configuration.Protected\Fededim.Extensions.Configuration.Protected\Fededim.Extensions.Configuration.Protected.DataProtectionAPITest\bin\Release\net462\Fededim.Extensions.Configuration.Protected.DataProtectionAPITest.dll" adapterTypeName="executor://xunit/VsTestRunner2/net" className="Fededim.Extensions.Configuration.Protected.DataProtectionAPITest.DataProtectionAPIProtectProviderTest" name="RandomEnvironmentVariablesTest" />
    </UnitTest>
    <UnitTest name="Fededim.Extensions.Configuration.Protected.DataProtectionAPITest.ReverseChainedPassthroughProtectProviderTest.RandomCommandLineTest" storage="d:\a\fededim.extensions.configuration.protected\fededim.extensions.configuration.protected\fededim.extensions.configuration.protected.dataprotectionapitest\bin\release\net462\fededim.extensions.configuration.protected.dataprotectionapitest.dll" id="21abf860-ed3d-2e49-4a1e-a39daf2ff1b2">
      <Execution id="bcb048a7-41ab-4ff6-b649-e160124e1c71" />
      <TestMethod codeBase="D:\a\Fededim.Extensions.Configuration.Protected\Fededim.Extensions.Configuration.Protected\Fededim.Extensions.Configuration.Protected.DataProtectionAPITest\bin\Release\net462\Fededim.Extensions.Configuration.Protected.DataProtectionAPITest.dll" adapterTypeName="executor://xunit/VsTestRunner2/net" className="Fededim.Extensions.Configuration.Protected.DataProtectionAPITest.ReverseChainedPassthroughProtectProviderTest" name="RandomCommandLineTest" />
    </UnitTest>
    <UnitTest name="Fededim.Extensions.Configuration.Protected.DataProtectionAPITest.DataProtectionAPIProtectProviderTest.RandomJsonFileTest(useJsonWithCommentFileProcessor: True)" storage="d:\a\fededim.extensions.configuration.protected\fededim.extensions.configuration.protected\fededim.extensions.configuration.protected.dataprotectionapitest\bin\release\net462\fededim.extensions.configuration.protected.dataprotectionapitest.dll" id="f6916fa8-7335-1ac2-9bd9-068ab445ecb1">
      <Execution id="3d6c3d2e-e401-4832-a0c0-135af082de92" />
      <TestMethod codeBase="D:\a\Fededim.Extensions.Configuration.Protected\Fededim.Extensions.Configuration.Protected\Fededim.Extensions.Configuration.Protected.DataProtectionAPITest\bin\Release\net462\Fededim.Extensions.Configuration.Protected.DataProtectionAPITest.dll" adapterTypeName="executor://xunit/VsTestRunner2/net" className="Fededim.Extensions.Configuration.Protected.DataProtectionAPITest.DataProtectionAPIProtectProviderTest" name="RandomJsonFileTest" />
    </UnitTest>
    <UnitTest name="Fededim.Extensions.Configuration.Protected.DataProtectionAPITest.DataProtectionAPIProtectProviderTest.RandomCommandLineTest" storage="d:\a\fededim.extensions.configuration.protected\fededim.extensions.configuration.protected\fededim.extensions.configuration.protected.dataprotectionapitest\bin\release\net462\fededim.extensions.configuration.protected.dataprotectionapitest.dll" id="b9bf8ed7-522c-e76a-b80e-8d05fc5adc83">
      <Execution id="608723e9-a53c-4db5-a35a-5750e13c26ce" />
      <TestMethod codeBase="D:\a\Fededim.Extensions.Configuration.Protected\Fededim.Extensions.Configuration.Protected\Fededim.Extensions.Configuration.Protected.DataProtectionAPITest\bin\Release\net462\Fededim.Extensions.Configuration.Protected.DataProtectionAPITest.dll" adapterTypeName="executor://xunit/VsTestRunner2/net" className="Fededim.Extensions.Configuration.Protected.DataProtectionAPITest.DataProtectionAPIProtectProviderTest" name="RandomCommandLineTest" />
    </UnitTest>
    <UnitTest name="Fededim.Extensions.Configuration.Protected.DataProtectionAPITest.ReverseChainedDataProtectionAPIProtectProviderTest.RandomJsonFileTest(useJsonWithCommentFileProcessor: True)" storage="d:\a\fededim.extensions.configuration.protected\fededim.extensions.configuration.protected\fededim.extensions.configuration.protected.dataprotectionapitest\bin\release\net462\fededim.extensions.configuration.protected.dataprotectionapitest.dll" id="d2ec5ba7-d50b-7023-11ad-69c0b8299f4c">
      <Execution id="513d17ea-04be-4e9b-8079-bd834e706160" />
      <TestMethod codeBase="D:\a\Fededim.Extensions.Configuration.Protected\Fededim.Extensions.Configuration.Protected\Fededim.Extensions.Configuration.Protected.DataProtectionAPITest\bin\Release\net462\Fededim.Extensions.Configuration.Protected.DataProtectionAPITest.dll" adapterTypeName="executor://xunit/VsTestRunner2/net" className="Fededim.Extensions.Configuration.Protected.DataProtectionAPITest.ReverseChainedDataProtectionAPIProtectProviderTest" name="RandomJsonFileTest" />
    </UnitTest>
    <UnitTest name="Fededim.Extensions.Configuration.Protected.DataProtectionAPITest.PassthroughProtectProviderTest.RandomJsonFileTest(useJsonWithCommentFileProcessor: False)" storage="d:\a\fededim.extensions.configuration.protected\fededim.extensions.configuration.protected\fededim.extensions.configuration.protected.dataprotectionapitest\bin\release\net462\fededim.extensions.configuration.protected.dataprotectionapitest.dll" id="ade5454d-acc1-63ed-986a-ba08d0a9b3c4">
      <Execution id="2f913d55-7493-40ad-8e48-82d14399c195" />
      <TestMethod codeBase="D:\a\Fededim.Extensions.Configuration.Protected\Fededim.Extensions.Configuration.Protected\Fededim.Extensions.Configuration.Protected.DataProtectionAPITest\bin\Release\net462\Fededim.Extensions.Configuration.Protected.DataProtectionAPITest.dll" adapterTypeName="executor://xunit/VsTestRunner2/net" className="Fededim.Extensions.Configuration.Protected.DataProtectionAPITest.PassthroughProtectProviderTest" name="RandomJsonFileTest" />
    </UnitTest>
    <UnitTest name="Fededim.Extensions.Configuration.Protected.DataProtectionAPITest.ReverseChainedPassthroughProtectProviderTest.RandomJsonFileTest(useJsonWithCommentFileProcessor: False)" storage="d:\a\fededim.extensions.configuration.protected\fededim.extensions.configuration.protected\fededim.extensions.configuration.protected.dataprotectionapitest\bin\release\net462\fededim.extensions.configuration.protected.dataprotectionapitest.dll" id="b6fd352f-d0bb-6f9f-e8b5-484cb632db0b">
      <Execution id="993fc690-3c30-4bea-80f1-39f852475278" />
      <TestMethod codeBase="D:\a\Fededim.Extensions.Configuration.Protected\Fededim.Extensions.Configuration.Protected\Fededim.Extensions.Configuration.Protected.DataProtectionAPITest\bin\Release\net462\Fededim.Extensions.Configuration.Protected.DataProtectionAPITest.dll" adapterTypeName="executor://xunit/VsTestRunner2/net" className="Fededim.Extensions.Configuration.Protected.DataProtectionAPITest.ReverseChainedPassthroughProtectProviderTest" name="RandomJsonFileTest" />
    </UnitTest>
    <UnitTest name="Fededim.Extensions.Configuration.Protected.DataProtectionAPITest.DataProtectionAPIProtectProviderTest.RandomJsonFileTest(useJsonWithCommentFileProcessor: False)" storage="d:\a\fededim.extensions.configuration.protected\fededim.extensions.configuration.protected\fededim.extensions.configuration.protected.dataprotectionapitest\bin\release\net462\fededim.extensions.configuration.protected.dataprotectionapitest.dll" id="215bdca5-d044-0fe3-ab3a-2e4442ce76c5">
      <Execution id="fb4a27b4-7376-4db8-9ce3-507ad8c8c08e" />
      <TestMethod codeBase="D:\a\Fededim.Extensions.Configuration.Protected\Fededim.Extensions.Configuration.Protected\Fededim.Extensions.Configuration.Protected.DataProtectionAPITest\bin\Release\net462\Fededim.Extensions.Configuration.Protected.DataProtectionAPITest.dll" adapterTypeName="executor://xunit/VsTestRunner2/net" className="Fededim.Extensions.Configuration.Protected.DataProtectionAPITest.DataProtectionAPIProtectProviderTest" name="RandomJsonFileTest" />
    </UnitTest>
    <UnitTest name="Fededim.Extensions.Configuration.Protected.DataProtectionAPITest.ReverseChainedPassthroughProtectProviderTest.RandomInMemoryDictionaryTest" storage="d:\a\fededim.extensions.configuration.protected\fededim.extensions.configuration.protected\fededim.extensions.configuration.protected.dataprotectionapitest\bin\release\net462\fededim.extensions.configuration.protected.dataprotectionapitest.dll" id="c54c3964-5bef-c878-d4a0-6c44caf97732">
      <Execution id="1f74815b-b77b-4a6a-9fc9-a2306cdf0f58" />
      <TestMethod codeBase="D:\a\Fededim.Extensions.Configuration.Protected\Fededim.Extensions.Configuration.Protected\Fededim.Extensions.Configuration.Protected.DataProtectionAPITest\bin\Release\net462\Fededim.Extensions.Configuration.Protected.DataProtectionAPITest.dll" adapterTypeName="executor://xunit/VsTestRunner2/net" className="Fededim.Extensions.Configuration.Protected.DataProtectionAPITest.ReverseChainedPassthroughProtectProviderTest" name="RandomInMemoryDictionaryTest" />
    </UnitTest>
    <UnitTest name="Fededim.Extensions.Configuration.Protected.DataProtectionAPITest.ReverseChainedDataProtectionAPIProtectProviderTest.RandomJsonFileTest(useJsonWithCommentFileProcessor: False)" storage="d:\a\fededim.extensions.configuration.protected\fededim.extensions.configuration.protected\fededim.extensions.configuration.protected.dataprotectionapitest\bin\release\net462\fededim.extensions.configuration.protected.dataprotectionapitest.dll" id="83d9d3b3-01c1-e554-7b15-bf5199894c8f">
      <Execution id="4968e94b-498b-46ca-97b6-7f23ce57fc51" />
      <TestMethod codeBase="D:\a\Fededim.Extensions.Configuration.Protected\Fededim.Extensions.Configuration.Protected\Fededim.Extensions.Configuration.Protected.DataProtectionAPITest\bin\Release\net462\Fededim.Extensions.Configuration.Protected.DataProtectionAPITest.dll" adapterTypeName="executor://xunit/VsTestRunner2/net" className="Fededim.Extensions.Configuration.Protected.DataProtectionAPITest.ReverseChainedDataProtectionAPIProtectProviderTest" name="RandomJsonFileTest" />
    </UnitTest>
    <UnitTest name="Fededim.Extensions.Configuration.Protected.DataProtectionAPITest.ReverseChainedDataProtectionAPIProtectProviderTest.RandomEnvironmentVariablesTest" storage="d:\a\fededim.extensions.configuration.protected\fededim.extensions.configuration.protected\fededim.extensions.configuration.protected.dataprotectionapitest\bin\release\net462\fededim.extensions.configuration.protected.dataprotectionapitest.dll" id="f4974d5b-c288-bf3b-c0f6-abb4edc5d313">
      <Execution id="ce2834ec-686a-4914-992b-6c1cd51c5029" />
      <TestMethod codeBase="D:\a\Fededim.Extensions.Configuration.Protected\Fededim.Extensions.Configuration.Protected\Fededim.Extensions.Configuration.Protected.DataProtectionAPITest\bin\Release\net462\Fededim.Extensions.Configuration.Protected.DataProtectionAPITest.dll" adapterTypeName="executor://xunit/VsTestRunner2/net" className="Fededim.Extensions.Configuration.Protected.DataProtectionAPITest.ReverseChainedDataProtectionAPIProtectProviderTest" name="RandomEnvironmentVariablesTest" />
    </UnitTest>
    <UnitTest name="Fededim.Extensions.Configuration.Protected.DataProtectionAPITest.ReverseChainedDataProtectionAPIProtectProviderTest.RandomXmlFileTest" storage="d:\a\fededim.extensions.configuration.protected\fededim.extensions.configuration.protected\fededim.extensions.configuration.protected.dataprotectionapitest\bin\release\net462\fededim.extensions.configuration.protected.dataprotectionapitest.dll" id="efb735a9-3ad5-1771-1fbc-4b718376ccc7">
      <Execution id="c572cc97-79ae-4b8a-bb94-1188434246cb" />
      <TestMethod codeBase="D:\a\Fededim.Extensions.Configuration.Protected\Fededim.Extensions.Configuration.Protected\Fededim.Extensions.Configuration.Protected.DataProtectionAPITest\bin\Release\net462\Fededim.Extensions.Configuration.Protected.DataProtectionAPITest.dll" adapterTypeName="executor://xunit/VsTestRunner2/net" className="Fededim.Extensions.Configuration.Protected.DataProtectionAPITest.ReverseChainedDataProtectionAPIProtectProviderTest" name="RandomXmlFileTest" />
    </UnitTest>
    <UnitTest name="Fededim.Extensions.Configuration.Protected.DataProtectionAPITest.PassthroughProtectProviderTest.RandomInMemoryDictionaryTest" storage="d:\a\fededim.extensions.configuration.protected\fededim.extensions.configuration.protected\fededim.extensions.configuration.protected.dataprotectionapitest\bin\release\net462\fededim.extensions.configuration.protected.dataprotectionapitest.dll" id="20fa24cf-117e-2734-ecaa-01279073fded">
      <Execution id="1078080b-32d4-49b1-929c-017ebd0426e7" />
      <TestMethod codeBase="D:\a\Fededim.Extensions.Configuration.Protected\Fededim.Extensions.Configuration.Protected\Fededim.Extensions.Configuration.Protected.DataProtectionAPITest\bin\Release\net462\Fededim.Extensions.Configuration.Protected.DataProtectionAPITest.dll" adapterTypeName="executor://xunit/VsTestRunner2/net" className="Fededim.Extensions.Configuration.Protected.DataProtectionAPITest.PassthroughProtectProviderTest" name="RandomInMemoryDictionaryTest" />
    </UnitTest>
  </TestDefinitions>
  <TestEntries>
    <TestEntry testId="215bdca5-d044-0fe3-ab3a-2e4442ce76c5" executionId="fb4a27b4-7376-4db8-9ce3-507ad8c8c08e" testListId="8c84fa94-04c1-424b-9868-57a2d4851a1d" />
    <TestEntry testId="a5b4138a-877c-581b-780d-3494b3972f17" executionId="500712b8-5ae1-423d-ab83-2e804408c43d" testListId="8c84fa94-04c1-424b-9868-57a2d4851a1d" />
    <TestEntry testId="60df3619-3efb-dbb7-6212-6602ebf68f95" executionId="79a6fce7-c027-4e56-ad1c-a417c18cfae8" testListId="8c84fa94-04c1-424b-9868-57a2d4851a1d" />
    <TestEntry testId="53bdc893-11b6-05bf-6c05-1776c77b4125" executionId="bc6985c6-1d79-4649-8ec5-4b3db936f9a1" testListId="8c84fa94-04c1-424b-9868-57a2d4851a1d" />
    <TestEntry testId="b5fa2e2b-5ba5-fac3-aba2-27926978692e" executionId="0042ea73-5ab0-405e-82f2-5015bd8632f4" testListId="8c84fa94-04c1-424b-9868-57a2d4851a1d" />
    <TestEntry testId="dc307d4d-4502-7282-1f60-31615d2a0d24" executionId="966888f5-c0cf-4f70-9e68-05ac80cdbf81" testListId="8c84fa94-04c1-424b-9868-57a2d4851a1d" />
    <TestEntry testId="20fa24cf-117e-2734-ecaa-01279073fded" executionId="1078080b-32d4-49b1-929c-017ebd0426e7" testListId="8c84fa94-04c1-424b-9868-57a2d4851a1d" />
    <TestEntry testId="c54c3964-5bef-c878-d4a0-6c44caf97732" executionId="1f74815b-b77b-4a6a-9fc9-a2306cdf0f58" testListId="8c84fa94-04c1-424b-9868-57a2d4851a1d" />
    <TestEntry testId="efb735a9-3ad5-1771-1fbc-4b718376ccc7" executionId="c572cc97-79ae-4b8a-bb94-1188434246cb" testListId="8c84fa94-04c1-424b-9868-57a2d4851a1d" />
    <TestEntry testId="97ac352b-e433-e531-3210-5b085419ca0a" executionId="4af89393-7713-4d09-89f9-c5b649d3b5bf" testListId="8c84fa94-04c1-424b-9868-57a2d4851a1d" />
    <TestEntry testId="b6fd352f-d0bb-6f9f-e8b5-484cb632db0b" executionId="993fc690-3c30-4bea-80f1-39f852475278" testListId="8c84fa94-04c1-424b-9868-57a2d4851a1d" />
    <TestEntry testId="fd694cea-f6eb-8b2a-be1c-cfd9341efde5" executionId="2dc64f52-6bf7-4fb3-a81b-53cea990e834" testListId="8c84fa94-04c1-424b-9868-57a2d4851a1d" />
    <TestEntry testId="ade5454d-acc1-63ed-986a-ba08d0a9b3c4" executionId="2f913d55-7493-40ad-8e48-82d14399c195" testListId="8c84fa94-04c1-424b-9868-57a2d4851a1d" />
    <TestEntry testId="17c2c8ae-a50b-08a0-7c03-1289a54a7d68" executionId="1d26ec2f-6f02-422b-9699-ab334d2c2b26" testListId="8c84fa94-04c1-424b-9868-57a2d4851a1d" />
    <TestEntry testId="b9bf8ed7-522c-e76a-b80e-8d05fc5adc83" executionId="608723e9-a53c-4db5-a35a-5750e13c26ce" testListId="8c84fa94-04c1-424b-9868-57a2d4851a1d" />
    <TestEntry testId="83d9d3b3-01c1-e554-7b15-bf5199894c8f" executionId="4968e94b-498b-46ca-97b6-7f23ce57fc51" testListId="8c84fa94-04c1-424b-9868-57a2d4851a1d" />
    <TestEntry testId="f352b3e4-d8b2-0588-46bb-043afb7266c1" executionId="4d1fc77e-e675-440b-9048-7686457e3691" testListId="8c84fa94-04c1-424b-9868-57a2d4851a1d" />
    <TestEntry testId="f6916fa8-7335-1ac2-9bd9-068ab445ecb1" executionId="3d6c3d2e-e401-4832-a0c0-135af082de92" testListId="8c84fa94-04c1-424b-9868-57a2d4851a1d" />
    <TestEntry testId="dbafd3c0-547c-f72c-7714-3310b3a28f6c" executionId="5e93290b-0e76-40d3-9230-0a6e3a19e8e7" testListId="8c84fa94-04c1-424b-9868-57a2d4851a1d" />
    <TestEntry testId="d2ec5ba7-d50b-7023-11ad-69c0b8299f4c" executionId="513d17ea-04be-4e9b-8079-bd834e706160" testListId="8c84fa94-04c1-424b-9868-57a2d4851a1d" />
    <TestEntry testId="b51079a5-ff93-277c-c6d0-2b0eb1149993" executionId="d641b787-71bf-40f6-9053-786ab2de0a12" testListId="8c84fa94-04c1-424b-9868-57a2d4851a1d" />
    <TestEntry testId="f4974d5b-c288-bf3b-c0f6-abb4edc5d313" executionId="ce2834ec-686a-4914-992b-6c1cd51c5029" testListId="8c84fa94-04c1-424b-9868-57a2d4851a1d" />
    <TestEntry testId="cf0e5a6f-eacf-e1e6-8610-cf6ad43d699c" executionId="0a942cc8-3c65-4c62-973a-36759f3cb16b" testListId="8c84fa94-04c1-424b-9868-57a2d4851a1d" />
    <TestEntry testId="21abf860-ed3d-2e49-4a1e-a39daf2ff1b2" executionId="bcb048a7-41ab-4ff6-b649-e160124e1c71" testListId="8c84fa94-04c1-424b-9868-57a2d4851a1d" />
  </TestEntries>
  <TestLists>
    <TestList name="Results Not in a List" id="8c84fa94-04c1-424b-9868-57a2d4851a1d" />
    <TestList name="All Loaded Results" id="19431567-8539-422a-85d7-44ee4e166bda" />
  </TestLists>
  <ResultSummary outcome="Completed">
    <Counters total="24" executed="24" passed="24" failed="0" error="0" timeout="0" aborted="0" inconclusive="0" passedButRunAborted="0" notRunnable="0" notExecuted="0" disconnected="0" warning="0" completed="0" inProgress="0" pending="0" />
    <Output>
      <StdOut>[xUnit.net 00:00:00.05] xUnit.net VSTest Adapter v2.8.2+699d445a1a (64-bit .NET Framework 4.8.9315.0)&#xD;
[xUnit.net 00:00:01.37]   Discovering: Fededim.Extensions.Configuration.Protected.DataProtectionAPITest&#xD;
[xUnit.net 00:00:01.49]   Discovered:  Fededim.Extensions.Configuration.Protected.DataProtectionAPITest&#xD;
[xUnit.net 00:00:01.50]   Starting:    Fededim.Extensions.Configuration.Protected.DataProtectionAPITest&#xD;
[xUnit.net 00:02:16.25]   Finished:    Fededim.Extensions.Configuration.Protected.DataProtectionAPITest&#xD;
</StdOut>
    </Output>
  </ResultSummary>
</TestRun>