<?xml version="1.0" encoding="utf-8"?>
<TestRun id="1d84562f-1d4e-41d1-babd-d2f73c561584" name="runneradmin@runnervmvmocb 2026-09-18 01:00:03" runUser="runnervmvmocb\runneradmin" xmlns="http://microsoft.com/schemas/VisualStudio/TeamTest/2010">
  <Times creation="2026-09-18T01:00:03.0765325+00:00" queuing="2026-09-18T01:00:03.0765329+00:00" start="2026-09-18T00:59:55.1549107+00:00" finish="2026-09-18T01:01:20.7370061+00:00" />
  <TestSettings name="default" id="def804e5-1a9d-46ab-80b0-2a85e012c412">
    <Deployment runDeploymentRoot="runneradmin_runnervmvmocb_2026-09-18_01_00_03" />
  </TestSettings>
  <Results>
    <UnitTestResult executionId="f6e6bcae-bb81-4db7-9d4b-24769945e21b" testId="76a3f103-314f-1ebd-bd22-53871a79c3fa" testName="Fededim.Extensions.Configuration.Protected.DataProtectionAPITest.ReverseChainedDataProtectionAPIProtectProviderTest.RandomJsonFileTest(useJsonWithCommentFileProcessor: True)" computerName="runnervmvmocb" duration="00:00:30.9343209" startTime="2026-09-18T01:00:27.0957803+00:00" endTime="2026-09-18T01:00:27.0957806+00:00" testType="13cdc9d9-ddb5-4fa4-a97d-d965ccfc6d4b" outcome="Passed" testListId="8c84fa94-04c1-424b-9868-57a2d4851a1d" relativeResultsDirectory="f6e6bcae-bb81-4db7-9d4b-24769945e21b">
      <Output>
        <StdOut>9/18/2026 12:59:56 AM: Generating a random JSON file with 100000 keys, autogenerated strings max length 20 and autogenerated array max length 10...&#xD;
9/18/2026 12:59:58 AM: File location file://D:/a/Fededim.Extensions.Configuration.Protected/Fededim.Extensions.Configuration.Protected/Fededim.Extensions.Configuration.Protected.DataProtectionAPITest/bin/Release/net10.0/random_55da6071-68c2-4d37-81ab-2947c004045d.json&#xD;
9/18/2026 12:59:58 AM: Generated random JSON file (NumEntries 100000 NumValues 249618 size 59557 KB) duration 2709ms &#xD;
9/18/2026 1:00:09 AM: Encrypted random JSON file (NumEntries 100000 NumValues 249618 size 85591 KB) duration 00:00:10.2349438 &#xD;
9/18/2026 1:00:11 AM: Checked that all random JSON file is encrypted duration 2339ms &#xD;
9/18/2026 1:00:25 AM: Loaded and decrypted random JSON file with ProtectedConfigurationBuilder duration 00:00:14.3836761 &#xD;
9/18/2026 1:00:27 AM: Checked that 249618 entries are equal duration 1134ms</StdOut>
      </Output>
    </UnitTestResult>
    <UnitTestResult executionId="66dfdebf-b0e2-4dc7-95da-27c7d70e42fe" testId="94ea7642-4083-0632-dcd9-b9fdbebb7fc1" testName="Fededim.Extensions.Configuration.Protected.DataProtectionAPITest.PassthroughProtectProviderTest.RandomJsonFileTest(useJsonWithCommentFileProcessor: True)" computerName="runnervmvmocb" duration="00:00:13.4674997" startTime="2026-09-18T01:00:52.2131136+00:00" endTime="2026-09-18T01:00:52.2131138+00:00" testType="13cdc9d9-ddb5-4fa4-a97d-d965ccfc6d4b" outcome="Passed" testListId="8c84fa94-04c1-424b-9868-57a2d4851a1d" relativeResultsDirectory="66dfdebf-b0e2-4dc7-95da-27c7d70e42fe">
      <Output>
        <StdOut>9/18/2026 1:00:38 AM: Generating a random JSON file with 100000 keys, autogenerated strings max length 20 and autogenerated array max length 10...&#xD;
9/18/2026 1:00:40 AM: File location file://D:/a/Fededim.Extensions.Configuration.Protected/Fededim.Extensions.Configuration.Protected/Fededim.Extensions.Configuration.Protected.DataProtectionAPITest/bin/Release/net10.0/random_3c7e36e3-b9e6-45c1-96a4-2d06f77f4c4e.json&#xD;
9/18/2026 1:00:40 AM: Generated random JSON file (NumEntries 100000 NumValues 248477 size 57356 KB) duration 1875ms &#xD;
9/18/2026 1:00:43 AM: Encrypted random JSON file (NumEntries 100000 NumValues 248477 size 57738 KB) duration 3066ms &#xD;
9/18/2026 1:00:44 AM: Checked that all random JSON file is encrypted duration 641ms &#xD;
9/18/2026 1:00:51 AM: Loaded and decrypted random JSON file with ProtectedConfigurationBuilder duration 7403ms &#xD;
9/18/2026 1:00:52 AM: Checked that 248477 entries are equal duration 479ms</StdOut>
      </Output>
    </UnitTestResult>
    <UnitTestResult executionId="0ca23404-51ed-473e-8a27-7e70e6d7c481" testId="7854059b-30d2-55e5-a014-8ef220beca26" testName="Fededim.Extensions.Configuration.Protected.DataProtectionAPITest.ReverseChainedDataProtectionAPIProtectProviderTest.RandomJsonFileTest(useJsonWithCommentFileProcessor: False)" computerName="runnervmvmocb" duration="00:00:24.8042797" startTime="2026-09-18T01:00:51.8853682+00:00" endTime="2026-09-18T01:00:51.8853684+00:00" testType="13cdc9d9-ddb5-4fa4-a97d-d965ccfc6d4b" outcome="Passed" testListId="8c84fa94-04c1-424b-9868-57a2d4851a1d" relativeResultsDirectory="0ca23404-51ed-473e-8a27-7e70e6d7c481">
      <Output>
        <StdOut>9/18/2026 1:00:27 AM: Generating a random JSON file with 100000 keys, autogenerated strings max length 20 and autogenerated array max length 10...&#xD;
9/18/2026 1:00:29 AM: File location file://D:/a/Fededim.Extensions.Configuration.Protected/Fededim.Extensions.Configuration.Protected/Fededim.Extensions.Configuration.Protected.DataProtectionAPITest/bin/Release/net10.0/random_099b2ed7-ea8f-464b-a678-8ce278ced4e3.json&#xD;
9/18/2026 1:00:29 AM: Generated random JSON file (NumEntries 100000 NumValues 251088 size 60585 KB) duration 2404ms &#xD;
9/18/2026 1:00:36 AM: Encrypted random JSON file (NumEntries 100000 NumValues 251088 size 86779 KB) duration 6520ms &#xD;
9/18/2026 1:00:37 AM: Checked that all random JSON file is encrypted duration 1261ms &#xD;
9/18/2026 1:00:51 AM: Loaded and decrypted random JSON file with ProtectedConfigurationBuilder duration 00:00:14.2500742 &#xD;
9/18/2026 1:00:51 AM: Checked that 251088 entries are equal duration 365ms</StdOut>
      </Output>
    </UnitTestResult>
    <UnitTestResult executionId="a754aba6-0dc2-4e74-8092-b445854409bc" testId="f63be0dc-1fac-0d73-eab5-ec6ea7cf7b08" testName="Fededim.Extensions.Configuration.Protected.DataProtectionAPITest.DataProtectionAPIProtectProviderTest.RandomCommandLineTest" computerName="runnervmvmocb" duration="00:00:03.0197680" startTime="2026-09-18T01:01:17.6135098+00:00" endTime="2026-09-18T01:01:17.6135101+00:00" testType="13cdc9d9-ddb5-4fa4-a97d-d965ccfc6d4b" outcome="Passed" testListId="8c84fa94-04c1-424b-9868-57a2d4851a1d" relativeResultsDirectory="a754aba6-0dc2-4e74-8092-b445854409bc">
      <Output>
        <StdOut>9/18/2026 1:01:14 AM: Generating a random command line arguments with 100000 keys, autogenerated strings max length 20 and autogenerated array max length 10...&#xD;
9/18/2026 1:01:14 AM: Starting test...&#xD;
9/18/2026 1:01:14 AM: Generated random comand line args (NumEntries 100000 NumValues 249905) duration 166ms &#xD;
9/18/2026 1:01:15 AM: Encrypted random comand line args duration 1063ms &#xD;
9/18/2026 1:01:15 AM: Checked that all random comand line args are encrypted duration 31ms &#xD;
9/18/2026 1:01:17 AM: Loaded and decrypted random comand line args with ProtectedConfigurationBuilder duration 1681ms &#xD;
9/18/2026 1:01:17 AM: Checked that 100000 entries are equal duration 42ms</StdOut>
      </Output>
    </UnitTestResult>
    <UnitTestResult executionId="6fa3c364-bd53-4b5d-b306-844b1fc28b1b" testId="623fedfb-c200-d700-a583-c0520c9fd7be" testName="Fededim.Extensions.Configuration.Protected.DataProtectionAPITest.PassthroughProtectProviderTest.RandomInMemoryDictionaryTest" computerName="runnervmvmocb" duration="00:00:01.4011489" startTime="2026-09-18T01:00:26.0071675+00:00" endTime="2026-09-18T01:00:26.0071678+00:00" testType="13cdc9d9-ddb5-4fa4-a97d-d965ccfc6d4b" outcome="Passed" testListId="8c84fa94-04c1-424b-9868-57a2d4851a1d" relativeResultsDirectory="6fa3c364-bd53-4b5d-b306-844b1fc28b1b">
      <Output>
        <StdOut>9/18/2026 1:00:24 AM: Generating a random in-memory dictionary with 100000 keys, autogenerated strings max length 20 and autogenerated array max length 10...&#xD;
9/18/2026 1:00:24 AM: Starting test...&#xD;
9/18/2026 1:00:24 AM: Generated random in-memory dictionary (NumEntries 100000 NumValues 250026) duration 287ms &#xD;
9/18/2026 1:00:25 AM: Encrypted random in-memory dictionary duration 506ms &#xD;
9/18/2026 1:00:25 AM: Checked that all random in-memory dictionary is encrypted duration 33ms &#xD;
9/18/2026 1:00:25 AM: Loaded and decrypted random in-memory dictionary with ProtectedConfigurationBuilder duration 535ms &#xD;
9/18/2026 1:00:26 AM: Checked that 100000 entries are equal duration 38ms</StdOut>
      </Output>
    </UnitTestResult>
    <UnitTestResult executionId="762cc113-1a20-442d-8caf-cb957553279b" testId="647b6c5b-225b-1ca2-d2e0-e37df89ba286" testName="Fededim.Extensions.Configuration.Protected.DataProtectionAPITest.ReverseChainedDataProtectionAPIProtectProviderTest.RandomCommandLineTest" computerName="runnervmvmocb" duration="00:00:02.7679242" startTime="2026-09-18T01:01:18.0830012+00:00" endTime="2026-09-18T01:01:18.0830015+00:00" testType="13cdc9d9-ddb5-4fa4-a97d-d965ccfc6d4b" outcome="Passed" testListId="8c84fa94-04c1-424b-9868-57a2d4851a1d" relativeResultsDirectory="762cc113-1a20-442d-8caf-cb957553279b">
      <Output>
        <StdOut>9/18/2026 1:01:15 AM: Generating a random command line arguments with 100000 keys, autogenerated strings max length 20 and autogenerated array max length 10...&#xD;
9/18/2026 1:01:15 AM: Starting test...&#xD;
9/18/2026 1:01:15 AM: Generated random comand line args (NumEntries 100000 NumValues 249559) duration 171ms &#xD;
9/18/2026 1:01:16 AM: Encrypted random comand line args duration 1084ms &#xD;
9/18/2026 1:01:16 AM: Checked that all random comand line args are encrypted duration 29ms &#xD;
9/18/2026 1:01:18 AM: Loaded and decrypted random comand line args with ProtectedConfigurationBuilder duration 1447ms &#xD;
9/18/2026 1:01:18 AM: Checked that 100000 entries are equal duration 34ms</StdOut>
      </Output>
    </UnitTestResult>
    <UnitTestResult executionId="f4f6e58a-7684-41d9-8237-2f2664a2a5b5" testId="f4b49037-2be4-650f-fa20-2558b4f38cf7" testName="Fededim.Extensions.Configuration.Protected.DataProtectionAPITest.ReverseChainedPassthroughProtectProviderTest.RandomEnvironmentVariablesTest" computerName="runnervmvmocb" duration="00:00:04.7141546" startTime="2026-09-18T01:00:58.8663148+00:00" endTime="2026-09-18T01:00:58.8663153+00:00" testType="13cdc9d9-ddb5-4fa4-a97d-d965ccfc6d4b" outcome="Passed" testListId="8c84fa94-04c1-424b-9868-57a2d4851a1d" relativeResultsDirectory="f4f6e58a-7684-41d9-8237-2f2664a2a5b5">
      <Output>
        <StdOut>9/18/2026 1:00:54 AM: Generating a random environment variables 100000 keys, autogenerated strings max length 20 and autogenerated array max length 10...&#xD;
9/18/2026 1:00:57 AM: Starting test...&#xD;
9/18/2026 1:00:57 AM: Generated random environment variables (NumEntries 2000 NumValues 5048 TID 13, note that Windows has a maximum size of 32KB for all environment variables, so not all 100000 keys could be created) duration 3095ms &#xD;
9/18/2026 1:00:58 AM: Encrypted random environment variables duration 954ms &#xD;
9/18/2026 1:00:58 AM: Checked that all random environment variables are encrypted duration 40ms &#xD;
9/18/2026 1:00:58 AM: Loaded and decrypted random environment variables with ProtectedConfigurationBuilder duration 67ms &#xD;
9/18/2026 1:00:58 AM: Checked that 1604 entries are equal duration 0ms</StdOut>
      </Output>
    </UnitTestResult>
    <UnitTestResult executionId="3f66d58c-16bc-46aa-bbf8-f5525d114b02" testId="babc18e0-52be-6076-7768-76d0c302f279" testName="Fededim.Extensions.Configuration.Protected.DataProtectionAPITest.PassthroughProtectProviderTest.RandomJsonFileTest(useJsonWithCommentFileProcessor: False)" computerName="runnervmvmocb" duration="00:00:12.7380015" startTime="2026-09-18T01:00:38.7454074+00:00" endTime="2026-09-18T01:00:38.7454076+00:00" testType="13cdc9d9-ddb5-4fa4-a97d-d965ccfc6d4b" outcome="Passed" testListId="8c84fa94-04c1-424b-9868-57a2d4851a1d" relativeResultsDirectory="3f66d58c-16bc-46aa-bbf8-f5525d114b02">
      <Output>
        <StdOut>9/18/2026 1:00:26 AM: Generating a random JSON file with 100000 keys, autogenerated strings max length 20 and autogenerated array max length 10...&#xD;
9/18/2026 1:00:27 AM: File location file://D:/a/Fededim.Extensions.Configuration.Protected/Fededim.Extensions.Configuration.Protected/Fededim.Extensions.Configuration.Protected.DataProtectionAPITest/bin/Release/net10.0/random_03309369-fbad-49fd-a29d-259e684000bc.json&#xD;
9/18/2026 1:00:27 AM: Generated random JSON file (NumEntries 100000 NumValues 249415 size 58549 KB) duration 1244ms &#xD;
9/18/2026 1:00:31 AM: Encrypted random JSON file (NumEntries 100000 NumValues 249415 size 58933 KB) duration 4358ms &#xD;
9/18/2026 1:00:32 AM: Checked that all random JSON file is encrypted duration 648ms &#xD;
9/18/2026 1:00:38 AM: Loaded and decrypted random JSON file with ProtectedConfigurationBuilder duration 5785ms &#xD;
9/18/2026 1:00:38 AM: Checked that 249415 entries are equal duration 700ms</StdOut>
      </Output>
    </UnitTestResult>
    <UnitTestResult executionId="0b5b2525-cdad-4b0b-a225-e8b4378fe9dd" testId="4ea3de90-a59d-3955-9940-560839244413" testName="Fededim.Extensions.Configuration.Protected.DataProtectionAPITest.DataProtectionAPIProtectProviderTest.RandomJsonFileTest(useJsonWithCommentFileProcessor: False)" computerName="runnervmvmocb" duration="00:00:22.2217747" startTime="2026-09-18T01:00:55.4317727+00:00" endTime="2026-09-18T01:00:55.4317729+00:00" testType="13cdc9d9-ddb5-4fa4-a97d-d965ccfc6d4b" outcome="Passed" testListId="8c84fa94-04c1-424b-9868-57a2d4851a1d" relativeResultsDirectory="0b5b2525-cdad-4b0b-a225-e8b4378fe9dd">
      <Output>
        <StdOut>9/18/2026 1:00:33 AM: Generating a random JSON file with 100000 keys, autogenerated strings max length 20 and autogenerated array max length 10...&#xD;
9/18/2026 1:00:34 AM: File location file://D:/a/Fededim.Extensions.Configuration.Protected/Fededim.Extensions.Configuration.Protected/Fededim.Extensions.Configuration.Protected.DataProtectionAPITest/bin/Release/net10.0/random_e1a65e68-b501-41b2-aeac-0e1ba48022a5.json&#xD;
9/18/2026 1:00:34 AM: Generated random JSON file (NumEntries 100000 NumValues 250144 size 55756 KB) duration 1597ms &#xD;
9/18/2026 1:00:42 AM: Encrypted random JSON file (NumEntries 100000 NumValues 250144 size 81860 KB) duration 7864ms &#xD;
9/18/2026 1:00:43 AM: Checked that all random JSON file is encrypted duration 886ms &#xD;
9/18/2026 1:00:55 AM: Loaded and decrypted random JSON file with ProtectedConfigurationBuilder duration 00:00:11.4501108 &#xD;
9/18/2026 1:00:55 AM: Checked that 250144 entries are equal duration 421ms</StdOut>
      </Output>
    </UnitTestResult>
    <UnitTestResult executionId="0ebb8e22-8039-4cd7-a686-191c23652160" testId="bc65d678-ea47-f040-ebfc-ebf2c2e9a1f0" testName="Fededim.Extensions.Configuration.Protected.DataProtectionAPITest.PassthroughProtectProviderTest.RandomXmlFileTest" computerName="runnervmvmocb" duration="00:00:26.9054323" startTime="2026-09-18T01:00:23.0571128+00:00" endTime="2026-09-18T01:00:23.0571131+00:00" testType="13cdc9d9-ddb5-4fa4-a97d-d965ccfc6d4b" outcome="Passed" testListId="8c84fa94-04c1-424b-9868-57a2d4851a1d" relativeResultsDirectory="0ebb8e22-8039-4cd7-a686-191c23652160">
      <Output>
        <StdOut>9/18/2026 12:59:56 AM: Generating a random XML file with 100000 keys, autogenerated strings max length 20 and autogenerated array max length 10...&#xD;
9/18/2026 1:00:02 AM: File location file://D:/a/Fededim.Extensions.Configuration.Protected/Fededim.Extensions.Configuration.Protected/Fededim.Extensions.Configuration.Protected.DataProtectionAPITest/bin/Release/net10.0/random_ea6ac723-8df3-4595-938d-a86837d8ae88.xml&#xD;
9/18/2026 1:00:02 AM: Generated random XML file (NumEntries 100000 NumValues 249680 size 62122 KB) duration 6154ms &#xD;
9/18/2026 1:00:11 AM: Encrypted random XML file (NumEntries 100000 NumValues 249680 size 62512 KB) duration 9452ms &#xD;
9/18/2026 1:00:13 AM: Checked that all random XML file is encrypted duration 1885ms &#xD;
9/18/2026 1:00:22 AM: Loaded and decrypted random XML file with ProtectedConfigurationBuilder duration 8489ms &#xD;
9/18/2026 1:00:23 AM: Checked that 202191 entries are equal duration 795ms</StdOut>
      </Output>
    </UnitTestResult>
    <UnitTestResult executionId="da2a5565-50cb-4daa-8622-6b697b0cd4ff" testId="5bf2f350-f23f-f114-d6dd-98a507e43569" testName="Fededim.Extensions.Configuration.Protected.DataProtectionAPITest.ReverseChainedDataProtectionAPIProtectProviderTest.RandomXmlFileTest" computerName="runnervmvmocb" duration="00:00:20.9184764" startTime="2026-09-18T01:01:12.8042573+00:00" endTime="2026-09-18T01:01:12.8042576+00:00" testType="13cdc9d9-ddb5-4fa4-a97d-d965ccfc6d4b" outcome="Passed" testListId="8c84fa94-04c1-424b-9868-57a2d4851a1d" relativeResultsDirectory="da2a5565-50cb-4daa-8622-6b697b0cd4ff">
      <Output>
        <StdOut>9/18/2026 1:00:51 AM: Generating a random XML file with 100000 keys, autogenerated strings max length 20 and autogenerated array max length 10...&#xD;
9/18/2026 1:00:54 AM: File location file://D:/a/Fededim.Extensions.Configuration.Protected/Fededim.Extensions.Configuration.Protected/Fededim.Extensions.Configuration.Protected.DataProtectionAPITest/bin/Release/net10.0/random_6070d277-2915-4fe9-addc-88db2cc1851c.xml&#xD;
9/18/2026 1:00:54 AM: Generated random XML file (NumEntries 100000 NumValues 249292 size 64989 KB) duration 2422ms &#xD;
9/18/2026 1:01:00 AM: Encrypted random XML file (NumEntries 100000 NumValues 249292 size 91230 KB) duration 6491ms &#xD;
9/18/2026 1:01:01 AM: Checked that all random XML file is encrypted duration 1197ms &#xD;
9/18/2026 1:01:12 AM: Loaded and decrypted random XML file with ProtectedConfigurationBuilder duration 00:00:10.5402220 &#xD;
9/18/2026 1:01:12 AM: Checked that 201314 entries are equal duration 266ms</StdOut>
      </Output>
    </UnitTestResult>
    <UnitTestResult executionId="f297d44b-9879-4c6e-8bf5-bdf7238d2007" testId="53290695-3624-0469-7860-2a707aa4d5f4" testName="Fededim.Extensions.Configuration.Protected.DataProtectionAPITest.ReverseChainedPassthroughProtectProviderTest.RandomCommandLineTest" computerName="runnervmvmocb" duration="00:00:03.3388942" startTime="2026-09-18T01:00:06.3816853+00:00" endTime="2026-09-18T01:00:06.3816856+00:00" testType="13cdc9d9-ddb5-4fa4-a97d-d965ccfc6d4b" outcome="Passed" testListId="8c84fa94-04c1-424b-9868-57a2d4851a1d" relativeResultsDirectory="f297d44b-9879-4c6e-8bf5-bdf7238d2007">
      <Output>
        <StdOut>9/18/2026 1:00:03 AM: Generating a random command line arguments with 100000 keys, autogenerated strings max length 20 and autogenerated array max length 10...&#xD;
9/18/2026 1:00:03 AM: Starting test...&#xD;
9/18/2026 1:00:03 AM: Generated random comand line args (NumEntries 100000 NumValues 250384) duration 311ms &#xD;
9/18/2026 1:00:04 AM: Encrypted random comand line args duration 1640ms &#xD;
9/18/2026 1:00:05 AM: Checked that all random comand line args are encrypted duration 152ms &#xD;
9/18/2026 1:00:06 AM: Loaded and decrypted random comand line args with ProtectedConfigurationBuilder duration 1158ms &#xD;
9/18/2026 1:00:06 AM: Checked that 100000 entries are equal duration 73ms</StdOut>
      </Output>
    </UnitTestResult>
    <UnitTestResult executionId="13f2f3e1-414a-4def-a30c-209640d083ea" testId="266c91ed-f749-9cf5-bf8c-4a55ef2a37c7" testName="Fededim.Extensions.Configuration.Protected.DataProtectionAPITest.PassthroughProtectProviderTest.RandomCommandLineTest" computerName="runnervmvmocb" duration="00:00:01.5485256" startTime="2026-09-18T01:00:24.6158437+00:00" endTime="2026-09-18T01:00:24.6158440+00:00" testType="13cdc9d9-ddb5-4fa4-a97d-d965ccfc6d4b" outcome="Passed" testListId="8c84fa94-04c1-424b-9868-57a2d4851a1d" relativeResultsDirectory="13f2f3e1-414a-4def-a30c-209640d083ea">
      <Output>
        <StdOut>9/18/2026 1:00:23 AM: Generating a random command line arguments with 100000 keys, autogenerated strings max length 20 and autogenerated array max length 10...&#xD;
9/18/2026 1:00:23 AM: Starting test...&#xD;
9/18/2026 1:00:23 AM: Generated random comand line args (NumEntries 100000 NumValues 249770) duration 193ms &#xD;
9/18/2026 1:00:23 AM: Encrypted random comand line args duration 632ms &#xD;
9/18/2026 1:00:23 AM: Checked that all random comand line args are encrypted duration 37ms &#xD;
9/18/2026 1:00:24 AM: Loaded and decrypted random comand line args with ProtectedConfigurationBuilder duration 621ms &#xD;
9/18/2026 1:00:24 AM: Checked that 100000 entries are equal duration 62ms</StdOut>
      </Output>
    </UnitTestResult>
    <UnitTestResult executionId="9ab66a2c-88e0-4455-809b-b4c2f469ad49" testId="f10bb888-60df-1256-7dc3-3ea5b2020598" testName="Fededim.Extensions.Configuration.Protected.DataProtectionAPITest.PassthroughProtectProviderTest.RandomEnvironmentVariablesTest" computerName="runnervmvmocb" duration="00:00:04.1777205" startTime="2026-09-18T01:00:56.3911012+00:00" endTime="2026-09-18T01:00:56.3911014+00:00" testType="13cdc9d9-ddb5-4fa4-a97d-d965ccfc6d4b" outcome="Passed" testListId="8c84fa94-04c1-424b-9868-57a2d4851a1d" relativeResultsDirectory="9ab66a2c-88e0-4455-809b-b4c2f469ad49">
      <Output>
        <StdOut>9/18/2026 1:00:52 AM: Generating a random environment variables 100000 keys, autogenerated strings max length 20 and autogenerated array max length 10...&#xD;
9/18/2026 1:00:53 AM: Starting test...&#xD;
9/18/2026 1:00:53 AM: Generated random environment variables (NumEntries 2000 NumValues 5051 TID 7, note that Windows has a maximum size of 32KB for all environment variables, so not all 100000 keys could be created) duration 1119ms &#xD;
9/18/2026 1:00:54 AM: Encrypted random environment variables duration 1526ms &#xD;
9/18/2026 1:00:54 AM: Checked that all random environment variables are encrypted duration 4ms &#xD;
9/18/2026 1:00:54 AM: Loaded and decrypted random environment variables with ProtectedConfigurationBuilder duration 9ms &#xD;
9/18/2026 1:00:54 AM: Checked that 1611 entries are equal duration 0ms</StdOut>
      </Output>
    </UnitTestResult>
    <UnitTestResult executionId="1647472d-7563-4dcc-8739-1e01117ec2d3" testId="cab792d5-caf7-94cb-7dd5-8cd2bf26d466" testName="Fededim.Extensions.Configuration.Protected.DataProtectionAPITest.DataProtectionAPIProtectProviderTest.RandomXmlFileTest" computerName="runnervmvmocb" duration="00:00:19.1614125" startTime="2026-09-18T01:01:14.5935363+00:00" endTime="2026-09-18T01:01:14.5935365+00:00" testType="13cdc9d9-ddb5-4fa4-a97d-d965ccfc6d4b" outcome="Passed" testListId="8c84fa94-04c1-424b-9868-57a2d4851a1d" relativeResultsDirectory="1647472d-7563-4dcc-8739-1e01117ec2d3">
      <Output>
        <StdOut>9/18/2026 1:00:55 AM: Generating a random XML file with 100000 keys, autogenerated strings max length 20 and autogenerated array max length 10...&#xD;
9/18/2026 1:00:57 AM: File location file://D:/a/Fededim.Extensions.Configuration.Protected/Fededim.Extensions.Configuration.Protected/Fededim.Extensions.Configuration.Protected.DataProtectionAPITest/bin/Release/net10.0/random_4c2626e3-9ed0-4310-861b-14f77919a5b0.xml&#xD;
9/18/2026 1:00:57 AM: Generated random XML file (NumEntries 100000 NumValues 250565 size 56648 KB) duration 2285ms &#xD;
9/18/2026 1:01:04 AM: Encrypted random XML file (NumEntries 100000 NumValues 250565 size 83033 KB) duration 6887ms &#xD;
9/18/2026 1:01:06 AM: Checked that all random XML file is encrypted duration 1651ms &#xD;
9/18/2026 1:01:14 AM: Loaded and decrypted random XML file with ProtectedConfigurationBuilder duration 8109ms &#xD;
9/18/2026 1:01:14 AM: Checked that 202400 entries are equal duration 224ms</StdOut>
      </Output>
    </UnitTestResult>
    <UnitTestResult executionId="747e398b-a360-4a78-a813-c150bc73890e" testId="331a13af-5866-8d6a-671d-a2abfea42096" testName="Fededim.Extensions.Configuration.Protected.DataProtectionAPITest.DataProtectionAPIProtectProviderTest.RandomEnvironmentVariablesTest" computerName="runnervmvmocb" duration="00:00:04.2776116" startTime="2026-09-18T01:00:08.5919828+00:00" endTime="2026-09-18T01:00:08.5919831+00:00" testType="13cdc9d9-ddb5-4fa4-a97d-d965ccfc6d4b" outcome="Passed" testListId="8c84fa94-04c1-424b-9868-57a2d4851a1d" relativeResultsDirectory="747e398b-a360-4a78-a813-c150bc73890e">
      <Output>
        <StdOut>9/18/2026 1:00:04 AM: Generating a random environment variables 100000 keys, autogenerated strings max length 20 and autogenerated array max length 10...&#xD;
9/18/2026 1:00:05 AM: Starting test...&#xD;
9/18/2026 1:00:05 AM: Generated random environment variables (NumEntries 2000 NumValues 4899 TID 16, note that Windows has a maximum size of 32KB for all environment variables, so not all 100000 keys could be created) duration 1209ms &#xD;
9/18/2026 1:00:07 AM: Encrypted random environment variables duration 1953ms &#xD;
9/18/2026 1:00:07 AM: Checked that all random environment variables are encrypted duration 3ms &#xD;
9/18/2026 1:00:07 AM: Loaded and decrypted random environment variables with ProtectedConfigurationBuilder duration 98ms &#xD;
9/18/2026 1:00:07 AM: Checked that 1638 entries are equal duration 0ms</StdOut>
      </Output>
    </UnitTestResult>
    <UnitTestResult executionId="2e282d0b-ccef-4b31-b7fb-744c245d531d" testId="092a9e9f-643d-a75f-e646-45602e92186b" testName="Fededim.Extensions.Configuration.Protected.DataProtectionAPITest.DataProtectionAPIProtectProviderTest.RandomInMemoryDictionaryTest" computerName="runnervmvmocb" duration="00:00:08.1648948" startTime="2026-09-18T01:00:04.3128537+00:00" endTime="2026-09-18T01:00:04.3128540+00:00" testType="13cdc9d9-ddb5-4fa4-a97d-d965ccfc6d4b" outcome="Passed" testListId="8c84fa94-04c1-424b-9868-57a2d4851a1d" relativeResultsDirectory="2e282d0b-ccef-4b31-b7fb-744c245d531d">
      <Output>
        <StdOut>9/18/2026 12:59:56 AM: Generating a random in-memory dictionary with 100000 keys, autogenerated strings max length 20 and autogenerated array max length 10...&#xD;
9/18/2026 12:59:57 AM: Starting test...&#xD;
9/18/2026 12:59:57 AM: Generated random in-memory dictionary (NumEntries 100000 NumValues 250416) duration 779ms &#xD;
9/18/2026 12:59:59 AM: Encrypted random in-memory dictionary duration 2670ms &#xD;
9/18/2026 12:59:59 AM: Checked that all random in-memory dictionary is encrypted duration 86ms &#xD;
9/18/2026 1:00:04 AM: Loaded and decrypted random in-memory dictionary with ProtectedConfigurationBuilder duration 4346ms &#xD;
9/18/2026 1:00:04 AM: Checked that 100000 entries are equal duration 150ms</StdOut>
      </Output>
    </UnitTestResult>
    <UnitTestResult executionId="7bf36173-3710-4249-b644-0f4be3cd4538" testId="6c6badd8-2315-c41e-9745-b2cf4b1a628a" testName="Fededim.Extensions.Configuration.Protected.DataProtectionAPITest.ReverseChainedDataProtectionAPIProtectProviderTest.RandomEnvironmentVariablesTest" computerName="runnervmvmocb" duration="00:00:02.5104074" startTime="2026-09-18T01:01:15.3149432+00:00" endTime="2026-09-18T01:01:15.3149434+00:00" testType="13cdc9d9-ddb5-4fa4-a97d-d965ccfc6d4b" outcome="Passed" testListId="8c84fa94-04c1-424b-9868-57a2d4851a1d" relativeResultsDirectory="7bf36173-3710-4249-b644-0f4be3cd4538">
      <Output>
        <StdOut>9/18/2026 1:01:12 AM: Generating a random environment variables 100000 keys, autogenerated strings max length 20 and autogenerated array max length 10...&#xD;
9/18/2026 1:01:13 AM: Starting test...&#xD;
9/18/2026 1:01:13 AM: Generated random environment variables (NumEntries 2000 NumValues 5170 TID 11, note that Windows has a maximum size of 32KB for all environment variables, so not all 100000 keys could be created) duration 747ms &#xD;
9/18/2026 1:01:14 AM: Encrypted random environment variables duration 944ms &#xD;
9/18/2026 1:01:14 AM: Checked that all random environment variables are encrypted duration 2ms &#xD;
9/18/2026 1:01:14 AM: Loaded and decrypted random environment variables with ProtectedConfigurationBuilder duration 30ms &#xD;
9/18/2026 1:01:14 AM: Checked that 1579 entries are equal duration 0ms</StdOut>
      </Output>
    </UnitTestResult>
    <UnitTestResult executionId="0ddb414a-88b4-4261-8534-c0870a7feeee" testId="c47730a9-5677-c354-72b2-3037781cbdf4" testName="Fededim.Extensions.Configuration.Protected.DataProtectionAPITest.ReverseChainedPassthroughProtectProviderTest.RandomJsonFileTest(useJsonWithCommentFileProcessor: True)" computerName="runnervmvmocb" duration="00:00:15.5440813" startTime="2026-09-18T01:00:21.9275807+00:00" endTime="2026-09-18T01:00:21.9275809+00:00" testType="13cdc9d9-ddb5-4fa4-a97d-d965ccfc6d4b" outcome="Passed" testListId="8c84fa94-04c1-424b-9868-57a2d4851a1d" relativeResultsDirectory="0ddb414a-88b4-4261-8534-c0870a7feeee">
      <Output>
        <StdOut>9/18/2026 1:00:06 AM: Generating a random JSON file with 100000 keys, autogenerated strings max length 20 and autogenerated array max length 10...&#xD;
9/18/2026 1:00:07 AM: File location file://D:/a/Fededim.Extensions.Configuration.Protected/Fededim.Extensions.Configuration.Protected/Fededim.Extensions.Configuration.Protected.DataProtectionAPITest/bin/Release/net10.0/random_30d41339-ea15-4252-b8e0-827b942ed89b.json&#xD;
9/18/2026 1:00:07 AM: Generated random JSON file (NumEntries 100000 NumValues 249093 size 56667 KB) duration 1521ms &#xD;
9/18/2026 1:00:11 AM: Encrypted random JSON file (NumEntries 100000 NumValues 249093 size 57051 KB) duration 3779ms &#xD;
9/18/2026 1:00:13 AM: Checked that all random JSON file is encrypted duration 1370ms &#xD;
9/18/2026 1:00:20 AM: Loaded and decrypted random JSON file with ProtectedConfigurationBuilder duration 7941ms &#xD;
9/18/2026 1:00:21 AM: Checked that 249093 entries are equal duration 931ms</StdOut>
      </Output>
    </UnitTestResult>
    <UnitTestResult executionId="63768aae-d2e6-470b-bc62-d00f6cdea4a2" testId="aeb7956b-7546-b053-446f-8b8f700e605b" testName="Fededim.Extensions.Configuration.Protected.DataProtectionAPITest.ReverseChainedDataProtectionAPIProtectProviderTest.RandomInMemoryDictionaryTest" computerName="runnervmvmocb" duration="00:00:02.4838103" startTime="2026-09-18T01:01:20.5670002+00:00" endTime="2026-09-18T01:01:20.5670004+00:00" testType="13cdc9d9-ddb5-4fa4-a97d-d965ccfc6d4b" outcome="Passed" testListId="8c84fa94-04c1-424b-9868-57a2d4851a1d" relativeResultsDirectory="63768aae-d2e6-470b-bc62-d00f6cdea4a2">
      <Output>
        <StdOut>9/18/2026 1:01:18 AM: Generating a random in-memory dictionary with 100000 keys, autogenerated strings max length 20 and autogenerated array max length 10...&#xD;
9/18/2026 1:01:18 AM: Starting test...&#xD;
9/18/2026 1:01:18 AM: Generated random in-memory dictionary (NumEntries 100000 NumValues 250423) duration 177ms &#xD;
9/18/2026 1:01:19 AM: Encrypted random in-memory dictionary duration 878ms &#xD;
9/18/2026 1:01:19 AM: Checked that all random in-memory dictionary is encrypted duration 26ms &#xD;
9/18/2026 1:01:20 AM: Loaded and decrypted random in-memory dictionary with ProtectedConfigurationBuilder duration 1374ms &#xD;
9/18/2026 1:01:20 AM: Checked that 100000 entries are equal duration 24ms</StdOut>
      </Output>
    </UnitTestResult>
    <UnitTestResult executionId="1a47ba25-1492-4111-a7f3-8ad9fc1b8dfa" testId="7e6ddfbf-8406-e386-7c05-3e7c30fa7505" testName="Fededim.Extensions.Configuration.Protected.DataProtectionAPITest.ReverseChainedPassthroughProtectProviderTest.RandomJsonFileTest(useJsonWithCommentFileProcessor: False)" computerName="runnervmvmocb" duration="00:00:12.1466411" startTime="2026-09-18T01:00:34.0729921+00:00" endTime="2026-09-18T01:00:34.0729924+00:00" testType="13cdc9d9-ddb5-4fa4-a97d-d965ccfc6d4b" outcome="Passed" testListId="8c84fa94-04c1-424b-9868-57a2d4851a1d" relativeResultsDirectory="1a47ba25-1492-4111-a7f3-8ad9fc1b8dfa">
      <Output>
        <StdOut>9/18/2026 1:00:21 AM: Generating a random JSON file with 100000 keys, autogenerated strings max length 20 and autogenerated array max length 10...&#xD;
9/18/2026 1:00:23 AM: File location file://D:/a/Fededim.Extensions.Configuration.Protected/Fededim.Extensions.Configuration.Protected/Fededim.Extensions.Configuration.Protected.DataProtectionAPITest/bin/Release/net10.0/random_ed5aa078-4aca-468d-b943-318699a56f31.json&#xD;
9/18/2026 1:00:23 AM: Generated random JSON file (NumEntries 100000 NumValues 250773 size 58310 KB) duration 1365ms &#xD;
9/18/2026 1:00:25 AM: Encrypted random JSON file (NumEntries 100000 NumValues 250773 size 58696 KB) duration 2358ms &#xD;
9/18/2026 1:00:26 AM: Checked that all random JSON file is encrypted duration 1201ms &#xD;
9/18/2026 1:00:33 AM: Loaded and decrypted random JSON file with ProtectedConfigurationBuilder duration 6277ms &#xD;
9/18/2026 1:00:34 AM: Checked that 250773 entries are equal duration 942ms</StdOut>
      </Output>
    </UnitTestResult>
    <UnitTestResult executionId="0af32b12-e91a-4242-8355-d9e38ed5de4a" testId="69d8f2d8-3562-2bf4-0a5e-c226f303d955" testName="Fededim.Extensions.Configuration.Protected.DataProtectionAPITest.ReverseChainedPassthroughProtectProviderTest.RandomInMemoryDictionaryTest" computerName="runnervmvmocb" duration="00:00:02.7521910" startTime="2026-09-18T01:00:03.0433244+00:00" endTime="2026-09-18T01:00:03.0433954+00:00" testType="13cdc9d9-ddb5-4fa4-a97d-d965ccfc6d4b" outcome="Passed" testListId="8c84fa94-04c1-424b-9868-57a2d4851a1d" relativeResultsDirectory="0af32b12-e91a-4242-8355-d9e38ed5de4a">
      <Output>
        <StdOut>9/18/2026 1:00:00 AM: Generating a random in-memory dictionary with 100000 keys, autogenerated strings max length 20 and autogenerated array max length 10...&#xD;
9/18/2026 1:00:00 AM: Starting test...&#xD;
9/18/2026 1:00:00 AM: Generated random in-memory dictionary (NumEntries 100000 NumValues 249133) duration 366ms &#xD;
9/18/2026 1:00:01 AM: Encrypted random in-memory dictionary duration 1106ms &#xD;
9/18/2026 1:00:01 AM: Checked that all random in-memory dictionary is encrypted duration 115ms &#xD;
9/18/2026 1:00:02 AM: Loaded and decrypted random in-memory dictionary with ProtectedConfigurationBuilder duration 1039ms &#xD;
9/18/2026 1:00:03 AM: Checked that 100000 entries are equal duration 121ms</StdOut>
      </Output>
    </UnitTestResult>
    <UnitTestResult executionId="d3754470-776d-4555-a9aa-b402e6aeeb84" testId="8fa56702-815f-46fb-f241-56617bf43be4" testName="Fededim.Extensions.Configuration.Protected.DataProtectionAPITest.ReverseChainedPassthroughProtectProviderTest.RandomXmlFileTest" computerName="runnervmvmocb" duration="00:00:20.0784663" startTime="2026-09-18T01:00:54.1517161+00:00" endTime="2026-09-18T01:00:54.1517172+00:00" testType="13cdc9d9-ddb5-4fa4-a97d-d965ccfc6d4b" outcome="Passed" testListId="8c84fa94-04c1-424b-9868-57a2d4851a1d" relativeResultsDirectory="d3754470-776d-4555-a9aa-b402e6aeeb84">
      <Output>
        <StdOut>9/18/2026 1:00:34 AM: Generating a random XML file with 100000 keys, autogenerated strings max length 20 and autogenerated array max length 10...&#xD;
9/18/2026 1:00:39 AM: File location file://D:/a/Fededim.Extensions.Configuration.Protected/Fededim.Extensions.Configuration.Protected/Fededim.Extensions.Configuration.Protected.DataProtectionAPITest/bin/Release/net10.0/random_e1cbe7a8-1b3d-4eb9-9e75-68f8dcc83735.xml&#xD;
9/18/2026 1:00:39 AM: Generated random XML file (NumEntries 100000 NumValues 249148 size 69644 KB) duration 5191ms &#xD;
9/18/2026 1:00:44 AM: Encrypted random XML file (NumEntries 100000 NumValues 249148 size 70032 KB) duration 5173ms &#xD;
9/18/2026 1:00:46 AM: Checked that all random XML file is encrypted duration 2313ms &#xD;
9/18/2026 1:00:53 AM: Loaded and decrypted random XML file with ProtectedConfigurationBuilder duration 7094ms &#xD;
9/18/2026 1:00:54 AM: Checked that 201315 entries are equal duration 305ms</StdOut>
      </Output>
    </UnitTestResult>
    <UnitTestResult executionId="3bfc5916-0b2b-4db1-a23a-aecc607bc341" testId="40bc2ee2-12b8-c08c-ad81-e8c0efee775c" testName="Fededim.Extensions.Configuration.Protected.DataProtectionAPITest.DataProtectionAPIProtectProviderTest.RandomJsonFileTest(useJsonWithCommentFileProcessor: True)" computerName="runnervmvmocb" duration="00:00:24.6174057" startTime="2026-09-18T01:00:33.2398627+00:00" endTime="2026-09-18T01:00:33.2398630+00:00" testType="13cdc9d9-ddb5-4fa4-a97d-d965ccfc6d4b" outcome="Passed" testListId="8c84fa94-04c1-424b-9868-57a2d4851a1d" relativeResultsDirectory="3bfc5916-0b2b-4db1-a23a-aecc607bc341">
      <Output>
        <StdOut>9/18/2026 1:00:08 AM: Generating a random JSON file with 100000 keys, autogenerated strings max length 20 and autogenerated array max length 10...&#xD;
9/18/2026 1:00:10 AM: File location file://D:/a/Fededim.Extensions.Configuration.Protected/Fededim.Extensions.Configuration.Protected/Fededim.Extensions.Configuration.Protected.DataProtectionAPITest/bin/Release/net10.0/random_df3323b9-df18-4d0b-bced-da049fd45245.json&#xD;
9/18/2026 1:00:10 AM: Generated random JSON file (NumEntries 100000 NumValues 250950 size 59213 KB) duration 1917ms &#xD;
9/18/2026 1:00:18 AM: Encrypted random JSON file (NumEntries 100000 NumValues 250950 size 85365 KB) duration 8159ms &#xD;
9/18/2026 1:00:19 AM: Checked that all random JSON file is encrypted duration 1264ms &#xD;
9/18/2026 1:00:32 AM: Loaded and decrypted random JSON file with ProtectedConfigurationBuilder duration 00:00:12.7604414 &#xD;
9/18/2026 1:00:33 AM: Checked that 250950 entries are equal duration 513ms</StdOut>
      </Output>
    </UnitTestResult>
  </Results>
  <TestDefinitions>
    <UnitTest name="Fededim.Extensions.Configuration.Protected.DataProtectionAPITest.ReverseChainedDataProtectionAPIProtectProviderTest.RandomJsonFileTest(useJsonWithCommentFileProcessor: True)" storage="d:\a\fededim.extensions.configuration.protected\fededim.extensions.configuration.protected\fededim.extensions.configuration.protected.dataprotectionapitest\bin\release\net10.0\fededim.extensions.configuration.protected.dataprotectionapitest.dll" id="76a3f103-314f-1ebd-bd22-53871a79c3fa">
      <Execution id="f6e6bcae-bb81-4db7-9d4b-24769945e21b" />
      <TestMethod codeBase="D:\a\Fededim.Extensions.Configuration.Protected\Fededim.Extensions.Configuration.Protected\Fededim.Extensions.Configuration.Protected.DataProtectionAPITest\bin\Release\net10.0\Fededim.Extensions.Configuration.Protected.DataProtectionAPITest.dll" adapterTypeName="executor://xunit/VsTestRunner2/netcoreapp" className="Fededim.Extensions.Configuration.Protected.DataProtectionAPITest.ReverseChainedDataProtectionAPIProtectProviderTest" name="RandomJsonFileTest" />
    </UnitTest>
    <UnitTest name="Fededim.Extensions.Configuration.Protected.DataProtectionAPITest.DataProtectionAPIProtectProviderTest.RandomJsonFileTest(useJsonWithCommentFileProcessor: True)" storage="d:\a\fededim.extensions.configuration.protected\fededim.extensions.configuration.protected\fededim.extensions.configuration.protected.dataprotectionapitest\bin\release\net10.0\fededim.extensions.configuration.protected.dataprotectionapitest.dll" id="40bc2ee2-12b8-c08c-ad81-e8c0efee775c">
      <Execution id="3bfc5916-0b2b-4db1-a23a-aecc607bc341" />
      <TestMethod codeBase="D:\a\Fededim.Extensions.Configuration.Protected\Fededim.Extensions.Configuration.Protected\Fededim.Extensions.Configuration.Protected.DataProtectionAPITest\bin\Release\net10.0\Fededim.Extensions.Configuration.Protected.DataProtectionAPITest.dll" adapterTypeName="executor://xunit/VsTestRunner2/netcoreapp" className="Fededim.Extensions.Configuration.Protected.DataProtectionAPITest.DataProtectionAPIProtectProviderTest" name="RandomJsonFileTest" />
    </UnitTest>
    <UnitTest name="Fededim.Extensions.Configuration.Protected.DataProtectionAPITest.DataProtectionAPIProtectProviderTest.RandomXmlFileTest" storage="d:\a\fededim.extensions.configuration.protected\fededim.extensions.configuration.protected\fededim.extensions.configuration.protected.dataprotectionapitest\bin\release\net10.0\fededim.extensions.configuration.protected.dataprotectionapitest.dll" id="cab792d5-caf7-94cb-7dd5-8cd2bf26d466">
      <Execution id="1647472d-7563-4dcc-8739-1e01117ec2d3" />
      <TestMethod codeBase="D:\a\Fededim.Extensions.Configuration.Protected\Fededim.Extensions.Configuration.Protected\Fededim.Extensions.Configuration.Protected.DataProtectionAPITest\bin\Release\net10.0\Fededim.Extensions.Configuration.Protected.DataProtectionAPITest.dll" adapterTypeName="executor://xunit/VsTestRunner2/netcoreapp" className="Fededim.Extensions.Configuration.Protected.DataProtectionAPITest.DataProtectionAPIProtectProviderTest" name="RandomXmlFileTest" />
    </UnitTest>
    <UnitTest name="Fededim.Extensions.Configuration.Protected.DataProtectionAPITest.ReverseChainedDataProtectionAPIProtectProviderTest.RandomCommandLineTest" storage="d:\a\fededim.extensions.configuration.protected\fededim.extensions.configuration.protected\fededim.extensions.configuration.protected.dataprotectionapitest\bin\release\net10.0\fededim.extensions.configuration.protected.dataprotectionapitest.dll" id="647b6c5b-225b-1ca2-d2e0-e37df89ba286">
      <Execution id="762cc113-1a20-442d-8caf-cb957553279b" />
      <TestMethod codeBase="D:\a\Fededim.Extensions.Configuration.Protected\Fededim.Extensions.Configuration.Protected\Fededim.Extensions.Configuration.Protected.DataProtectionAPITest\bin\Release\net10.0\Fededim.Extensions.Configuration.Protected.DataProtectionAPITest.dll" adapterTypeName="executor://xunit/VsTestRunner2/netcoreapp" className="Fededim.Extensions.Configuration.Protected.DataProtectionAPITest.ReverseChainedDataProtectionAPIProtectProviderTest" name="RandomCommandLineTest" />
    </UnitTest>
    <UnitTest name="Fededim.Extensions.Configuration.Protected.DataProtectionAPITest.PassthroughProtectProviderTest.RandomCommandLineTest" storage="d:\a\fededim.extensions.configuration.protected\fededim.extensions.configuration.protected\fededim.extensions.configuration.protected.dataprotectionapitest\bin\release\net10.0\fededim.extensions.configuration.protected.dataprotectionapitest.dll" id="266c91ed-f749-9cf5-bf8c-4a55ef2a37c7">
      <Execution id="13f2f3e1-414a-4def-a30c-209640d083ea" />
      <TestMethod codeBase="D:\a\Fededim.Extensions.Configuration.Protected\Fededim.Extensions.Configuration.Protected\Fededim.Extensions.Configuration.Protected.DataProtectionAPITest\bin\Release\net10.0\Fededim.Extensions.Configuration.Protected.DataProtectionAPITest.dll" adapterTypeName="executor://xunit/VsTestRunner2/netcoreapp" className="Fededim.Extensions.Configuration.Protected.DataProtectionAPITest.PassthroughProtectProviderTest" name="RandomCommandLineTest" />
    </UnitTest>
    <UnitTest name="Fededim.Extensions.Configuration.Protected.DataProtectionAPITest.PassthroughProtectProviderTest.RandomXmlFileTest" storage="d:\a\fededim.extensions.configuration.protected\fededim.extensions.configuration.protected\fededim.extensions.configuration.protected.dataprotectionapitest\bin\release\net10.0\fededim.extensions.configuration.protected.dataprotectionapitest.dll" id="bc65d678-ea47-f040-ebfc-ebf2c2e9a1f0">
      <Execution id="0ebb8e22-8039-4cd7-a686-191c23652160" />
      <TestMethod codeBase="D:\a\Fededim.Extensions.Configuration.Protected\Fededim.Extensions.Configuration.Protected\Fededim.Extensions.Configuration.Protected.DataProtectionAPITest\bin\Release\net10.0\Fededim.Extensions.Configuration.Protected.DataProtectionAPITest.dll" adapterTypeName="executor://xunit/VsTestRunner2/netcoreapp" className="Fededim.Extensions.Configuration.Protected.DataProtectionAPITest.PassthroughProtectProviderTest" name="RandomXmlFileTest" />
    </UnitTest>
    <UnitTest name="Fededim.Extensions.Configuration.Protected.DataProtectionAPITest.ReverseChainedDataProtectionAPIProtectProviderTest.RandomXmlFileTest" storage="d:\a\fededim.extensions.configuration.protected\fededim.extensions.configuration.protected\fededim.extensions.configuration.protected.dataprotectionapitest\bin\release\net10.0\fededim.extensions.configuration.protected.dataprotectionapitest.dll" id="5bf2f350-f23f-f114-d6dd-98a507e43569">
      <Execution id="da2a5565-50cb-4daa-8622-6b697b0cd4ff" />
      <TestMethod codeBase="D:\a\Fededim.Extensions.Configuration.Protected\Fededim.Extensions.Configuration.Protected\Fededim.Extensions.Configuration.Protected.DataProtectionAPITest\bin\Release\net10.0\Fededim.Extensions.Configuration.Protected.DataProtectionAPITest.dll" adapterTypeName="executor://xunit/VsTestRunner2/netcoreapp" className="Fededim.Extensions.Configuration.Protected.DataProtectionAPITest.ReverseChainedDataProtectionAPIProtectProviderTest" name="RandomXmlFileTest" />
    </UnitTest>
    <UnitTest name="Fededim.Extensions.Configuration.Protected.DataProtectionAPITest.ReverseChainedDataProtectionAPIProtectProviderTest.RandomJsonFileTest(useJsonWithCommentFileProcessor: False)" storage="d:\a\fededim.extensions.configuration.protected\fededim.extensions.configuration.protected\fededim.extensions.configuration.protected.dataprotectionapitest\bin\release\net10.0\fededim.extensions.configuration.protected.dataprotectionapitest.dll" id="7854059b-30d2-55e5-a014-8ef220beca26">
      <Execution id="0ca23404-51ed-473e-8a27-7e70e6d7c481" />
      <TestMethod codeBase="D:\a\Fededim.Extensions.Configuration.Protected\Fededim.Extensions.Configuration.Protected\Fededim.Extensions.Configuration.Protected.DataProtectionAPITest\bin\Release\net10.0\Fededim.Extensions.Configuration.Protected.DataProtectionAPITest.dll" adapterTypeName="executor://xunit/VsTestRunner2/netcoreapp" className="Fededim.Extensions.Configuration.Protected.DataProtectionAPITest.ReverseChainedDataProtectionAPIProtectProviderTest" name="RandomJsonFileTest" />
    </UnitTest>
    <UnitTest name="Fededim.Extensions.Configuration.Protected.DataProtectionAPITest.ReverseChainedDataProtectionAPIProtectProviderTest.RandomInMemoryDictionaryTest" storage="d:\a\fededim.extensions.configuration.protected\fededim.extensions.configuration.protected\fededim.extensions.configuration.protected.dataprotectionapitest\bin\release\net10.0\fededim.extensions.configuration.protected.dataprotectionapitest.dll" id="aeb7956b-7546-b053-446f-8b8f700e605b">
      <Execution id="63768aae-d2e6-470b-bc62-d00f6cdea4a2" />
      <TestMethod codeBase="D:\a\Fededim.Extensions.Configuration.Protected\Fededim.Extensions.Configuration.Protected\Fededim.Extensions.Configuration.Protected.DataProtectionAPITest\bin\Release\net10.0\Fededim.Extensions.Configuration.Protected.DataProtectionAPITest.dll" adapterTypeName="executor://xunit/VsTestRunner2/netcoreapp" className="Fededim.Extensions.Configuration.Protected.DataProtectionAPITest.ReverseChainedDataProtectionAPIProtectProviderTest" name="RandomInMemoryDictionaryTest" />
    </UnitTest>
    <UnitTest name="Fededim.Extensions.Configuration.Protected.DataProtectionAPITest.DataProtectionAPIProtectProviderTest.RandomInMemoryDictionaryTest" storage="d:\a\fededim.extensions.configuration.protected\fededim.extensions.configuration.protected\fededim.extensions.configuration.protected.dataprotectionapitest\bin\release\net10.0\fededim.extensions.configuration.protected.dataprotectionapitest.dll" id="092a9e9f-643d-a75f-e646-45602e92186b">
      <Execution id="2e282d0b-ccef-4b31-b7fb-744c245d531d" />
      <TestMethod codeBase="D:\a\Fededim.Extensions.Configuration.Protected\Fededim.Extensions.Configuration.Protected\Fededim.Extensions.Configuration.Protected.DataProtectionAPITest\bin\Release\net10.0\Fededim.Extensions.Configuration.Protected.DataProtectionAPITest.dll" adapterTypeName="executor://xunit/VsTestRunner2/netcoreapp" className="Fededim.Extensions.Configuration.Protected.DataProtectionAPITest.DataProtectionAPIProtectProviderTest" name="RandomInMemoryDictionaryTest" />
    </UnitTest>
    <UnitTest name="Fededim.Extensions.Configuration.Protected.DataProtectionAPITest.DataProtectionAPIProtectProviderTest.RandomCommandLineTest" storage="d:\a\fededim.extensions.configuration.protected\fededim.extensions.configuration.protected\fededim.extensions.configuration.protected.dataprotectionapitest\bin\release\net10.0\fededim.extensions.configuration.protected.dataprotectionapitest.dll" id="f63be0dc-1fac-0d73-eab5-ec6ea7cf7b08">
      <Execution id="a754aba6-0dc2-4e74-8092-b445854409bc" />
      <TestMethod codeBase="D:\a\Fededim.Extensions.Configuration.Protected\Fededim.Extensions.Configuration.Protected\Fededim.Extensions.Configuration.Protected.DataProtectionAPITest\bin\Release\net10.0\Fededim.Extensions.Configuration.Protected.DataProtectionAPITest.dll" adapterTypeName="executor://xunit/VsTestRunner2/netcoreapp" className="Fededim.Extensions.Configuration.Protected.DataProtectionAPITest.DataProtectionAPIProtectProviderTest" name="RandomCommandLineTest" />
    </UnitTest>
    <UnitTest name="Fededim.Extensions.Configuration.Protected.DataProtectionAPITest.ReverseChainedPassthroughProtectProviderTest.RandomCommandLineTest" storage="d:\a\fededim.extensions.configuration.protected\fededim.extensions.configuration.protected\fededim.extensions.configuration.protected.dataprotectionapitest\bin\release\net10.0\fededim.extensions.configuration.protected.dataprotectionapitest.dll" id="53290695-3624-0469-7860-2a707aa4d5f4">
      <Execution id="f297d44b-9879-4c6e-8bf5-bdf7238d2007" />
      <TestMethod codeBase="D:\a\Fededim.Extensions.Configuration.Protected\Fededim.Extensions.Configuration.Protected\Fededim.Extensions.Configuration.Protected.DataProtectionAPITest\bin\Release\net10.0\Fededim.Extensions.Configuration.Protected.DataProtectionAPITest.dll" adapterTypeName="executor://xunit/VsTestRunner2/netcoreapp" className="Fededim.Extensions.Configuration.Protected.DataProtectionAPITest.ReverseChainedPassthroughProtectProviderTest" name="RandomCommandLineTest" />
    </UnitTest>
    <UnitTest name="Fededim.Extensions.Configuration.Protected.DataProtectionAPITest.ReverseChainedDataProtectionAPIProtectProviderTest.RandomEnvironmentVariablesTest" storage="d:\a\fededim.extensions.configuration.protected\fededim.extensions.configuration.protected\fededim.extensions.configuration.protected.dataprotectionapitest\bin\release\net10.0\fededim.extensions.configuration.protected.dataprotectionapitest.dll" id="6c6badd8-2315-c41e-9745-b2cf4b1a628a">
      <Execution id="7bf36173-3710-4249-b644-0f4be3cd4538" />
      <TestMethod codeBase="D:\a\Fededim.Extensions.Configuration.Protected\Fededim.Extensions.Configuration.Protected\Fededim.Extensions.Configuration.Protected.DataProtectionAPITest\bin\Release\net10.0\Fededim.Extensions.Configuration.Protected.DataProtectionAPITest.dll" adapterTypeName="executor://xunit/VsTestRunner2/netcoreapp" className="Fededim.Extensions.Configuration.Protected.DataProtectionAPITest.ReverseChainedDataProtectionAPIProtectProviderTest" name="RandomEnvironmentVariablesTest" />
    </UnitTest>
    <UnitTest name="Fededim.Extensions.Configuration.Protected.DataProtectionAPITest.PassthroughProtectProviderTest.RandomJsonFileTest(useJsonWithCommentFileProcessor: False)" storage="d:\a\fededim.extensions.configuration.protected\fededim.extensions.configuration.protected\fededim.extensions.configuration.protected.dataprotectionapitest\bin\release\net10.0\fededim.extensions.configuration.protected.dataprotectionapitest.dll" id="babc18e0-52be-6076-7768-76d0c302f279">
      <Execution id="3f66d58c-16bc-46aa-bbf8-f5525d114b02" />
      <TestMethod codeBase="D:\a\Fededim.Extensions.Configuration.Protected\Fededim.Extensions.Configuration.Protected\Fededim.Extensions.Configuration.Protected.DataProtectionAPITest\bin\Release\net10.0\Fededim.Extensions.Configuration.Protected.DataProtectionAPITest.dll" adapterTypeName="executor://xunit/VsTestRunner2/netcoreapp" className="Fededim.Extensions.Configuration.Protected.DataProtectionAPITest.PassthroughProtectProviderTest" name="RandomJsonFileTest" />
    </UnitTest>
    <UnitTest name="Fededim.Extensions.Configuration.Protected.DataProtectionAPITest.DataProtectionAPIProtectProviderTest.RandomJsonFileTest(useJsonWithCommentFileProcessor: False)" storage="d:\a\fededim.extensions.configuration.protected\fededim.extensions.configuration.protected\fededim.extensions.configuration.protected.dataprotectionapitest\bin\release\net10.0\fededim.extensions.configuration.protected.dataprotectionapitest.dll" id="4ea3de90-a59d-3955-9940-560839244413">
      <Execution id="0b5b2525-cdad-4b0b-a225-e8b4378fe9dd" />
      <TestMethod codeBase="D:\a\Fededim.Extensions.Configuration.Protected\Fededim.Extensions.Configuration.Protected\Fededim.Extensions.Configuration.Protected.DataProtectionAPITest\bin\Release\net10.0\Fededim.Extensions.Configuration.Protected.DataProtectionAPITest.dll" adapterTypeName="executor://xunit/VsTestRunner2/netcoreapp" className="Fededim.Extensions.Configuration.Protected.DataProtectionAPITest.DataProtectionAPIProtectProviderTest" name="RandomJsonFileTest" />
    </UnitTest>
    <UnitTest name="Fededim.Extensions.Configuration.Protected.DataProtectionAPITest.ReverseChainedPassthroughProtectProviderTest.RandomJsonFileTest(useJsonWithCommentFileProcessor: True)" storage="d:\a\fededim.extensions.configuration.protected\fededim.extensions.configuration.protected\fededim.extensions.configuration.protected.dataprotectionapitest\bin\release\net10.0\fededim.extensions.configuration.protected.dataprotectionapitest.dll" id="c47730a9-5677-c354-72b2-3037781cbdf4">
      <Execution id="0ddb414a-88b4-4261-8534-c0870a7feeee" />
      <TestMethod codeBase="D:\a\Fededim.Extensions.Configuration.Protected\Fededim.Extensions.Configuration.Protected\Fededim.Extensions.Configuration.Protected.DataProtectionAPITest\bin\Release\net10.0\Fededim.Extensions.Configuration.Protected.DataProtectionAPITest.dll" adapterTypeName="executor://xunit/VsTestRunner2/netcoreapp" className="Fededim.Extensions.Configuration.Protected.DataProtectionAPITest.ReverseChainedPassthroughProtectProviderTest" name="RandomJsonFileTest" />
    </UnitTest>
    <UnitTest name="Fededim.Extensions.Configuration.Protected.DataProtectionAPITest.DataProtectionAPIProtectProviderTest.RandomEnvironmentVariablesTest" storage="d:\a\fededim.extensions.configuration.protected\fededim.extensions.configuration.protected\fededim.extensions.configuration.protected.dataprotectionapitest\bin\release\net10.0\fededim.extensions.configuration.protected.dataprotectionapitest.dll" id="331a13af-5866-8d6a-671d-a2abfea42096">
      <Execution id="747e398b-a360-4a78-a813-c150bc73890e" />
      <TestMethod codeBase="D:\a\Fededim.Extensions.Configuration.Protected\Fededim.Extensions.Configuration.Protected\Fededim.Extensions.Configuration.Protected.DataProtectionAPITest\bin\Release\net10.0\Fededim.Extensions.Configuration.Protected.DataProtectionAPITest.dll" adapterTypeName="executor://xunit/VsTestRunner2/netcoreapp" className="Fededim.Extensions.Configuration.Protected.DataProtectionAPITest.DataProtectionAPIProtectProviderTest" name="RandomEnvironmentVariablesTest" />
    </UnitTest>
    <UnitTest name="Fededim.Extensions.Configuration.Protected.DataProtectionAPITest.ReverseChainedPassthroughProtectProviderTest.RandomJsonFileTest(useJsonWithCommentFileProcessor: False)" storage="d:\a\fededim.extensions.configuration.protected\fededim.extensions.configuration.protected\fededim.extensions.configuration.protected.dataprotectionapitest\bin\release\net10.0\fededim.extensions.configuration.protected.dataprotectionapitest.dll" id="7e6ddfbf-8406-e386-7c05-3e7c30fa7505">
      <Execution id="1a47ba25-1492-4111-a7f3-8ad9fc1b8dfa" />
      <TestMethod codeBase="D:\a\Fededim.Extensions.Configuration.Protected\Fededim.Extensions.Configuration.Protected\Fededim.Extensions.Configuration.Protected.DataProtectionAPITest\bin\Release\net10.0\Fededim.Extensions.Configuration.Protected.DataProtectionAPITest.dll" adapterTypeName="executor://xunit/VsTestRunner2/netcoreapp" className="Fededim.Extensions.Configuration.Protected.DataProtectionAPITest.ReverseChainedPassthroughProtectProviderTest" name="RandomJsonFileTest" />
    </UnitTest>
    <UnitTest name="Fededim.Extensions.Configuration.Protected.DataProtectionAPITest.PassthroughProtectProviderTest.RandomInMemoryDictionaryTest" storage="d:\a\fededim.extensions.configuration.protected\fededim.extensions.configuration.protected\fededim.extensions.configuration.protected.dataprotectionapitest\bin\release\net10.0\fededim.extensions.configuration.protected.dataprotectionapitest.dll" id="623fedfb-c200-d700-a583-c0520c9fd7be">
      <Execution id="6fa3c364-bd53-4b5d-b306-844b1fc28b1b" />
      <TestMethod codeBase="D:\a\Fededim.Extensions.Configuration.Protected\Fededim.Extensions.Configuration.Protected\Fededim.Extensions.Configuration.Protected.DataProtectionAPITest\bin\Release\net10.0\Fededim.Extensions.Configuration.Protected.DataProtectionAPITest.dll" adapterTypeName="executor://xunit/VsTestRunner2/netcoreapp" className="Fededim.Extensions.Configuration.Protected.DataProtectionAPITest.PassthroughProtectProviderTest" name="RandomInMemoryDictionaryTest" />
    </UnitTest>
    <UnitTest name="Fededim.Extensions.Configuration.Protected.DataProtectionAPITest.PassthroughProtectProviderTest.RandomEnvironmentVariablesTest" storage="d:\a\fededim.extensions.configuration.protected\fededim.extensions.configuration.protected\fededim.extensions.configuration.protected.dataprotectionapitest\bin\release\net10.0\fededim.extensions.configuration.protected.dataprotectionapitest.dll" id="f10bb888-60df-1256-7dc3-3ea5b2020598">
      <Execution id="9ab66a2c-88e0-4455-809b-b4c2f469ad49" />
      <TestMethod codeBase="D:\a\Fededim.Extensions.Configuration.Protected\Fededim.Extensions.Configuration.Protected\Fededim.Extensions.Configuration.Protected.DataProtectionAPITest\bin\Release\net10.0\Fededim.Extensions.Configuration.Protected.DataProtectionAPITest.dll" adapterTypeName="executor://xunit/VsTestRunner2/netcoreapp" className="Fededim.Extensions.Configuration.Protected.DataProtectionAPITest.PassthroughProtectProviderTest" name="RandomEnvironmentVariablesTest" />
    </UnitTest>
    <UnitTest name="Fededim.Extensions.Configuration.Protected.DataProtectionAPITest.PassthroughProtectProviderTest.RandomJsonFileTest(useJsonWithCommentFileProcessor: True)" storage="d:\a\fededim.extensions.configuration.protected\fededim.extensions.configuration.protected\fededim.extensions.configuration.protected.dataprotectionapitest\bin\release\net10.0\fededim.extensions.configuration.protected.dataprotectionapitest.dll" id="94ea7642-4083-0632-dcd9-b9fdbebb7fc1">
      <Execution id="66dfdebf-b0e2-4dc7-95da-27c7d70e42fe" />
      <TestMethod codeBase="D:\a\Fededim.Extensions.Configuration.Protected\Fededim.Extensions.Configuration.Protected\Fededim.Extensions.Configuration.Protected.DataProtectionAPITest\bin\Release\net10.0\Fededim.Extensions.Configuration.Protected.DataProtectionAPITest.dll" adapterTypeName="executor://xunit/VsTestRunner2/netcoreapp" className="Fededim.Extensions.Configuration.Protected.DataProtectionAPITest.PassthroughProtectProviderTest" name="RandomJsonFileTest" />
    </UnitTest>
    <UnitTest name="Fededim.Extensions.Configuration.Protected.DataProtectionAPITest.ReverseChainedPassthroughProtectProviderTest.RandomEnvironmentVariablesTest" storage="d:\a\fededim.extensions.configuration.protected\fededim.extensions.configuration.protected\fededim.extensions.configuration.protected.dataprotectionapitest\bin\release\net10.0\fededim.extensions.configuration.protected.dataprotectionapitest.dll" id="f4b49037-2be4-650f-fa20-2558b4f38cf7">
      <Execution id="f4f6e58a-7684-41d9-8237-2f2664a2a5b5" />
      <TestMethod codeBase="D:\a\Fededim.Extensions.Configuration.Protected\Fededim.Extensions.Configuration.Protected\Fededim.Extensions.Configuration.Protected.DataProtectionAPITest\bin\Release\net10.0\Fededim.Extensions.Configuration.Protected.DataProtectionAPITest.dll" adapterTypeName="executor://xunit/VsTestRunner2/netcoreapp" className="Fededim.Extensions.Configuration.Protected.DataProtectionAPITest.ReverseChainedPassthroughProtectProviderTest" name="RandomEnvironmentVariablesTest" />
    </UnitTest>
    <UnitTest name="Fededim.Extensions.Configuration.Protected.DataProtectionAPITest.ReverseChainedPassthroughProtectProviderTest.RandomXmlFileTest" storage="d:\a\fededim.extensions.configuration.protected\fededim.extensions.configuration.protected\fededim.extensions.configuration.protected.dataprotectionapitest\bin\release\net10.0\fededim.extensions.configuration.protected.dataprotectionapitest.dll" id="8fa56702-815f-46fb-f241-56617bf43be4">
      <Execution id="d3754470-776d-4555-a9aa-b402e6aeeb84" />
      <TestMethod codeBase="D:\a\Fededim.Extensions.Configuration.Protected\Fededim.Extensions.Configuration.Protected\Fededim.Extensions.Configuration.Protected.DataProtectionAPITest\bin\Release\net10.0\Fededim.Extensions.Configuration.Protected.DataProtectionAPITest.dll" adapterTypeName="executor://xunit/VsTestRunner2/netcoreapp" className="Fededim.Extensions.Configuration.Protected.DataProtectionAPITest.ReverseChainedPassthroughProtectProviderTest" name="RandomXmlFileTest" />
    </UnitTest>
    <UnitTest name="Fededim.Extensions.Configuration.Protected.DataProtectionAPITest.ReverseChainedPassthroughProtectProviderTest.RandomInMemoryDictionaryTest" storage="d:\a\fededim.extensions.configuration.protected\fededim.extensions.configuration.protected\fededim.extensions.configuration.protected.dataprotectionapitest\bin\release\net10.0\fededim.extensions.configuration.protected.dataprotectionapitest.dll" id="69d8f2d8-3562-2bf4-0a5e-c226f303d955">
      <Execution id="0af32b12-e91a-4242-8355-d9e38ed5de4a" />
      <TestMethod codeBase="D:\a\Fededim.Extensions.Configuration.Protected\Fededim.Extensions.Configuration.Protected\Fededim.Extensions.Configuration.Protected.DataProtectionAPITest\bin\Release\net10.0\Fededim.Extensions.Configuration.Protected.DataProtectionAPITest.dll" adapterTypeName="executor://xunit/VsTestRunner2/netcoreapp" className="Fededim.Extensions.Configuration.Protected.DataProtectionAPITest.ReverseChainedPassthroughProtectProviderTest" name="RandomInMemoryDictionaryTest" />
    </UnitTest>
  </TestDefinitions>
  <TestEntries>
    <TestEntry testId="76a3f103-314f-1ebd-bd22-53871a79c3fa" executionId="f6e6bcae-bb81-4db7-9d4b-24769945e21b" testListId="8c84fa94-04c1-424b-9868-57a2d4851a1d" />
    <TestEntry testId="94ea7642-4083-0632-dcd9-b9fdbebb7fc1" executionId="66dfdebf-b0e2-4dc7-95da-27c7d70e42fe" testListId="8c84fa94-04c1-424b-9868-57a2d4851a1d" />
    <TestEntry testId="7854059b-30d2-55e5-a014-8ef220beca26" executionId="0ca23404-51ed-473e-8a27-7e70e6d7c481" testListId="8c84fa94-04c1-424b-9868-57a2d4851a1d" />
    <TestEntry testId="f63be0dc-1fac-0d73-eab5-ec6ea7cf7b08" executionId="a754aba6-0dc2-4e74-8092-b445854409bc" testListId="8c84fa94-04c1-424b-9868-57a2d4851a1d" />
    <TestEntry testId="623fedfb-c200-d700-a583-c0520c9fd7be" executionId="6fa3c364-bd53-4b5d-b306-844b1fc28b1b" testListId="8c84fa94-04c1-424b-9868-57a2d4851a1d" />
    <TestEntry testId="647b6c5b-225b-1ca2-d2e0-e37df89ba286" executionId="762cc113-1a20-442d-8caf-cb957553279b" testListId="8c84fa94-04c1-424b-9868-57a2d4851a1d" />
    <TestEntry testId="f4b49037-2be4-650f-fa20-2558b4f38cf7" executionId="f4f6e58a-7684-41d9-8237-2f2664a2a5b5" testListId="8c84fa94-04c1-424b-9868-57a2d4851a1d" />
    <TestEntry testId="babc18e0-52be-6076-7768-76d0c302f279" executionId="3f66d58c-16bc-46aa-bbf8-f5525d114b02" testListId="8c84fa94-04c1-424b-9868-57a2d4851a1d" />
    <TestEntry testId="4ea3de90-a59d-3955-9940-560839244413" executionId="0b5b2525-cdad-4b0b-a225-e8b4378fe9dd" testListId="8c84fa94-04c1-424b-9868-57a2d4851a1d" />
    <TestEntry testId="bc65d678-ea47-f040-ebfc-ebf2c2e9a1f0" executionId="0ebb8e22-8039-4cd7-a686-191c23652160" testListId="8c84fa94-04c1-424b-9868-57a2d4851a1d" />
    <TestEntry testId="5bf2f350-f23f-f114-d6dd-98a507e43569" executionId="da2a5565-50cb-4daa-8622-6b697b0cd4ff" testListId="8c84fa94-04c1-424b-9868-57a2d4851a1d" />
    <TestEntry testId="53290695-3624-0469-7860-2a707aa4d5f4" executionId="f297d44b-9879-4c6e-8bf5-bdf7238d2007" testListId="8c84fa94-04c1-424b-9868-57a2d4851a1d" />
    <TestEntry testId="266c91ed-f749-9cf5-bf8c-4a55ef2a37c7" executionId="13f2f3e1-414a-4def-a30c-209640d083ea" testListId="8c84fa94-04c1-424b-9868-57a2d4851a1d" />
    <TestEntry testId="f10bb888-60df-1256-7dc3-3ea5b2020598" executionId="9ab66a2c-88e0-4455-809b-b4c2f469ad49" testListId="8c84fa94-04c1-424b-9868-57a2d4851a1d" />
    <TestEntry testId="cab792d5-caf7-94cb-7dd5-8cd2bf26d466" executionId="1647472d-7563-4dcc-8739-1e01117ec2d3" testListId="8c84fa94-04c1-424b-9868-57a2d4851a1d" />
    <TestEntry testId="331a13af-5866-8d6a-671d-a2abfea42096" executionId="747e398b-a360-4a78-a813-c150bc73890e" testListId="8c84fa94-04c1-424b-9868-57a2d4851a1d" />
    <TestEntry testId="092a9e9f-643d-a75f-e646-45602e92186b" executionId="2e282d0b-ccef-4b31-b7fb-744c245d531d" testListId="8c84fa94-04c1-424b-9868-57a2d4851a1d" />
    <TestEntry testId="6c6badd8-2315-c41e-9745-b2cf4b1a628a" executionId="7bf36173-3710-4249-b644-0f4be3cd4538" testListId="8c84fa94-04c1-424b-9868-57a2d4851a1d" />
    <TestEntry testId="c47730a9-5677-c354-72b2-3037781cbdf4" executionId="0ddb414a-88b4-4261-8534-c0870a7feeee" testListId="8c84fa94-04c1-424b-9868-57a2d4851a1d" />
    <TestEntry testId="aeb7956b-7546-b053-446f-8b8f700e605b" executionId="63768aae-d2e6-470b-bc62-d00f6cdea4a2" testListId="8c84fa94-04c1-424b-9868-57a2d4851a1d" />
    <TestEntry testId="7e6ddfbf-8406-e386-7c05-3e7c30fa7505" executionId="1a47ba25-1492-4111-a7f3-8ad9fc1b8dfa" testListId="8c84fa94-04c1-424b-9868-57a2d4851a1d" />
    <TestEntry testId="69d8f2d8-3562-2bf4-0a5e-c226f303d955" executionId="0af32b12-e91a-4242-8355-d9e38ed5de4a" testListId="8c84fa94-04c1-424b-9868-57a2d4851a1d" />
    <TestEntry testId="8fa56702-815f-46fb-f241-56617bf43be4" executionId="d3754470-776d-4555-a9aa-b402e6aeeb84" testListId="8c84fa94-04c1-424b-9868-57a2d4851a1d" />
    <TestEntry testId="40bc2ee2-12b8-c08c-ad81-e8c0efee775c" executionId="3bfc5916-0b2b-4db1-a23a-aecc607bc341" testListId="8c84fa94-04c1-424b-9868-57a2d4851a1d" />
  </TestEntries>
  <TestLists>
    <TestList name="Results Not in a List" id="8c84fa94-04c1-424b-9868-57a2d4851a1d" />
    <TestList name="All Loaded Results" id="19431567-8539-422a-85d7-44ee4e166bda" />
  </TestLists>
  <ResultSummary outcome="Completed">
    <Counters total="24" executed="24" passed="24" failed="0" error="0" timeout="0" aborted="0" inconclusive="0" passedButRunAborted="0" notRunnable="0" notExecuted="0" disconnected="0" warning="0" completed="0" inProgress="0" pending="0" />
    <Output>
      <StdOut>[xUnit.net 00:00:00.00] xUnit.net VSTest Adapter v2.8.2+699d445a1a (64-bit .NET 10.0.12)&#xD;
[xUnit.net 00:00:00.16]   Discovering: Fededim.Extensions.Configuration.Protected.DataProtectionAPITest&#xD;
[xUnit.net 00:00:00.26]   Discovered:  Fededim.Extensions.Configuration.Protected.DataProtectionAPITest&#xD;
[xUnit.net 00:00:00.27]   Starting:    Fededim.Extensions.Configuration.Protected.DataProtectionAPITest&#xD;
[xUnit.net 00:01:24.76]   Finished:    Fededim.Extensions.Configuration.Protected.DataProtectionAPITest&#xD;
</StdOut>
    </Output>
  </ResultSummary>
</TestRun>