<?xml version="1.0" encoding="utf-8"?>
<TestRun id="3be2f87a-533e-40be-a24f-a72eb1216dab" name="runneradmin@runnervmvmocb 2026-09-18 12:55:01" runUser="runnervmvmocb\runneradmin" xmlns="http://microsoft.com/schemas/VisualStudio/TeamTest/2010">
  <Times creation="2026-09-18T12:55:01.9289096+00:00" queuing="2026-09-18T12:55:01.9289101+00:00" start="2026-09-18T12:54:40.8971293+00:00" finish="2026-09-18T12:57:15.6538408+00:00" />
  <TestSettings name="default" id="1fe10d6c-427c-4b77-bedf-700018f60026">
    <Deployment runDeploymentRoot="runneradmin_runnervmvmocb_2026-09-18_12_55_01" />
  </TestSettings>
  <Results>
    <UnitTestResult executionId="2985c3aa-89a2-4cb2-828c-fcd35191802d" testId="21abf860-ed3d-2e49-4a1e-a39daf2ff1b2" testName="Fededim.Extensions.Configuration.Protected.DataProtectionAPITest.ReverseChainedPassthroughProtectProviderTest.RandomCommandLineTest" computerName="runnervmvmocb" duration="00:00:06.8150000" startTime="2026-09-18T12:55:08.6692961+00:00" endTime="2026-09-18T12:55:08.6692961+00:00" testType="13cdc9d9-ddb5-4fa4-a97d-d965ccfc6d4b" outcome="Passed" testListId="8c84fa94-04c1-424b-9868-57a2d4851a1d" relativeResultsDirectory="2985c3aa-89a2-4cb2-828c-fcd35191802d">
      <Output>
        <StdOut>9/18/2026 12:55:01 PM: Generating a random command line arguments with 100000 keys, autogenerated strings max length 20 and autogenerated array max length 10...&#xD;
9/18/2026 12:55:03 PM: Starting test...&#xD;
9/18/2026 12:55:03 PM: Generated random comand line args (NumEntries 100000 NumValues 249750) duration 1159ms &#xD;
9/18/2026 12:55:06 PM: Encrypted random comand line args duration 3491ms &#xD;
9/18/2026 12:55:06 PM: Checked that all random comand line args are encrypted duration 348ms &#xD;
9/18/2026 12:55:08 PM: Loaded and decrypted random comand line args with ProtectedConfigurationBuilder duration 1424ms &#xD;
9/18/2026 12:55:08 PM: Checked that 100000 entries are equal duration 359ms</StdOut>
      </Output>
    </UnitTestResult>
    <UnitTestResult executionId="fffde4ca-f455-44ad-bcc0-be37a94c53f6" testId="60df3619-3efb-dbb7-6212-6602ebf68f95" testName="Fededim.Extensions.Configuration.Protected.DataProtectionAPITest.ReverseChainedDataProtectionAPIProtectProviderTest.RandomCommandLineTest" computerName="runnervmvmocb" duration="00:00:03.8660000" startTime="2026-09-18T12:57:11.2889269+00:00" endTime="2026-09-18T12:57:11.2889269+00:00" testType="13cdc9d9-ddb5-4fa4-a97d-d965ccfc6d4b" outcome="Passed" testListId="8c84fa94-04c1-424b-9868-57a2d4851a1d" relativeResultsDirectory="fffde4ca-f455-44ad-bcc0-be37a94c53f6">
      <Output>
        <StdOut>9/18/2026 12:57:07 PM: Generating a random command line arguments with 100000 keys, autogenerated strings max length 20 and autogenerated array max length 10...&#xD;
9/18/2026 12:57:07 PM: Starting test...&#xD;
9/18/2026 12:57:07 PM: Generated random comand line args (NumEntries 100000 NumValues 249583) duration 332ms &#xD;
9/18/2026 12:57:08 PM: Encrypted random comand line args duration 1033ms &#xD;
9/18/2026 12:57:08 PM: Checked that all random comand line args are encrypted duration 68ms &#xD;
9/18/2026 12:57:11 PM: Loaded and decrypted random comand line args with ProtectedConfigurationBuilder duration 2339ms &#xD;
9/18/2026 12:57:11 PM: Checked that 100000 entries are equal duration 90ms</StdOut>
      </Output>
    </UnitTestResult>
    <UnitTestResult executionId="6f0ccff1-4b18-49ac-8bc9-785af2edf753" testId="b9bf8ed7-522c-e76a-b80e-8d05fc5adc83" testName="Fededim.Extensions.Configuration.Protected.DataProtectionAPITest.DataProtectionAPIProtectProviderTest.RandomCommandLineTest" computerName="runnervmvmocb" duration="00:00:04.4740000" startTime="2026-09-18T12:57:14.4789897+00:00" endTime="2026-09-18T12:57:14.4789897+00:00" testType="13cdc9d9-ddb5-4fa4-a97d-d965ccfc6d4b" outcome="Passed" testListId="8c84fa94-04c1-424b-9868-57a2d4851a1d" relativeResultsDirectory="6f0ccff1-4b18-49ac-8bc9-785af2edf753">
      <Output>
        <StdOut>9/18/2026 12:57:10 PM: Generating a random command line arguments with 100000 keys, autogenerated strings max length 20 and autogenerated array max length 10...&#xD;
9/18/2026 12:57:10 PM: Starting test...&#xD;
9/18/2026 12:57:10 PM: Generated random comand line args (NumEntries 100000 NumValues 248857) duration 334ms &#xD;
9/18/2026 12:57:11 PM: Encrypted random comand line args duration 1006ms &#xD;
9/18/2026 12:57:11 PM: Checked that all random comand line args are encrypted duration 85ms &#xD;
9/18/2026 12:57:13 PM: Loaded and decrypted random comand line args with ProtectedConfigurationBuilder duration 2556ms &#xD;
9/18/2026 12:57:14 PM: Checked that 100000 entries are equal duration 490ms</StdOut>
      </Output>
    </UnitTestResult>
    <UnitTestResult executionId="2c460cc1-084d-4e4b-912c-92e273ed1622" testId="a5b4138a-877c-581b-780d-3494b3972f17" testName="Fededim.Extensions.Configuration.Protected.DataProtectionAPITest.DataProtectionAPIProtectProviderTest.RandomInMemoryDictionaryTest" computerName="runnervmvmocb" duration="00:00:25.0170000" startTime="2026-09-18T12:55:18.7992775+00:00" endTime="2026-09-18T12:55:18.7992775+00:00" testType="13cdc9d9-ddb5-4fa4-a97d-d965ccfc6d4b" outcome="Passed" testListId="8c84fa94-04c1-424b-9868-57a2d4851a1d" relativeResultsDirectory="2c460cc1-084d-4e4b-912c-92e273ed1622">
      <Output>
        <StdOut>9/18/2026 12:54:53 PM: Generating a random in-memory dictionary with 100000 keys, autogenerated strings max length 20 and autogenerated array max length 10...&#xD;
9/18/2026 12:54:56 PM: Starting test...&#xD;
9/18/2026 12:54:56 PM: Generated random in-memory dictionary (NumEntries 100000 NumValues 250660) duration 2604ms &#xD;
9/18/2026 12:55:03 PM: Encrypted random in-memory dictionary duration 6920ms &#xD;
9/18/2026 12:55:03 PM: Checked that all random in-memory dictionary is encrypted duration 576ms &#xD;
9/18/2026 12:55:18 PM: Loaded and decrypted random in-memory dictionary with ProtectedConfigurationBuilder duration 00:00:14.5323565 &#xD;
9/18/2026 12:55:18 PM: Checked that 100000 entries are equal duration 379ms</StdOut>
      </Output>
    </UnitTestResult>
    <UnitTestResult executionId="27ec2e93-e362-4d92-a9a9-080611583ff9" testId="215bdca5-d044-0fe3-ab3a-2e4442ce76c5" testName="Fededim.Extensions.Configuration.Protected.DataProtectionAPITest.DataProtectionAPIProtectProviderTest.RandomJsonFileTest(useJsonWithCommentFileProcessor: False)" computerName="runnervmvmocb" duration="00:00:30.6440000" startTime="2026-09-18T12:56:48.0748550+00:00" endTime="2026-09-18T12:56:48.0748550+00:00" testType="13cdc9d9-ddb5-4fa4-a97d-d965ccfc6d4b" outcome="Passed" testListId="8c84fa94-04c1-424b-9868-57a2d4851a1d" relativeResultsDirectory="27ec2e93-e362-4d92-a9a9-080611583ff9">
      <Output>
        <StdOut>9/18/2026 12:56:17 PM: Generating a random JSON file with 100000 keys, autogenerated strings max length 20 and autogenerated array max length 10...&#xD;
9/18/2026 12:56:20 PM: File location file://D:/a/Fededim.Extensions.Configuration.Protected/Fededim.Extensions.Configuration.Protected/Fededim.Extensions.Configuration.Protected.DataProtectionAPITest/bin/Release/net462/random_d1bd22a7-f709-42f0-8390-175c90274453.json&#xD;
9/18/2026 12:56:20 PM: Generated random JSON file (NumEntries 100000 NumValues 249741 size 61499 KB) duration 3093ms &#xD;
9/18/2026 12:56:30 PM: Encrypted random JSON file (NumEntries 100000 NumValues 249741 size 87520 KB) duration 00:00:10.4718133 &#xD;
9/18/2026 12:56:33 PM: Checked that all random JSON file is encrypted duration 2476ms &#xD;
9/18/2026 12:56:46 PM: Loaded and decrypted random JSON file with ProtectedConfigurationBuilder duration 00:00:13.4766287 &#xD;
9/18/2026 12:56:48 PM: Checked that 249741 entries are equal duration 1122ms</StdOut>
      </Output>
    </UnitTestResult>
    <UnitTestResult executionId="588672cb-1931-4c3e-8f6d-ba421fe3fa90" testId="ade5454d-acc1-63ed-986a-ba08d0a9b3c4" testName="Fededim.Extensions.Configuration.Protected.DataProtectionAPITest.PassthroughProtectProviderTest.RandomJsonFileTest(useJsonWithCommentFileProcessor: False)" computerName="runnervmvmocb" duration="00:00:21.0270000" startTime="2026-09-18T12:56:15.7382028+00:00" endTime="2026-09-18T12:56:15.7382028+00:00" testType="13cdc9d9-ddb5-4fa4-a97d-d965ccfc6d4b" outcome="Passed" testListId="8c84fa94-04c1-424b-9868-57a2d4851a1d" relativeResultsDirectory="588672cb-1931-4c3e-8f6d-ba421fe3fa90">
      <Output>
        <StdOut>9/18/2026 12:55:54 PM: Generating a random JSON file with 100000 keys, autogenerated strings max length 20 and autogenerated array max length 10...&#xD;
9/18/2026 12:55:58 PM: File location file://D:/a/Fededim.Extensions.Configuration.Protected/Fededim.Extensions.Configuration.Protected/Fededim.Extensions.Configuration.Protected.DataProtectionAPITest/bin/Release/net462/random_a406d583-098a-4d02-8d5f-41d992582918.json&#xD;
9/18/2026 12:55:58 PM: Generated random JSON file (NumEntries 100000 NumValues 251145 size 59805 KB) duration 3695ms &#xD;
9/18/2026 12:56:04 PM: Encrypted random JSON file (NumEntries 100000 NumValues 251145 size 60192 KB) duration 6045ms &#xD;
9/18/2026 12:56:05 PM: Checked that all random JSON file is encrypted duration 1303ms &#xD;
9/18/2026 12:56:13 PM: Loaded and decrypted random JSON file with ProtectedConfigurationBuilder duration 7916ms &#xD;
9/18/2026 12:56:15 PM: Checked that 251145 entries are equal duration 2064ms</StdOut>
      </Output>
    </UnitTestResult>
    <UnitTestResult executionId="c21ee448-ab11-42ca-b5d8-6a9f77166adb" testId="efb735a9-3ad5-1771-1fbc-4b718376ccc7" testName="Fededim.Extensions.Configuration.Protected.DataProtectionAPITest.ReverseChainedDataProtectionAPIProtectProviderTest.RandomXmlFileTest" computerName="runnervmvmocb" duration="00:00:24.2990000" startTime="2026-09-18T12:57:05.8783129+00:00" endTime="2026-09-18T12:57:05.8783129+00:00" testType="13cdc9d9-ddb5-4fa4-a97d-d965ccfc6d4b" outcome="Passed" testListId="8c84fa94-04c1-424b-9868-57a2d4851a1d" relativeResultsDirectory="c21ee448-ab11-42ca-b5d8-6a9f77166adb">
      <Output>
        <StdOut>9/18/2026 12:56:41 PM: Generating a random XML file with 100000 keys, autogenerated strings max length 20 and autogenerated array max length 10...&#xD;
9/18/2026 12:56:44 PM: File location file://D:/a/Fededim.Extensions.Configuration.Protected/Fededim.Extensions.Configuration.Protected/Fededim.Extensions.Configuration.Protected.DataProtectionAPITest/bin/Release/net462/random_ee35826c-52e6-4594-9b11-62be1605d44d.xml&#xD;
9/18/2026 12:56:44 PM: Generated random XML file (NumEntries 100000 NumValues 250556 size 68431 KB) duration 2674ms &#xD;
9/18/2026 12:56:49 PM: Encrypted random XML file (NumEntries 100000 NumValues 250556 size 94812 KB) duration 5709ms &#xD;
9/18/2026 12:56:51 PM: Checked that all random XML file is encrypted duration 1793ms &#xD;
9/18/2026 12:57:04 PM: Loaded and decrypted random XML file with ProtectedConfigurationBuilder duration 00:00:13.2090302 &#xD;
9/18/2026 12:57:05 PM: Checked that 202642 entries are equal duration 904ms</StdOut>
      </Output>
    </UnitTestResult>
    <UnitTestResult executionId="d697aa48-0a85-4497-bbc3-947a2d5964e0" testId="dbafd3c0-547c-f72c-7714-3310b3a28f6c" testName="Fededim.Extensions.Configuration.Protected.DataProtectionAPITest.ReverseChainedDataProtectionAPIProtectProviderTest.RandomInMemoryDictionaryTest" computerName="runnervmvmocb" duration="00:00:04.1980000" startTime="2026-09-18T12:57:15.4876034+00:00" endTime="2026-09-18T12:57:15.4876034+00:00" testType="13cdc9d9-ddb5-4fa4-a97d-d965ccfc6d4b" outcome="Passed" testListId="8c84fa94-04c1-424b-9868-57a2d4851a1d" relativeResultsDirectory="d697aa48-0a85-4497-bbc3-947a2d5964e0">
      <Output>
        <StdOut>9/18/2026 12:57:11 PM: Generating a random in-memory dictionary with 100000 keys, autogenerated strings max length 20 and autogenerated array max length 10...&#xD;
9/18/2026 12:57:11 PM: Starting test...&#xD;
9/18/2026 12:57:11 PM: Generated random in-memory dictionary (NumEntries 100000 NumValues 250372) duration 411ms &#xD;
9/18/2026 12:57:12 PM: Encrypted random in-memory dictionary duration 1169ms &#xD;
9/18/2026 12:57:12 PM: Checked that all random in-memory dictionary is encrypted duration 81ms &#xD;
9/18/2026 12:57:15 PM: Loaded and decrypted random in-memory dictionary with ProtectedConfigurationBuilder duration 2472ms &#xD;
9/18/2026 12:57:15 PM: Checked that 100000 entries are equal duration 61ms</StdOut>
      </Output>
    </UnitTestResult>
    <UnitTestResult executionId="bd5e1d84-6cc1-4345-b1a0-7b49039604bf" testId="83d9d3b3-01c1-e554-7b15-bf5199894c8f" testName="Fededim.Extensions.Configuration.Protected.DataProtectionAPITest.ReverseChainedDataProtectionAPIProtectProviderTest.RandomJsonFileTest(useJsonWithCommentFileProcessor: False)" computerName="runnervmvmocb" duration="00:00:34.0340000" startTime="2026-09-18T12:56:41.5810888+00:00" endTime="2026-09-18T12:56:41.5810888+00:00" testType="13cdc9d9-ddb5-4fa4-a97d-d965ccfc6d4b" outcome="Passed" testListId="8c84fa94-04c1-424b-9868-57a2d4851a1d" relativeResultsDirectory="bd5e1d84-6cc1-4345-b1a0-7b49039604bf">
      <Output>
        <StdOut>9/18/2026 12:56:07 PM: Generating a random JSON file with 100000 keys, autogenerated strings max length 20 and autogenerated array max length 10...&#xD;
9/18/2026 12:56:10 PM: File location file://D:/a/Fededim.Extensions.Configuration.Protected/Fededim.Extensions.Configuration.Protected/Fededim.Extensions.Configuration.Protected.DataProtectionAPITest/bin/Release/net462/random_7c5f176b-a26d-487c-bc03-0207db417bdd.json&#xD;
9/18/2026 12:56:10 PM: Generated random JSON file (NumEntries 100000 NumValues 249409 size 61068 KB) duration 2878ms &#xD;
9/18/2026 12:56:18 PM: Encrypted random JSON file (NumEntries 100000 NumValues 249409 size 87079 KB) duration 7702ms &#xD;
9/18/2026 12:56:20 PM: Checked that all random JSON file is encrypted duration 2546ms &#xD;
9/18/2026 12:56:40 PM: Loaded and decrypted random JSON file with ProtectedConfigurationBuilder duration 00:00:19.3574041 &#xD;
9/18/2026 12:56:41 PM: Checked that 249409 entries are equal duration 1549ms</StdOut>
      </Output>
    </UnitTestResult>
    <UnitTestResult executionId="08880354-a4df-43a6-b53c-65fdc3d3229a" testId="f6916fa8-7335-1ac2-9bd9-068ab445ecb1" testName="Fededim.Extensions.Configuration.Protected.DataProtectionAPITest.DataProtectionAPIProtectProviderTest.RandomJsonFileTest(useJsonWithCommentFileProcessor: True)" computerName="runnervmvmocb" duration="00:00:49.0330000" startTime="2026-09-18T12:56:17.4332137+00:00" endTime="2026-09-18T12:56:17.4332137+00:00" testType="13cdc9d9-ddb5-4fa4-a97d-d965ccfc6d4b" outcome="Passed" testListId="8c84fa94-04c1-424b-9868-57a2d4851a1d" relativeResultsDirectory="08880354-a4df-43a6-b53c-65fdc3d3229a">
      <Output>
        <StdOut>9/18/2026 12:55:28 PM: Generating a random JSON file with 100000 keys, autogenerated strings max length 20 and autogenerated array max length 10...&#xD;
9/18/2026 12:55:34 PM: File location file://D:/a/Fededim.Extensions.Configuration.Protected/Fededim.Extensions.Configuration.Protected/Fededim.Extensions.Configuration.Protected.DataProtectionAPITest/bin/Release/net462/random_45d370b7-4141-4021-a757-7f82c4dc66bd.json&#xD;
9/18/2026 12:55:34 PM: Generated random JSON file (NumEntries 100000 NumValues 249839 size 51075 KB) duration 5866ms &#xD;
9/18/2026 12:55:52 PM: Encrypted random JSON file (NumEntries 100000 NumValues 249839 size 77097 KB) duration 00:00:18.1379003 &#xD;
9/18/2026 12:55:54 PM: Checked that all random JSON file is encrypted duration 2573ms &#xD;
9/18/2026 12:56:15 PM: Loaded and decrypted random JSON file with ProtectedConfigurationBuilder duration 00:00:20.1979006 &#xD;
9/18/2026 12:56:17 PM: Checked that 249839 entries are equal duration 2256ms</StdOut>
      </Output>
    </UnitTestResult>
    <UnitTestResult executionId="adfcaffb-4220-4c47-86f8-ccb0f36c5f87" testId="fd694cea-f6eb-8b2a-be1c-cfd9341efde5" testName="Fededim.Extensions.Configuration.Protected.DataProtectionAPITest.ReverseChainedPassthroughProtectProviderTest.RandomEnvironmentVariablesTest" computerName="runnervmvmocb" duration="00:00:03.1840000" startTime="2026-09-18T12:56:41.5891795+00:00" endTime="2026-09-18T12:56:41.5891795+00:00" testType="13cdc9d9-ddb5-4fa4-a97d-d965ccfc6d4b" outcome="Passed" testListId="8c84fa94-04c1-424b-9868-57a2d4851a1d" relativeResultsDirectory="adfcaffb-4220-4c47-86f8-ccb0f36c5f87">
      <Output>
        <StdOut>9/18/2026 12:56:38 PM: Generating a random environment variables 100000 keys, autogenerated strings max length 20 and autogenerated array max length 10...&#xD;
9/18/2026 12:56:40 PM: Starting test...&#xD;
9/18/2026 12:56:40 PM: Generated random environment variables (NumEntries 2000 NumValues 5054 TID 9, note that Windows has a maximum size of 32KB for all environment variables, so not all 100000 keys could be created) duration 2269ms &#xD;
9/18/2026 12:56:41 PM: Encrypted random environment variables duration 608ms &#xD;
9/18/2026 12:56:41 PM: Checked that all random environment variables are encrypted duration 6ms &#xD;
9/18/2026 12:56:41 PM: Loaded and decrypted random environment variables with ProtectedConfigurationBuilder duration 14ms &#xD;
9/18/2026 12:56:41 PM: Checked that 1603 entries are equal duration 1ms</StdOut>
      </Output>
    </UnitTestResult>
    <UnitTestResult executionId="a7e53943-a027-4793-838c-fa0477e8eac2" testId="53bdc893-11b6-05bf-6c05-1776c77b4125" testName="Fededim.Extensions.Configuration.Protected.DataProtectionAPITest.PassthroughProtectProviderTest.RandomCommandLineTest" computerName="runnervmvmocb" duration="00:00:03.2990000" startTime="2026-09-18T12:55:50.6740056+00:00" endTime="2026-09-18T12:55:50.6740056+00:00" testType="13cdc9d9-ddb5-4fa4-a97d-d965ccfc6d4b" outcome="Passed" testListId="8c84fa94-04c1-424b-9868-57a2d4851a1d" relativeResultsDirectory="a7e53943-a027-4793-838c-fa0477e8eac2">
      <Output>
        <StdOut>9/18/2026 12:55:47 PM: Generating a random command line arguments with 100000 keys, autogenerated strings max length 20 and autogenerated array max length 10...&#xD;
9/18/2026 12:55:47 PM: Starting test...&#xD;
9/18/2026 12:55:47 PM: Generated random comand line args (NumEntries 100000 NumValues 250707) duration 594ms &#xD;
9/18/2026 12:55:49 PM: Encrypted random comand line args duration 1380ms &#xD;
9/18/2026 12:55:49 PM: Checked that all random comand line args are encrypted duration 130ms &#xD;
9/18/2026 12:55:50 PM: Loaded and decrypted random comand line args with ProtectedConfigurationBuilder duration 962ms &#xD;
9/18/2026 12:55:50 PM: Checked that 100000 entries are equal duration 230ms</StdOut>
      </Output>
    </UnitTestResult>
    <UnitTestResult executionId="e53e43a6-b39a-4af4-8302-63966a0a7cdb" testId="c54c3964-5bef-c878-d4a0-6c44caf97732" testName="Fededim.Extensions.Configuration.Protected.DataProtectionAPITest.ReverseChainedPassthroughProtectProviderTest.RandomInMemoryDictionaryTest" computerName="runnervmvmocb" duration="00:00:12.0600000" startTime="2026-09-18T12:55:01.8587111+00:00" endTime="2026-09-18T12:55:01.8587111+00:00" testType="13cdc9d9-ddb5-4fa4-a97d-d965ccfc6d4b" outcome="Passed" testListId="8c84fa94-04c1-424b-9868-57a2d4851a1d" relativeResultsDirectory="e53e43a6-b39a-4af4-8302-63966a0a7cdb">
      <Output>
        <StdOut>9/18/2026 12:54:51 PM: Generating a random in-memory dictionary with 100000 keys, autogenerated strings max length 20 and autogenerated array max length 10...&#xD;
9/18/2026 12:54:53 PM: Starting test...&#xD;
9/18/2026 12:54:53 PM: Generated random in-memory dictionary (NumEntries 100000 NumValues 250202) duration 1807ms &#xD;
9/18/2026 12:54:59 PM: Encrypted random in-memory dictionary duration 5768ms &#xD;
9/18/2026 12:54:59 PM: Checked that all random in-memory dictionary is encrypted duration 330ms &#xD;
9/18/2026 12:55:01 PM: Loaded and decrypted random in-memory dictionary with ProtectedConfigurationBuilder duration 1591ms &#xD;
9/18/2026 12:55:01 PM: Checked that 100000 entries are equal duration 346ms</StdOut>
      </Output>
    </UnitTestResult>
    <UnitTestResult executionId="4e2def0e-9278-4ead-a56b-009be9cc05df" testId="f4974d5b-c288-bf3b-c0f6-abb4edc5d313" testName="Fededim.Extensions.Configuration.Protected.DataProtectionAPITest.ReverseChainedDataProtectionAPIProtectProviderTest.RandomEnvironmentVariablesTest" computerName="runnervmvmocb" duration="00:00:01.5440000" startTime="2026-09-18T12:57:07.4228955+00:00" endTime="2026-09-18T12:57:07.4228955+00:00" testType="13cdc9d9-ddb5-4fa4-a97d-d965ccfc6d4b" outcome="Passed" testListId="8c84fa94-04c1-424b-9868-57a2d4851a1d" relativeResultsDirectory="4e2def0e-9278-4ead-a56b-009be9cc05df">
      <Output>
        <StdOut>9/18/2026 12:57:05 PM: Generating a random environment variables 100000 keys, autogenerated strings max length 20 and autogenerated array max length 10...&#xD;
9/18/2026 12:57:06 PM: Starting test...&#xD;
9/18/2026 12:57:06 PM: Generated random environment variables (NumEntries 2000 NumValues 4817 TID 16, note that Windows has a maximum size of 32KB for all environment variables, so not all 100000 keys could be created) duration 463ms &#xD;
9/18/2026 12:57:06 PM: Encrypted random environment variables duration 628ms &#xD;
9/18/2026 12:57:06 PM: Checked that all random environment variables are encrypted duration 6ms &#xD;
9/18/2026 12:57:07 PM: Loaded and decrypted random environment variables with ProtectedConfigurationBuilder duration 42ms &#xD;
9/18/2026 12:57:07 PM: Checked that 1608 entries are equal duration 1ms</StdOut>
      </Output>
    </UnitTestResult>
    <UnitTestResult executionId="ceb9a4e6-94b4-45ab-8837-614be73bdb8a" testId="97ac352b-e433-e531-3210-5b085419ca0a" testName="Fededim.Extensions.Configuration.Protected.DataProtectionAPITest.DataProtectionAPIProtectProviderTest.RandomXmlFileTest" computerName="runnervmvmocb" duration="00:00:21.9300000" startTime="2026-09-18T12:57:10.0047591+00:00" endTime="2026-09-18T12:57:10.0047591+00:00" testType="13cdc9d9-ddb5-4fa4-a97d-d965ccfc6d4b" outcome="Passed" testListId="8c84fa94-04c1-424b-9868-57a2d4851a1d" relativeResultsDirectory="ceb9a4e6-94b4-45ab-8837-614be73bdb8a">
      <Output>
        <StdOut>9/18/2026 12:56:48 PM: Generating a random XML file with 100000 keys, autogenerated strings max length 20 and autogenerated array max length 10...&#xD;
9/18/2026 12:56:51 PM: File location file://D:/a/Fededim.Extensions.Configuration.Protected/Fededim.Extensions.Configuration.Protected/Fededim.Extensions.Configuration.Protected.DataProtectionAPITest/bin/Release/net462/random_017b653c-6f51-4a41-9f3c-77a8f2292f7a.xml&#xD;
9/18/2026 12:56:51 PM: Generated random XML file (NumEntries 100000 NumValues 249993 size 57967 KB) duration 3195ms &#xD;
9/18/2026 12:56:57 PM: Encrypted random XML file (NumEntries 100000 NumValues 249993 size 84314 KB) duration 6725ms &#xD;
9/18/2026 12:56:59 PM: Checked that all random XML file is encrypted duration 1111ms &#xD;
9/18/2026 12:57:09 PM: Loaded and decrypted random XML file with ProtectedConfigurationBuilder duration 00:00:10.1524177 &#xD;
9/18/2026 12:57:10 PM: Checked that 202208 entries are equal duration 744ms</StdOut>
      </Output>
    </UnitTestResult>
    <UnitTestResult executionId="0bf622a6-2692-490e-8173-37c4568c7969" testId="b51079a5-ff93-277c-c6d0-2b0eb1149993" testName="Fededim.Extensions.Configuration.Protected.DataProtectionAPITest.PassthroughProtectProviderTest.RandomEnvironmentVariablesTest" computerName="runnervmvmocb" duration="00:00:03.2100000" startTime="2026-09-18T12:56:40.3736894+00:00" endTime="2026-09-18T12:56:40.3736894+00:00" testType="13cdc9d9-ddb5-4fa4-a97d-d965ccfc6d4b" outcome="Passed" testListId="8c84fa94-04c1-424b-9868-57a2d4851a1d" relativeResultsDirectory="0bf622a6-2692-490e-8173-37c4568c7969">
      <Output>
        <StdOut>9/18/2026 12:56:37 PM: Generating a random environment variables 100000 keys, autogenerated strings max length 20 and autogenerated array max length 10...&#xD;
9/18/2026 12:56:38 PM: Starting test...&#xD;
9/18/2026 12:56:38 PM: Generated random environment variables (NumEntries 2000 NumValues 4959 TID 10, note that Windows has a maximum size of 32KB for all environment variables, so not all 100000 keys could be created) duration 869ms &#xD;
9/18/2026 12:56:39 PM: Encrypted random environment variables duration 1524ms &#xD;
9/18/2026 12:56:39 PM: Checked that all random environment variables are encrypted duration 8ms &#xD;
9/18/2026 12:56:39 PM: Loaded and decrypted random environment variables with ProtectedConfigurationBuilder duration 29ms &#xD;
9/18/2026 12:56:39 PM: Checked that 1580 entries are equal duration 1ms</StdOut>
      </Output>
    </UnitTestResult>
    <UnitTestResult executionId="fb5399ba-dbf8-4977-8bf7-423a510f02fc" testId="d2ec5ba7-d50b-7023-11ad-69c0b8299f4c" testName="Fededim.Extensions.Configuration.Protected.DataProtectionAPITest.ReverseChainedDataProtectionAPIProtectProviderTest.RandomJsonFileTest(useJsonWithCommentFileProcessor: True)" computerName="runnervmvmocb" duration="00:01:17.8160000" startTime="2026-09-18T12:56:07.5595864+00:00" endTime="2026-09-18T12:56:07.5595864+00:00" testType="13cdc9d9-ddb5-4fa4-a97d-d965ccfc6d4b" outcome="Passed" testListId="8c84fa94-04c1-424b-9868-57a2d4851a1d" relativeResultsDirectory="fb5399ba-dbf8-4977-8bf7-423a510f02fc">
      <Output>
        <StdOut>9/18/2026 12:54:52 PM: Generating a random JSON file with 100000 keys, autogenerated strings max length 20 and autogenerated array max length 10...&#xD;
9/18/2026 12:55:01 PM: File location file://D:/a/Fededim.Extensions.Configuration.Protected/Fededim.Extensions.Configuration.Protected/Fededim.Extensions.Configuration.Protected.DataProtectionAPITest/bin/Release/net462/random_ce48b57d-7568-4209-a6fe-61758a4ba7f6.json&#xD;
9/18/2026 12:55:01 PM: Generated random JSON file (NumEntries 100000 NumValues 250374 size 57022 KB) duration 9298ms &#xD;
9/18/2026 12:55:29 PM: Encrypted random JSON file (NumEntries 100000 NumValues 250374 size 83146 KB) duration 00:00:27.1405688 &#xD;
9/18/2026 12:55:34 PM: Checked that all random JSON file is encrypted duration 5437ms &#xD;
9/18/2026 12:56:05 PM: Loaded and decrypted random JSON file with ProtectedConfigurationBuilder duration 00:00:30.8300679 &#xD;
9/18/2026 12:56:07 PM: Checked that 250374 entries are equal duration 2269ms</StdOut>
      </Output>
    </UnitTestResult>
    <UnitTestResult executionId="71449b90-1fd3-49ea-bbb9-76c0c6e213e1" testId="b5fa2e2b-5ba5-fac3-aba2-27926978692e" testName="Fededim.Extensions.Configuration.Protected.DataProtectionAPITest.ReverseChainedPassthroughProtectProviderTest.RandomJsonFileTest(useJsonWithCommentFileProcessor: True)" computerName="runnervmvmocb" duration="00:00:42.4190000" startTime="2026-09-18T12:55:51.0934339+00:00" endTime="2026-09-18T12:55:51.0934339+00:00" testType="13cdc9d9-ddb5-4fa4-a97d-d965ccfc6d4b" outcome="Passed" testListId="8c84fa94-04c1-424b-9868-57a2d4851a1d" relativeResultsDirectory="71449b90-1fd3-49ea-bbb9-76c0c6e213e1">
      <Output>
        <StdOut>9/18/2026 12:55:08 PM: Generating a random JSON file with 100000 keys, autogenerated strings max length 20 and autogenerated array max length 10...&#xD;
9/18/2026 12:55:14 PM: File location file://D:/a/Fededim.Extensions.Configuration.Protected/Fededim.Extensions.Configuration.Protected/Fededim.Extensions.Configuration.Protected.DataProtectionAPITest/bin/Release/net462/random_758096bd-f6c5-43a4-91e8-80f2ea2e1d67.json&#xD;
9/18/2026 12:55:14 PM: Generated random JSON file (NumEntries 100000 NumValues 250509 size 60569 KB) duration 6038ms &#xD;
9/18/2026 12:55:26 PM: Encrypted random JSON file (NumEntries 100000 NumValues 250509 size 60955 KB) duration 00:00:12.1621484 &#xD;
9/18/2026 12:55:32 PM: Checked that all random JSON file is encrypted duration 5687ms &#xD;
9/18/2026 12:55:47 PM: Loaded and decrypted random JSON file with ProtectedConfigurationBuilder duration 00:00:14.6216729 &#xD;
9/18/2026 12:55:51 PM: Checked that 250509 entries are equal duration 3907ms</StdOut>
      </Output>
    </UnitTestResult>
    <UnitTestResult executionId="f2bb2d38-ede9-4e65-9dff-ae91923d9642" testId="dc307d4d-4502-7282-1f60-31615d2a0d24" testName="Fededim.Extensions.Configuration.Protected.DataProtectionAPITest.ReverseChainedPassthroughProtectProviderTest.RandomXmlFileTest" computerName="runnervmvmocb" duration="00:00:23.7580000" startTime="2026-09-18T12:56:38.4042470+00:00" endTime="2026-09-18T12:56:38.4042470+00:00" testType="13cdc9d9-ddb5-4fa4-a97d-d965ccfc6d4b" outcome="Passed" testListId="8c84fa94-04c1-424b-9868-57a2d4851a1d" relativeResultsDirectory="f2bb2d38-ede9-4e65-9dff-ae91923d9642">
      <Output>
        <StdOut>9/18/2026 12:56:14 PM: Generating a random XML file with 100000 keys, autogenerated strings max length 20 and autogenerated array max length 10...&#xD;
9/18/2026 12:56:20 PM: File location file://D:/a/Fededim.Extensions.Configuration.Protected/Fededim.Extensions.Configuration.Protected/Fededim.Extensions.Configuration.Protected.DataProtectionAPITest/bin/Release/net462/random_bcf79732-32b2-4aad-b3e4-7e24136a47cc.xml&#xD;
9/18/2026 12:56:20 PM: Generated random XML file (NumEntries 100000 NumValues 249517 size 59666 KB) duration 5457ms &#xD;
9/18/2026 12:56:26 PM: Encrypted random XML file (NumEntries 100000 NumValues 249517 size 60055 KB) duration 6421ms &#xD;
9/18/2026 12:56:28 PM: Checked that all random XML file is encrypted duration 1891ms &#xD;
9/18/2026 12:56:36 PM: Loaded and decrypted random XML file with ProtectedConfigurationBuilder duration 8509ms &#xD;
9/18/2026 12:56:38 PM: Checked that 201650 entries are equal duration 1477ms</StdOut>
      </Output>
    </UnitTestResult>
    <UnitTestResult executionId="6f845b5e-c3bf-4133-9e22-a05ff7d39a9f" testId="17c2c8ae-a50b-08a0-7c03-1289a54a7d68" testName="Fededim.Extensions.Configuration.Protected.DataProtectionAPITest.PassthroughProtectProviderTest.RandomXmlFileTest" computerName="runnervmvmocb" duration="00:00:57.6000000" startTime="2026-09-18T12:55:47.3773201+00:00" endTime="2026-09-18T12:55:47.3773201+00:00" testType="13cdc9d9-ddb5-4fa4-a97d-d965ccfc6d4b" outcome="Passed" testListId="8c84fa94-04c1-424b-9868-57a2d4851a1d" relativeResultsDirectory="6f845b5e-c3bf-4133-9e22-a05ff7d39a9f">
      <Output>
        <StdOut>9/18/2026 12:54:52 PM: Generating a random XML file with 100000 keys, autogenerated strings max length 20 and autogenerated array max length 10...&#xD;
9/18/2026 12:55:07 PM: File location file://D:/a/Fededim.Extensions.Configuration.Protected/Fededim.Extensions.Configuration.Protected/Fededim.Extensions.Configuration.Protected.DataProtectionAPITest/bin/Release/net462/random_9c454e91-acce-4d78-a816-24c0261c705d.xml&#xD;
9/18/2026 12:55:07 PM: Generated random XML file (NumEntries 100000 NumValues 248543 size 60744 KB) duration 00:00:15.3426866 &#xD;
9/18/2026 12:55:20 PM: Encrypted random XML file (NumEntries 100000 NumValues 248543 size 61132 KB) duration 00:00:13.4413866 &#xD;
9/18/2026 12:55:24 PM: Checked that all random XML file is encrypted duration 3229ms &#xD;
9/18/2026 12:55:44 PM: Loaded and decrypted random XML file with ProtectedConfigurationBuilder duration 00:00:20.6232475 &#xD;
9/18/2026 12:55:47 PM: Checked that 200763 entries are equal duration 2564ms</StdOut>
      </Output>
    </UnitTestResult>
    <UnitTestResult executionId="b7684eba-0d91-40ff-9eda-911af6f36b5f" testId="cf0e5a6f-eacf-e1e6-8610-cf6ad43d699c" testName="Fededim.Extensions.Configuration.Protected.DataProtectionAPITest.PassthroughProtectProviderTest.RandomJsonFileTest(useJsonWithCommentFileProcessor: True)" computerName="runnervmvmocb" duration="00:00:21.4260000" startTime="2026-09-18T12:56:37.1675716+00:00" endTime="2026-09-18T12:56:37.1675716+00:00" testType="13cdc9d9-ddb5-4fa4-a97d-d965ccfc6d4b" outcome="Passed" testListId="8c84fa94-04c1-424b-9868-57a2d4851a1d" relativeResultsDirectory="b7684eba-0d91-40ff-9eda-911af6f36b5f">
      <Output>
        <StdOut>9/18/2026 12:56:15 PM: Generating a random JSON file with 100000 keys, autogenerated strings max length 20 and autogenerated array max length 10...&#xD;
9/18/2026 12:56:18 PM: File location file://D:/a/Fededim.Extensions.Configuration.Protected/Fededim.Extensions.Configuration.Protected/Fededim.Extensions.Configuration.Protected.DataProtectionAPITest/bin/Release/net462/random_c712a570-e174-4a2e-ad6b-fb7c81da2498.json&#xD;
9/18/2026 12:56:18 PM: Generated random JSON file (NumEntries 100000 NumValues 249119 size 59653 KB) duration 2420ms &#xD;
9/18/2026 12:56:24 PM: Encrypted random JSON file (NumEntries 100000 NumValues 249119 size 60037 KB) duration 6283ms &#xD;
9/18/2026 12:56:25 PM: Checked that all random JSON file is encrypted duration 1417ms &#xD;
9/18/2026 12:56:34 PM: Loaded and decrypted random JSON file with ProtectedConfigurationBuilder duration 8948ms &#xD;
9/18/2026 12:56:37 PM: Checked that 249119 entries are equal duration 2355ms</StdOut>
      </Output>
    </UnitTestResult>
    <UnitTestResult executionId="b94f38b3-3a2e-47e0-9848-ee18c8e5e626" testId="20fa24cf-117e-2734-ecaa-01279073fded" testName="Fededim.Extensions.Configuration.Protected.DataProtectionAPITest.PassthroughProtectProviderTest.RandomInMemoryDictionaryTest" computerName="runnervmvmocb" duration="00:00:04.0370000" startTime="2026-09-18T12:55:54.7097430+00:00" endTime="2026-09-18T12:55:54.7097430+00:00" testType="13cdc9d9-ddb5-4fa4-a97d-d965ccfc6d4b" outcome="Passed" testListId="8c84fa94-04c1-424b-9868-57a2d4851a1d" relativeResultsDirectory="b94f38b3-3a2e-47e0-9848-ee18c8e5e626">
      <Output>
        <StdOut>9/18/2026 12:55:50 PM: Generating a random in-memory dictionary with 100000 keys, autogenerated strings max length 20 and autogenerated array max length 10...&#xD;
9/18/2026 12:55:51 PM: Starting test...&#xD;
9/18/2026 12:55:51 PM: Generated random in-memory dictionary (NumEntries 100000 NumValues 249344) duration 722ms &#xD;
9/18/2026 12:55:53 PM: Encrypted random in-memory dictionary duration 1661ms &#xD;
9/18/2026 12:55:53 PM: Checked that all random in-memory dictionary is encrypted duration 168ms &#xD;
9/18/2026 12:55:54 PM: Loaded and decrypted random in-memory dictionary with ProtectedConfigurationBuilder duration 1114ms &#xD;
9/18/2026 12:55:54 PM: Checked that 100000 entries are equal duration 369ms</StdOut>
      </Output>
    </UnitTestResult>
    <UnitTestResult executionId="e8cb1138-3672-4b8d-be14-d00ba77964a6" testId="b6fd352f-d0bb-6f9f-e8b5-484cb632db0b" testName="Fededim.Extensions.Configuration.Protected.DataProtectionAPITest.ReverseChainedPassthroughProtectProviderTest.RandomJsonFileTest(useJsonWithCommentFileProcessor: False)" computerName="runnervmvmocb" duration="00:00:23.5520000" startTime="2026-09-18T12:56:14.6602619+00:00" endTime="2026-09-18T12:56:14.6602619+00:00" testType="13cdc9d9-ddb5-4fa4-a97d-d965ccfc6d4b" outcome="Passed" testListId="8c84fa94-04c1-424b-9868-57a2d4851a1d" relativeResultsDirectory="e8cb1138-3672-4b8d-be14-d00ba77964a6">
      <Output>
        <StdOut>9/18/2026 12:55:51 PM: Generating a random JSON file with 100000 keys, autogenerated strings max length 20 and autogenerated array max length 10...&#xD;
9/18/2026 12:55:54 PM: File location file://D:/a/Fededim.Extensions.Configuration.Protected/Fededim.Extensions.Configuration.Protected/Fededim.Extensions.Configuration.Protected.DataProtectionAPITest/bin/Release/net462/random_fdb35358-1568-4eae-91dd-aa7ff83aba8c.json&#xD;
9/18/2026 12:55:54 PM: Generated random JSON file (NumEntries 100000 NumValues 249498 size 61174 KB) duration 3190ms &#xD;
9/18/2026 12:56:02 PM: Encrypted random JSON file (NumEntries 100000 NumValues 249498 size 61559 KB) duration 8694ms &#xD;
9/18/2026 12:56:04 PM: Checked that all random JSON file is encrypted duration 1560ms &#xD;
9/18/2026 12:56:12 PM: Loaded and decrypted random JSON file with ProtectedConfigurationBuilder duration 8168ms &#xD;
9/18/2026 12:56:14 PM: Checked that 249498 entries are equal duration 1935ms</StdOut>
      </Output>
    </UnitTestResult>
    <UnitTestResult executionId="54cb0d16-742d-487a-82ec-e00c875c8974" testId="f352b3e4-d8b2-0588-46bb-043afb7266c1" testName="Fededim.Extensions.Configuration.Protected.DataProtectionAPITest.DataProtectionAPIProtectProviderTest.RandomEnvironmentVariablesTest" computerName="runnervmvmocb" duration="00:00:09.6010000" startTime="2026-09-18T12:55:28.3960184+00:00" endTime="2026-09-18T12:55:28.3960184+00:00" testType="13cdc9d9-ddb5-4fa4-a97d-d965ccfc6d4b" outcome="Passed" testListId="8c84fa94-04c1-424b-9868-57a2d4851a1d" relativeResultsDirectory="54cb0d16-742d-487a-82ec-e00c875c8974">
      <Output>
        <StdOut>9/18/2026 12:55:18 PM: Generating a random environment variables 100000 keys, autogenerated strings max length 20 and autogenerated array max length 10...&#xD;
9/18/2026 12:55:21 PM: Starting test...&#xD;
9/18/2026 12:55:21 PM: Generated random environment variables (NumEntries 2000 NumValues 4724 TID 17, note that Windows has a maximum size of 32KB for all environment variables, so not all 100000 keys could be created) duration 2231ms &#xD;
9/18/2026 12:55:24 PM: Encrypted random environment variables duration 3565ms &#xD;
9/18/2026 12:55:24 PM: Checked that all random environment variables are encrypted duration 13ms &#xD;
9/18/2026 12:55:25 PM: Loaded and decrypted random environment variables with ProtectedConfigurationBuilder duration 402ms &#xD;
9/18/2026 12:55:25 PM: Checked that 1585 entries are equal duration 47ms</StdOut>
      </Output>
    </UnitTestResult>
  </Results>
  <TestDefinitions>
    <UnitTest name="Fededim.Extensions.Configuration.Protected.DataProtectionAPITest.ReverseChainedDataProtectionAPIProtectProviderTest.RandomCommandLineTest" storage="d:\a\fededim.extensions.configuration.protected\fededim.extensions.configuration.protected\fededim.extensions.configuration.protected.dataprotectionapitest\bin\release\net462\fededim.extensions.configuration.protected.dataprotectionapitest.dll" id="60df3619-3efb-dbb7-6212-6602ebf68f95">
      <Execution id="fffde4ca-f455-44ad-bcc0-be37a94c53f6" />
      <TestMethod codeBase="D:\a\Fededim.Extensions.Configuration.Protected\Fededim.Extensions.Configuration.Protected\Fededim.Extensions.Configuration.Protected.DataProtectionAPITest\bin\Release\net462\Fededim.Extensions.Configuration.Protected.DataProtectionAPITest.dll" adapterTypeName="executor://xunit/VsTestRunner2/net" className="Fededim.Extensions.Configuration.Protected.DataProtectionAPITest.ReverseChainedDataProtectionAPIProtectProviderTest" name="RandomCommandLineTest" />
    </UnitTest>
    <UnitTest name="Fededim.Extensions.Configuration.Protected.DataProtectionAPITest.DataProtectionAPIProtectProviderTest.RandomXmlFileTest" storage="d:\a\fededim.extensions.configuration.protected\fededim.extensions.configuration.protected\fededim.extensions.configuration.protected.dataprotectionapitest\bin\release\net462\fededim.extensions.configuration.protected.dataprotectionapitest.dll" id="97ac352b-e433-e531-3210-5b085419ca0a">
      <Execution id="ceb9a4e6-94b4-45ab-8837-614be73bdb8a" />
      <TestMethod codeBase="D:\a\Fededim.Extensions.Configuration.Protected\Fededim.Extensions.Configuration.Protected\Fededim.Extensions.Configuration.Protected.DataProtectionAPITest\bin\Release\net462\Fededim.Extensions.Configuration.Protected.DataProtectionAPITest.dll" adapterTypeName="executor://xunit/VsTestRunner2/net" className="Fededim.Extensions.Configuration.Protected.DataProtectionAPITest.DataProtectionAPIProtectProviderTest" name="RandomXmlFileTest" />
    </UnitTest>
    <UnitTest name="Fededim.Extensions.Configuration.Protected.DataProtectionAPITest.PassthroughProtectProviderTest.RandomCommandLineTest" storage="d:\a\fededim.extensions.configuration.protected\fededim.extensions.configuration.protected\fededim.extensions.configuration.protected.dataprotectionapitest\bin\release\net462\fededim.extensions.configuration.protected.dataprotectionapitest.dll" id="53bdc893-11b6-05bf-6c05-1776c77b4125">
      <Execution id="a7e53943-a027-4793-838c-fa0477e8eac2" />
      <TestMethod codeBase="D:\a\Fededim.Extensions.Configuration.Protected\Fededim.Extensions.Configuration.Protected\Fededim.Extensions.Configuration.Protected.DataProtectionAPITest\bin\Release\net462\Fededim.Extensions.Configuration.Protected.DataProtectionAPITest.dll" adapterTypeName="executor://xunit/VsTestRunner2/net" className="Fededim.Extensions.Configuration.Protected.DataProtectionAPITest.PassthroughProtectProviderTest" name="RandomCommandLineTest" />
    </UnitTest>
    <UnitTest name="Fededim.Extensions.Configuration.Protected.DataProtectionAPITest.ReverseChainedPassthroughProtectProviderTest.RandomXmlFileTest" storage="d:\a\fededim.extensions.configuration.protected\fededim.extensions.configuration.protected\fededim.extensions.configuration.protected.dataprotectionapitest\bin\release\net462\fededim.extensions.configuration.protected.dataprotectionapitest.dll" id="dc307d4d-4502-7282-1f60-31615d2a0d24">
      <Execution id="f2bb2d38-ede9-4e65-9dff-ae91923d9642" />
      <TestMethod codeBase="D:\a\Fededim.Extensions.Configuration.Protected\Fededim.Extensions.Configuration.Protected\Fededim.Extensions.Configuration.Protected.DataProtectionAPITest\bin\Release\net462\Fededim.Extensions.Configuration.Protected.DataProtectionAPITest.dll" adapterTypeName="executor://xunit/VsTestRunner2/net" className="Fededim.Extensions.Configuration.Protected.DataProtectionAPITest.ReverseChainedPassthroughProtectProviderTest" name="RandomXmlFileTest" />
    </UnitTest>
    <UnitTest name="Fededim.Extensions.Configuration.Protected.DataProtectionAPITest.PassthroughProtectProviderTest.RandomJsonFileTest(useJsonWithCommentFileProcessor: True)" storage="d:\a\fededim.extensions.configuration.protected\fededim.extensions.configuration.protected\fededim.extensions.configuration.protected.dataprotectionapitest\bin\release\net462\fededim.extensions.configuration.protected.dataprotectionapitest.dll" id="cf0e5a6f-eacf-e1e6-8610-cf6ad43d699c">
      <Execution id="b7684eba-0d91-40ff-9eda-911af6f36b5f" />
      <TestMethod codeBase="D:\a\Fededim.Extensions.Configuration.Protected\Fededim.Extensions.Configuration.Protected\Fededim.Extensions.Configuration.Protected.DataProtectionAPITest\bin\Release\net462\Fededim.Extensions.Configuration.Protected.DataProtectionAPITest.dll" adapterTypeName="executor://xunit/VsTestRunner2/net" className="Fededim.Extensions.Configuration.Protected.DataProtectionAPITest.PassthroughProtectProviderTest" name="RandomJsonFileTest" />
    </UnitTest>
    <UnitTest name="Fededim.Extensions.Configuration.Protected.DataProtectionAPITest.ReverseChainedDataProtectionAPIProtectProviderTest.RandomInMemoryDictionaryTest" storage="d:\a\fededim.extensions.configuration.protected\fededim.extensions.configuration.protected\fededim.extensions.configuration.protected.dataprotectionapitest\bin\release\net462\fededim.extensions.configuration.protected.dataprotectionapitest.dll" id="dbafd3c0-547c-f72c-7714-3310b3a28f6c">
      <Execution id="d697aa48-0a85-4497-bbc3-947a2d5964e0" />
      <TestMethod codeBase="D:\a\Fededim.Extensions.Configuration.Protected\Fededim.Extensions.Configuration.Protected\Fededim.Extensions.Configuration.Protected.DataProtectionAPITest\bin\Release\net462\Fededim.Extensions.Configuration.Protected.DataProtectionAPITest.dll" adapterTypeName="executor://xunit/VsTestRunner2/net" className="Fededim.Extensions.Configuration.Protected.DataProtectionAPITest.ReverseChainedDataProtectionAPIProtectProviderTest" name="RandomInMemoryDictionaryTest" />
    </UnitTest>
    <UnitTest name="Fededim.Extensions.Configuration.Protected.DataProtectionAPITest.PassthroughProtectProviderTest.RandomXmlFileTest" storage="d:\a\fededim.extensions.configuration.protected\fededim.extensions.configuration.protected\fededim.extensions.configuration.protected.dataprotectionapitest\bin\release\net462\fededim.extensions.configuration.protected.dataprotectionapitest.dll" id="17c2c8ae-a50b-08a0-7c03-1289a54a7d68">
      <Execution id="6f845b5e-c3bf-4133-9e22-a05ff7d39a9f" />
      <TestMethod codeBase="D:\a\Fededim.Extensions.Configuration.Protected\Fededim.Extensions.Configuration.Protected\Fededim.Extensions.Configuration.Protected.DataProtectionAPITest\bin\Release\net462\Fededim.Extensions.Configuration.Protected.DataProtectionAPITest.dll" adapterTypeName="executor://xunit/VsTestRunner2/net" className="Fededim.Extensions.Configuration.Protected.DataProtectionAPITest.PassthroughProtectProviderTest" name="RandomXmlFileTest" />
    </UnitTest>
    <UnitTest name="Fededim.Extensions.Configuration.Protected.DataProtectionAPITest.ReverseChainedPassthroughProtectProviderTest.RandomEnvironmentVariablesTest" storage="d:\a\fededim.extensions.configuration.protected\fededim.extensions.configuration.protected\fededim.extensions.configuration.protected.dataprotectionapitest\bin\release\net462\fededim.extensions.configuration.protected.dataprotectionapitest.dll" id="fd694cea-f6eb-8b2a-be1c-cfd9341efde5">
      <Execution id="adfcaffb-4220-4c47-86f8-ccb0f36c5f87" />
      <TestMethod codeBase="D:\a\Fededim.Extensions.Configuration.Protected\Fededim.Extensions.Configuration.Protected\Fededim.Extensions.Configuration.Protected.DataProtectionAPITest\bin\Release\net462\Fededim.Extensions.Configuration.Protected.DataProtectionAPITest.dll" adapterTypeName="executor://xunit/VsTestRunner2/net" className="Fededim.Extensions.Configuration.Protected.DataProtectionAPITest.ReverseChainedPassthroughProtectProviderTest" name="RandomEnvironmentVariablesTest" />
    </UnitTest>
    <UnitTest name="Fededim.Extensions.Configuration.Protected.DataProtectionAPITest.DataProtectionAPIProtectProviderTest.RandomInMemoryDictionaryTest" storage="d:\a\fededim.extensions.configuration.protected\fededim.extensions.configuration.protected\fededim.extensions.configuration.protected.dataprotectionapitest\bin\release\net462\fededim.extensions.configuration.protected.dataprotectionapitest.dll" id="a5b4138a-877c-581b-780d-3494b3972f17">
      <Execution id="2c460cc1-084d-4e4b-912c-92e273ed1622" />
      <TestMethod codeBase="D:\a\Fededim.Extensions.Configuration.Protected\Fededim.Extensions.Configuration.Protected\Fededim.Extensions.Configuration.Protected.DataProtectionAPITest\bin\Release\net462\Fededim.Extensions.Configuration.Protected.DataProtectionAPITest.dll" adapterTypeName="executor://xunit/VsTestRunner2/net" className="Fededim.Extensions.Configuration.Protected.DataProtectionAPITest.DataProtectionAPIProtectProviderTest" name="RandomInMemoryDictionaryTest" />
    </UnitTest>
    <UnitTest name="Fededim.Extensions.Configuration.Protected.DataProtectionAPITest.PassthroughProtectProviderTest.RandomEnvironmentVariablesTest" storage="d:\a\fededim.extensions.configuration.protected\fededim.extensions.configuration.protected\fededim.extensions.configuration.protected.dataprotectionapitest\bin\release\net462\fededim.extensions.configuration.protected.dataprotectionapitest.dll" id="b51079a5-ff93-277c-c6d0-2b0eb1149993">
      <Execution id="0bf622a6-2692-490e-8173-37c4568c7969" />
      <TestMethod codeBase="D:\a\Fededim.Extensions.Configuration.Protected\Fededim.Extensions.Configuration.Protected\Fededim.Extensions.Configuration.Protected.DataProtectionAPITest\bin\Release\net462\Fededim.Extensions.Configuration.Protected.DataProtectionAPITest.dll" adapterTypeName="executor://xunit/VsTestRunner2/net" className="Fededim.Extensions.Configuration.Protected.DataProtectionAPITest.PassthroughProtectProviderTest" name="RandomEnvironmentVariablesTest" />
    </UnitTest>
    <UnitTest name="Fededim.Extensions.Configuration.Protected.DataProtectionAPITest.ReverseChainedPassthroughProtectProviderTest.RandomJsonFileTest(useJsonWithCommentFileProcessor: True)" storage="d:\a\fededim.extensions.configuration.protected\fededim.extensions.configuration.protected\fededim.extensions.configuration.protected.dataprotectionapitest\bin\release\net462\fededim.extensions.configuration.protected.dataprotectionapitest.dll" id="b5fa2e2b-5ba5-fac3-aba2-27926978692e">
      <Execution id="71449b90-1fd3-49ea-bbb9-76c0c6e213e1" />
      <TestMethod codeBase="D:\a\Fededim.Extensions.Configuration.Protected\Fededim.Extensions.Configuration.Protected\Fededim.Extensions.Configuration.Protected.DataProtectionAPITest\bin\Release\net462\Fededim.Extensions.Configuration.Protected.DataProtectionAPITest.dll" adapterTypeName="executor://xunit/VsTestRunner2/net" className="Fededim.Extensions.Configuration.Protected.DataProtectionAPITest.ReverseChainedPassthroughProtectProviderTest" name="RandomJsonFileTest" />
    </UnitTest>
    <UnitTest name="Fededim.Extensions.Configuration.Protected.DataProtectionAPITest.DataProtectionAPIProtectProviderTest.RandomEnvironmentVariablesTest" storage="d:\a\fededim.extensions.configuration.protected\fededim.extensions.configuration.protected\fededim.extensions.configuration.protected.dataprotectionapitest\bin\release\net462\fededim.extensions.configuration.protected.dataprotectionapitest.dll" id="f352b3e4-d8b2-0588-46bb-043afb7266c1">
      <Execution id="54cb0d16-742d-487a-82ec-e00c875c8974" />
      <TestMethod codeBase="D:\a\Fededim.Extensions.Configuration.Protected\Fededim.Extensions.Configuration.Protected\Fededim.Extensions.Configuration.Protected.DataProtectionAPITest\bin\Release\net462\Fededim.Extensions.Configuration.Protected.DataProtectionAPITest.dll" adapterTypeName="executor://xunit/VsTestRunner2/net" className="Fededim.Extensions.Configuration.Protected.DataProtectionAPITest.DataProtectionAPIProtectProviderTest" name="RandomEnvironmentVariablesTest" />
    </UnitTest>
    <UnitTest name="Fededim.Extensions.Configuration.Protected.DataProtectionAPITest.ReverseChainedPassthroughProtectProviderTest.RandomCommandLineTest" storage="d:\a\fededim.extensions.configuration.protected\fededim.extensions.configuration.protected\fededim.extensions.configuration.protected.dataprotectionapitest\bin\release\net462\fededim.extensions.configuration.protected.dataprotectionapitest.dll" id="21abf860-ed3d-2e49-4a1e-a39daf2ff1b2">
      <Execution id="2985c3aa-89a2-4cb2-828c-fcd35191802d" />
      <TestMethod codeBase="D:\a\Fededim.Extensions.Configuration.Protected\Fededim.Extensions.Configuration.Protected\Fededim.Extensions.Configuration.Protected.DataProtectionAPITest\bin\Release\net462\Fededim.Extensions.Configuration.Protected.DataProtectionAPITest.dll" adapterTypeName="executor://xunit/VsTestRunner2/net" className="Fededim.Extensions.Configuration.Protected.DataProtectionAPITest.ReverseChainedPassthroughProtectProviderTest" name="RandomCommandLineTest" />
    </UnitTest>
    <UnitTest name="Fededim.Extensions.Configuration.Protected.DataProtectionAPITest.DataProtectionAPIProtectProviderTest.RandomJsonFileTest(useJsonWithCommentFileProcessor: True)" storage="d:\a\fededim.extensions.configuration.protected\fededim.extensions.configuration.protected\fededim.extensions.configuration.protected.dataprotectionapitest\bin\release\net462\fededim.extensions.configuration.protected.dataprotectionapitest.dll" id="f6916fa8-7335-1ac2-9bd9-068ab445ecb1">
      <Execution id="08880354-a4df-43a6-b53c-65fdc3d3229a" />
      <TestMethod codeBase="D:\a\Fededim.Extensions.Configuration.Protected\Fededim.Extensions.Configuration.Protected\Fededim.Extensions.Configuration.Protected.DataProtectionAPITest\bin\Release\net462\Fededim.Extensions.Configuration.Protected.DataProtectionAPITest.dll" adapterTypeName="executor://xunit/VsTestRunner2/net" className="Fededim.Extensions.Configuration.Protected.DataProtectionAPITest.DataProtectionAPIProtectProviderTest" name="RandomJsonFileTest" />
    </UnitTest>
    <UnitTest name="Fededim.Extensions.Configuration.Protected.DataProtectionAPITest.DataProtectionAPIProtectProviderTest.RandomCommandLineTest" storage="d:\a\fededim.extensions.configuration.protected\fededim.extensions.configuration.protected\fededim.extensions.configuration.protected.dataprotectionapitest\bin\release\net462\fededim.extensions.configuration.protected.dataprotectionapitest.dll" id="b9bf8ed7-522c-e76a-b80e-8d05fc5adc83">
      <Execution id="6f0ccff1-4b18-49ac-8bc9-785af2edf753" />
      <TestMethod codeBase="D:\a\Fededim.Extensions.Configuration.Protected\Fededim.Extensions.Configuration.Protected\Fededim.Extensions.Configuration.Protected.DataProtectionAPITest\bin\Release\net462\Fededim.Extensions.Configuration.Protected.DataProtectionAPITest.dll" adapterTypeName="executor://xunit/VsTestRunner2/net" className="Fededim.Extensions.Configuration.Protected.DataProtectionAPITest.DataProtectionAPIProtectProviderTest" name="RandomCommandLineTest" />
    </UnitTest>
    <UnitTest name="Fededim.Extensions.Configuration.Protected.DataProtectionAPITest.ReverseChainedDataProtectionAPIProtectProviderTest.RandomJsonFileTest(useJsonWithCommentFileProcessor: True)" storage="d:\a\fededim.extensions.configuration.protected\fededim.extensions.configuration.protected\fededim.extensions.configuration.protected.dataprotectionapitest\bin\release\net462\fededim.extensions.configuration.protected.dataprotectionapitest.dll" id="d2ec5ba7-d50b-7023-11ad-69c0b8299f4c">
      <Execution id="fb5399ba-dbf8-4977-8bf7-423a510f02fc" />
      <TestMethod codeBase="D:\a\Fededim.Extensions.Configuration.Protected\Fededim.Extensions.Configuration.Protected\Fededim.Extensions.Configuration.Protected.DataProtectionAPITest\bin\Release\net462\Fededim.Extensions.Configuration.Protected.DataProtectionAPITest.dll" adapterTypeName="executor://xunit/VsTestRunner2/net" className="Fededim.Extensions.Configuration.Protected.DataProtectionAPITest.ReverseChainedDataProtectionAPIProtectProviderTest" name="RandomJsonFileTest" />
    </UnitTest>
    <UnitTest name="Fededim.Extensions.Configuration.Protected.DataProtectionAPITest.PassthroughProtectProviderTest.RandomJsonFileTest(useJsonWithCommentFileProcessor: False)" storage="d:\a\fededim.extensions.configuration.protected\fededim.extensions.configuration.protected\fededim.extensions.configuration.protected.dataprotectionapitest\bin\release\net462\fededim.extensions.configuration.protected.dataprotectionapitest.dll" id="ade5454d-acc1-63ed-986a-ba08d0a9b3c4">
      <Execution id="588672cb-1931-4c3e-8f6d-ba421fe3fa90" />
      <TestMethod codeBase="D:\a\Fededim.Extensions.Configuration.Protected\Fededim.Extensions.Configuration.Protected\Fededim.Extensions.Configuration.Protected.DataProtectionAPITest\bin\Release\net462\Fededim.Extensions.Configuration.Protected.DataProtectionAPITest.dll" adapterTypeName="executor://xunit/VsTestRunner2/net" className="Fededim.Extensions.Configuration.Protected.DataProtectionAPITest.PassthroughProtectProviderTest" name="RandomJsonFileTest" />
    </UnitTest>
    <UnitTest name="Fededim.Extensions.Configuration.Protected.DataProtectionAPITest.ReverseChainedPassthroughProtectProviderTest.RandomJsonFileTest(useJsonWithCommentFileProcessor: False)" storage="d:\a\fededim.extensions.configuration.protected\fededim.extensions.configuration.protected\fededim.extensions.configuration.protected.dataprotectionapitest\bin\release\net462\fededim.extensions.configuration.protected.dataprotectionapitest.dll" id="b6fd352f-d0bb-6f9f-e8b5-484cb632db0b">
      <Execution id="e8cb1138-3672-4b8d-be14-d00ba77964a6" />
      <TestMethod codeBase="D:\a\Fededim.Extensions.Configuration.Protected\Fededim.Extensions.Configuration.Protected\Fededim.Extensions.Configuration.Protected.DataProtectionAPITest\bin\Release\net462\Fededim.Extensions.Configuration.Protected.DataProtectionAPITest.dll" adapterTypeName="executor://xunit/VsTestRunner2/net" className="Fededim.Extensions.Configuration.Protected.DataProtectionAPITest.ReverseChainedPassthroughProtectProviderTest" name="RandomJsonFileTest" />
    </UnitTest>
    <UnitTest name="Fededim.Extensions.Configuration.Protected.DataProtectionAPITest.DataProtectionAPIProtectProviderTest.RandomJsonFileTest(useJsonWithCommentFileProcessor: False)" storage="d:\a\fededim.extensions.configuration.protected\fededim.extensions.configuration.protected\fededim.extensions.configuration.protected.dataprotectionapitest\bin\release\net462\fededim.extensions.configuration.protected.dataprotectionapitest.dll" id="215bdca5-d044-0fe3-ab3a-2e4442ce76c5">
      <Execution id="27ec2e93-e362-4d92-a9a9-080611583ff9" />
      <TestMethod codeBase="D:\a\Fededim.Extensions.Configuration.Protected\Fededim.Extensions.Configuration.Protected\Fededim.Extensions.Configuration.Protected.DataProtectionAPITest\bin\Release\net462\Fededim.Extensions.Configuration.Protected.DataProtectionAPITest.dll" adapterTypeName="executor://xunit/VsTestRunner2/net" className="Fededim.Extensions.Configuration.Protected.DataProtectionAPITest.DataProtectionAPIProtectProviderTest" name="RandomJsonFileTest" />
    </UnitTest>
    <UnitTest name="Fededim.Extensions.Configuration.Protected.DataProtectionAPITest.ReverseChainedPassthroughProtectProviderTest.RandomInMemoryDictionaryTest" storage="d:\a\fededim.extensions.configuration.protected\fededim.extensions.configuration.protected\fededim.extensions.configuration.protected.dataprotectionapitest\bin\release\net462\fededim.extensions.configuration.protected.dataprotectionapitest.dll" id="c54c3964-5bef-c878-d4a0-6c44caf97732">
      <Execution id="e53e43a6-b39a-4af4-8302-63966a0a7cdb" />
      <TestMethod codeBase="D:\a\Fededim.Extensions.Configuration.Protected\Fededim.Extensions.Configuration.Protected\Fededim.Extensions.Configuration.Protected.DataProtectionAPITest\bin\Release\net462\Fededim.Extensions.Configuration.Protected.DataProtectionAPITest.dll" adapterTypeName="executor://xunit/VsTestRunner2/net" className="Fededim.Extensions.Configuration.Protected.DataProtectionAPITest.ReverseChainedPassthroughProtectProviderTest" name="RandomInMemoryDictionaryTest" />
    </UnitTest>
    <UnitTest name="Fededim.Extensions.Configuration.Protected.DataProtectionAPITest.ReverseChainedDataProtectionAPIProtectProviderTest.RandomJsonFileTest(useJsonWithCommentFileProcessor: False)" storage="d:\a\fededim.extensions.configuration.protected\fededim.extensions.configuration.protected\fededim.extensions.configuration.protected.dataprotectionapitest\bin\release\net462\fededim.extensions.configuration.protected.dataprotectionapitest.dll" id="83d9d3b3-01c1-e554-7b15-bf5199894c8f">
      <Execution id="bd5e1d84-6cc1-4345-b1a0-7b49039604bf" />
      <TestMethod codeBase="D:\a\Fededim.Extensions.Configuration.Protected\Fededim.Extensions.Configuration.Protected\Fededim.Extensions.Configuration.Protected.DataProtectionAPITest\bin\Release\net462\Fededim.Extensions.Configuration.Protected.DataProtectionAPITest.dll" adapterTypeName="executor://xunit/VsTestRunner2/net" className="Fededim.Extensions.Configuration.Protected.DataProtectionAPITest.ReverseChainedDataProtectionAPIProtectProviderTest" name="RandomJsonFileTest" />
    </UnitTest>
    <UnitTest name="Fededim.Extensions.Configuration.Protected.DataProtectionAPITest.ReverseChainedDataProtectionAPIProtectProviderTest.RandomEnvironmentVariablesTest" storage="d:\a\fededim.extensions.configuration.protected\fededim.extensions.configuration.protected\fededim.extensions.configuration.protected.dataprotectionapitest\bin\release\net462\fededim.extensions.configuration.protected.dataprotectionapitest.dll" id="f4974d5b-c288-bf3b-c0f6-abb4edc5d313">
      <Execution id="4e2def0e-9278-4ead-a56b-009be9cc05df" />
      <TestMethod codeBase="D:\a\Fededim.Extensions.Configuration.Protected\Fededim.Extensions.Configuration.Protected\Fededim.Extensions.Configuration.Protected.DataProtectionAPITest\bin\Release\net462\Fededim.Extensions.Configuration.Protected.DataProtectionAPITest.dll" adapterTypeName="executor://xunit/VsTestRunner2/net" className="Fededim.Extensions.Configuration.Protected.DataProtectionAPITest.ReverseChainedDataProtectionAPIProtectProviderTest" name="RandomEnvironmentVariablesTest" />
    </UnitTest>
    <UnitTest name="Fededim.Extensions.Configuration.Protected.DataProtectionAPITest.ReverseChainedDataProtectionAPIProtectProviderTest.RandomXmlFileTest" storage="d:\a\fededim.extensions.configuration.protected\fededim.extensions.configuration.protected\fededim.extensions.configuration.protected.dataprotectionapitest\bin\release\net462\fededim.extensions.configuration.protected.dataprotectionapitest.dll" id="efb735a9-3ad5-1771-1fbc-4b718376ccc7">
      <Execution id="c21ee448-ab11-42ca-b5d8-6a9f77166adb" />
      <TestMethod codeBase="D:\a\Fededim.Extensions.Configuration.Protected\Fededim.Extensions.Configuration.Protected\Fededim.Extensions.Configuration.Protected.DataProtectionAPITest\bin\Release\net462\Fededim.Extensions.Configuration.Protected.DataProtectionAPITest.dll" adapterTypeName="executor://xunit/VsTestRunner2/net" className="Fededim.Extensions.Configuration.Protected.DataProtectionAPITest.ReverseChainedDataProtectionAPIProtectProviderTest" name="RandomXmlFileTest" />
    </UnitTest>
    <UnitTest name="Fededim.Extensions.Configuration.Protected.DataProtectionAPITest.PassthroughProtectProviderTest.RandomInMemoryDictionaryTest" storage="d:\a\fededim.extensions.configuration.protected\fededim.extensions.configuration.protected\fededim.extensions.configuration.protected.dataprotectionapitest\bin\release\net462\fededim.extensions.configuration.protected.dataprotectionapitest.dll" id="20fa24cf-117e-2734-ecaa-01279073fded">
      <Execution id="b94f38b3-3a2e-47e0-9848-ee18c8e5e626" />
      <TestMethod codeBase="D:\a\Fededim.Extensions.Configuration.Protected\Fededim.Extensions.Configuration.Protected\Fededim.Extensions.Configuration.Protected.DataProtectionAPITest\bin\Release\net462\Fededim.Extensions.Configuration.Protected.DataProtectionAPITest.dll" adapterTypeName="executor://xunit/VsTestRunner2/net" className="Fededim.Extensions.Configuration.Protected.DataProtectionAPITest.PassthroughProtectProviderTest" name="RandomInMemoryDictionaryTest" />
    </UnitTest>
  </TestDefinitions>
  <TestEntries>
    <TestEntry testId="21abf860-ed3d-2e49-4a1e-a39daf2ff1b2" executionId="2985c3aa-89a2-4cb2-828c-fcd35191802d" testListId="8c84fa94-04c1-424b-9868-57a2d4851a1d" />
    <TestEntry testId="60df3619-3efb-dbb7-6212-6602ebf68f95" executionId="fffde4ca-f455-44ad-bcc0-be37a94c53f6" testListId="8c84fa94-04c1-424b-9868-57a2d4851a1d" />
    <TestEntry testId="b9bf8ed7-522c-e76a-b80e-8d05fc5adc83" executionId="6f0ccff1-4b18-49ac-8bc9-785af2edf753" testListId="8c84fa94-04c1-424b-9868-57a2d4851a1d" />
    <TestEntry testId="a5b4138a-877c-581b-780d-3494b3972f17" executionId="2c460cc1-084d-4e4b-912c-92e273ed1622" testListId="8c84fa94-04c1-424b-9868-57a2d4851a1d" />
    <TestEntry testId="215bdca5-d044-0fe3-ab3a-2e4442ce76c5" executionId="27ec2e93-e362-4d92-a9a9-080611583ff9" testListId="8c84fa94-04c1-424b-9868-57a2d4851a1d" />
    <TestEntry testId="ade5454d-acc1-63ed-986a-ba08d0a9b3c4" executionId="588672cb-1931-4c3e-8f6d-ba421fe3fa90" testListId="8c84fa94-04c1-424b-9868-57a2d4851a1d" />
    <TestEntry testId="efb735a9-3ad5-1771-1fbc-4b718376ccc7" executionId="c21ee448-ab11-42ca-b5d8-6a9f77166adb" testListId="8c84fa94-04c1-424b-9868-57a2d4851a1d" />
    <TestEntry testId="dbafd3c0-547c-f72c-7714-3310b3a28f6c" executionId="d697aa48-0a85-4497-bbc3-947a2d5964e0" testListId="8c84fa94-04c1-424b-9868-57a2d4851a1d" />
    <TestEntry testId="83d9d3b3-01c1-e554-7b15-bf5199894c8f" executionId="bd5e1d84-6cc1-4345-b1a0-7b49039604bf" testListId="8c84fa94-04c1-424b-9868-57a2d4851a1d" />
    <TestEntry testId="f6916fa8-7335-1ac2-9bd9-068ab445ecb1" executionId="08880354-a4df-43a6-b53c-65fdc3d3229a" testListId="8c84fa94-04c1-424b-9868-57a2d4851a1d" />
    <TestEntry testId="fd694cea-f6eb-8b2a-be1c-cfd9341efde5" executionId="adfcaffb-4220-4c47-86f8-ccb0f36c5f87" testListId="8c84fa94-04c1-424b-9868-57a2d4851a1d" />
    <TestEntry testId="53bdc893-11b6-05bf-6c05-1776c77b4125" executionId="a7e53943-a027-4793-838c-fa0477e8eac2" testListId="8c84fa94-04c1-424b-9868-57a2d4851a1d" />
    <TestEntry testId="c54c3964-5bef-c878-d4a0-6c44caf97732" executionId="e53e43a6-b39a-4af4-8302-63966a0a7cdb" testListId="8c84fa94-04c1-424b-9868-57a2d4851a1d" />
    <TestEntry testId="f4974d5b-c288-bf3b-c0f6-abb4edc5d313" executionId="4e2def0e-9278-4ead-a56b-009be9cc05df" testListId="8c84fa94-04c1-424b-9868-57a2d4851a1d" />
    <TestEntry testId="97ac352b-e433-e531-3210-5b085419ca0a" executionId="ceb9a4e6-94b4-45ab-8837-614be73bdb8a" testListId="8c84fa94-04c1-424b-9868-57a2d4851a1d" />
    <TestEntry testId="b51079a5-ff93-277c-c6d0-2b0eb1149993" executionId="0bf622a6-2692-490e-8173-37c4568c7969" testListId="8c84fa94-04c1-424b-9868-57a2d4851a1d" />
    <TestEntry testId="d2ec5ba7-d50b-7023-11ad-69c0b8299f4c" executionId="fb5399ba-dbf8-4977-8bf7-423a510f02fc" testListId="8c84fa94-04c1-424b-9868-57a2d4851a1d" />
    <TestEntry testId="b5fa2e2b-5ba5-fac3-aba2-27926978692e" executionId="71449b90-1fd3-49ea-bbb9-76c0c6e213e1" testListId="8c84fa94-04c1-424b-9868-57a2d4851a1d" />
    <TestEntry testId="dc307d4d-4502-7282-1f60-31615d2a0d24" executionId="f2bb2d38-ede9-4e65-9dff-ae91923d9642" testListId="8c84fa94-04c1-424b-9868-57a2d4851a1d" />
    <TestEntry testId="17c2c8ae-a50b-08a0-7c03-1289a54a7d68" executionId="6f845b5e-c3bf-4133-9e22-a05ff7d39a9f" testListId="8c84fa94-04c1-424b-9868-57a2d4851a1d" />
    <TestEntry testId="cf0e5a6f-eacf-e1e6-8610-cf6ad43d699c" executionId="b7684eba-0d91-40ff-9eda-911af6f36b5f" testListId="8c84fa94-04c1-424b-9868-57a2d4851a1d" />
    <TestEntry testId="20fa24cf-117e-2734-ecaa-01279073fded" executionId="b94f38b3-3a2e-47e0-9848-ee18c8e5e626" testListId="8c84fa94-04c1-424b-9868-57a2d4851a1d" />
    <TestEntry testId="b6fd352f-d0bb-6f9f-e8b5-484cb632db0b" executionId="e8cb1138-3672-4b8d-be14-d00ba77964a6" testListId="8c84fa94-04c1-424b-9868-57a2d4851a1d" />
    <TestEntry testId="f352b3e4-d8b2-0588-46bb-043afb7266c1" executionId="54cb0d16-742d-487a-82ec-e00c875c8974" testListId="8c84fa94-04c1-424b-9868-57a2d4851a1d" />
  </TestEntries>
  <TestLists>
    <TestList name="Results Not in a List" id="8c84fa94-04c1-424b-9868-57a2d4851a1d" />
    <TestList name="All Loaded Results" id="19431567-8539-422a-85d7-44ee4e166bda" />
  </TestLists>
  <ResultSummary outcome="Completed">
    <Counters total="24" executed="24" passed="24" failed="0" error="0" timeout="0" aborted="0" inconclusive="0" passedButRunAborted="0" notRunnable="0" notExecuted="0" disconnected="0" warning="0" completed="0" inProgress="0" pending="0" />
    <Output>
      <StdOut>[xUnit.net 00:00:00.04] xUnit.net VSTest Adapter v2.8.2+699d445a1a (64-bit .NET Framework 4.8.9337.0)&#xD;
[xUnit.net 00:00:03.12]   Discovering: Fededim.Extensions.Configuration.Protected.DataProtectionAPITest&#xD;
[xUnit.net 00:00:04.01]   Discovered:  Fededim.Extensions.Configuration.Protected.DataProtectionAPITest&#xD;
[xUnit.net 00:00:04.02]   Starting:    Fededim.Extensions.Configuration.Protected.DataProtectionAPITest&#xD;
[xUnit.net 00:02:30.72]   Finished:    Fededim.Extensions.Configuration.Protected.DataProtectionAPITest&#xD;
</StdOut>
    </Output>
  </ResultSummary>
</TestRun>