<?xml version="1.0" encoding="utf-8"?>
<TestRun id="e5e5d6f1-e2d2-41e0-85bd-e6b3ee758f75" name="runneradmin@runnervm8crnl 2025-11-05 20:43:38" runUser="runnervm8crnl\runneradmin" xmlns="http://microsoft.com/schemas/VisualStudio/TeamTest/2010">
  <Times creation="2025-11-05T20:43:38.4495189+00:00" queuing="2025-11-05T20:43:38.4495194+00:00" start="2025-11-05T20:43:28.1928651+00:00" finish="2025-11-05T20:45:56.0855605+00:00" />
  <TestSettings name="default" id="f76bf279-63be-406f-a19f-ea57fd31a573">
    <Deployment runDeploymentRoot="runneradmin_runnervm8crnl_2025-11-05_20_43_38" />
  </TestSettings>
  <Results>
    <UnitTestResult executionId="17f1a5fd-d36f-4629-9be6-edcc2c19c97c" testId="20fa24cf-117e-2734-ecaa-01279073fded" testName="Fededim.Extensions.Configuration.Protected.DataProtectionAPITest.PassthroughProtectProviderTest.RandomInMemoryDictionaryTest" computerName="runnervm8crnl" duration="00:00:03.1930000" startTime="2025-11-05T20:44:22.0388085+00:00" endTime="2025-11-05T20:44:22.0388085+00:00" testType="13cdc9d9-ddb5-4fa4-a97d-d965ccfc6d4b" outcome="Passed" testListId="8c84fa94-04c1-424b-9868-57a2d4851a1d" relativeResultsDirectory="17f1a5fd-d36f-4629-9be6-edcc2c19c97c">
      <Output>
        <StdOut>11/5/2025 8:44:18 PM: Generating a random in-memory dictionary with 100000 keys, autogenerated strings max length 20 and autogenerated array max length 10...&#xD;
11/5/2025 8:44:19 PM: Starting test...&#xD;
11/5/2025 8:44:19 PM: Generated random in-memory dictionary (NumEntries 100000 NumValues 248931) duration 888ms &#xD;
11/5/2025 8:44:21 PM: Encrypted random in-memory dictionary duration 1354ms &#xD;
11/5/2025 8:44:21 PM: Checked that all random in-memory dictionary is encrypted duration 114ms &#xD;
11/5/2025 8:44:21 PM: Loaded and decrypted random in-memory dictionary with ProtectedConfigurationBuilder duration 641ms &#xD;
11/5/2025 8:44:22 PM: Checked that 100000 entries are equal duration 192ms</StdOut>
      </Output>
    </UnitTestResult>
    <UnitTestResult executionId="91be2507-f924-442d-996a-d22d6a2df5aa" testId="f352b3e4-d8b2-0588-46bb-043afb7266c1" testName="Fededim.Extensions.Configuration.Protected.DataProtectionAPITest.DataProtectionAPIProtectProviderTest.RandomEnvironmentVariablesTest" computerName="runnervm8crnl" duration="00:00:08.2280000" startTime="2025-11-05T20:44:01.0368654+00:00" endTime="2025-11-05T20:44:01.0368654+00:00" testType="13cdc9d9-ddb5-4fa4-a97d-d965ccfc6d4b" outcome="Passed" testListId="8c84fa94-04c1-424b-9868-57a2d4851a1d" relativeResultsDirectory="91be2507-f924-442d-996a-d22d6a2df5aa">
      <Output>
        <StdOut>11/5/2025 8:43:52 PM: Generating a random environment variables 100000 keys, autogenerated strings max length 20 and autogenerated array max length 10...&#xD;
11/5/2025 8:43:55 PM: Starting test...&#xD;
11/5/2025 8:43:55 PM: Generated random environment variables (NumEntries 2000 NumValues 4874 TID 16, note that Windows has a maximum size of 32KB for all environment variables, so not all 100000 keys could be created) duration 2546ms &#xD;
11/5/2025 8:43:59 PM: Encrypted random environment variables duration 3517ms &#xD;
11/5/2025 8:43:59 PM: Checked that all random environment variables are encrypted duration 6ms &#xD;
11/5/2025 8:43:59 PM: Loaded and decrypted random environment variables with ProtectedConfigurationBuilder duration 227ms &#xD;
11/5/2025 8:43:59 PM: Checked that 1577 entries are equal duration 1ms</StdOut>
      </Output>
    </UnitTestResult>
    <UnitTestResult executionId="e4ee0458-a875-40a7-b6dd-ec7f48db84df" testId="b5fa2e2b-5ba5-fac3-aba2-27926978692e" testName="Fededim.Extensions.Configuration.Protected.DataProtectionAPITest.ReverseChainedPassthroughProtectProviderTest.RandomJsonFileTest(useJsonWithCommentFileProcessor: True)" computerName="runnervm8crnl" duration="00:00:32.0810000" startTime="2025-11-05T20:44:14.9336923+00:00" endTime="2025-11-05T20:44:14.9336923+00:00" testType="13cdc9d9-ddb5-4fa4-a97d-d965ccfc6d4b" outcome="Passed" testListId="8c84fa94-04c1-424b-9868-57a2d4851a1d" relativeResultsDirectory="e4ee0458-a875-40a7-b6dd-ec7f48db84df">
      <Output>
        <StdOut>11/5/2025 8:43:42 PM: Generating a random JSON file with 100000 keys, autogenerated strings max length 20 and autogenerated array max length 10...&#xD;
11/5/2025 8:43:46 PM: File location file://D:/a/Fededim.Extensions.Configuration.Protected/Fededim.Extensions.Configuration.Protected/Fededim.Extensions.Configuration.Protected.DataProtectionAPITest/bin/Release/net462/random_28b7166c-3d6f-49dc-8793-3e8a96d265a5.json&#xD;
11/5/2025 8:43:46 PM: Generated random JSON file (NumEntries 100000 NumValues 249972 size 61879 KB) duration 4000ms &#xD;
11/5/2025 8:43:55 PM: Encrypted random JSON file (NumEntries 100000 NumValues 249972 size 62264 KB) duration 8221ms &#xD;
11/5/2025 8:43:57 PM: Checked that all random JSON file is encrypted duration 2371ms &#xD;
11/5/2025 8:44:12 PM: Loaded and decrypted random JSON file with ProtectedConfigurationBuilder duration 00:00:14.9180297 &#xD;
11/5/2025 8:44:14 PM: Checked that 249972 entries are equal duration 2568ms</StdOut>
      </Output>
    </UnitTestResult>
    <UnitTestResult executionId="0c240d28-6297-4315-b3b4-1ac2da43c6bc" testId="53bdc893-11b6-05bf-6c05-1776c77b4125" testName="Fededim.Extensions.Configuration.Protected.DataProtectionAPITest.PassthroughProtectProviderTest.RandomCommandLineTest" computerName="runnervm8crnl" duration="00:00:03.8290000" startTime="2025-11-05T20:44:18.8627623+00:00" endTime="2025-11-05T20:44:18.8627623+00:00" testType="13cdc9d9-ddb5-4fa4-a97d-d965ccfc6d4b" outcome="Passed" testListId="8c84fa94-04c1-424b-9868-57a2d4851a1d" relativeResultsDirectory="0c240d28-6297-4315-b3b4-1ac2da43c6bc">
      <Output>
        <StdOut>11/5/2025 8:44:15 PM: Generating a random command line arguments with 100000 keys, autogenerated strings max length 20 and autogenerated array max length 10...&#xD;
11/5/2025 8:44:15 PM: Starting test...&#xD;
11/5/2025 8:44:15 PM: Generated random comand line args (NumEntries 100000 NumValues 250228) duration 722ms &#xD;
11/5/2025 8:44:17 PM: Encrypted random comand line args duration 1547ms &#xD;
11/5/2025 8:44:17 PM: Checked that all random comand line args are encrypted duration 191ms &#xD;
11/5/2025 8:44:18 PM: Loaded and decrypted random comand line args with ProtectedConfigurationBuilder duration 1178ms &#xD;
11/5/2025 8:44:18 PM: Checked that 100000 entries are equal duration 186ms</StdOut>
      </Output>
    </UnitTestResult>
    <UnitTestResult executionId="2bf37ba6-e8b6-40ee-a893-69fd7a522308" testId="fd694cea-f6eb-8b2a-be1c-cfd9341efde5" testName="Fededim.Extensions.Configuration.Protected.DataProtectionAPITest.ReverseChainedPassthroughProtectProviderTest.RandomEnvironmentVariablesTest" computerName="runnervm8crnl" duration="00:00:02.9720000" startTime="2025-11-05T20:45:15.8820584+00:00" endTime="2025-11-05T20:45:15.8820584+00:00" testType="13cdc9d9-ddb5-4fa4-a97d-d965ccfc6d4b" outcome="Passed" testListId="8c84fa94-04c1-424b-9868-57a2d4851a1d" relativeResultsDirectory="2bf37ba6-e8b6-40ee-a893-69fd7a522308">
      <Output>
        <StdOut>11/5/2025 8:45:12 PM: Generating a random environment variables 100000 keys, autogenerated strings max length 20 and autogenerated array max length 10...&#xD;
11/5/2025 8:45:13 PM: Starting test...&#xD;
11/5/2025 8:45:13 PM: Generated random environment variables (NumEntries 2000 NumValues 4908 TID 9, note that Windows has a maximum size of 32KB for all environment variables, so not all 100000 keys could be created) duration 982ms &#xD;
11/5/2025 8:45:15 PM: Encrypted random environment variables duration 1303ms &#xD;
11/5/2025 8:45:15 PM: Checked that all random environment variables are encrypted duration 7ms &#xD;
11/5/2025 8:45:15 PM: Loaded and decrypted random environment variables with ProtectedConfigurationBuilder duration 15ms &#xD;
11/5/2025 8:45:15 PM: Checked that 1571 entries are equal duration 1ms</StdOut>
      </Output>
    </UnitTestResult>
    <UnitTestResult executionId="5a890130-c44f-40b4-a2f4-354cb800ce4a" testId="dbafd3c0-547c-f72c-7714-3310b3a28f6c" testName="Fededim.Extensions.Configuration.Protected.DataProtectionAPITest.ReverseChainedDataProtectionAPIProtectProviderTest.RandomInMemoryDictionaryTest" computerName="runnervm8crnl" duration="00:00:03.3240000" startTime="2025-11-05T20:45:53.7752734+00:00" endTime="2025-11-05T20:45:53.7752734+00:00" testType="13cdc9d9-ddb5-4fa4-a97d-d965ccfc6d4b" outcome="Passed" testListId="8c84fa94-04c1-424b-9868-57a2d4851a1d" relativeResultsDirectory="5a890130-c44f-40b4-a2f4-354cb800ce4a">
      <Output>
        <StdOut>11/5/2025 8:45:50 PM: Generating a random in-memory dictionary with 100000 keys, autogenerated strings max length 20 and autogenerated array max length 10...&#xD;
11/5/2025 8:45:50 PM: Starting test...&#xD;
11/5/2025 8:45:50 PM: Generated random in-memory dictionary (NumEntries 100000 NumValues 250421) duration 302ms &#xD;
11/5/2025 8:45:51 PM: Encrypted random in-memory dictionary duration 884ms &#xD;
11/5/2025 8:45:51 PM: Checked that all random in-memory dictionary is encrypted duration 56ms &#xD;
11/5/2025 8:45:53 PM: Loaded and decrypted random in-memory dictionary with ProtectedConfigurationBuilder duration 2023ms &#xD;
11/5/2025 8:45:53 PM: Checked that 100000 entries are equal duration 55ms</StdOut>
      </Output>
    </UnitTestResult>
    <UnitTestResult executionId="fbec7d2c-72d6-412c-ba4c-0ec90d50086e" testId="efb735a9-3ad5-1771-1fbc-4b718376ccc7" testName="Fededim.Extensions.Configuration.Protected.DataProtectionAPITest.ReverseChainedDataProtectionAPIProtectProviderTest.RandomXmlFileTest" computerName="runnervm8crnl" duration="00:00:24.1290000" startTime="2025-11-05T20:45:45.5364739+00:00" endTime="2025-11-05T20:45:45.5364739+00:00" testType="13cdc9d9-ddb5-4fa4-a97d-d965ccfc6d4b" outcome="Passed" testListId="8c84fa94-04c1-424b-9868-57a2d4851a1d" relativeResultsDirectory="fbec7d2c-72d6-412c-ba4c-0ec90d50086e">
      <Output>
        <StdOut>11/5/2025 8:45:21 PM: Generating a random XML file with 100000 keys, autogenerated strings max length 20 and autogenerated array max length 10...&#xD;
11/5/2025 8:45:24 PM: File location file://D:/a/Fededim.Extensions.Configuration.Protected/Fededim.Extensions.Configuration.Protected/Fededim.Extensions.Configuration.Protected.DataProtectionAPITest/bin/Release/net462/random_32906ae7-a1b8-4f1d-9093-d2498c70cb6e.xml&#xD;
11/5/2025 8:45:24 PM: Generated random XML file (NumEntries 100000 NumValues 249683 size 62811 KB) duration 3375ms &#xD;
11/5/2025 8:45:30 PM: Encrypted random XML file (NumEntries 100000 NumValues 249683 size 89096 KB) duration 5314ms &#xD;
11/5/2025 8:45:31 PM: Checked that all random XML file is encrypted duration 1136ms &#xD;
11/5/2025 8:45:44 PM: Loaded and decrypted random XML file with ProtectedConfigurationBuilder duration 00:00:13.1061166 &#xD;
11/5/2025 8:45:45 PM: Checked that 201946 entries are equal duration 1196ms</StdOut>
      </Output>
    </UnitTestResult>
    <UnitTestResult executionId="3451948a-023c-4a11-bfd0-5318887caaa1" testId="b9bf8ed7-522c-e76a-b80e-8d05fc5adc83" testName="Fededim.Extensions.Configuration.Protected.DataProtectionAPITest.DataProtectionAPIProtectProviderTest.RandomCommandLineTest" computerName="runnervm8crnl" duration="00:00:03.1650000" startTime="2025-11-05T20:45:55.6919829+00:00" endTime="2025-11-05T20:45:55.6919829+00:00" testType="13cdc9d9-ddb5-4fa4-a97d-d965ccfc6d4b" outcome="Passed" testListId="8c84fa94-04c1-424b-9868-57a2d4851a1d" relativeResultsDirectory="3451948a-023c-4a11-bfd0-5318887caaa1">
      <Output>
        <StdOut>11/5/2025 8:45:52 PM: Generating a random command line arguments with 100000 keys, autogenerated strings max length 20 and autogenerated array max length 10...&#xD;
11/5/2025 8:45:52 PM: Starting test...&#xD;
11/5/2025 8:45:52 PM: Generated random comand line args (NumEntries 100000 NumValues 250185) duration 275ms &#xD;
11/5/2025 8:45:53 PM: Encrypted random comand line args duration 927ms &#xD;
11/5/2025 8:45:53 PM: Checked that all random comand line args are encrypted duration 57ms &#xD;
11/5/2025 8:45:55 PM: Loaded and decrypted random comand line args with ProtectedConfigurationBuilder duration 1844ms &#xD;
11/5/2025 8:45:55 PM: Checked that 100000 entries are equal duration 57ms</StdOut>
      </Output>
    </UnitTestResult>
    <UnitTestResult executionId="2f34cb3f-ebcd-4986-92cb-b5147aee62b1" testId="cf0e5a6f-eacf-e1e6-8610-cf6ad43d699c" testName="Fededim.Extensions.Configuration.Protected.DataProtectionAPITest.PassthroughProtectProviderTest.RandomJsonFileTest(useJsonWithCommentFileProcessor: True)" computerName="runnervm8crnl" duration="00:00:26.5370000" startTime="2025-11-05T20:45:16.6555633+00:00" endTime="2025-11-05T20:45:16.6555633+00:00" testType="13cdc9d9-ddb5-4fa4-a97d-d965ccfc6d4b" outcome="Passed" testListId="8c84fa94-04c1-424b-9868-57a2d4851a1d" relativeResultsDirectory="2f34cb3f-ebcd-4986-92cb-b5147aee62b1">
      <Output>
        <StdOut>11/5/2025 8:44:50 PM: Generating a random JSON file with 100000 keys, autogenerated strings max length 20 and autogenerated array max length 10...&#xD;
11/5/2025 8:44:52 PM: File location file://D:/a/Fededim.Extensions.Configuration.Protected/Fededim.Extensions.Configuration.Protected/Fededim.Extensions.Configuration.Protected.DataProtectionAPITest/bin/Release/net462/random_ee8a999f-c8ad-4770-b864-c509e66d2bff.json&#xD;
11/5/2025 8:44:52 PM: Generated random JSON file (NumEntries 100000 NumValues 251342 size 64087 KB) duration 2568ms &#xD;
11/5/2025 8:45:03 PM: Encrypted random JSON file (NumEntries 100000 NumValues 251342 size 64474 KB) duration 00:00:10.5663068 &#xD;
11/5/2025 8:45:05 PM: Checked that all random JSON file is encrypted duration 2574ms &#xD;
11/5/2025 8:45:14 PM: Loaded and decrypted random JSON file with ProtectedConfigurationBuilder duration 8428ms &#xD;
11/5/2025 8:45:16 PM: Checked that 251342 entries are equal duration 2397ms</StdOut>
      </Output>
    </UnitTestResult>
    <UnitTestResult executionId="ab61182d-8efc-4080-81f0-1e1c3a2cfe1c" testId="f4974d5b-c288-bf3b-c0f6-abb4edc5d313" testName="Fededim.Extensions.Configuration.Protected.DataProtectionAPITest.ReverseChainedDataProtectionAPIProtectProviderTest.RandomEnvironmentVariablesTest" computerName="runnervm8crnl" duration="00:00:01.5480000" startTime="2025-11-05T20:45:47.0855999+00:00" endTime="2025-11-05T20:45:47.0855999+00:00" testType="13cdc9d9-ddb5-4fa4-a97d-d965ccfc6d4b" outcome="Passed" testListId="8c84fa94-04c1-424b-9868-57a2d4851a1d" relativeResultsDirectory="ab61182d-8efc-4080-81f0-1e1c3a2cfe1c">
      <Output>
        <StdOut>11/5/2025 8:45:45 PM: Generating a random environment variables 100000 keys, autogenerated strings max length 20 and autogenerated array max length 10...&#xD;
11/5/2025 8:45:46 PM: Starting test...&#xD;
11/5/2025 8:45:46 PM: Generated random environment variables (NumEntries 2000 NumValues 5028 TID 10, note that Windows has a maximum size of 32KB for all environment variables, so not all 100000 keys could be created) duration 515ms &#xD;
11/5/2025 8:45:46 PM: Encrypted random environment variables duration 587ms &#xD;
11/5/2025 8:45:46 PM: Checked that all random environment variables are encrypted duration 5ms &#xD;
11/5/2025 8:45:46 PM: Loaded and decrypted random environment variables with ProtectedConfigurationBuilder duration 39ms &#xD;
11/5/2025 8:45:46 PM: Checked that 1581 entries are equal duration 1ms</StdOut>
      </Output>
    </UnitTestResult>
    <UnitTestResult executionId="de8c415c-4b77-47ff-8fe1-383be3453895" testId="a5b4138a-877c-581b-780d-3494b3972f17" testName="Fededim.Extensions.Configuration.Protected.DataProtectionAPITest.DataProtectionAPIProtectProviderTest.RandomInMemoryDictionaryTest" computerName="runnervm8crnl" duration="00:00:20.0100000" startTime="2025-11-05T20:43:52.8042466+00:00" endTime="2025-11-05T20:43:52.8042466+00:00" testType="13cdc9d9-ddb5-4fa4-a97d-d965ccfc6d4b" outcome="Passed" testListId="8c84fa94-04c1-424b-9868-57a2d4851a1d" relativeResultsDirectory="de8c415c-4b77-47ff-8fe1-383be3453895">
      <Output>
        <StdOut>11/5/2025 8:43:34 PM: Generating a random in-memory dictionary with 100000 keys, autogenerated strings max length 20 and autogenerated array max length 10...&#xD;
11/5/2025 8:43:35 PM: Starting test...&#xD;
11/5/2025 8:43:35 PM: Generated random in-memory dictionary (NumEntries 100000 NumValues 250062) duration 923ms &#xD;
11/5/2025 8:43:41 PM: Encrypted random in-memory dictionary duration 5641ms &#xD;
11/5/2025 8:43:41 PM: Checked that all random in-memory dictionary is encrypted duration 425ms &#xD;
11/5/2025 8:43:52 PM: Loaded and decrypted random in-memory dictionary with ProtectedConfigurationBuilder duration 00:00:10.4352338 &#xD;
11/5/2025 8:43:52 PM: Checked that 100000 entries are equal duration 631ms</StdOut>
      </Output>
    </UnitTestResult>
    <UnitTestResult executionId="bdd7335f-a791-4e86-93e2-e798b6d4ec3b" testId="97ac352b-e433-e531-3210-5b085419ca0a" testName="Fededim.Extensions.Configuration.Protected.DataProtectionAPITest.DataProtectionAPIProtectProviderTest.RandomXmlFileTest" computerName="runnervm8crnl" duration="00:00:21.2070000" startTime="2025-11-05T20:45:52.5280085+00:00" endTime="2025-11-05T20:45:52.5280085+00:00" testType="13cdc9d9-ddb5-4fa4-a97d-d965ccfc6d4b" outcome="Passed" testListId="8c84fa94-04c1-424b-9868-57a2d4851a1d" relativeResultsDirectory="bdd7335f-a791-4e86-93e2-e798b6d4ec3b">
      <Output>
        <StdOut>11/5/2025 8:45:31 PM: Generating a random XML file with 100000 keys, autogenerated strings max length 20 and autogenerated array max length 10...&#xD;
11/5/2025 8:45:35 PM: File location file://D:/a/Fededim.Extensions.Configuration.Protected/Fededim.Extensions.Configuration.Protected/Fededim.Extensions.Configuration.Protected.DataProtectionAPITest/bin/Release/net462/random_f32743b5-2d52-47bd-b1cc-f1201c8d2541.xml&#xD;
11/5/2025 8:45:35 PM: Generated random XML file (NumEntries 100000 NumValues 250123 size 60319 KB) duration 4648ms &#xD;
11/5/2025 8:45:40 PM: Encrypted random XML file (NumEntries 100000 NumValues 250123 size 86629 KB) duration 4324ms &#xD;
11/5/2025 8:45:41 PM: Checked that all random XML file is encrypted duration 1170ms &#xD;
11/5/2025 8:45:51 PM: Loaded and decrypted random XML file with ProtectedConfigurationBuilder duration 00:00:10.4357854 &#xD;
11/5/2025 8:45:52 PM: Checked that 201955 entries are equal duration 626ms</StdOut>
      </Output>
    </UnitTestResult>
    <UnitTestResult executionId="3aaee189-0a1b-45e3-b145-7fdcab583418" testId="21abf860-ed3d-2e49-4a1e-a39daf2ff1b2" testName="Fededim.Extensions.Configuration.Protected.DataProtectionAPITest.ReverseChainedPassthroughProtectProviderTest.RandomCommandLineTest" computerName="runnervm8crnl" duration="00:00:04.4600000" startTime="2025-11-05T20:43:42.8473055+00:00" endTime="2025-11-05T20:43:42.8473055+00:00" testType="13cdc9d9-ddb5-4fa4-a97d-d965ccfc6d4b" outcome="Passed" testListId="8c84fa94-04c1-424b-9868-57a2d4851a1d" relativeResultsDirectory="3aaee189-0a1b-45e3-b145-7fdcab583418">
      <Output>
        <StdOut>11/5/2025 8:43:38 PM: Generating a random command line arguments with 100000 keys, autogenerated strings max length 20 and autogenerated array max length 10...&#xD;
11/5/2025 8:43:39 PM: Starting test...&#xD;
11/5/2025 8:43:39 PM: Generated random comand line args (NumEntries 100000 NumValues 250965) duration 900ms &#xD;
11/5/2025 8:43:41 PM: Encrypted random comand line args duration 1969ms &#xD;
11/5/2025 8:43:41 PM: Checked that all random comand line args are encrypted duration 118ms &#xD;
11/5/2025 8:43:42 PM: Loaded and decrypted random comand line args with ProtectedConfigurationBuilder duration 1236ms &#xD;
11/5/2025 8:43:42 PM: Checked that 100000 entries are equal duration 209ms</StdOut>
      </Output>
    </UnitTestResult>
    <UnitTestResult executionId="bca5cc45-824d-4d9c-a17a-6db4a308eae2" testId="b51079a5-ff93-277c-c6d0-2b0eb1149993" testName="Fededim.Extensions.Configuration.Protected.DataProtectionAPITest.PassthroughProtectProviderTest.RandomEnvironmentVariablesTest" computerName="runnervm8crnl" duration="00:00:02.8020000" startTime="2025-11-05T20:45:19.4559407+00:00" endTime="2025-11-05T20:45:19.4559407+00:00" testType="13cdc9d9-ddb5-4fa4-a97d-d965ccfc6d4b" outcome="Passed" testListId="8c84fa94-04c1-424b-9868-57a2d4851a1d" relativeResultsDirectory="bca5cc45-824d-4d9c-a17a-6db4a308eae2">
      <Output>
        <StdOut>11/5/2025 8:45:16 PM: Generating a random environment variables 100000 keys, autogenerated strings max length 20 and autogenerated array max length 10...&#xD;
11/5/2025 8:45:17 PM: Starting test...&#xD;
11/5/2025 8:45:17 PM: Generated random environment variables (NumEntries 2000 NumValues 4953 TID 17, note that Windows has a maximum size of 32KB for all environment variables, so not all 100000 keys could be created) duration 1063ms &#xD;
11/5/2025 8:45:18 PM: Encrypted random environment variables duration 1148ms &#xD;
11/5/2025 8:45:18 PM: Checked that all random environment variables are encrypted duration 8ms &#xD;
11/5/2025 8:45:18 PM: Loaded and decrypted random environment variables with ProtectedConfigurationBuilder duration 20ms &#xD;
11/5/2025 8:45:18 PM: Checked that 1581 entries are equal duration 1ms</StdOut>
      </Output>
    </UnitTestResult>
    <UnitTestResult executionId="390bfe67-ac42-4aad-a076-f06cb3260c03" testId="ade5454d-acc1-63ed-986a-ba08d0a9b3c4" testName="Fededim.Extensions.Configuration.Protected.DataProtectionAPITest.PassthroughProtectProviderTest.RandomJsonFileTest(useJsonWithCommentFileProcessor: False)" computerName="runnervm8crnl" duration="00:00:28.0900000" startTime="2025-11-05T20:44:50.1168000+00:00" endTime="2025-11-05T20:44:50.1168000+00:00" testType="13cdc9d9-ddb5-4fa4-a97d-d965ccfc6d4b" outcome="Passed" testListId="8c84fa94-04c1-424b-9868-57a2d4851a1d" relativeResultsDirectory="390bfe67-ac42-4aad-a076-f06cb3260c03">
      <Output>
        <StdOut>11/5/2025 8:44:22 PM: Generating a random JSON file with 100000 keys, autogenerated strings max length 20 and autogenerated array max length 10...&#xD;
11/5/2025 8:44:26 PM: File location file://D:/a/Fededim.Extensions.Configuration.Protected/Fededim.Extensions.Configuration.Protected/Fededim.Extensions.Configuration.Protected.DataProtectionAPITest/bin/Release/net462/random_121f6301-5548-4a60-b9ae-fc3c7c0e825e.json&#xD;
11/5/2025 8:44:26 PM: Generated random JSON file (NumEntries 100000 NumValues 248819 size 59730 KB) duration 4952ms &#xD;
11/5/2025 8:44:34 PM: Encrypted random JSON file (NumEntries 100000 NumValues 248819 size 60113 KB) duration 7607ms &#xD;
11/5/2025 8:44:36 PM: Checked that all random JSON file is encrypted duration 1852ms &#xD;
11/5/2025 8:44:46 PM: Loaded and decrypted random JSON file with ProtectedConfigurationBuilder duration 00:00:10.0762464 &#xD;
11/5/2025 8:44:50 PM: Checked that 248819 entries are equal duration 3601ms</StdOut>
      </Output>
    </UnitTestResult>
    <UnitTestResult executionId="07f9f446-0849-4711-8590-9ba6f4c593a7" testId="d2ec5ba7-d50b-7023-11ad-69c0b8299f4c" testName="Fededim.Extensions.Configuration.Protected.DataProtectionAPITest.ReverseChainedDataProtectionAPIProtectProviderTest.RandomJsonFileTest(useJsonWithCommentFileProcessor: True)" computerName="runnervm8crnl" duration="00:01:03.1680000" startTime="2025-11-05T20:44:36.0074401+00:00" endTime="2025-11-05T20:44:36.0074401+00:00" testType="13cdc9d9-ddb5-4fa4-a97d-d965ccfc6d4b" outcome="Passed" testListId="8c84fa94-04c1-424b-9868-57a2d4851a1d" relativeResultsDirectory="07f9f446-0849-4711-8590-9ba6f4c593a7">
      <Output>
        <StdOut>11/5/2025 8:43:35 PM: Generating a random JSON file with 100000 keys, autogenerated strings max length 20 and autogenerated array max length 10...&#xD;
11/5/2025 8:43:39 PM: File location file://D:/a/Fededim.Extensions.Configuration.Protected/Fededim.Extensions.Configuration.Protected/Fededim.Extensions.Configuration.Protected.DataProtectionAPITest/bin/Release/net462/random_17a028b3-29b1-4320-af5e-0293228a44c7.json&#xD;
11/5/2025 8:43:39 PM: Generated random JSON file (NumEntries 100000 NumValues 250415 size 61571 KB) duration 5107ms &#xD;
11/5/2025 8:43:56 PM: Encrypted random JSON file (NumEntries 100000 NumValues 250415 size 87748 KB) duration 00:00:17.0333370 &#xD;
11/5/2025 8:44:00 PM: Checked that all random JSON file is encrypted duration 3497ms &#xD;
11/5/2025 8:44:32 PM: Loaded and decrypted random JSON file with ProtectedConfigurationBuilder duration 00:00:32.0156378 &#xD;
11/5/2025 8:44:36 PM: Checked that 250415 entries are equal duration 3508ms</StdOut>
      </Output>
    </UnitTestResult>
    <UnitTestResult executionId="d6fb18e3-4d0f-4a96-b775-244d7b26cd05" testId="215bdca5-d044-0fe3-ab3a-2e4442ce76c5" testName="Fededim.Extensions.Configuration.Protected.DataProtectionAPITest.DataProtectionAPIProtectProviderTest.RandomJsonFileTest(useJsonWithCommentFileProcessor: False)" computerName="runnervm8crnl" duration="00:00:32.3700000" startTime="2025-11-05T20:45:31.3204932+00:00" endTime="2025-11-05T20:45:31.3204932+00:00" testType="13cdc9d9-ddb5-4fa4-a97d-d965ccfc6d4b" outcome="Passed" testListId="8c84fa94-04c1-424b-9868-57a2d4851a1d" relativeResultsDirectory="d6fb18e3-4d0f-4a96-b775-244d7b26cd05">
      <Output>
        <StdOut>11/5/2025 8:44:58 PM: Generating a random JSON file with 100000 keys, autogenerated strings max length 20 and autogenerated array max length 10...&#xD;
11/5/2025 8:45:03 PM: File location file://D:/a/Fededim.Extensions.Configuration.Protected/Fededim.Extensions.Configuration.Protected/Fededim.Extensions.Configuration.Protected.DataProtectionAPITest/bin/Release/net462/random_ddf7fcd8-c96e-4870-b511-4de3ecd000bd.json&#xD;
11/5/2025 8:45:03 PM: Generated random JSON file (NumEntries 100000 NumValues 250236 size 59441 KB) duration 4791ms &#xD;
11/5/2025 8:45:14 PM: Encrypted random JSON file (NumEntries 100000 NumValues 250236 size 85504 KB) duration 00:00:11.1525860 &#xD;
11/5/2025 8:45:16 PM: Checked that all random JSON file is encrypted duration 1784ms &#xD;
11/5/2025 8:45:30 PM: Loaded and decrypted random JSON file with ProtectedConfigurationBuilder duration 00:00:13.4915204 &#xD;
11/5/2025 8:45:31 PM: Checked that 250236 entries are equal duration 1148ms</StdOut>
      </Output>
    </UnitTestResult>
    <UnitTestResult executionId="b62aeff8-a74c-4ed6-9bd2-6d0dd224a773" testId="dc307d4d-4502-7282-1f60-31615d2a0d24" testName="Fededim.Extensions.Configuration.Protected.DataProtectionAPITest.ReverseChainedPassthroughProtectProviderTest.RandomXmlFileTest" computerName="runnervm8crnl" duration="00:00:30.7020000" startTime="2025-11-05T20:45:12.9088035+00:00" endTime="2025-11-05T20:45:12.9088035+00:00" testType="13cdc9d9-ddb5-4fa4-a97d-d965ccfc6d4b" outcome="Passed" testListId="8c84fa94-04c1-424b-9868-57a2d4851a1d" relativeResultsDirectory="b62aeff8-a74c-4ed6-9bd2-6d0dd224a773">
      <Output>
        <StdOut>11/5/2025 8:44:42 PM: Generating a random XML file with 100000 keys, autogenerated strings max length 20 and autogenerated array max length 10...&#xD;
11/5/2025 8:44:47 PM: File location file://D:/a/Fededim.Extensions.Configuration.Protected/Fededim.Extensions.Configuration.Protected/Fededim.Extensions.Configuration.Protected.DataProtectionAPITest/bin/Release/net462/random_a1764575-bd74-46f1-9f91-8ed97413df9a.xml&#xD;
11/5/2025 8:44:47 PM: Generated random XML file (NumEntries 100000 NumValues 249416 size 67606 KB) duration 5324ms &#xD;
11/5/2025 8:44:56 PM: Encrypted random XML file (NumEntries 100000 NumValues 249416 size 67995 KB) duration 8708ms &#xD;
11/5/2025 8:44:59 PM: Checked that all random XML file is encrypted duration 2806ms &#xD;
11/5/2025 8:45:11 PM: Loaded and decrypted random XML file with ProtectedConfigurationBuilder duration 00:00:12.0698004 &#xD;
11/5/2025 8:45:12 PM: Checked that 201715 entries are equal duration 1792ms</StdOut>
      </Output>
    </UnitTestResult>
    <UnitTestResult executionId="1c028092-352d-46e9-85ca-52b8ad098ca6" testId="c54c3964-5bef-c878-d4a0-6c44caf97732" testName="Fededim.Extensions.Configuration.Protected.DataProtectionAPITest.ReverseChainedPassthroughProtectProviderTest.RandomInMemoryDictionaryTest" computerName="runnervm8crnl" duration="00:00:05.5660000" startTime="2025-11-05T20:43:38.3939637+00:00" endTime="2025-11-05T20:43:38.3939637+00:00" testType="13cdc9d9-ddb5-4fa4-a97d-d965ccfc6d4b" outcome="Passed" testListId="8c84fa94-04c1-424b-9868-57a2d4851a1d" relativeResultsDirectory="1c028092-352d-46e9-85ca-52b8ad098ca6">
      <Output>
        <StdOut>11/5/2025 8:43:33 PM: Generating a random in-memory dictionary with 100000 keys, autogenerated strings max length 20 and autogenerated array max length 10...&#xD;
11/5/2025 8:43:34 PM: Starting test...&#xD;
11/5/2025 8:43:34 PM: Generated random in-memory dictionary (NumEntries 100000 NumValues 249069) duration 491ms &#xD;
11/5/2025 8:43:36 PM: Encrypted random in-memory dictionary duration 1973ms &#xD;
11/5/2025 8:43:36 PM: Checked that all random in-memory dictionary is encrypted duration 428ms &#xD;
11/5/2025 8:43:38 PM: Loaded and decrypted random in-memory dictionary with ProtectedConfigurationBuilder duration 1370ms &#xD;
11/5/2025 8:43:38 PM: Checked that 100000 entries are equal duration 215ms</StdOut>
      </Output>
    </UnitTestResult>
    <UnitTestResult executionId="1162d601-5a97-4114-8f5d-3ad58f91e079" testId="83d9d3b3-01c1-e554-7b15-bf5199894c8f" testName="Fededim.Extensions.Configuration.Protected.DataProtectionAPITest.ReverseChainedDataProtectionAPIProtectProviderTest.RandomJsonFileTest(useJsonWithCommentFileProcessor: False)" computerName="runnervm8crnl" duration="00:00:45.3990000" startTime="2025-11-05T20:45:21.4079051+00:00" endTime="2025-11-05T20:45:21.4079051+00:00" testType="13cdc9d9-ddb5-4fa4-a97d-d965ccfc6d4b" outcome="Passed" testListId="8c84fa94-04c1-424b-9868-57a2d4851a1d" relativeResultsDirectory="1162d601-5a97-4114-8f5d-3ad58f91e079">
      <Output>
        <StdOut>11/5/2025 8:44:36 PM: Generating a random JSON file with 100000 keys, autogenerated strings max length 20 and autogenerated array max length 10...&#xD;
11/5/2025 8:44:38 PM: File location file://D:/a/Fededim.Extensions.Configuration.Protected/Fededim.Extensions.Configuration.Protected/Fededim.Extensions.Configuration.Protected.DataProtectionAPITest/bin/Release/net462/random_c1a8c75d-3d1e-4060-b937-c9b247499c6b.json&#xD;
11/5/2025 8:44:38 PM: Generated random JSON file (NumEntries 100000 NumValues 248986 size 59584 KB) duration 2676ms &#xD;
11/5/2025 8:44:52 PM: Encrypted random JSON file (NumEntries 100000 NumValues 248986 size 85481 KB) duration 00:00:13.7865689 &#xD;
11/5/2025 8:44:55 PM: Checked that all random JSON file is encrypted duration 2795ms &#xD;
11/5/2025 8:45:19 PM: Loaded and decrypted random JSON file with ProtectedConfigurationBuilder duration 00:00:24.6589178 &#xD;
11/5/2025 8:45:21 PM: Checked that 248986 entries are equal duration 1480ms</StdOut>
      </Output>
    </UnitTestResult>
    <UnitTestResult executionId="2211c334-fe73-40da-b068-7d854e6e71f0" testId="60df3619-3efb-dbb7-6212-6602ebf68f95" testName="Fededim.Extensions.Configuration.Protected.DataProtectionAPITest.ReverseChainedDataProtectionAPIProtectProviderTest.RandomCommandLineTest" computerName="runnervm8crnl" duration="00:00:03.3660000" startTime="2025-11-05T20:45:50.4515073+00:00" endTime="2025-11-05T20:45:50.4515073+00:00" testType="13cdc9d9-ddb5-4fa4-a97d-d965ccfc6d4b" outcome="Passed" testListId="8c84fa94-04c1-424b-9868-57a2d4851a1d" relativeResultsDirectory="2211c334-fe73-40da-b068-7d854e6e71f0">
      <Output>
        <StdOut>11/5/2025 8:45:47 PM: Generating a random command line arguments with 100000 keys, autogenerated strings max length 20 and autogenerated array max length 10...&#xD;
11/5/2025 8:45:47 PM: Starting test...&#xD;
11/5/2025 8:45:47 PM: Generated random comand line args (NumEntries 100000 NumValues 249506) duration 273ms &#xD;
11/5/2025 8:45:48 PM: Encrypted random comand line args duration 926ms &#xD;
11/5/2025 8:45:48 PM: Checked that all random comand line args are encrypted duration 72ms &#xD;
11/5/2025 8:45:50 PM: Loaded and decrypted random comand line args with ProtectedConfigurationBuilder duration 2031ms &#xD;
11/5/2025 8:45:50 PM: Checked that 100000 entries are equal duration 61ms</StdOut>
      </Output>
    </UnitTestResult>
    <UnitTestResult executionId="56f567f5-22ff-4ddd-bdc4-f08433ffd2b6" testId="b6fd352f-d0bb-6f9f-e8b5-484cb632db0b" testName="Fededim.Extensions.Configuration.Protected.DataProtectionAPITest.ReverseChainedPassthroughProtectProviderTest.RandomJsonFileTest(useJsonWithCommentFileProcessor: False)" computerName="runnervm8crnl" duration="00:00:27.2660000" startTime="2025-11-05T20:44:42.1987524+00:00" endTime="2025-11-05T20:44:42.1987524+00:00" testType="13cdc9d9-ddb5-4fa4-a97d-d965ccfc6d4b" outcome="Passed" testListId="8c84fa94-04c1-424b-9868-57a2d4851a1d" relativeResultsDirectory="56f567f5-22ff-4ddd-bdc4-f08433ffd2b6">
      <Output>
        <StdOut>11/5/2025 8:44:14 PM: Generating a random JSON file with 100000 keys, autogenerated strings max length 20 and autogenerated array max length 10...&#xD;
11/5/2025 8:44:17 PM: File location file://D:/a/Fededim.Extensions.Configuration.Protected/Fededim.Extensions.Configuration.Protected/Fededim.Extensions.Configuration.Protected.DataProtectionAPITest/bin/Release/net462/random_013184b7-d76b-42db-9180-a9713837406c.json&#xD;
11/5/2025 8:44:17 PM: Generated random JSON file (NumEntries 100000 NumValues 250028 size 59349 KB) duration 2546ms &#xD;
11/5/2025 8:44:26 PM: Encrypted random JSON file (NumEntries 100000 NumValues 250028 size 59734 KB) duration 8732ms &#xD;
11/5/2025 8:44:28 PM: Checked that all random JSON file is encrypted duration 2204ms &#xD;
11/5/2025 8:44:38 PM: Loaded and decrypted random JSON file with ProtectedConfigurationBuilder duration 00:00:10.3482746 &#xD;
11/5/2025 8:44:42 PM: Checked that 250028 entries are equal duration 3432ms</StdOut>
      </Output>
    </UnitTestResult>
    <UnitTestResult executionId="93d78e96-e61c-4b48-8b48-6c142702d9c5" testId="17c2c8ae-a50b-08a0-7c03-1289a54a7d68" testName="Fededim.Extensions.Configuration.Protected.DataProtectionAPITest.PassthroughProtectProviderTest.RandomXmlFileTest" computerName="runnervm8crnl" duration="00:00:41.6530000" startTime="2025-11-05T20:44:15.0048976+00:00" endTime="2025-11-05T20:44:15.0048976+00:00" testType="13cdc9d9-ddb5-4fa4-a97d-d965ccfc6d4b" outcome="Passed" testListId="8c84fa94-04c1-424b-9868-57a2d4851a1d" relativeResultsDirectory="93d78e96-e61c-4b48-8b48-6c142702d9c5">
      <Output>
        <StdOut>11/5/2025 8:43:34 PM: Generating a random XML file with 100000 keys, autogenerated strings max length 20 and autogenerated array max length 10...&#xD;
11/5/2025 8:43:43 PM: File location file://D:/a/Fededim.Extensions.Configuration.Protected/Fededim.Extensions.Configuration.Protected/Fededim.Extensions.Configuration.Protected.DataProtectionAPITest/bin/Release/net462/random_dd34f434-4623-42d7-a03a-bc0f9112b8ec.xml&#xD;
11/5/2025 8:43:43 PM: Generated random XML file (NumEntries 100000 NumValues 249020 size 66018 KB) duration 8798ms &#xD;
11/5/2025 8:43:54 PM: Encrypted random XML file (NumEntries 100000 NumValues 249020 size 66405 KB) duration 00:00:11.8780599 &#xD;
11/5/2025 8:43:58 PM: Checked that all random XML file is encrypted duration 3136ms &#xD;
11/5/2025 8:44:12 PM: Loaded and decrypted random XML file with ProtectedConfigurationBuilder duration 00:00:14.7413504 &#xD;
11/5/2025 8:44:15 PM: Checked that 200812 entries are equal duration 2240ms</StdOut>
      </Output>
    </UnitTestResult>
    <UnitTestResult executionId="0f42d191-a43b-4877-bb5e-5221991f75e4" testId="f6916fa8-7335-1ac2-9bd9-068ab445ecb1" testName="Fededim.Extensions.Configuration.Protected.DataProtectionAPITest.DataProtectionAPIProtectProviderTest.RandomJsonFileTest(useJsonWithCommentFileProcessor: True)" computerName="runnervm8crnl" duration="00:00:57.9170000" startTime="2025-11-05T20:44:58.9485125+00:00" endTime="2025-11-05T20:44:58.9485125+00:00" testType="13cdc9d9-ddb5-4fa4-a97d-d965ccfc6d4b" outcome="Passed" testListId="8c84fa94-04c1-424b-9868-57a2d4851a1d" relativeResultsDirectory="0f42d191-a43b-4877-bb5e-5221991f75e4">
      <Output>
        <StdOut>11/5/2025 8:44:01 PM: Generating a random JSON file with 100000 keys, autogenerated strings max length 20 and autogenerated array max length 10...&#xD;
11/5/2025 8:44:05 PM: File location file://D:/a/Fededim.Extensions.Configuration.Protected/Fededim.Extensions.Configuration.Protected/Fededim.Extensions.Configuration.Protected.DataProtectionAPITest/bin/Release/net462/random_1472f8e3-6a75-4b38-975b-b8809ef4e3be.json&#xD;
11/5/2025 8:44:05 PM: Generated random JSON file (NumEntries 100000 NumValues 250226 size 63462 KB) duration 4923ms &#xD;
11/5/2025 8:44:20 PM: Encrypted random JSON file (NumEntries 100000 NumValues 250226 size 89560 KB) duration 00:00:14.6090005 &#xD;
11/5/2025 8:44:23 PM: Checked that all random JSON file is encrypted duration 2442ms &#xD;
11/5/2025 8:44:54 PM: Loaded and decrypted random JSON file with ProtectedConfigurationBuilder duration 00:00:31.5433477 &#xD;
11/5/2025 8:44:58 PM: Checked that 250226 entries are equal duration 4396ms</StdOut>
      </Output>
    </UnitTestResult>
  </Results>
  <TestDefinitions>
    <UnitTest name="Fededim.Extensions.Configuration.Protected.DataProtectionAPITest.ReverseChainedDataProtectionAPIProtectProviderTest.RandomCommandLineTest" storage="d:\a\fededim.extensions.configuration.protected\fededim.extensions.configuration.protected\fededim.extensions.configuration.protected.dataprotectionapitest\bin\release\net462\fededim.extensions.configuration.protected.dataprotectionapitest.dll" id="60df3619-3efb-dbb7-6212-6602ebf68f95">
      <Execution id="2211c334-fe73-40da-b068-7d854e6e71f0" />
      <TestMethod codeBase="D:\a\Fededim.Extensions.Configuration.Protected\Fededim.Extensions.Configuration.Protected\Fededim.Extensions.Configuration.Protected.DataProtectionAPITest\bin\Release\net462\Fededim.Extensions.Configuration.Protected.DataProtectionAPITest.dll" adapterTypeName="executor://xunit/VsTestRunner2/net" className="Fededim.Extensions.Configuration.Protected.DataProtectionAPITest.ReverseChainedDataProtectionAPIProtectProviderTest" name="RandomCommandLineTest" />
    </UnitTest>
    <UnitTest name="Fededim.Extensions.Configuration.Protected.DataProtectionAPITest.DataProtectionAPIProtectProviderTest.RandomXmlFileTest" storage="d:\a\fededim.extensions.configuration.protected\fededim.extensions.configuration.protected\fededim.extensions.configuration.protected.dataprotectionapitest\bin\release\net462\fededim.extensions.configuration.protected.dataprotectionapitest.dll" id="97ac352b-e433-e531-3210-5b085419ca0a">
      <Execution id="bdd7335f-a791-4e86-93e2-e798b6d4ec3b" />
      <TestMethod codeBase="D:\a\Fededim.Extensions.Configuration.Protected\Fededim.Extensions.Configuration.Protected\Fededim.Extensions.Configuration.Protected.DataProtectionAPITest\bin\Release\net462\Fededim.Extensions.Configuration.Protected.DataProtectionAPITest.dll" adapterTypeName="executor://xunit/VsTestRunner2/net" className="Fededim.Extensions.Configuration.Protected.DataProtectionAPITest.DataProtectionAPIProtectProviderTest" name="RandomXmlFileTest" />
    </UnitTest>
    <UnitTest name="Fededim.Extensions.Configuration.Protected.DataProtectionAPITest.PassthroughProtectProviderTest.RandomCommandLineTest" storage="d:\a\fededim.extensions.configuration.protected\fededim.extensions.configuration.protected\fededim.extensions.configuration.protected.dataprotectionapitest\bin\release\net462\fededim.extensions.configuration.protected.dataprotectionapitest.dll" id="53bdc893-11b6-05bf-6c05-1776c77b4125">
      <Execution id="0c240d28-6297-4315-b3b4-1ac2da43c6bc" />
      <TestMethod codeBase="D:\a\Fededim.Extensions.Configuration.Protected\Fededim.Extensions.Configuration.Protected\Fededim.Extensions.Configuration.Protected.DataProtectionAPITest\bin\Release\net462\Fededim.Extensions.Configuration.Protected.DataProtectionAPITest.dll" adapterTypeName="executor://xunit/VsTestRunner2/net" className="Fededim.Extensions.Configuration.Protected.DataProtectionAPITest.PassthroughProtectProviderTest" name="RandomCommandLineTest" />
    </UnitTest>
    <UnitTest name="Fededim.Extensions.Configuration.Protected.DataProtectionAPITest.PassthroughProtectProviderTest.RandomJsonFileTest(useJsonWithCommentFileProcessor: True)" storage="d:\a\fededim.extensions.configuration.protected\fededim.extensions.configuration.protected\fededim.extensions.configuration.protected.dataprotectionapitest\bin\release\net462\fededim.extensions.configuration.protected.dataprotectionapitest.dll" id="cf0e5a6f-eacf-e1e6-8610-cf6ad43d699c">
      <Execution id="2f34cb3f-ebcd-4986-92cb-b5147aee62b1" />
      <TestMethod codeBase="D:\a\Fededim.Extensions.Configuration.Protected\Fededim.Extensions.Configuration.Protected\Fededim.Extensions.Configuration.Protected.DataProtectionAPITest\bin\Release\net462\Fededim.Extensions.Configuration.Protected.DataProtectionAPITest.dll" adapterTypeName="executor://xunit/VsTestRunner2/net" className="Fededim.Extensions.Configuration.Protected.DataProtectionAPITest.PassthroughProtectProviderTest" name="RandomJsonFileTest" />
    </UnitTest>
    <UnitTest name="Fededim.Extensions.Configuration.Protected.DataProtectionAPITest.ReverseChainedPassthroughProtectProviderTest.RandomXmlFileTest" storage="d:\a\fededim.extensions.configuration.protected\fededim.extensions.configuration.protected\fededim.extensions.configuration.protected.dataprotectionapitest\bin\release\net462\fededim.extensions.configuration.protected.dataprotectionapitest.dll" id="dc307d4d-4502-7282-1f60-31615d2a0d24">
      <Execution id="b62aeff8-a74c-4ed6-9bd2-6d0dd224a773" />
      <TestMethod codeBase="D:\a\Fededim.Extensions.Configuration.Protected\Fededim.Extensions.Configuration.Protected\Fededim.Extensions.Configuration.Protected.DataProtectionAPITest\bin\Release\net462\Fededim.Extensions.Configuration.Protected.DataProtectionAPITest.dll" adapterTypeName="executor://xunit/VsTestRunner2/net" className="Fededim.Extensions.Configuration.Protected.DataProtectionAPITest.ReverseChainedPassthroughProtectProviderTest" name="RandomXmlFileTest" />
    </UnitTest>
    <UnitTest name="Fededim.Extensions.Configuration.Protected.DataProtectionAPITest.ReverseChainedDataProtectionAPIProtectProviderTest.RandomInMemoryDictionaryTest" storage="d:\a\fededim.extensions.configuration.protected\fededim.extensions.configuration.protected\fededim.extensions.configuration.protected.dataprotectionapitest\bin\release\net462\fededim.extensions.configuration.protected.dataprotectionapitest.dll" id="dbafd3c0-547c-f72c-7714-3310b3a28f6c">
      <Execution id="5a890130-c44f-40b4-a2f4-354cb800ce4a" />
      <TestMethod codeBase="D:\a\Fededim.Extensions.Configuration.Protected\Fededim.Extensions.Configuration.Protected\Fededim.Extensions.Configuration.Protected.DataProtectionAPITest\bin\Release\net462\Fededim.Extensions.Configuration.Protected.DataProtectionAPITest.dll" adapterTypeName="executor://xunit/VsTestRunner2/net" className="Fededim.Extensions.Configuration.Protected.DataProtectionAPITest.ReverseChainedDataProtectionAPIProtectProviderTest" name="RandomInMemoryDictionaryTest" />
    </UnitTest>
    <UnitTest name="Fededim.Extensions.Configuration.Protected.DataProtectionAPITest.PassthroughProtectProviderTest.RandomXmlFileTest" storage="d:\a\fededim.extensions.configuration.protected\fededim.extensions.configuration.protected\fededim.extensions.configuration.protected.dataprotectionapitest\bin\release\net462\fededim.extensions.configuration.protected.dataprotectionapitest.dll" id="17c2c8ae-a50b-08a0-7c03-1289a54a7d68">
      <Execution id="93d78e96-e61c-4b48-8b48-6c142702d9c5" />
      <TestMethod codeBase="D:\a\Fededim.Extensions.Configuration.Protected\Fededim.Extensions.Configuration.Protected\Fededim.Extensions.Configuration.Protected.DataProtectionAPITest\bin\Release\net462\Fededim.Extensions.Configuration.Protected.DataProtectionAPITest.dll" adapterTypeName="executor://xunit/VsTestRunner2/net" className="Fededim.Extensions.Configuration.Protected.DataProtectionAPITest.PassthroughProtectProviderTest" name="RandomXmlFileTest" />
    </UnitTest>
    <UnitTest name="Fededim.Extensions.Configuration.Protected.DataProtectionAPITest.ReverseChainedPassthroughProtectProviderTest.RandomEnvironmentVariablesTest" storage="d:\a\fededim.extensions.configuration.protected\fededim.extensions.configuration.protected\fededim.extensions.configuration.protected.dataprotectionapitest\bin\release\net462\fededim.extensions.configuration.protected.dataprotectionapitest.dll" id="fd694cea-f6eb-8b2a-be1c-cfd9341efde5">
      <Execution id="2bf37ba6-e8b6-40ee-a893-69fd7a522308" />
      <TestMethod codeBase="D:\a\Fededim.Extensions.Configuration.Protected\Fededim.Extensions.Configuration.Protected\Fededim.Extensions.Configuration.Protected.DataProtectionAPITest\bin\Release\net462\Fededim.Extensions.Configuration.Protected.DataProtectionAPITest.dll" adapterTypeName="executor://xunit/VsTestRunner2/net" className="Fededim.Extensions.Configuration.Protected.DataProtectionAPITest.ReverseChainedPassthroughProtectProviderTest" name="RandomEnvironmentVariablesTest" />
    </UnitTest>
    <UnitTest name="Fededim.Extensions.Configuration.Protected.DataProtectionAPITest.DataProtectionAPIProtectProviderTest.RandomInMemoryDictionaryTest" storage="d:\a\fededim.extensions.configuration.protected\fededim.extensions.configuration.protected\fededim.extensions.configuration.protected.dataprotectionapitest\bin\release\net462\fededim.extensions.configuration.protected.dataprotectionapitest.dll" id="a5b4138a-877c-581b-780d-3494b3972f17">
      <Execution id="de8c415c-4b77-47ff-8fe1-383be3453895" />
      <TestMethod codeBase="D:\a\Fededim.Extensions.Configuration.Protected\Fededim.Extensions.Configuration.Protected\Fededim.Extensions.Configuration.Protected.DataProtectionAPITest\bin\Release\net462\Fededim.Extensions.Configuration.Protected.DataProtectionAPITest.dll" adapterTypeName="executor://xunit/VsTestRunner2/net" className="Fededim.Extensions.Configuration.Protected.DataProtectionAPITest.DataProtectionAPIProtectProviderTest" name="RandomInMemoryDictionaryTest" />
    </UnitTest>
    <UnitTest name="Fededim.Extensions.Configuration.Protected.DataProtectionAPITest.PassthroughProtectProviderTest.RandomEnvironmentVariablesTest" storage="d:\a\fededim.extensions.configuration.protected\fededim.extensions.configuration.protected\fededim.extensions.configuration.protected.dataprotectionapitest\bin\release\net462\fededim.extensions.configuration.protected.dataprotectionapitest.dll" id="b51079a5-ff93-277c-c6d0-2b0eb1149993">
      <Execution id="bca5cc45-824d-4d9c-a17a-6db4a308eae2" />
      <TestMethod codeBase="D:\a\Fededim.Extensions.Configuration.Protected\Fededim.Extensions.Configuration.Protected\Fededim.Extensions.Configuration.Protected.DataProtectionAPITest\bin\Release\net462\Fededim.Extensions.Configuration.Protected.DataProtectionAPITest.dll" adapterTypeName="executor://xunit/VsTestRunner2/net" className="Fededim.Extensions.Configuration.Protected.DataProtectionAPITest.PassthroughProtectProviderTest" name="RandomEnvironmentVariablesTest" />
    </UnitTest>
    <UnitTest name="Fededim.Extensions.Configuration.Protected.DataProtectionAPITest.ReverseChainedPassthroughProtectProviderTest.RandomJsonFileTest(useJsonWithCommentFileProcessor: True)" storage="d:\a\fededim.extensions.configuration.protected\fededim.extensions.configuration.protected\fededim.extensions.configuration.protected.dataprotectionapitest\bin\release\net462\fededim.extensions.configuration.protected.dataprotectionapitest.dll" id="b5fa2e2b-5ba5-fac3-aba2-27926978692e">
      <Execution id="e4ee0458-a875-40a7-b6dd-ec7f48db84df" />
      <TestMethod codeBase="D:\a\Fededim.Extensions.Configuration.Protected\Fededim.Extensions.Configuration.Protected\Fededim.Extensions.Configuration.Protected.DataProtectionAPITest\bin\Release\net462\Fededim.Extensions.Configuration.Protected.DataProtectionAPITest.dll" adapterTypeName="executor://xunit/VsTestRunner2/net" className="Fededim.Extensions.Configuration.Protected.DataProtectionAPITest.ReverseChainedPassthroughProtectProviderTest" name="RandomJsonFileTest" />
    </UnitTest>
    <UnitTest name="Fededim.Extensions.Configuration.Protected.DataProtectionAPITest.DataProtectionAPIProtectProviderTest.RandomEnvironmentVariablesTest" storage="d:\a\fededim.extensions.configuration.protected\fededim.extensions.configuration.protected\fededim.extensions.configuration.protected.dataprotectionapitest\bin\release\net462\fededim.extensions.configuration.protected.dataprotectionapitest.dll" id="f352b3e4-d8b2-0588-46bb-043afb7266c1">
      <Execution id="91be2507-f924-442d-996a-d22d6a2df5aa" />
      <TestMethod codeBase="D:\a\Fededim.Extensions.Configuration.Protected\Fededim.Extensions.Configuration.Protected\Fededim.Extensions.Configuration.Protected.DataProtectionAPITest\bin\Release\net462\Fededim.Extensions.Configuration.Protected.DataProtectionAPITest.dll" adapterTypeName="executor://xunit/VsTestRunner2/net" className="Fededim.Extensions.Configuration.Protected.DataProtectionAPITest.DataProtectionAPIProtectProviderTest" name="RandomEnvironmentVariablesTest" />
    </UnitTest>
    <UnitTest name="Fededim.Extensions.Configuration.Protected.DataProtectionAPITest.ReverseChainedPassthroughProtectProviderTest.RandomCommandLineTest" storage="d:\a\fededim.extensions.configuration.protected\fededim.extensions.configuration.protected\fededim.extensions.configuration.protected.dataprotectionapitest\bin\release\net462\fededim.extensions.configuration.protected.dataprotectionapitest.dll" id="21abf860-ed3d-2e49-4a1e-a39daf2ff1b2">
      <Execution id="3aaee189-0a1b-45e3-b145-7fdcab583418" />
      <TestMethod codeBase="D:\a\Fededim.Extensions.Configuration.Protected\Fededim.Extensions.Configuration.Protected\Fededim.Extensions.Configuration.Protected.DataProtectionAPITest\bin\Release\net462\Fededim.Extensions.Configuration.Protected.DataProtectionAPITest.dll" adapterTypeName="executor://xunit/VsTestRunner2/net" className="Fededim.Extensions.Configuration.Protected.DataProtectionAPITest.ReverseChainedPassthroughProtectProviderTest" name="RandomCommandLineTest" />
    </UnitTest>
    <UnitTest name="Fededim.Extensions.Configuration.Protected.DataProtectionAPITest.DataProtectionAPIProtectProviderTest.RandomJsonFileTest(useJsonWithCommentFileProcessor: True)" storage="d:\a\fededim.extensions.configuration.protected\fededim.extensions.configuration.protected\fededim.extensions.configuration.protected.dataprotectionapitest\bin\release\net462\fededim.extensions.configuration.protected.dataprotectionapitest.dll" id="f6916fa8-7335-1ac2-9bd9-068ab445ecb1">
      <Execution id="0f42d191-a43b-4877-bb5e-5221991f75e4" />
      <TestMethod codeBase="D:\a\Fededim.Extensions.Configuration.Protected\Fededim.Extensions.Configuration.Protected\Fededim.Extensions.Configuration.Protected.DataProtectionAPITest\bin\Release\net462\Fededim.Extensions.Configuration.Protected.DataProtectionAPITest.dll" adapterTypeName="executor://xunit/VsTestRunner2/net" className="Fededim.Extensions.Configuration.Protected.DataProtectionAPITest.DataProtectionAPIProtectProviderTest" name="RandomJsonFileTest" />
    </UnitTest>
    <UnitTest name="Fededim.Extensions.Configuration.Protected.DataProtectionAPITest.DataProtectionAPIProtectProviderTest.RandomCommandLineTest" storage="d:\a\fededim.extensions.configuration.protected\fededim.extensions.configuration.protected\fededim.extensions.configuration.protected.dataprotectionapitest\bin\release\net462\fededim.extensions.configuration.protected.dataprotectionapitest.dll" id="b9bf8ed7-522c-e76a-b80e-8d05fc5adc83">
      <Execution id="3451948a-023c-4a11-bfd0-5318887caaa1" />
      <TestMethod codeBase="D:\a\Fededim.Extensions.Configuration.Protected\Fededim.Extensions.Configuration.Protected\Fededim.Extensions.Configuration.Protected.DataProtectionAPITest\bin\Release\net462\Fededim.Extensions.Configuration.Protected.DataProtectionAPITest.dll" adapterTypeName="executor://xunit/VsTestRunner2/net" className="Fededim.Extensions.Configuration.Protected.DataProtectionAPITest.DataProtectionAPIProtectProviderTest" name="RandomCommandLineTest" />
    </UnitTest>
    <UnitTest name="Fededim.Extensions.Configuration.Protected.DataProtectionAPITest.ReverseChainedDataProtectionAPIProtectProviderTest.RandomJsonFileTest(useJsonWithCommentFileProcessor: True)" storage="d:\a\fededim.extensions.configuration.protected\fededim.extensions.configuration.protected\fededim.extensions.configuration.protected.dataprotectionapitest\bin\release\net462\fededim.extensions.configuration.protected.dataprotectionapitest.dll" id="d2ec5ba7-d50b-7023-11ad-69c0b8299f4c">
      <Execution id="07f9f446-0849-4711-8590-9ba6f4c593a7" />
      <TestMethod codeBase="D:\a\Fededim.Extensions.Configuration.Protected\Fededim.Extensions.Configuration.Protected\Fededim.Extensions.Configuration.Protected.DataProtectionAPITest\bin\Release\net462\Fededim.Extensions.Configuration.Protected.DataProtectionAPITest.dll" adapterTypeName="executor://xunit/VsTestRunner2/net" className="Fededim.Extensions.Configuration.Protected.DataProtectionAPITest.ReverseChainedDataProtectionAPIProtectProviderTest" name="RandomJsonFileTest" />
    </UnitTest>
    <UnitTest name="Fededim.Extensions.Configuration.Protected.DataProtectionAPITest.PassthroughProtectProviderTest.RandomJsonFileTest(useJsonWithCommentFileProcessor: False)" storage="d:\a\fededim.extensions.configuration.protected\fededim.extensions.configuration.protected\fededim.extensions.configuration.protected.dataprotectionapitest\bin\release\net462\fededim.extensions.configuration.protected.dataprotectionapitest.dll" id="ade5454d-acc1-63ed-986a-ba08d0a9b3c4">
      <Execution id="390bfe67-ac42-4aad-a076-f06cb3260c03" />
      <TestMethod codeBase="D:\a\Fededim.Extensions.Configuration.Protected\Fededim.Extensions.Configuration.Protected\Fededim.Extensions.Configuration.Protected.DataProtectionAPITest\bin\Release\net462\Fededim.Extensions.Configuration.Protected.DataProtectionAPITest.dll" adapterTypeName="executor://xunit/VsTestRunner2/net" className="Fededim.Extensions.Configuration.Protected.DataProtectionAPITest.PassthroughProtectProviderTest" name="RandomJsonFileTest" />
    </UnitTest>
    <UnitTest name="Fededim.Extensions.Configuration.Protected.DataProtectionAPITest.ReverseChainedPassthroughProtectProviderTest.RandomJsonFileTest(useJsonWithCommentFileProcessor: False)" storage="d:\a\fededim.extensions.configuration.protected\fededim.extensions.configuration.protected\fededim.extensions.configuration.protected.dataprotectionapitest\bin\release\net462\fededim.extensions.configuration.protected.dataprotectionapitest.dll" id="b6fd352f-d0bb-6f9f-e8b5-484cb632db0b">
      <Execution id="56f567f5-22ff-4ddd-bdc4-f08433ffd2b6" />
      <TestMethod codeBase="D:\a\Fededim.Extensions.Configuration.Protected\Fededim.Extensions.Configuration.Protected\Fededim.Extensions.Configuration.Protected.DataProtectionAPITest\bin\Release\net462\Fededim.Extensions.Configuration.Protected.DataProtectionAPITest.dll" adapterTypeName="executor://xunit/VsTestRunner2/net" className="Fededim.Extensions.Configuration.Protected.DataProtectionAPITest.ReverseChainedPassthroughProtectProviderTest" name="RandomJsonFileTest" />
    </UnitTest>
    <UnitTest name="Fededim.Extensions.Configuration.Protected.DataProtectionAPITest.DataProtectionAPIProtectProviderTest.RandomJsonFileTest(useJsonWithCommentFileProcessor: False)" storage="d:\a\fededim.extensions.configuration.protected\fededim.extensions.configuration.protected\fededim.extensions.configuration.protected.dataprotectionapitest\bin\release\net462\fededim.extensions.configuration.protected.dataprotectionapitest.dll" id="215bdca5-d044-0fe3-ab3a-2e4442ce76c5">
      <Execution id="d6fb18e3-4d0f-4a96-b775-244d7b26cd05" />
      <TestMethod codeBase="D:\a\Fededim.Extensions.Configuration.Protected\Fededim.Extensions.Configuration.Protected\Fededim.Extensions.Configuration.Protected.DataProtectionAPITest\bin\Release\net462\Fededim.Extensions.Configuration.Protected.DataProtectionAPITest.dll" adapterTypeName="executor://xunit/VsTestRunner2/net" className="Fededim.Extensions.Configuration.Protected.DataProtectionAPITest.DataProtectionAPIProtectProviderTest" name="RandomJsonFileTest" />
    </UnitTest>
    <UnitTest name="Fededim.Extensions.Configuration.Protected.DataProtectionAPITest.ReverseChainedPassthroughProtectProviderTest.RandomInMemoryDictionaryTest" storage="d:\a\fededim.extensions.configuration.protected\fededim.extensions.configuration.protected\fededim.extensions.configuration.protected.dataprotectionapitest\bin\release\net462\fededim.extensions.configuration.protected.dataprotectionapitest.dll" id="c54c3964-5bef-c878-d4a0-6c44caf97732">
      <Execution id="1c028092-352d-46e9-85ca-52b8ad098ca6" />
      <TestMethod codeBase="D:\a\Fededim.Extensions.Configuration.Protected\Fededim.Extensions.Configuration.Protected\Fededim.Extensions.Configuration.Protected.DataProtectionAPITest\bin\Release\net462\Fededim.Extensions.Configuration.Protected.DataProtectionAPITest.dll" adapterTypeName="executor://xunit/VsTestRunner2/net" className="Fededim.Extensions.Configuration.Protected.DataProtectionAPITest.ReverseChainedPassthroughProtectProviderTest" name="RandomInMemoryDictionaryTest" />
    </UnitTest>
    <UnitTest name="Fededim.Extensions.Configuration.Protected.DataProtectionAPITest.ReverseChainedDataProtectionAPIProtectProviderTest.RandomJsonFileTest(useJsonWithCommentFileProcessor: False)" storage="d:\a\fededim.extensions.configuration.protected\fededim.extensions.configuration.protected\fededim.extensions.configuration.protected.dataprotectionapitest\bin\release\net462\fededim.extensions.configuration.protected.dataprotectionapitest.dll" id="83d9d3b3-01c1-e554-7b15-bf5199894c8f">
      <Execution id="1162d601-5a97-4114-8f5d-3ad58f91e079" />
      <TestMethod codeBase="D:\a\Fededim.Extensions.Configuration.Protected\Fededim.Extensions.Configuration.Protected\Fededim.Extensions.Configuration.Protected.DataProtectionAPITest\bin\Release\net462\Fededim.Extensions.Configuration.Protected.DataProtectionAPITest.dll" adapterTypeName="executor://xunit/VsTestRunner2/net" className="Fededim.Extensions.Configuration.Protected.DataProtectionAPITest.ReverseChainedDataProtectionAPIProtectProviderTest" name="RandomJsonFileTest" />
    </UnitTest>
    <UnitTest name="Fededim.Extensions.Configuration.Protected.DataProtectionAPITest.ReverseChainedDataProtectionAPIProtectProviderTest.RandomEnvironmentVariablesTest" storage="d:\a\fededim.extensions.configuration.protected\fededim.extensions.configuration.protected\fededim.extensions.configuration.protected.dataprotectionapitest\bin\release\net462\fededim.extensions.configuration.protected.dataprotectionapitest.dll" id="f4974d5b-c288-bf3b-c0f6-abb4edc5d313">
      <Execution id="ab61182d-8efc-4080-81f0-1e1c3a2cfe1c" />
      <TestMethod codeBase="D:\a\Fededim.Extensions.Configuration.Protected\Fededim.Extensions.Configuration.Protected\Fededim.Extensions.Configuration.Protected.DataProtectionAPITest\bin\Release\net462\Fededim.Extensions.Configuration.Protected.DataProtectionAPITest.dll" adapterTypeName="executor://xunit/VsTestRunner2/net" className="Fededim.Extensions.Configuration.Protected.DataProtectionAPITest.ReverseChainedDataProtectionAPIProtectProviderTest" name="RandomEnvironmentVariablesTest" />
    </UnitTest>
    <UnitTest name="Fededim.Extensions.Configuration.Protected.DataProtectionAPITest.ReverseChainedDataProtectionAPIProtectProviderTest.RandomXmlFileTest" storage="d:\a\fededim.extensions.configuration.protected\fededim.extensions.configuration.protected\fededim.extensions.configuration.protected.dataprotectionapitest\bin\release\net462\fededim.extensions.configuration.protected.dataprotectionapitest.dll" id="efb735a9-3ad5-1771-1fbc-4b718376ccc7">
      <Execution id="fbec7d2c-72d6-412c-ba4c-0ec90d50086e" />
      <TestMethod codeBase="D:\a\Fededim.Extensions.Configuration.Protected\Fededim.Extensions.Configuration.Protected\Fededim.Extensions.Configuration.Protected.DataProtectionAPITest\bin\Release\net462\Fededim.Extensions.Configuration.Protected.DataProtectionAPITest.dll" adapterTypeName="executor://xunit/VsTestRunner2/net" className="Fededim.Extensions.Configuration.Protected.DataProtectionAPITest.ReverseChainedDataProtectionAPIProtectProviderTest" name="RandomXmlFileTest" />
    </UnitTest>
    <UnitTest name="Fededim.Extensions.Configuration.Protected.DataProtectionAPITest.PassthroughProtectProviderTest.RandomInMemoryDictionaryTest" storage="d:\a\fededim.extensions.configuration.protected\fededim.extensions.configuration.protected\fededim.extensions.configuration.protected.dataprotectionapitest\bin\release\net462\fededim.extensions.configuration.protected.dataprotectionapitest.dll" id="20fa24cf-117e-2734-ecaa-01279073fded">
      <Execution id="17f1a5fd-d36f-4629-9be6-edcc2c19c97c" />
      <TestMethod codeBase="D:\a\Fededim.Extensions.Configuration.Protected\Fededim.Extensions.Configuration.Protected\Fededim.Extensions.Configuration.Protected.DataProtectionAPITest\bin\Release\net462\Fededim.Extensions.Configuration.Protected.DataProtectionAPITest.dll" adapterTypeName="executor://xunit/VsTestRunner2/net" className="Fededim.Extensions.Configuration.Protected.DataProtectionAPITest.PassthroughProtectProviderTest" name="RandomInMemoryDictionaryTest" />
    </UnitTest>
  </TestDefinitions>
  <TestEntries>
    <TestEntry testId="20fa24cf-117e-2734-ecaa-01279073fded" executionId="17f1a5fd-d36f-4629-9be6-edcc2c19c97c" testListId="8c84fa94-04c1-424b-9868-57a2d4851a1d" />
    <TestEntry testId="f352b3e4-d8b2-0588-46bb-043afb7266c1" executionId="91be2507-f924-442d-996a-d22d6a2df5aa" testListId="8c84fa94-04c1-424b-9868-57a2d4851a1d" />
    <TestEntry testId="b5fa2e2b-5ba5-fac3-aba2-27926978692e" executionId="e4ee0458-a875-40a7-b6dd-ec7f48db84df" testListId="8c84fa94-04c1-424b-9868-57a2d4851a1d" />
    <TestEntry testId="53bdc893-11b6-05bf-6c05-1776c77b4125" executionId="0c240d28-6297-4315-b3b4-1ac2da43c6bc" testListId="8c84fa94-04c1-424b-9868-57a2d4851a1d" />
    <TestEntry testId="fd694cea-f6eb-8b2a-be1c-cfd9341efde5" executionId="2bf37ba6-e8b6-40ee-a893-69fd7a522308" testListId="8c84fa94-04c1-424b-9868-57a2d4851a1d" />
    <TestEntry testId="dbafd3c0-547c-f72c-7714-3310b3a28f6c" executionId="5a890130-c44f-40b4-a2f4-354cb800ce4a" testListId="8c84fa94-04c1-424b-9868-57a2d4851a1d" />
    <TestEntry testId="efb735a9-3ad5-1771-1fbc-4b718376ccc7" executionId="fbec7d2c-72d6-412c-ba4c-0ec90d50086e" testListId="8c84fa94-04c1-424b-9868-57a2d4851a1d" />
    <TestEntry testId="b9bf8ed7-522c-e76a-b80e-8d05fc5adc83" executionId="3451948a-023c-4a11-bfd0-5318887caaa1" testListId="8c84fa94-04c1-424b-9868-57a2d4851a1d" />
    <TestEntry testId="cf0e5a6f-eacf-e1e6-8610-cf6ad43d699c" executionId="2f34cb3f-ebcd-4986-92cb-b5147aee62b1" testListId="8c84fa94-04c1-424b-9868-57a2d4851a1d" />
    <TestEntry testId="f4974d5b-c288-bf3b-c0f6-abb4edc5d313" executionId="ab61182d-8efc-4080-81f0-1e1c3a2cfe1c" testListId="8c84fa94-04c1-424b-9868-57a2d4851a1d" />
    <TestEntry testId="a5b4138a-877c-581b-780d-3494b3972f17" executionId="de8c415c-4b77-47ff-8fe1-383be3453895" testListId="8c84fa94-04c1-424b-9868-57a2d4851a1d" />
    <TestEntry testId="97ac352b-e433-e531-3210-5b085419ca0a" executionId="bdd7335f-a791-4e86-93e2-e798b6d4ec3b" testListId="8c84fa94-04c1-424b-9868-57a2d4851a1d" />
    <TestEntry testId="21abf860-ed3d-2e49-4a1e-a39daf2ff1b2" executionId="3aaee189-0a1b-45e3-b145-7fdcab583418" testListId="8c84fa94-04c1-424b-9868-57a2d4851a1d" />
    <TestEntry testId="b51079a5-ff93-277c-c6d0-2b0eb1149993" executionId="bca5cc45-824d-4d9c-a17a-6db4a308eae2" testListId="8c84fa94-04c1-424b-9868-57a2d4851a1d" />
    <TestEntry testId="ade5454d-acc1-63ed-986a-ba08d0a9b3c4" executionId="390bfe67-ac42-4aad-a076-f06cb3260c03" testListId="8c84fa94-04c1-424b-9868-57a2d4851a1d" />
    <TestEntry testId="d2ec5ba7-d50b-7023-11ad-69c0b8299f4c" executionId="07f9f446-0849-4711-8590-9ba6f4c593a7" testListId="8c84fa94-04c1-424b-9868-57a2d4851a1d" />
    <TestEntry testId="215bdca5-d044-0fe3-ab3a-2e4442ce76c5" executionId="d6fb18e3-4d0f-4a96-b775-244d7b26cd05" testListId="8c84fa94-04c1-424b-9868-57a2d4851a1d" />
    <TestEntry testId="dc307d4d-4502-7282-1f60-31615d2a0d24" executionId="b62aeff8-a74c-4ed6-9bd2-6d0dd224a773" testListId="8c84fa94-04c1-424b-9868-57a2d4851a1d" />
    <TestEntry testId="c54c3964-5bef-c878-d4a0-6c44caf97732" executionId="1c028092-352d-46e9-85ca-52b8ad098ca6" testListId="8c84fa94-04c1-424b-9868-57a2d4851a1d" />
    <TestEntry testId="83d9d3b3-01c1-e554-7b15-bf5199894c8f" executionId="1162d601-5a97-4114-8f5d-3ad58f91e079" testListId="8c84fa94-04c1-424b-9868-57a2d4851a1d" />
    <TestEntry testId="60df3619-3efb-dbb7-6212-6602ebf68f95" executionId="2211c334-fe73-40da-b068-7d854e6e71f0" testListId="8c84fa94-04c1-424b-9868-57a2d4851a1d" />
    <TestEntry testId="b6fd352f-d0bb-6f9f-e8b5-484cb632db0b" executionId="56f567f5-22ff-4ddd-bdc4-f08433ffd2b6" testListId="8c84fa94-04c1-424b-9868-57a2d4851a1d" />
    <TestEntry testId="17c2c8ae-a50b-08a0-7c03-1289a54a7d68" executionId="93d78e96-e61c-4b48-8b48-6c142702d9c5" testListId="8c84fa94-04c1-424b-9868-57a2d4851a1d" />
    <TestEntry testId="f6916fa8-7335-1ac2-9bd9-068ab445ecb1" executionId="0f42d191-a43b-4877-bb5e-5221991f75e4" testListId="8c84fa94-04c1-424b-9868-57a2d4851a1d" />
  </TestEntries>
  <TestLists>
    <TestList name="Results Not in a List" id="8c84fa94-04c1-424b-9868-57a2d4851a1d" />
    <TestList name="All Loaded Results" id="19431567-8539-422a-85d7-44ee4e166bda" />
  </TestLists>
  <ResultSummary outcome="Completed">
    <Counters total="24" executed="24" passed="24" failed="0" error="0" timeout="0" aborted="0" inconclusive="0" passedButRunAborted="0" notRunnable="0" notExecuted="0" disconnected="0" warning="0" completed="0" inProgress="0" pending="0" />
    <Output>
      <StdOut>[xUnit.net 00:00:00.04] xUnit.net VSTest Adapter v2.8.2+699d445a1a (64-bit .NET Framework 4.8.9310.0)&#xD;
[xUnit.net 00:00:01.45]   Discovering: Fededim.Extensions.Configuration.Protected.DataProtectionAPITest&#xD;
[xUnit.net 00:00:01.64]   Discovered:  Fededim.Extensions.Configuration.Protected.DataProtectionAPITest&#xD;
[xUnit.net 00:00:01.64]   Starting:    Fededim.Extensions.Configuration.Protected.DataProtectionAPITest&#xD;
[xUnit.net 00:02:24.71]   Finished:    Fededim.Extensions.Configuration.Protected.DataProtectionAPITest&#xD;
</StdOut>
    </Output>
  </ResultSummary>
</TestRun>