<?xml version="1.0" encoding="utf-8"?>
<TestRun id="ccf95f2a-c90f-459a-9db7-2457de7d8f4f" name="runneradmin@runnervm8crnl 2025-11-05 20:43:38" runUser="runnervm8crnl\runneradmin" xmlns="http://microsoft.com/schemas/VisualStudio/TeamTest/2010">
  <Times creation="2025-11-05T20:43:38.1487241+00:00" queuing="2025-11-05T20:43:38.1487246+00:00" start="2025-11-05T20:43:28.1935356+00:00" finish="2025-11-05T20:45:24.8790485+00:00" />
  <TestSettings name="default" id="32c6ba09-4e4f-483a-84cd-a4cbdd101387">
    <Deployment runDeploymentRoot="runneradmin_runnervm8crnl_2025-11-05_20_43_38" />
  </TestSettings>
  <Results>
    <UnitTestResult executionId="413af311-9adb-4052-9f8f-8f0e025417b7" testId="7e6ddfbf-8406-e386-7c05-3e7c30fa7505" testName="Fededim.Extensions.Configuration.Protected.DataProtectionAPITest.ReverseChainedPassthroughProtectProviderTest.RandomJsonFileTest(useJsonWithCommentFileProcessor: False)" computerName="runnervm8crnl" duration="00:00:14.9097159" startTime="2025-11-05T20:44:20.2336114+00:00" endTime="2025-11-05T20:44:20.2336117+00:00" testType="13cdc9d9-ddb5-4fa4-a97d-d965ccfc6d4b" outcome="Passed" testListId="8c84fa94-04c1-424b-9868-57a2d4851a1d" relativeResultsDirectory="413af311-9adb-4052-9f8f-8f0e025417b7">
      <Output>
        <StdOut>11/5/2025 8:44:05 PM: Generating a random JSON file with 100000 keys, autogenerated strings max length 20 and autogenerated array max length 10...&#xD;
11/5/2025 8:44:06 PM: File location file://D:/a/Fededim.Extensions.Configuration.Protected/Fededim.Extensions.Configuration.Protected/Fededim.Extensions.Configuration.Protected.DataProtectionAPITest/bin/Release/net8.0/random_0f3b2d67-94ca-47ed-b62a-efb5184deeb8.json&#xD;
11/5/2025 8:44:06 PM: Generated random JSON file (NumEntries 100000 NumValues 250575 size 54337 KB) duration 1392ms &#xD;
11/5/2025 8:44:10 PM: Encrypted random JSON file (NumEntries 100000 NumValues 250575 size 54723 KB) duration 4275ms &#xD;
11/5/2025 8:44:13 PM: Checked that all random JSON file is encrypted duration 2064ms &#xD;
11/5/2025 8:44:19 PM: Loaded and decrypted random JSON file with ProtectedConfigurationBuilder duration 6609ms &#xD;
11/5/2025 8:44:20 PM: Checked that 250575 entries are equal duration 567ms</StdOut>
      </Output>
    </UnitTestResult>
    <UnitTestResult executionId="2d50a586-658d-43da-b5ab-bd9df4277528" testId="babc18e0-52be-6076-7768-76d0c302f279" testName="Fededim.Extensions.Configuration.Protected.DataProtectionAPITest.PassthroughProtectProviderTest.RandomJsonFileTest(useJsonWithCommentFileProcessor: False)" computerName="runnervm8crnl" duration="00:00:16.0953273" startTime="2025-11-05T20:44:30.8643158+00:00" endTime="2025-11-05T20:44:30.8643162+00:00" testType="13cdc9d9-ddb5-4fa4-a97d-d965ccfc6d4b" outcome="Passed" testListId="8c84fa94-04c1-424b-9868-57a2d4851a1d" relativeResultsDirectory="2d50a586-658d-43da-b5ab-bd9df4277528">
      <Output>
        <StdOut>11/5/2025 8:44:14 PM: Generating a random JSON file with 100000 keys, autogenerated strings max length 20 and autogenerated array max length 10...&#xD;
11/5/2025 8:44:17 PM: File location file://D:/a/Fededim.Extensions.Configuration.Protected/Fededim.Extensions.Configuration.Protected/Fededim.Extensions.Configuration.Protected.DataProtectionAPITest/bin/Release/net8.0/random_8842bf00-c4c8-4708-aab8-ad1da9e7c3ef.json&#xD;
11/5/2025 8:44:17 PM: Generated random JSON file (NumEntries 100000 NumValues 250222 size 62614 KB) duration 2535ms &#xD;
11/5/2025 8:44:20 PM: Encrypted random JSON file (NumEntries 100000 NumValues 250222 size 63001 KB) duration 3067ms &#xD;
11/5/2025 8:44:22 PM: Checked that all random JSON file is encrypted duration 2138ms &#xD;
11/5/2025 8:44:28 PM: Loaded and decrypted random JSON file with ProtectedConfigurationBuilder duration 6469ms &#xD;
11/5/2025 8:44:30 PM: Checked that 250222 entries are equal duration 1883ms</StdOut>
      </Output>
    </UnitTestResult>
    <UnitTestResult executionId="c9e0dbb6-9f95-46a6-8c50-17d695d9ad1b" testId="76a3f103-314f-1ebd-bd22-53871a79c3fa" testName="Fededim.Extensions.Configuration.Protected.DataProtectionAPITest.ReverseChainedDataProtectionAPIProtectProviderTest.RandomJsonFileTest(useJsonWithCommentFileProcessor: True)" computerName="runnervm8crnl" duration="00:00:40.6033470" startTime="2025-11-05T20:44:14.8445205+00:00" endTime="2025-11-05T20:44:14.8445208+00:00" testType="13cdc9d9-ddb5-4fa4-a97d-d965ccfc6d4b" outcome="Passed" testListId="8c84fa94-04c1-424b-9868-57a2d4851a1d" relativeResultsDirectory="c9e0dbb6-9f95-46a6-8c50-17d695d9ad1b">
      <Output>
        <StdOut>11/5/2025 8:43:34 PM: Generating a random JSON file with 100000 keys, autogenerated strings max length 20 and autogenerated array max length 10...&#xD;
11/5/2025 8:43:38 PM: File location file://D:/a/Fededim.Extensions.Configuration.Protected/Fededim.Extensions.Configuration.Protected/Fededim.Extensions.Configuration.Protected.DataProtectionAPITest/bin/Release/net8.0/random_df5f5d99-9cca-455c-97c5-d09be35c8bc8.json&#xD;
11/5/2025 8:43:38 PM: Generated random JSON file (NumEntries 100000 NumValues 249876 size 57657 KB) duration 3802ms &#xD;
11/5/2025 8:43:52 PM: Encrypted random JSON file (NumEntries 100000 NumValues 249876 size 83734 KB) duration 00:00:13.9972034 &#xD;
11/5/2025 8:43:56 PM: Checked that all random JSON file is encrypted duration 3917ms &#xD;
11/5/2025 8:44:13 PM: Loaded and decrypted random JSON file with ProtectedConfigurationBuilder duration 00:00:17.4727387 &#xD;
11/5/2025 8:44:14 PM: Checked that 249876 entries are equal duration 1264ms</StdOut>
      </Output>
    </UnitTestResult>
    <UnitTestResult executionId="e8a4f151-7dc5-4c89-bc21-7c745a5c4927" testId="7854059b-30d2-55e5-a014-8ef220beca26" testName="Fededim.Extensions.Configuration.Protected.DataProtectionAPITest.ReverseChainedDataProtectionAPIProtectProviderTest.RandomJsonFileTest(useJsonWithCommentFileProcessor: False)" computerName="runnervm8crnl" duration="00:00:31.4193146" startTime="2025-11-05T20:44:46.2630528+00:00" endTime="2025-11-05T20:44:46.2630531+00:00" testType="13cdc9d9-ddb5-4fa4-a97d-d965ccfc6d4b" outcome="Passed" testListId="8c84fa94-04c1-424b-9868-57a2d4851a1d" relativeResultsDirectory="e8a4f151-7dc5-4c89-bc21-7c745a5c4927">
      <Output>
        <StdOut>11/5/2025 8:44:14 PM: Generating a random JSON file with 100000 keys, autogenerated strings max length 20 and autogenerated array max length 10...&#xD;
11/5/2025 8:44:17 PM: File location file://D:/a/Fededim.Extensions.Configuration.Protected/Fededim.Extensions.Configuration.Protected/Fededim.Extensions.Configuration.Protected.DataProtectionAPITest/bin/Release/net8.0/random_91008e68-1557-4d05-abfa-1bacc2814350.json&#xD;
11/5/2025 8:44:17 PM: Generated random JSON file (NumEntries 100000 NumValues 250356 size 56641 KB) duration 2332ms &#xD;
11/5/2025 8:44:25 PM: Encrypted random JSON file (NumEntries 100000 NumValues 250356 size 82793 KB) duration 8198ms &#xD;
11/5/2025 8:44:26 PM: Checked that all random JSON file is encrypted duration 913ms &#xD;
11/5/2025 8:44:45 PM: Loaded and decrypted random JSON file with ProtectedConfigurationBuilder duration 00:00:19.1927759 &#xD;
11/5/2025 8:44:46 PM: Checked that 250356 entries are equal duration 781ms</StdOut>
      </Output>
    </UnitTestResult>
    <UnitTestResult executionId="c72f4a28-4040-43a2-b7d8-d409a1294fbe" testId="94ea7642-4083-0632-dcd9-b9fdbebb7fc1" testName="Fededim.Extensions.Configuration.Protected.DataProtectionAPITest.PassthroughProtectProviderTest.RandomJsonFileTest(useJsonWithCommentFileProcessor: True)" computerName="runnervm8crnl" duration="00:00:18.7080521" startTime="2025-11-05T20:44:49.5507503+00:00" endTime="2025-11-05T20:44:49.5507506+00:00" testType="13cdc9d9-ddb5-4fa4-a97d-d965ccfc6d4b" outcome="Passed" testListId="8c84fa94-04c1-424b-9868-57a2d4851a1d" relativeResultsDirectory="c72f4a28-4040-43a2-b7d8-d409a1294fbe">
      <Output>
        <StdOut>11/5/2025 8:44:30 PM: Generating a random JSON file with 100000 keys, autogenerated strings max length 20 and autogenerated array max length 10...&#xD;
11/5/2025 8:44:32 PM: File location file://D:/a/Fededim.Extensions.Configuration.Protected/Fededim.Extensions.Configuration.Protected/Fededim.Extensions.Configuration.Protected.DataProtectionAPITest/bin/Release/net8.0/random_cfc82860-3065-46b5-b42c-3d7429dafa49.json&#xD;
11/5/2025 8:44:32 PM: Generated random JSON file (NumEntries 100000 NumValues 251548 size 66108 KB) duration 1866ms &#xD;
11/5/2025 8:44:36 PM: Encrypted random JSON file (NumEntries 100000 NumValues 251548 size 66495 KB) duration 4281ms &#xD;
11/5/2025 8:44:39 PM: Checked that all random JSON file is encrypted duration 2537ms &#xD;
11/5/2025 8:44:49 PM: Loaded and decrypted random JSON file with ProtectedConfigurationBuilder duration 9472ms &#xD;
11/5/2025 8:44:49 PM: Checked that 251548 entries are equal duration 549ms</StdOut>
      </Output>
    </UnitTestResult>
    <UnitTestResult executionId="9b70e364-3b9f-455e-80b6-31fe99804bd4" testId="266c91ed-f749-9cf5-bf8c-4a55ef2a37c7" testName="Fededim.Extensions.Configuration.Protected.DataProtectionAPITest.PassthroughProtectProviderTest.RandomCommandLineTest" computerName="runnervm8crnl" duration="00:00:03.0925737" startTime="2025-11-05T20:44:11.0831943+00:00" endTime="2025-11-05T20:44:11.0831946+00:00" testType="13cdc9d9-ddb5-4fa4-a97d-d965ccfc6d4b" outcome="Passed" testListId="8c84fa94-04c1-424b-9868-57a2d4851a1d" relativeResultsDirectory="9b70e364-3b9f-455e-80b6-31fe99804bd4">
      <Output>
        <StdOut>11/5/2025 8:44:07 PM: Generating a random command line arguments with 100000 keys, autogenerated strings max length 20 and autogenerated array max length 10...&#xD;
11/5/2025 8:44:08 PM: Starting test...&#xD;
11/5/2025 8:44:08 PM: Generated random comand line args (NumEntries 100000 NumValues 249699) duration 464ms &#xD;
11/5/2025 8:44:09 PM: Encrypted random comand line args duration 1037ms &#xD;
11/5/2025 8:44:09 PM: Checked that all random comand line args are encrypted duration 46ms &#xD;
11/5/2025 8:44:10 PM: Loaded and decrypted random comand line args with ProtectedConfigurationBuilder duration 1399ms &#xD;
11/5/2025 8:44:11 PM: Checked that 100000 entries are equal duration 143ms</StdOut>
      </Output>
    </UnitTestResult>
    <UnitTestResult executionId="12796711-71e3-4465-a252-34accf7f8553" testId="331a13af-5866-8d6a-671d-a2abfea42096" testName="Fededim.Extensions.Configuration.Protected.DataProtectionAPITest.DataProtectionAPIProtectProviderTest.RandomEnvironmentVariablesTest" computerName="runnervm8crnl" duration="00:00:05.2289836" startTime="2025-11-05T20:43:53.5828325+00:00" endTime="2025-11-05T20:43:53.5828329+00:00" testType="13cdc9d9-ddb5-4fa4-a97d-d965ccfc6d4b" outcome="Passed" testListId="8c84fa94-04c1-424b-9868-57a2d4851a1d" relativeResultsDirectory="12796711-71e3-4465-a252-34accf7f8553">
      <Output>
        <StdOut>11/5/2025 8:43:48 PM: Generating a random environment variables 100000 keys, autogenerated strings max length 20 and autogenerated array max length 10...&#xD;
11/5/2025 8:43:49 PM: Starting test...&#xD;
11/5/2025 8:43:49 PM: Generated random environment variables (NumEntries 2000 NumValues 5320 TID 13, note that Windows has a maximum size of 32KB for all environment variables, so not all 100000 keys could be created) duration 1294ms &#xD;
11/5/2025 8:43:52 PM: Encrypted random environment variables duration 2715ms &#xD;
11/5/2025 8:43:52 PM: Checked that all random environment variables are encrypted duration 30ms &#xD;
11/5/2025 8:43:52 PM: Loaded and decrypted random environment variables with ProtectedConfigurationBuilder duration 109ms &#xD;
11/5/2025 8:43:52 PM: Checked that 1588 entries are equal duration 0ms</StdOut>
      </Output>
    </UnitTestResult>
    <UnitTestResult executionId="571a72cb-88ff-4b39-abcb-c9b32183f19b" testId="53290695-3624-0469-7860-2a707aa4d5f4" testName="Fededim.Extensions.Configuration.Protected.DataProtectionAPITest.ReverseChainedPassthroughProtectProviderTest.RandomCommandLineTest" computerName="runnervm8crnl" duration="00:00:03.5738864" startTime="2025-11-05T20:43:41.6847144+00:00" endTime="2025-11-05T20:43:41.6847147+00:00" testType="13cdc9d9-ddb5-4fa4-a97d-d965ccfc6d4b" outcome="Passed" testListId="8c84fa94-04c1-424b-9868-57a2d4851a1d" relativeResultsDirectory="571a72cb-88ff-4b39-abcb-c9b32183f19b">
      <Output>
        <StdOut>11/5/2025 8:43:38 PM: Generating a random command line arguments with 100000 keys, autogenerated strings max length 20 and autogenerated array max length 10...&#xD;
11/5/2025 8:43:38 PM: Starting test...&#xD;
11/5/2025 8:43:38 PM: Generated random comand line args (NumEntries 100000 NumValues 249706) duration 672ms &#xD;
11/5/2025 8:43:40 PM: Encrypted random comand line args duration 1753ms &#xD;
11/5/2025 8:43:40 PM: Checked that all random comand line args are encrypted duration 63ms &#xD;
11/5/2025 8:43:41 PM: Loaded and decrypted random comand line args with ProtectedConfigurationBuilder duration 982ms &#xD;
11/5/2025 8:43:41 PM: Checked that 100000 entries are equal duration 99ms</StdOut>
      </Output>
    </UnitTestResult>
    <UnitTestResult executionId="947d8263-8e22-45db-8f78-c749a8e08186" testId="f63be0dc-1fac-0d73-eab5-ec6ea7cf7b08" testName="Fededim.Extensions.Configuration.Protected.DataProtectionAPITest.DataProtectionAPIProtectProviderTest.RandomCommandLineTest" computerName="runnervm8crnl" duration="00:00:03.1504249" startTime="2025-11-05T20:45:24.5014791+00:00" endTime="2025-11-05T20:45:24.5014795+00:00" testType="13cdc9d9-ddb5-4fa4-a97d-d965ccfc6d4b" outcome="Passed" testListId="8c84fa94-04c1-424b-9868-57a2d4851a1d" relativeResultsDirectory="947d8263-8e22-45db-8f78-c749a8e08186">
      <Output>
        <StdOut>11/5/2025 8:45:21 PM: Generating a random command line arguments with 100000 keys, autogenerated strings max length 20 and autogenerated array max length 10...&#xD;
11/5/2025 8:45:21 PM: Starting test...&#xD;
11/5/2025 8:45:21 PM: Generated random comand line args (NumEntries 100000 NumValues 249866) duration 194ms &#xD;
11/5/2025 8:45:22 PM: Encrypted random comand line args duration 1207ms &#xD;
11/5/2025 8:45:22 PM: Checked that all random comand line args are encrypted duration 39ms &#xD;
11/5/2025 8:45:24 PM: Loaded and decrypted random comand line args with ProtectedConfigurationBuilder duration 1660ms &#xD;
11/5/2025 8:45:24 PM: Checked that 100000 entries are equal duration 47ms</StdOut>
      </Output>
    </UnitTestResult>
    <UnitTestResult executionId="561c089d-e3f3-4c45-acfe-85d0843c8506" testId="647b6c5b-225b-1ca2-d2e0-e37df89ba286" testName="Fededim.Extensions.Configuration.Protected.DataProtectionAPITest.ReverseChainedDataProtectionAPIProtectProviderTest.RandomCommandLineTest" computerName="runnervm8crnl" duration="00:00:03.1450610" startTime="2025-11-05T20:45:21.8072912+00:00" endTime="2025-11-05T20:45:21.8072916+00:00" testType="13cdc9d9-ddb5-4fa4-a97d-d965ccfc6d4b" outcome="Passed" testListId="8c84fa94-04c1-424b-9868-57a2d4851a1d" relativeResultsDirectory="561c089d-e3f3-4c45-acfe-85d0843c8506">
      <Output>
        <StdOut>11/5/2025 8:45:18 PM: Generating a random command line arguments with 100000 keys, autogenerated strings max length 20 and autogenerated array max length 10...&#xD;
11/5/2025 8:45:18 PM: Starting test...&#xD;
11/5/2025 8:45:18 PM: Generated random comand line args (NumEntries 100000 NumValues 248673) duration 247ms &#xD;
11/5/2025 8:45:20 PM: Encrypted random comand line args duration 1119ms &#xD;
11/5/2025 8:45:20 PM: Checked that all random comand line args are encrypted duration 25ms &#xD;
11/5/2025 8:45:21 PM: Loaded and decrypted random comand line args with ProtectedConfigurationBuilder duration 1703ms &#xD;
11/5/2025 8:45:21 PM: Checked that 100000 entries are equal duration 48ms</StdOut>
      </Output>
    </UnitTestResult>
    <UnitTestResult executionId="1bf293a6-a31c-4777-96d0-7a72d2ea3c72" testId="4ea3de90-a59d-3955-9940-560839244413" testName="Fededim.Extensions.Configuration.Protected.DataProtectionAPITest.DataProtectionAPIProtectProviderTest.RandomJsonFileTest(useJsonWithCommentFileProcessor: False)" computerName="runnervm8crnl" duration="00:00:30.0407805" startTime="2025-11-05T20:44:56.4220543+00:00" endTime="2025-11-05T20:44:56.4220547+00:00" testType="13cdc9d9-ddb5-4fa4-a97d-d965ccfc6d4b" outcome="Passed" testListId="8c84fa94-04c1-424b-9868-57a2d4851a1d" relativeResultsDirectory="1bf293a6-a31c-4777-96d0-7a72d2ea3c72">
      <Output>
        <StdOut>11/5/2025 8:44:26 PM: Generating a random JSON file with 100000 keys, autogenerated strings max length 20 and autogenerated array max length 10...&#xD;
11/5/2025 8:44:28 PM: File location file://D:/a/Fededim.Extensions.Configuration.Protected/Fededim.Extensions.Configuration.Protected/Fededim.Extensions.Configuration.Protected.DataProtectionAPITest/bin/Release/net8.0/random_bac21c9f-55f2-427f-bdb6-704f80cde28c.json&#xD;
11/5/2025 8:44:28 PM: Generated random JSON file (NumEntries 100000 NumValues 249358 size 59056 KB) duration 2406ms &#xD;
11/5/2025 8:44:39 PM: Encrypted random JSON file (NumEntries 100000 NumValues 249358 size 85093 KB) duration 00:00:10.9475627 &#xD;
11/5/2025 8:44:41 PM: Checked that all random JSON file is encrypted duration 1935ms &#xD;
11/5/2025 8:44:56 PM: Loaded and decrypted random JSON file with ProtectedConfigurationBuilder duration 00:00:14.3505606 &#xD;
11/5/2025 8:44:56 PM: Checked that 249358 entries are equal duration 398ms</StdOut>
      </Output>
    </UnitTestResult>
    <UnitTestResult executionId="30b77635-f00b-4624-a5dd-41c53068a472" testId="f4b49037-2be4-650f-fa20-2558b4f38cf7" testName="Fededim.Extensions.Configuration.Protected.DataProtectionAPITest.ReverseChainedPassthroughProtectProviderTest.RandomEnvironmentVariablesTest" computerName="runnervm8crnl" duration="00:00:06.6536852" startTime="2025-11-05T20:44:54.4741346+00:00" endTime="2025-11-05T20:44:54.4741359+00:00" testType="13cdc9d9-ddb5-4fa4-a97d-d965ccfc6d4b" outcome="Passed" testListId="8c84fa94-04c1-424b-9868-57a2d4851a1d" relativeResultsDirectory="30b77635-f00b-4624-a5dd-41c53068a472">
      <Output>
        <StdOut>11/5/2025 8:44:47 PM: Generating a random environment variables 100000 keys, autogenerated strings max length 20 and autogenerated array max length 10...&#xD;
11/5/2025 8:44:49 PM: Starting test...&#xD;
11/5/2025 8:44:49 PM: Generated random environment variables (NumEntries 2000 NumValues 4933 TID 7, note that Windows has a maximum size of 32KB for all environment variables, so not all 100000 keys could be created) duration 1225ms &#xD;
11/5/2025 8:44:51 PM: Encrypted random environment variables duration 2530ms &#xD;
11/5/2025 8:44:51 PM: Checked that all random environment variables are encrypted duration 3ms &#xD;
11/5/2025 8:44:51 PM: Loaded and decrypted random environment variables with ProtectedConfigurationBuilder duration 12ms &#xD;
11/5/2025 8:44:51 PM: Checked that 1588 entries are equal duration 0ms</StdOut>
      </Output>
    </UnitTestResult>
    <UnitTestResult executionId="53f20992-fbea-4b6a-ad07-05022a718dce" testId="5bf2f350-f23f-f114-d6dd-98a507e43569" testName="Fededim.Extensions.Configuration.Protected.DataProtectionAPITest.ReverseChainedDataProtectionAPIProtectProviderTest.RandomXmlFileTest" computerName="runnervm8crnl" duration="00:00:29.3963773" startTime="2025-11-05T20:45:15.6598205+00:00" endTime="2025-11-05T20:45:15.6598208+00:00" testType="13cdc9d9-ddb5-4fa4-a97d-d965ccfc6d4b" outcome="Passed" testListId="8c84fa94-04c1-424b-9868-57a2d4851a1d" relativeResultsDirectory="53f20992-fbea-4b6a-ad07-05022a718dce">
      <Output>
        <StdOut>11/5/2025 8:44:46 PM: Generating a random XML file with 100000 keys, autogenerated strings max length 20 and autogenerated array max length 10...&#xD;
11/5/2025 8:44:50 PM: File location file://D:/a/Fededim.Extensions.Configuration.Protected/Fededim.Extensions.Configuration.Protected/Fededim.Extensions.Configuration.Protected.DataProtectionAPITest/bin/Release/net8.0/random_4a9b4ddf-aeb2-4ca3-881e-de34ec53d927.xml&#xD;
11/5/2025 8:44:50 PM: Generated random XML file (NumEntries 100000 NumValues 249041 size 64564 KB) duration 3844ms &#xD;
11/5/2025 8:44:58 PM: Encrypted random XML file (NumEntries 100000 NumValues 249041 size 90830 KB) duration 8586ms &#xD;
11/5/2025 8:45:00 PM: Checked that all random XML file is encrypted duration 1876ms &#xD;
11/5/2025 8:45:15 PM: Loaded and decrypted random XML file with ProtectedConfigurationBuilder duration 00:00:14.5757187 &#xD;
11/5/2025 8:45:15 PM: Checked that 201558 entries are equal duration 512ms</StdOut>
      </Output>
    </UnitTestResult>
    <UnitTestResult executionId="ce4ecd0e-40a2-44c4-a96b-335aa29188da" testId="8fa56702-815f-46fb-f241-56617bf43be4" testName="Fededim.Extensions.Configuration.Protected.DataProtectionAPITest.ReverseChainedPassthroughProtectProviderTest.RandomXmlFileTest" computerName="runnervm8crnl" duration="00:00:27.5831845" startTime="2025-11-05T20:44:47.8171729+00:00" endTime="2025-11-05T20:44:47.8171732+00:00" testType="13cdc9d9-ddb5-4fa4-a97d-d965ccfc6d4b" outcome="Passed" testListId="8c84fa94-04c1-424b-9868-57a2d4851a1d" relativeResultsDirectory="ce4ecd0e-40a2-44c4-a96b-335aa29188da">
      <Output>
        <StdOut>11/5/2025 8:44:20 PM: Generating a random XML file with 100000 keys, autogenerated strings max length 20 and autogenerated array max length 10...&#xD;
11/5/2025 8:44:26 PM: File location file://D:/a/Fededim.Extensions.Configuration.Protected/Fededim.Extensions.Configuration.Protected/Fededim.Extensions.Configuration.Protected.DataProtectionAPITest/bin/Release/net8.0/random_2423f52b-a06f-480c-acc5-c9fbf8f3c65c.xml&#xD;
11/5/2025 8:44:26 PM: Generated random XML file (NumEntries 100000 NumValues 249522 size 58459 KB) duration 6011ms &#xD;
11/5/2025 8:44:33 PM: Encrypted random XML file (NumEntries 100000 NumValues 249522 size 58847 KB) duration 7252ms &#xD;
11/5/2025 8:44:35 PM: Checked that all random XML file is encrypted duration 2180ms &#xD;
11/5/2025 8:44:47 PM: Loaded and decrypted random XML file with ProtectedConfigurationBuilder duration 00:00:11.4183986 &#xD;
11/5/2025 8:44:47 PM: Checked that 201335 entries are equal duration 720ms</StdOut>
      </Output>
    </UnitTestResult>
    <UnitTestResult executionId="432ef379-91a3-43dc-a255-c8f7857ae178" testId="69d8f2d8-3562-2bf4-0a5e-c226f303d955" testName="Fededim.Extensions.Configuration.Protected.DataProtectionAPITest.ReverseChainedPassthroughProtectProviderTest.RandomInMemoryDictionaryTest" computerName="runnervm8crnl" duration="00:00:03.8617862" startTime="2025-11-05T20:43:38.1163291+00:00" endTime="2025-11-05T20:43:38.1163518+00:00" testType="13cdc9d9-ddb5-4fa4-a97d-d965ccfc6d4b" outcome="Passed" testListId="8c84fa94-04c1-424b-9868-57a2d4851a1d" relativeResultsDirectory="432ef379-91a3-43dc-a255-c8f7857ae178">
      <Output>
        <StdOut>11/5/2025 8:43:34 PM: Generating a random in-memory dictionary with 100000 keys, autogenerated strings max length 20 and autogenerated array max length 10...&#xD;
11/5/2025 8:43:35 PM: Starting test...&#xD;
11/5/2025 8:43:35 PM: Generated random in-memory dictionary (NumEntries 100000 NumValues 249773) duration 1000ms &#xD;
11/5/2025 8:43:36 PM: Encrypted random in-memory dictionary duration 1641ms &#xD;
11/5/2025 8:43:37 PM: Checked that all random in-memory dictionary is encrypted duration 91ms &#xD;
11/5/2025 8:43:37 PM: Loaded and decrypted random in-memory dictionary with ProtectedConfigurationBuilder duration 893ms &#xD;
11/5/2025 8:43:38 PM: Checked that 100000 entries are equal duration 122ms</StdOut>
      </Output>
    </UnitTestResult>
    <UnitTestResult executionId="9b5a66d5-f7b0-4483-b3cd-7b55cf4b49ec" testId="bc65d678-ea47-f040-ebfc-ebf2c2e9a1f0" testName="Fededim.Extensions.Configuration.Protected.DataProtectionAPITest.PassthroughProtectProviderTest.RandomXmlFileTest" computerName="runnervm8crnl" duration="00:00:33.7468379" startTime="2025-11-05T20:44:08.0035284+00:00" endTime="2025-11-05T20:44:08.0035286+00:00" testType="13cdc9d9-ddb5-4fa4-a97d-d965ccfc6d4b" outcome="Passed" testListId="8c84fa94-04c1-424b-9868-57a2d4851a1d" relativeResultsDirectory="9b5a66d5-f7b0-4483-b3cd-7b55cf4b49ec">
      <Output>
        <StdOut>11/5/2025 8:43:34 PM: Generating a random XML file with 100000 keys, autogenerated strings max length 20 and autogenerated array max length 10...&#xD;
11/5/2025 8:43:42 PM: File location file://D:/a/Fededim.Extensions.Configuration.Protected/Fededim.Extensions.Configuration.Protected/Fededim.Extensions.Configuration.Protected.DataProtectionAPITest/bin/Release/net8.0/random_b8bfd1e6-1670-4974-80af-e1a358143ae3.xml&#xD;
11/5/2025 8:43:42 PM: Generated random XML file (NumEntries 100000 NumValues 250063 size 65263 KB) duration 8583ms &#xD;
11/5/2025 8:43:53 PM: Encrypted random XML file (NumEntries 100000 NumValues 250063 size 65654 KB) duration 00:00:10.9398919 &#xD;
11/5/2025 8:43:57 PM: Checked that all random XML file is encrypted duration 3504ms &#xD;
11/5/2025 8:44:07 PM: Loaded and decrypted random XML file with ProtectedConfigurationBuilder duration 9947ms &#xD;
11/5/2025 8:44:07 PM: Checked that 202381 entries are equal duration 660ms</StdOut>
      </Output>
    </UnitTestResult>
    <UnitTestResult executionId="7ee48f14-665e-47c6-8077-955946530532" testId="092a9e9f-643d-a75f-e646-45602e92186b" testName="Fededim.Extensions.Configuration.Protected.DataProtectionAPITest.DataProtectionAPIProtectProviderTest.RandomInMemoryDictionaryTest" computerName="runnervm8crnl" duration="00:00:13.5409009" startTime="2025-11-05T20:43:48.3534842+00:00" endTime="2025-11-05T20:43:48.3534844+00:00" testType="13cdc9d9-ddb5-4fa4-a97d-d965ccfc6d4b" outcome="Passed" testListId="8c84fa94-04c1-424b-9868-57a2d4851a1d" relativeResultsDirectory="7ee48f14-665e-47c6-8077-955946530532">
      <Output>
        <StdOut>11/5/2025 8:43:34 PM: Generating a random in-memory dictionary with 100000 keys, autogenerated strings max length 20 and autogenerated array max length 10...&#xD;
11/5/2025 8:43:35 PM: Starting test...&#xD;
11/5/2025 8:43:35 PM: Generated random in-memory dictionary (NumEntries 100000 NumValues 251127) duration 1170ms &#xD;
11/5/2025 8:43:42 PM: Encrypted random in-memory dictionary duration 6525ms &#xD;
11/5/2025 8:43:42 PM: Checked that all random in-memory dictionary is encrypted duration 136ms &#xD;
11/5/2025 8:43:48 PM: Loaded and decrypted random in-memory dictionary with ProtectedConfigurationBuilder duration 5638ms &#xD;
11/5/2025 8:43:48 PM: Checked that 100000 entries are equal duration 67ms</StdOut>
      </Output>
    </UnitTestResult>
    <UnitTestResult executionId="0ae4445f-d4c4-4052-8341-a07377d07de4" testId="6c6badd8-2315-c41e-9745-b2cf4b1a628a" testName="Fededim.Extensions.Configuration.Protected.DataProtectionAPITest.ReverseChainedDataProtectionAPIProtectProviderTest.RandomEnvironmentVariablesTest" computerName="runnervm8crnl" duration="00:00:03.0019421" startTime="2025-11-05T20:45:18.6620115+00:00" endTime="2025-11-05T20:45:18.6620119+00:00" testType="13cdc9d9-ddb5-4fa4-a97d-d965ccfc6d4b" outcome="Passed" testListId="8c84fa94-04c1-424b-9868-57a2d4851a1d" relativeResultsDirectory="0ae4445f-d4c4-4052-8341-a07377d07de4">
      <Output>
        <StdOut>11/5/2025 8:45:15 PM: Generating a random environment variables 100000 keys, autogenerated strings max length 20 and autogenerated array max length 10...&#xD;
11/5/2025 8:45:16 PM: Starting test...&#xD;
11/5/2025 8:45:16 PM: Generated random environment variables (NumEntries 2000 NumValues 4817 TID 10, note that Windows has a maximum size of 32KB for all environment variables, so not all 100000 keys could be created) duration 979ms &#xD;
11/5/2025 8:45:17 PM: Encrypted random environment variables duration 1263ms &#xD;
11/5/2025 8:45:17 PM: Checked that all random environment variables are encrypted duration 2ms &#xD;
11/5/2025 8:45:17 PM: Loaded and decrypted random environment variables with ProtectedConfigurationBuilder duration 34ms &#xD;
11/5/2025 8:45:17 PM: Checked that 1586 entries are equal duration 0ms</StdOut>
      </Output>
    </UnitTestResult>
    <UnitTestResult executionId="860c9e74-7cf2-4c4d-975b-7671293897d8" testId="c47730a9-5677-c354-72b2-3037781cbdf4" testName="Fededim.Extensions.Configuration.Protected.DataProtectionAPITest.ReverseChainedPassthroughProtectProviderTest.RandomJsonFileTest(useJsonWithCommentFileProcessor: True)" computerName="runnervm8crnl" duration="00:00:23.6384988" startTime="2025-11-05T20:44:05.3248648+00:00" endTime="2025-11-05T20:44:05.3248653+00:00" testType="13cdc9d9-ddb5-4fa4-a97d-d965ccfc6d4b" outcome="Passed" testListId="8c84fa94-04c1-424b-9868-57a2d4851a1d" relativeResultsDirectory="860c9e74-7cf2-4c4d-975b-7671293897d8">
      <Output>
        <StdOut>11/5/2025 8:43:41 PM: Generating a random JSON file with 100000 keys, autogenerated strings max length 20 and autogenerated array max length 10...&#xD;
11/5/2025 8:43:45 PM: File location file://D:/a/Fededim.Extensions.Configuration.Protected/Fededim.Extensions.Configuration.Protected/Fededim.Extensions.Configuration.Protected.DataProtectionAPITest/bin/Release/net8.0/random_bc143167-483c-4b10-a3a8-408be557e436.json&#xD;
11/5/2025 8:43:45 PM: Generated random JSON file (NumEntries 100000 NumValues 249413 size 59238 KB) duration 3874ms &#xD;
11/5/2025 8:43:52 PM: Encrypted random JSON file (NumEntries 100000 NumValues 249413 size 59622 KB) duration 6512ms &#xD;
11/5/2025 8:43:55 PM: Checked that all random JSON file is encrypted duration 3509ms &#xD;
11/5/2025 8:44:04 PM: Loaded and decrypted random JSON file with ProtectedConfigurationBuilder duration 9211ms &#xD;
11/5/2025 8:44:05 PM: Checked that 249413 entries are equal duration 530ms</StdOut>
      </Output>
    </UnitTestResult>
    <UnitTestResult executionId="db1f5191-7166-4ab6-bc3b-d74b982eb8f8" testId="f10bb888-60df-1256-7dc3-3ea5b2020598" testName="Fededim.Extensions.Configuration.Protected.DataProtectionAPITest.PassthroughProtectProviderTest.RandomEnvironmentVariablesTest" computerName="runnervm8crnl" duration="00:00:07.2572782" startTime="2025-11-05T20:44:56.8083287+00:00" endTime="2025-11-05T20:44:56.8083289+00:00" testType="13cdc9d9-ddb5-4fa4-a97d-d965ccfc6d4b" outcome="Passed" testListId="8c84fa94-04c1-424b-9868-57a2d4851a1d" relativeResultsDirectory="db1f5191-7166-4ab6-bc3b-d74b982eb8f8">
      <Output>
        <StdOut>11/5/2025 8:44:49 PM: Generating a random environment variables 100000 keys, autogenerated strings max length 20 and autogenerated array max length 10...&#xD;
11/5/2025 8:44:54 PM: Starting test...&#xD;
11/5/2025 8:44:54 PM: Generated random environment variables (NumEntries 2000 NumValues 4956 TID 16, note that Windows has a maximum size of 32KB for all environment variables, so not all 100000 keys could be created) duration 5323ms &#xD;
11/5/2025 8:44:56 PM: Encrypted random environment variables duration 1234ms &#xD;
11/5/2025 8:44:56 PM: Checked that all random environment variables are encrypted duration 25ms &#xD;
11/5/2025 8:44:56 PM: Loaded and decrypted random environment variables with ProtectedConfigurationBuilder duration 8ms &#xD;
11/5/2025 8:44:56 PM: Checked that 1599 entries are equal duration 0ms</StdOut>
      </Output>
    </UnitTestResult>
    <UnitTestResult executionId="c391c496-367e-4b71-9341-a8559a4503ef" testId="cab792d5-caf7-94cb-7dd5-8cd2bf26d466" testName="Fededim.Extensions.Configuration.Protected.DataProtectionAPITest.DataProtectionAPIProtectProviderTest.RandomXmlFileTest" computerName="runnervm8crnl" duration="00:00:24.9283001" startTime="2025-11-05T20:45:21.3507327+00:00" endTime="2025-11-05T20:45:21.3507331+00:00" testType="13cdc9d9-ddb5-4fa4-a97d-d965ccfc6d4b" outcome="Passed" testListId="8c84fa94-04c1-424b-9868-57a2d4851a1d" relativeResultsDirectory="c391c496-367e-4b71-9341-a8559a4503ef">
      <Output>
        <StdOut>11/5/2025 8:44:56 PM: Generating a random XML file with 100000 keys, autogenerated strings max length 20 and autogenerated array max length 10...&#xD;
11/5/2025 8:44:59 PM: File location file://D:/a/Fededim.Extensions.Configuration.Protected/Fededim.Extensions.Configuration.Protected/Fededim.Extensions.Configuration.Protected.DataProtectionAPITest/bin/Release/net8.0/random_e1f7d173-2873-4283-9d2d-085c3acdb4d7.xml&#xD;
11/5/2025 8:44:59 PM: Generated random XML file (NumEntries 100000 NumValues 250290 size 64639 KB) duration 2766ms &#xD;
11/5/2025 8:45:07 PM: Encrypted random XML file (NumEntries 100000 NumValues 250290 size 91011 KB) duration 8441ms &#xD;
11/5/2025 8:45:09 PM: Checked that all random XML file is encrypted duration 2106ms &#xD;
11/5/2025 8:45:21 PM: Loaded and decrypted random XML file with ProtectedConfigurationBuilder duration 00:00:11.3394562 &#xD;
11/5/2025 8:45:21 PM: Checked that 202430 entries are equal duration 259ms</StdOut>
      </Output>
    </UnitTestResult>
    <UnitTestResult executionId="ad3ba1b6-932b-4cf5-9713-15f3d78857fd" testId="aeb7956b-7546-b053-446f-8b8f700e605b" testName="Fededim.Extensions.Configuration.Protected.DataProtectionAPITest.ReverseChainedDataProtectionAPIProtectProviderTest.RandomInMemoryDictionaryTest" computerName="runnervm8crnl" duration="00:00:02.9055105" startTime="2025-11-05T20:45:24.7129956+00:00" endTime="2025-11-05T20:45:24.7129959+00:00" testType="13cdc9d9-ddb5-4fa4-a97d-d965ccfc6d4b" outcome="Passed" testListId="8c84fa94-04c1-424b-9868-57a2d4851a1d" relativeResultsDirectory="ad3ba1b6-932b-4cf5-9713-15f3d78857fd">
      <Output>
        <StdOut>11/5/2025 8:45:21 PM: Generating a random in-memory dictionary with 100000 keys, autogenerated strings max length 20 and autogenerated array max length 10...&#xD;
11/5/2025 8:45:22 PM: Starting test...&#xD;
11/5/2025 8:45:22 PM: Generated random in-memory dictionary (NumEntries 100000 NumValues 250323) duration 225ms &#xD;
11/5/2025 8:45:23 PM: Encrypted random in-memory dictionary duration 1088ms &#xD;
11/5/2025 8:45:23 PM: Checked that all random in-memory dictionary is encrypted duration 28ms &#xD;
11/5/2025 8:45:24 PM: Loaded and decrypted random in-memory dictionary with ProtectedConfigurationBuilder duration 1536ms &#xD;
11/5/2025 8:45:24 PM: Checked that 100000 entries are equal duration 25ms</StdOut>
      </Output>
    </UnitTestResult>
    <UnitTestResult executionId="43faea99-8ab7-4607-816d-9651b4982801" testId="623fedfb-c200-d700-a583-c0520c9fd7be" testName="Fededim.Extensions.Configuration.Protected.DataProtectionAPITest.PassthroughProtectProviderTest.RandomInMemoryDictionaryTest" computerName="runnervm8crnl" duration="00:00:03.6631945" startTime="2025-11-05T20:44:14.7466069+00:00" endTime="2025-11-05T20:44:14.7466073+00:00" testType="13cdc9d9-ddb5-4fa4-a97d-d965ccfc6d4b" outcome="Passed" testListId="8c84fa94-04c1-424b-9868-57a2d4851a1d" relativeResultsDirectory="43faea99-8ab7-4607-816d-9651b4982801">
      <Output>
        <StdOut>11/5/2025 8:44:11 PM: Generating a random in-memory dictionary with 100000 keys, autogenerated strings max length 20 and autogenerated array max length 10...&#xD;
11/5/2025 8:44:12 PM: Starting test...&#xD;
11/5/2025 8:44:12 PM: Generated random in-memory dictionary (NumEntries 100000 NumValues 249469) duration 1368ms &#xD;
11/5/2025 8:44:13 PM: Encrypted random in-memory dictionary duration 980ms &#xD;
11/5/2025 8:44:13 PM: Checked that all random in-memory dictionary is encrypted duration 41ms &#xD;
11/5/2025 8:44:14 PM: Loaded and decrypted random in-memory dictionary with ProtectedConfigurationBuilder duration 1124ms &#xD;
11/5/2025 8:44:14 PM: Checked that 100000 entries are equal duration 147ms</StdOut>
      </Output>
    </UnitTestResult>
    <UnitTestResult executionId="be7a83c0-7cd3-4865-8dda-7a65b03b032d" testId="40bc2ee2-12b8-c08c-ad81-e8c0efee775c" testName="Fededim.Extensions.Configuration.Protected.DataProtectionAPITest.DataProtectionAPIProtectProviderTest.RandomJsonFileTest(useJsonWithCommentFileProcessor: True)" computerName="runnervm8crnl" duration="00:00:32.7975347" startTime="2025-11-05T20:44:26.3982089+00:00" endTime="2025-11-05T20:44:26.3982091+00:00" testType="13cdc9d9-ddb5-4fa4-a97d-d965ccfc6d4b" outcome="Passed" testListId="8c84fa94-04c1-424b-9868-57a2d4851a1d" relativeResultsDirectory="be7a83c0-7cd3-4865-8dda-7a65b03b032d">
      <Output>
        <StdOut>11/5/2025 8:43:53 PM: Generating a random JSON file with 100000 keys, autogenerated strings max length 20 and autogenerated array max length 10...&#xD;
11/5/2025 8:43:55 PM: File location file://D:/a/Fededim.Extensions.Configuration.Protected/Fededim.Extensions.Configuration.Protected/Fededim.Extensions.Configuration.Protected.DataProtectionAPITest/bin/Release/net8.0/random_c5c60a5d-9057-41e1-98ca-5c913fd61ceb.json&#xD;
11/5/2025 8:43:55 PM: Generated random JSON file (NumEntries 100000 NumValues 250414 size 61868 KB) duration 2346ms &#xD;
11/5/2025 8:44:06 PM: Encrypted random JSON file (NumEntries 100000 NumValues 250414 size 87961 KB) duration 00:00:10.8321244 &#xD;
11/5/2025 8:44:08 PM: Checked that all random JSON file is encrypted duration 1437ms &#xD;
11/5/2025 8:44:25 PM: Loaded and decrypted random JSON file with ProtectedConfigurationBuilder duration 00:00:17.3912614 &#xD;
11/5/2025 8:44:26 PM: Checked that 250414 entries are equal duration 789ms</StdOut>
      </Output>
    </UnitTestResult>
  </Results>
  <TestDefinitions>
    <UnitTest name="Fededim.Extensions.Configuration.Protected.DataProtectionAPITest.ReverseChainedDataProtectionAPIProtectProviderTest.RandomJsonFileTest(useJsonWithCommentFileProcessor: True)" storage="d:\a\fededim.extensions.configuration.protected\fededim.extensions.configuration.protected\fededim.extensions.configuration.protected.dataprotectionapitest\bin\release\net8.0\fededim.extensions.configuration.protected.dataprotectionapitest.dll" id="76a3f103-314f-1ebd-bd22-53871a79c3fa">
      <Execution id="c9e0dbb6-9f95-46a6-8c50-17d695d9ad1b" />
      <TestMethod codeBase="D:\a\Fededim.Extensions.Configuration.Protected\Fededim.Extensions.Configuration.Protected\Fededim.Extensions.Configuration.Protected.DataProtectionAPITest\bin\Release\net8.0\Fededim.Extensions.Configuration.Protected.DataProtectionAPITest.dll" adapterTypeName="executor://xunit/VsTestRunner2/netcoreapp" className="Fededim.Extensions.Configuration.Protected.DataProtectionAPITest.ReverseChainedDataProtectionAPIProtectProviderTest" name="RandomJsonFileTest" />
    </UnitTest>
    <UnitTest name="Fededim.Extensions.Configuration.Protected.DataProtectionAPITest.DataProtectionAPIProtectProviderTest.RandomJsonFileTest(useJsonWithCommentFileProcessor: True)" storage="d:\a\fededim.extensions.configuration.protected\fededim.extensions.configuration.protected\fededim.extensions.configuration.protected.dataprotectionapitest\bin\release\net8.0\fededim.extensions.configuration.protected.dataprotectionapitest.dll" id="40bc2ee2-12b8-c08c-ad81-e8c0efee775c">
      <Execution id="be7a83c0-7cd3-4865-8dda-7a65b03b032d" />
      <TestMethod codeBase="D:\a\Fededim.Extensions.Configuration.Protected\Fededim.Extensions.Configuration.Protected\Fededim.Extensions.Configuration.Protected.DataProtectionAPITest\bin\Release\net8.0\Fededim.Extensions.Configuration.Protected.DataProtectionAPITest.dll" adapterTypeName="executor://xunit/VsTestRunner2/netcoreapp" className="Fededim.Extensions.Configuration.Protected.DataProtectionAPITest.DataProtectionAPIProtectProviderTest" name="RandomJsonFileTest" />
    </UnitTest>
    <UnitTest name="Fededim.Extensions.Configuration.Protected.DataProtectionAPITest.DataProtectionAPIProtectProviderTest.RandomXmlFileTest" storage="d:\a\fededim.extensions.configuration.protected\fededim.extensions.configuration.protected\fededim.extensions.configuration.protected.dataprotectionapitest\bin\release\net8.0\fededim.extensions.configuration.protected.dataprotectionapitest.dll" id="cab792d5-caf7-94cb-7dd5-8cd2bf26d466">
      <Execution id="c391c496-367e-4b71-9341-a8559a4503ef" />
      <TestMethod codeBase="D:\a\Fededim.Extensions.Configuration.Protected\Fededim.Extensions.Configuration.Protected\Fededim.Extensions.Configuration.Protected.DataProtectionAPITest\bin\Release\net8.0\Fededim.Extensions.Configuration.Protected.DataProtectionAPITest.dll" adapterTypeName="executor://xunit/VsTestRunner2/netcoreapp" className="Fededim.Extensions.Configuration.Protected.DataProtectionAPITest.DataProtectionAPIProtectProviderTest" name="RandomXmlFileTest" />
    </UnitTest>
    <UnitTest name="Fededim.Extensions.Configuration.Protected.DataProtectionAPITest.ReverseChainedDataProtectionAPIProtectProviderTest.RandomCommandLineTest" storage="d:\a\fededim.extensions.configuration.protected\fededim.extensions.configuration.protected\fededim.extensions.configuration.protected.dataprotectionapitest\bin\release\net8.0\fededim.extensions.configuration.protected.dataprotectionapitest.dll" id="647b6c5b-225b-1ca2-d2e0-e37df89ba286">
      <Execution id="561c089d-e3f3-4c45-acfe-85d0843c8506" />
      <TestMethod codeBase="D:\a\Fededim.Extensions.Configuration.Protected\Fededim.Extensions.Configuration.Protected\Fededim.Extensions.Configuration.Protected.DataProtectionAPITest\bin\Release\net8.0\Fededim.Extensions.Configuration.Protected.DataProtectionAPITest.dll" adapterTypeName="executor://xunit/VsTestRunner2/netcoreapp" className="Fededim.Extensions.Configuration.Protected.DataProtectionAPITest.ReverseChainedDataProtectionAPIProtectProviderTest" name="RandomCommandLineTest" />
    </UnitTest>
    <UnitTest name="Fededim.Extensions.Configuration.Protected.DataProtectionAPITest.PassthroughProtectProviderTest.RandomCommandLineTest" storage="d:\a\fededim.extensions.configuration.protected\fededim.extensions.configuration.protected\fededim.extensions.configuration.protected.dataprotectionapitest\bin\release\net8.0\fededim.extensions.configuration.protected.dataprotectionapitest.dll" id="266c91ed-f749-9cf5-bf8c-4a55ef2a37c7">
      <Execution id="9b70e364-3b9f-455e-80b6-31fe99804bd4" />
      <TestMethod codeBase="D:\a\Fededim.Extensions.Configuration.Protected\Fededim.Extensions.Configuration.Protected\Fededim.Extensions.Configuration.Protected.DataProtectionAPITest\bin\Release\net8.0\Fededim.Extensions.Configuration.Protected.DataProtectionAPITest.dll" adapterTypeName="executor://xunit/VsTestRunner2/netcoreapp" className="Fededim.Extensions.Configuration.Protected.DataProtectionAPITest.PassthroughProtectProviderTest" name="RandomCommandLineTest" />
    </UnitTest>
    <UnitTest name="Fededim.Extensions.Configuration.Protected.DataProtectionAPITest.PassthroughProtectProviderTest.RandomXmlFileTest" storage="d:\a\fededim.extensions.configuration.protected\fededim.extensions.configuration.protected\fededim.extensions.configuration.protected.dataprotectionapitest\bin\release\net8.0\fededim.extensions.configuration.protected.dataprotectionapitest.dll" id="bc65d678-ea47-f040-ebfc-ebf2c2e9a1f0">
      <Execution id="9b5a66d5-f7b0-4483-b3cd-7b55cf4b49ec" />
      <TestMethod codeBase="D:\a\Fededim.Extensions.Configuration.Protected\Fededim.Extensions.Configuration.Protected\Fededim.Extensions.Configuration.Protected.DataProtectionAPITest\bin\Release\net8.0\Fededim.Extensions.Configuration.Protected.DataProtectionAPITest.dll" adapterTypeName="executor://xunit/VsTestRunner2/netcoreapp" className="Fededim.Extensions.Configuration.Protected.DataProtectionAPITest.PassthroughProtectProviderTest" name="RandomXmlFileTest" />
    </UnitTest>
    <UnitTest name="Fededim.Extensions.Configuration.Protected.DataProtectionAPITest.ReverseChainedDataProtectionAPIProtectProviderTest.RandomXmlFileTest" storage="d:\a\fededim.extensions.configuration.protected\fededim.extensions.configuration.protected\fededim.extensions.configuration.protected.dataprotectionapitest\bin\release\net8.0\fededim.extensions.configuration.protected.dataprotectionapitest.dll" id="5bf2f350-f23f-f114-d6dd-98a507e43569">
      <Execution id="53f20992-fbea-4b6a-ad07-05022a718dce" />
      <TestMethod codeBase="D:\a\Fededim.Extensions.Configuration.Protected\Fededim.Extensions.Configuration.Protected\Fededim.Extensions.Configuration.Protected.DataProtectionAPITest\bin\Release\net8.0\Fededim.Extensions.Configuration.Protected.DataProtectionAPITest.dll" adapterTypeName="executor://xunit/VsTestRunner2/netcoreapp" className="Fededim.Extensions.Configuration.Protected.DataProtectionAPITest.ReverseChainedDataProtectionAPIProtectProviderTest" name="RandomXmlFileTest" />
    </UnitTest>
    <UnitTest name="Fededim.Extensions.Configuration.Protected.DataProtectionAPITest.ReverseChainedDataProtectionAPIProtectProviderTest.RandomJsonFileTest(useJsonWithCommentFileProcessor: False)" storage="d:\a\fededim.extensions.configuration.protected\fededim.extensions.configuration.protected\fededim.extensions.configuration.protected.dataprotectionapitest\bin\release\net8.0\fededim.extensions.configuration.protected.dataprotectionapitest.dll" id="7854059b-30d2-55e5-a014-8ef220beca26">
      <Execution id="e8a4f151-7dc5-4c89-bc21-7c745a5c4927" />
      <TestMethod codeBase="D:\a\Fededim.Extensions.Configuration.Protected\Fededim.Extensions.Configuration.Protected\Fededim.Extensions.Configuration.Protected.DataProtectionAPITest\bin\Release\net8.0\Fededim.Extensions.Configuration.Protected.DataProtectionAPITest.dll" adapterTypeName="executor://xunit/VsTestRunner2/netcoreapp" className="Fededim.Extensions.Configuration.Protected.DataProtectionAPITest.ReverseChainedDataProtectionAPIProtectProviderTest" name="RandomJsonFileTest" />
    </UnitTest>
    <UnitTest name="Fededim.Extensions.Configuration.Protected.DataProtectionAPITest.ReverseChainedDataProtectionAPIProtectProviderTest.RandomInMemoryDictionaryTest" storage="d:\a\fededim.extensions.configuration.protected\fededim.extensions.configuration.protected\fededim.extensions.configuration.protected.dataprotectionapitest\bin\release\net8.0\fededim.extensions.configuration.protected.dataprotectionapitest.dll" id="aeb7956b-7546-b053-446f-8b8f700e605b">
      <Execution id="ad3ba1b6-932b-4cf5-9713-15f3d78857fd" />
      <TestMethod codeBase="D:\a\Fededim.Extensions.Configuration.Protected\Fededim.Extensions.Configuration.Protected\Fededim.Extensions.Configuration.Protected.DataProtectionAPITest\bin\Release\net8.0\Fededim.Extensions.Configuration.Protected.DataProtectionAPITest.dll" adapterTypeName="executor://xunit/VsTestRunner2/netcoreapp" className="Fededim.Extensions.Configuration.Protected.DataProtectionAPITest.ReverseChainedDataProtectionAPIProtectProviderTest" name="RandomInMemoryDictionaryTest" />
    </UnitTest>
    <UnitTest name="Fededim.Extensions.Configuration.Protected.DataProtectionAPITest.DataProtectionAPIProtectProviderTest.RandomInMemoryDictionaryTest" storage="d:\a\fededim.extensions.configuration.protected\fededim.extensions.configuration.protected\fededim.extensions.configuration.protected.dataprotectionapitest\bin\release\net8.0\fededim.extensions.configuration.protected.dataprotectionapitest.dll" id="092a9e9f-643d-a75f-e646-45602e92186b">
      <Execution id="7ee48f14-665e-47c6-8077-955946530532" />
      <TestMethod codeBase="D:\a\Fededim.Extensions.Configuration.Protected\Fededim.Extensions.Configuration.Protected\Fededim.Extensions.Configuration.Protected.DataProtectionAPITest\bin\Release\net8.0\Fededim.Extensions.Configuration.Protected.DataProtectionAPITest.dll" adapterTypeName="executor://xunit/VsTestRunner2/netcoreapp" className="Fededim.Extensions.Configuration.Protected.DataProtectionAPITest.DataProtectionAPIProtectProviderTest" name="RandomInMemoryDictionaryTest" />
    </UnitTest>
    <UnitTest name="Fededim.Extensions.Configuration.Protected.DataProtectionAPITest.DataProtectionAPIProtectProviderTest.RandomCommandLineTest" storage="d:\a\fededim.extensions.configuration.protected\fededim.extensions.configuration.protected\fededim.extensions.configuration.protected.dataprotectionapitest\bin\release\net8.0\fededim.extensions.configuration.protected.dataprotectionapitest.dll" id="f63be0dc-1fac-0d73-eab5-ec6ea7cf7b08">
      <Execution id="947d8263-8e22-45db-8f78-c749a8e08186" />
      <TestMethod codeBase="D:\a\Fededim.Extensions.Configuration.Protected\Fededim.Extensions.Configuration.Protected\Fededim.Extensions.Configuration.Protected.DataProtectionAPITest\bin\Release\net8.0\Fededim.Extensions.Configuration.Protected.DataProtectionAPITest.dll" adapterTypeName="executor://xunit/VsTestRunner2/netcoreapp" className="Fededim.Extensions.Configuration.Protected.DataProtectionAPITest.DataProtectionAPIProtectProviderTest" name="RandomCommandLineTest" />
    </UnitTest>
    <UnitTest name="Fededim.Extensions.Configuration.Protected.DataProtectionAPITest.ReverseChainedPassthroughProtectProviderTest.RandomCommandLineTest" storage="d:\a\fededim.extensions.configuration.protected\fededim.extensions.configuration.protected\fededim.extensions.configuration.protected.dataprotectionapitest\bin\release\net8.0\fededim.extensions.configuration.protected.dataprotectionapitest.dll" id="53290695-3624-0469-7860-2a707aa4d5f4">
      <Execution id="571a72cb-88ff-4b39-abcb-c9b32183f19b" />
      <TestMethod codeBase="D:\a\Fededim.Extensions.Configuration.Protected\Fededim.Extensions.Configuration.Protected\Fededim.Extensions.Configuration.Protected.DataProtectionAPITest\bin\Release\net8.0\Fededim.Extensions.Configuration.Protected.DataProtectionAPITest.dll" adapterTypeName="executor://xunit/VsTestRunner2/netcoreapp" className="Fededim.Extensions.Configuration.Protected.DataProtectionAPITest.ReverseChainedPassthroughProtectProviderTest" name="RandomCommandLineTest" />
    </UnitTest>
    <UnitTest name="Fededim.Extensions.Configuration.Protected.DataProtectionAPITest.ReverseChainedDataProtectionAPIProtectProviderTest.RandomEnvironmentVariablesTest" storage="d:\a\fededim.extensions.configuration.protected\fededim.extensions.configuration.protected\fededim.extensions.configuration.protected.dataprotectionapitest\bin\release\net8.0\fededim.extensions.configuration.protected.dataprotectionapitest.dll" id="6c6badd8-2315-c41e-9745-b2cf4b1a628a">
      <Execution id="0ae4445f-d4c4-4052-8341-a07377d07de4" />
      <TestMethod codeBase="D:\a\Fededim.Extensions.Configuration.Protected\Fededim.Extensions.Configuration.Protected\Fededim.Extensions.Configuration.Protected.DataProtectionAPITest\bin\Release\net8.0\Fededim.Extensions.Configuration.Protected.DataProtectionAPITest.dll" adapterTypeName="executor://xunit/VsTestRunner2/netcoreapp" className="Fededim.Extensions.Configuration.Protected.DataProtectionAPITest.ReverseChainedDataProtectionAPIProtectProviderTest" name="RandomEnvironmentVariablesTest" />
    </UnitTest>
    <UnitTest name="Fededim.Extensions.Configuration.Protected.DataProtectionAPITest.PassthroughProtectProviderTest.RandomJsonFileTest(useJsonWithCommentFileProcessor: False)" storage="d:\a\fededim.extensions.configuration.protected\fededim.extensions.configuration.protected\fededim.extensions.configuration.protected.dataprotectionapitest\bin\release\net8.0\fededim.extensions.configuration.protected.dataprotectionapitest.dll" id="babc18e0-52be-6076-7768-76d0c302f279">
      <Execution id="2d50a586-658d-43da-b5ab-bd9df4277528" />
      <TestMethod codeBase="D:\a\Fededim.Extensions.Configuration.Protected\Fededim.Extensions.Configuration.Protected\Fededim.Extensions.Configuration.Protected.DataProtectionAPITest\bin\Release\net8.0\Fededim.Extensions.Configuration.Protected.DataProtectionAPITest.dll" adapterTypeName="executor://xunit/VsTestRunner2/netcoreapp" className="Fededim.Extensions.Configuration.Protected.DataProtectionAPITest.PassthroughProtectProviderTest" name="RandomJsonFileTest" />
    </UnitTest>
    <UnitTest name="Fededim.Extensions.Configuration.Protected.DataProtectionAPITest.DataProtectionAPIProtectProviderTest.RandomJsonFileTest(useJsonWithCommentFileProcessor: False)" storage="d:\a\fededim.extensions.configuration.protected\fededim.extensions.configuration.protected\fededim.extensions.configuration.protected.dataprotectionapitest\bin\release\net8.0\fededim.extensions.configuration.protected.dataprotectionapitest.dll" id="4ea3de90-a59d-3955-9940-560839244413">
      <Execution id="1bf293a6-a31c-4777-96d0-7a72d2ea3c72" />
      <TestMethod codeBase="D:\a\Fededim.Extensions.Configuration.Protected\Fededim.Extensions.Configuration.Protected\Fededim.Extensions.Configuration.Protected.DataProtectionAPITest\bin\Release\net8.0\Fededim.Extensions.Configuration.Protected.DataProtectionAPITest.dll" adapterTypeName="executor://xunit/VsTestRunner2/netcoreapp" className="Fededim.Extensions.Configuration.Protected.DataProtectionAPITest.DataProtectionAPIProtectProviderTest" name="RandomJsonFileTest" />
    </UnitTest>
    <UnitTest name="Fededim.Extensions.Configuration.Protected.DataProtectionAPITest.ReverseChainedPassthroughProtectProviderTest.RandomJsonFileTest(useJsonWithCommentFileProcessor: True)" storage="d:\a\fededim.extensions.configuration.protected\fededim.extensions.configuration.protected\fededim.extensions.configuration.protected.dataprotectionapitest\bin\release\net8.0\fededim.extensions.configuration.protected.dataprotectionapitest.dll" id="c47730a9-5677-c354-72b2-3037781cbdf4">
      <Execution id="860c9e74-7cf2-4c4d-975b-7671293897d8" />
      <TestMethod codeBase="D:\a\Fededim.Extensions.Configuration.Protected\Fededim.Extensions.Configuration.Protected\Fededim.Extensions.Configuration.Protected.DataProtectionAPITest\bin\Release\net8.0\Fededim.Extensions.Configuration.Protected.DataProtectionAPITest.dll" adapterTypeName="executor://xunit/VsTestRunner2/netcoreapp" className="Fededim.Extensions.Configuration.Protected.DataProtectionAPITest.ReverseChainedPassthroughProtectProviderTest" name="RandomJsonFileTest" />
    </UnitTest>
    <UnitTest name="Fededim.Extensions.Configuration.Protected.DataProtectionAPITest.DataProtectionAPIProtectProviderTest.RandomEnvironmentVariablesTest" storage="d:\a\fededim.extensions.configuration.protected\fededim.extensions.configuration.protected\fededim.extensions.configuration.protected.dataprotectionapitest\bin\release\net8.0\fededim.extensions.configuration.protected.dataprotectionapitest.dll" id="331a13af-5866-8d6a-671d-a2abfea42096">
      <Execution id="12796711-71e3-4465-a252-34accf7f8553" />
      <TestMethod codeBase="D:\a\Fededim.Extensions.Configuration.Protected\Fededim.Extensions.Configuration.Protected\Fededim.Extensions.Configuration.Protected.DataProtectionAPITest\bin\Release\net8.0\Fededim.Extensions.Configuration.Protected.DataProtectionAPITest.dll" adapterTypeName="executor://xunit/VsTestRunner2/netcoreapp" className="Fededim.Extensions.Configuration.Protected.DataProtectionAPITest.DataProtectionAPIProtectProviderTest" name="RandomEnvironmentVariablesTest" />
    </UnitTest>
    <UnitTest name="Fededim.Extensions.Configuration.Protected.DataProtectionAPITest.ReverseChainedPassthroughProtectProviderTest.RandomJsonFileTest(useJsonWithCommentFileProcessor: False)" storage="d:\a\fededim.extensions.configuration.protected\fededim.extensions.configuration.protected\fededim.extensions.configuration.protected.dataprotectionapitest\bin\release\net8.0\fededim.extensions.configuration.protected.dataprotectionapitest.dll" id="7e6ddfbf-8406-e386-7c05-3e7c30fa7505">
      <Execution id="413af311-9adb-4052-9f8f-8f0e025417b7" />
      <TestMethod codeBase="D:\a\Fededim.Extensions.Configuration.Protected\Fededim.Extensions.Configuration.Protected\Fededim.Extensions.Configuration.Protected.DataProtectionAPITest\bin\Release\net8.0\Fededim.Extensions.Configuration.Protected.DataProtectionAPITest.dll" adapterTypeName="executor://xunit/VsTestRunner2/netcoreapp" className="Fededim.Extensions.Configuration.Protected.DataProtectionAPITest.ReverseChainedPassthroughProtectProviderTest" name="RandomJsonFileTest" />
    </UnitTest>
    <UnitTest name="Fededim.Extensions.Configuration.Protected.DataProtectionAPITest.PassthroughProtectProviderTest.RandomInMemoryDictionaryTest" storage="d:\a\fededim.extensions.configuration.protected\fededim.extensions.configuration.protected\fededim.extensions.configuration.protected.dataprotectionapitest\bin\release\net8.0\fededim.extensions.configuration.protected.dataprotectionapitest.dll" id="623fedfb-c200-d700-a583-c0520c9fd7be">
      <Execution id="43faea99-8ab7-4607-816d-9651b4982801" />
      <TestMethod codeBase="D:\a\Fededim.Extensions.Configuration.Protected\Fededim.Extensions.Configuration.Protected\Fededim.Extensions.Configuration.Protected.DataProtectionAPITest\bin\Release\net8.0\Fededim.Extensions.Configuration.Protected.DataProtectionAPITest.dll" adapterTypeName="executor://xunit/VsTestRunner2/netcoreapp" className="Fededim.Extensions.Configuration.Protected.DataProtectionAPITest.PassthroughProtectProviderTest" name="RandomInMemoryDictionaryTest" />
    </UnitTest>
    <UnitTest name="Fededim.Extensions.Configuration.Protected.DataProtectionAPITest.PassthroughProtectProviderTest.RandomEnvironmentVariablesTest" storage="d:\a\fededim.extensions.configuration.protected\fededim.extensions.configuration.protected\fededim.extensions.configuration.protected.dataprotectionapitest\bin\release\net8.0\fededim.extensions.configuration.protected.dataprotectionapitest.dll" id="f10bb888-60df-1256-7dc3-3ea5b2020598">
      <Execution id="db1f5191-7166-4ab6-bc3b-d74b982eb8f8" />
      <TestMethod codeBase="D:\a\Fededim.Extensions.Configuration.Protected\Fededim.Extensions.Configuration.Protected\Fededim.Extensions.Configuration.Protected.DataProtectionAPITest\bin\Release\net8.0\Fededim.Extensions.Configuration.Protected.DataProtectionAPITest.dll" adapterTypeName="executor://xunit/VsTestRunner2/netcoreapp" className="Fededim.Extensions.Configuration.Protected.DataProtectionAPITest.PassthroughProtectProviderTest" name="RandomEnvironmentVariablesTest" />
    </UnitTest>
    <UnitTest name="Fededim.Extensions.Configuration.Protected.DataProtectionAPITest.PassthroughProtectProviderTest.RandomJsonFileTest(useJsonWithCommentFileProcessor: True)" storage="d:\a\fededim.extensions.configuration.protected\fededim.extensions.configuration.protected\fededim.extensions.configuration.protected.dataprotectionapitest\bin\release\net8.0\fededim.extensions.configuration.protected.dataprotectionapitest.dll" id="94ea7642-4083-0632-dcd9-b9fdbebb7fc1">
      <Execution id="c72f4a28-4040-43a2-b7d8-d409a1294fbe" />
      <TestMethod codeBase="D:\a\Fededim.Extensions.Configuration.Protected\Fededim.Extensions.Configuration.Protected\Fededim.Extensions.Configuration.Protected.DataProtectionAPITest\bin\Release\net8.0\Fededim.Extensions.Configuration.Protected.DataProtectionAPITest.dll" adapterTypeName="executor://xunit/VsTestRunner2/netcoreapp" className="Fededim.Extensions.Configuration.Protected.DataProtectionAPITest.PassthroughProtectProviderTest" name="RandomJsonFileTest" />
    </UnitTest>
    <UnitTest name="Fededim.Extensions.Configuration.Protected.DataProtectionAPITest.ReverseChainedPassthroughProtectProviderTest.RandomEnvironmentVariablesTest" storage="d:\a\fededim.extensions.configuration.protected\fededim.extensions.configuration.protected\fededim.extensions.configuration.protected.dataprotectionapitest\bin\release\net8.0\fededim.extensions.configuration.protected.dataprotectionapitest.dll" id="f4b49037-2be4-650f-fa20-2558b4f38cf7">
      <Execution id="30b77635-f00b-4624-a5dd-41c53068a472" />
      <TestMethod codeBase="D:\a\Fededim.Extensions.Configuration.Protected\Fededim.Extensions.Configuration.Protected\Fededim.Extensions.Configuration.Protected.DataProtectionAPITest\bin\Release\net8.0\Fededim.Extensions.Configuration.Protected.DataProtectionAPITest.dll" adapterTypeName="executor://xunit/VsTestRunner2/netcoreapp" className="Fededim.Extensions.Configuration.Protected.DataProtectionAPITest.ReverseChainedPassthroughProtectProviderTest" name="RandomEnvironmentVariablesTest" />
    </UnitTest>
    <UnitTest name="Fededim.Extensions.Configuration.Protected.DataProtectionAPITest.ReverseChainedPassthroughProtectProviderTest.RandomXmlFileTest" storage="d:\a\fededim.extensions.configuration.protected\fededim.extensions.configuration.protected\fededim.extensions.configuration.protected.dataprotectionapitest\bin\release\net8.0\fededim.extensions.configuration.protected.dataprotectionapitest.dll" id="8fa56702-815f-46fb-f241-56617bf43be4">
      <Execution id="ce4ecd0e-40a2-44c4-a96b-335aa29188da" />
      <TestMethod codeBase="D:\a\Fededim.Extensions.Configuration.Protected\Fededim.Extensions.Configuration.Protected\Fededim.Extensions.Configuration.Protected.DataProtectionAPITest\bin\Release\net8.0\Fededim.Extensions.Configuration.Protected.DataProtectionAPITest.dll" adapterTypeName="executor://xunit/VsTestRunner2/netcoreapp" className="Fededim.Extensions.Configuration.Protected.DataProtectionAPITest.ReverseChainedPassthroughProtectProviderTest" name="RandomXmlFileTest" />
    </UnitTest>
    <UnitTest name="Fededim.Extensions.Configuration.Protected.DataProtectionAPITest.ReverseChainedPassthroughProtectProviderTest.RandomInMemoryDictionaryTest" storage="d:\a\fededim.extensions.configuration.protected\fededim.extensions.configuration.protected\fededim.extensions.configuration.protected.dataprotectionapitest\bin\release\net8.0\fededim.extensions.configuration.protected.dataprotectionapitest.dll" id="69d8f2d8-3562-2bf4-0a5e-c226f303d955">
      <Execution id="432ef379-91a3-43dc-a255-c8f7857ae178" />
      <TestMethod codeBase="D:\a\Fededim.Extensions.Configuration.Protected\Fededim.Extensions.Configuration.Protected\Fededim.Extensions.Configuration.Protected.DataProtectionAPITest\bin\Release\net8.0\Fededim.Extensions.Configuration.Protected.DataProtectionAPITest.dll" adapterTypeName="executor://xunit/VsTestRunner2/netcoreapp" className="Fededim.Extensions.Configuration.Protected.DataProtectionAPITest.ReverseChainedPassthroughProtectProviderTest" name="RandomInMemoryDictionaryTest" />
    </UnitTest>
  </TestDefinitions>
  <TestEntries>
    <TestEntry testId="7e6ddfbf-8406-e386-7c05-3e7c30fa7505" executionId="413af311-9adb-4052-9f8f-8f0e025417b7" testListId="8c84fa94-04c1-424b-9868-57a2d4851a1d" />
    <TestEntry testId="babc18e0-52be-6076-7768-76d0c302f279" executionId="2d50a586-658d-43da-b5ab-bd9df4277528" testListId="8c84fa94-04c1-424b-9868-57a2d4851a1d" />
    <TestEntry testId="76a3f103-314f-1ebd-bd22-53871a79c3fa" executionId="c9e0dbb6-9f95-46a6-8c50-17d695d9ad1b" testListId="8c84fa94-04c1-424b-9868-57a2d4851a1d" />
    <TestEntry testId="7854059b-30d2-55e5-a014-8ef220beca26" executionId="e8a4f151-7dc5-4c89-bc21-7c745a5c4927" testListId="8c84fa94-04c1-424b-9868-57a2d4851a1d" />
    <TestEntry testId="94ea7642-4083-0632-dcd9-b9fdbebb7fc1" executionId="c72f4a28-4040-43a2-b7d8-d409a1294fbe" testListId="8c84fa94-04c1-424b-9868-57a2d4851a1d" />
    <TestEntry testId="266c91ed-f749-9cf5-bf8c-4a55ef2a37c7" executionId="9b70e364-3b9f-455e-80b6-31fe99804bd4" testListId="8c84fa94-04c1-424b-9868-57a2d4851a1d" />
    <TestEntry testId="331a13af-5866-8d6a-671d-a2abfea42096" executionId="12796711-71e3-4465-a252-34accf7f8553" testListId="8c84fa94-04c1-424b-9868-57a2d4851a1d" />
    <TestEntry testId="53290695-3624-0469-7860-2a707aa4d5f4" executionId="571a72cb-88ff-4b39-abcb-c9b32183f19b" testListId="8c84fa94-04c1-424b-9868-57a2d4851a1d" />
    <TestEntry testId="f63be0dc-1fac-0d73-eab5-ec6ea7cf7b08" executionId="947d8263-8e22-45db-8f78-c749a8e08186" testListId="8c84fa94-04c1-424b-9868-57a2d4851a1d" />
    <TestEntry testId="647b6c5b-225b-1ca2-d2e0-e37df89ba286" executionId="561c089d-e3f3-4c45-acfe-85d0843c8506" testListId="8c84fa94-04c1-424b-9868-57a2d4851a1d" />
    <TestEntry testId="4ea3de90-a59d-3955-9940-560839244413" executionId="1bf293a6-a31c-4777-96d0-7a72d2ea3c72" testListId="8c84fa94-04c1-424b-9868-57a2d4851a1d" />
    <TestEntry testId="f4b49037-2be4-650f-fa20-2558b4f38cf7" executionId="30b77635-f00b-4624-a5dd-41c53068a472" testListId="8c84fa94-04c1-424b-9868-57a2d4851a1d" />
    <TestEntry testId="5bf2f350-f23f-f114-d6dd-98a507e43569" executionId="53f20992-fbea-4b6a-ad07-05022a718dce" testListId="8c84fa94-04c1-424b-9868-57a2d4851a1d" />
    <TestEntry testId="8fa56702-815f-46fb-f241-56617bf43be4" executionId="ce4ecd0e-40a2-44c4-a96b-335aa29188da" testListId="8c84fa94-04c1-424b-9868-57a2d4851a1d" />
    <TestEntry testId="69d8f2d8-3562-2bf4-0a5e-c226f303d955" executionId="432ef379-91a3-43dc-a255-c8f7857ae178" testListId="8c84fa94-04c1-424b-9868-57a2d4851a1d" />
    <TestEntry testId="bc65d678-ea47-f040-ebfc-ebf2c2e9a1f0" executionId="9b5a66d5-f7b0-4483-b3cd-7b55cf4b49ec" testListId="8c84fa94-04c1-424b-9868-57a2d4851a1d" />
    <TestEntry testId="092a9e9f-643d-a75f-e646-45602e92186b" executionId="7ee48f14-665e-47c6-8077-955946530532" testListId="8c84fa94-04c1-424b-9868-57a2d4851a1d" />
    <TestEntry testId="6c6badd8-2315-c41e-9745-b2cf4b1a628a" executionId="0ae4445f-d4c4-4052-8341-a07377d07de4" testListId="8c84fa94-04c1-424b-9868-57a2d4851a1d" />
    <TestEntry testId="c47730a9-5677-c354-72b2-3037781cbdf4" executionId="860c9e74-7cf2-4c4d-975b-7671293897d8" testListId="8c84fa94-04c1-424b-9868-57a2d4851a1d" />
    <TestEntry testId="f10bb888-60df-1256-7dc3-3ea5b2020598" executionId="db1f5191-7166-4ab6-bc3b-d74b982eb8f8" testListId="8c84fa94-04c1-424b-9868-57a2d4851a1d" />
    <TestEntry testId="cab792d5-caf7-94cb-7dd5-8cd2bf26d466" executionId="c391c496-367e-4b71-9341-a8559a4503ef" testListId="8c84fa94-04c1-424b-9868-57a2d4851a1d" />
    <TestEntry testId="aeb7956b-7546-b053-446f-8b8f700e605b" executionId="ad3ba1b6-932b-4cf5-9713-15f3d78857fd" testListId="8c84fa94-04c1-424b-9868-57a2d4851a1d" />
    <TestEntry testId="623fedfb-c200-d700-a583-c0520c9fd7be" executionId="43faea99-8ab7-4607-816d-9651b4982801" testListId="8c84fa94-04c1-424b-9868-57a2d4851a1d" />
    <TestEntry testId="40bc2ee2-12b8-c08c-ad81-e8c0efee775c" executionId="be7a83c0-7cd3-4865-8dda-7a65b03b032d" testListId="8c84fa94-04c1-424b-9868-57a2d4851a1d" />
  </TestEntries>
  <TestLists>
    <TestList name="Results Not in a List" id="8c84fa94-04c1-424b-9868-57a2d4851a1d" />
    <TestList name="All Loaded Results" id="19431567-8539-422a-85d7-44ee4e166bda" />
  </TestLists>
  <ResultSummary outcome="Completed">
    <Counters total="24" executed="24" passed="24" failed="0" error="0" timeout="0" aborted="0" inconclusive="0" passedButRunAborted="0" notRunnable="0" notExecuted="0" disconnected="0" warning="0" completed="0" inProgress="0" pending="0" />
    <Output>
      <StdOut>[xUnit.net 00:00:00.00] xUnit.net VSTest Adapter v2.8.2+699d445a1a (64-bit .NET 8.0.21)&#xD;
[xUnit.net 00:00:00.63]   Discovering: Fededim.Extensions.Configuration.Protected.DataProtectionAPITest&#xD;
[xUnit.net 00:00:01.10]   Discovered:  Fededim.Extensions.Configuration.Protected.DataProtectionAPITest&#xD;
[xUnit.net 00:00:01.10]   Starting:    Fededim.Extensions.Configuration.Protected.DataProtectionAPITest&#xD;
[xUnit.net 00:01:51.70]   Finished:    Fededim.Extensions.Configuration.Protected.DataProtectionAPITest&#xD;
</StdOut>
    </Output>
  </ResultSummary>
</TestRun>