<?xml version="1.0" encoding="utf-8"?>
<TestRun id="5b05e237-8c74-4e3e-b3cb-7311afbd307f" name="runneradmin@runnervmvmocb 2026-09-18 01:00:23" runUser="runnervmvmocb\runneradmin" xmlns="http://microsoft.com/schemas/VisualStudio/TeamTest/2010">
  <Times creation="2026-09-18T01:00:23.7171122+00:00" queuing="2026-09-18T01:00:23.7171125+00:00" start="2026-09-18T00:59:55.7500618+00:00" finish="2026-09-18T01:02:39.2274117+00:00" />
  <TestSettings name="default" id="c6807f95-ab72-40d9-9f5a-8c63fcecc1e7">
    <Deployment runDeploymentRoot="runneradmin_runnervmvmocb_2026-09-18_01_00_23" />
  </TestSettings>
  <Results>
    <UnitTestResult executionId="a9d31f7a-4a87-45b2-857e-ce92c379ebf3" testId="f352b3e4-d8b2-0588-46bb-043afb7266c1" testName="Fededim.Extensions.Configuration.Protected.DataProtectionAPITest.DataProtectionAPIProtectProviderTest.RandomEnvironmentVariablesTest" computerName="runnervmvmocb" duration="00:00:11.1710000" startTime="2026-09-18T01:00:53.1900437+00:00" endTime="2026-09-18T01:00:53.1900437+00:00" testType="13cdc9d9-ddb5-4fa4-a97d-d965ccfc6d4b" outcome="Passed" testListId="8c84fa94-04c1-424b-9868-57a2d4851a1d" relativeResultsDirectory="a9d31f7a-4a87-45b2-857e-ce92c379ebf3">
      <Output>
        <StdOut>9/18/2026 1:00:42 AM: Generating a random environment variables 100000 keys, autogenerated strings max length 20 and autogenerated array max length 10...&#xD;
9/18/2026 1:00:45 AM: Starting test...&#xD;
9/18/2026 1:00:45 AM: Generated random environment variables (NumEntries 2000 NumValues 4869 TID 10, note that Windows has a maximum size of 32KB for all environment variables, so not all 100000 keys could be created) duration 3140ms &#xD;
9/18/2026 1:00:49 AM: Encrypted random environment variables duration 4285ms &#xD;
9/18/2026 1:00:49 AM: Checked that all random environment variables are encrypted duration 6ms &#xD;
9/18/2026 1:00:49 AM: Loaded and decrypted random environment variables with ProtectedConfigurationBuilder duration 161ms &#xD;
9/18/2026 1:00:49 AM: Checked that 1582 entries are equal duration 1ms</StdOut>
      </Output>
    </UnitTestResult>
    <UnitTestResult executionId="0483ca75-51d4-4c89-a5bb-b4e61884abac" testId="d2ec5ba7-d50b-7023-11ad-69c0b8299f4c" testName="Fededim.Extensions.Configuration.Protected.DataProtectionAPITest.ReverseChainedDataProtectionAPIProtectProviderTest.RandomJsonFileTest(useJsonWithCommentFileProcessor: True)" computerName="runnervmvmocb" duration="00:01:15.1340000" startTime="2026-09-18T01:01:28.0351286+00:00" endTime="2026-09-18T01:01:28.0351286+00:00" testType="13cdc9d9-ddb5-4fa4-a97d-d965ccfc6d4b" outcome="Passed" testListId="8c84fa94-04c1-424b-9868-57a2d4851a1d" relativeResultsDirectory="0483ca75-51d4-4c89-a5bb-b4e61884abac">
      <Output>
        <StdOut>9/18/2026 1:00:14 AM: Generating a random JSON file with 100000 keys, autogenerated strings max length 20 and autogenerated array max length 10...&#xD;
9/18/2026 1:00:21 AM: File location file://D:/a/Fededim.Extensions.Configuration.Protected/Fededim.Extensions.Configuration.Protected/Fededim.Extensions.Configuration.Protected.DataProtectionAPITest/bin/Release/net462/random_205fdd8f-8e01-4fa5-8adc-19a622908c4d.json&#xD;
9/18/2026 1:00:21 AM: Generated random JSON file (NumEntries 100000 NumValues 249167 size 57762 KB) duration 6794ms &#xD;
9/18/2026 1:00:51 AM: Encrypted random JSON file (NumEntries 100000 NumValues 249167 size 83757 KB) duration 00:00:30.4418026 &#xD;
9/18/2026 1:00:59 AM: Checked that all random JSON file is encrypted duration 7414ms &#xD;
9/18/2026 1:01:25 AM: Loaded and decrypted random JSON file with ProtectedConfigurationBuilder duration 00:00:26.6099427 &#xD;
9/18/2026 1:01:28 AM: Checked that 249167 entries are equal duration 2086ms</StdOut>
      </Output>
    </UnitTestResult>
    <UnitTestResult executionId="b1243f79-99c5-4108-aad6-6d6fe325f0db" testId="efb735a9-3ad5-1771-1fbc-4b718376ccc7" testName="Fededim.Extensions.Configuration.Protected.DataProtectionAPITest.ReverseChainedDataProtectionAPIProtectProviderTest.RandomXmlFileTest" computerName="runnervmvmocb" duration="00:00:24.5480000" startTime="2026-09-18T01:02:25.4387472+00:00" endTime="2026-09-18T01:02:25.4387472+00:00" testType="13cdc9d9-ddb5-4fa4-a97d-d965ccfc6d4b" outcome="Passed" testListId="8c84fa94-04c1-424b-9868-57a2d4851a1d" relativeResultsDirectory="b1243f79-99c5-4108-aad6-6d6fe325f0db">
      <Output>
        <StdOut>9/18/2026 1:02:00 AM: Generating a random XML file with 100000 keys, autogenerated strings max length 20 and autogenerated array max length 10...&#xD;
9/18/2026 1:02:03 AM: File location file://D:/a/Fededim.Extensions.Configuration.Protected/Fededim.Extensions.Configuration.Protected/Fededim.Extensions.Configuration.Protected.DataProtectionAPITest/bin/Release/net462/random_c027553d-24cb-4c1f-b2ca-4b3b0a18eba8.xml&#xD;
9/18/2026 1:02:03 AM: Generated random XML file (NumEntries 100000 NumValues 249145 size 64257 KB) duration 2562ms &#xD;
9/18/2026 1:02:09 AM: Encrypted random XML file (NumEntries 100000 NumValues 249145 size 90477 KB) duration 5592ms &#xD;
9/18/2026 1:02:10 AM: Checked that all random XML file is encrypted duration 1411ms &#xD;
9/18/2026 1:02:24 AM: Loaded and decrypted random XML file with ProtectedConfigurationBuilder duration 00:00:14.0203796 &#xD;
9/18/2026 1:02:25 AM: Checked that 201289 entries are equal duration 959ms</StdOut>
      </Output>
    </UnitTestResult>
    <UnitTestResult executionId="5e74d926-6a85-4a97-a079-d86d23877ebe" testId="dbafd3c0-547c-f72c-7714-3310b3a28f6c" testName="Fededim.Extensions.Configuration.Protected.DataProtectionAPITest.ReverseChainedDataProtectionAPIProtectProviderTest.RandomInMemoryDictionaryTest" computerName="runnervmvmocb" duration="00:00:03.5250000" startTime="2026-09-18T01:02:33.8309060+00:00" endTime="2026-09-18T01:02:33.8309060+00:00" testType="13cdc9d9-ddb5-4fa4-a97d-d965ccfc6d4b" outcome="Passed" testListId="8c84fa94-04c1-424b-9868-57a2d4851a1d" relativeResultsDirectory="5e74d926-6a85-4a97-a079-d86d23877ebe">
      <Output>
        <StdOut>9/18/2026 1:02:30 AM: Generating a random in-memory dictionary with 100000 keys, autogenerated strings max length 20 and autogenerated array max length 10...&#xD;
9/18/2026 1:02:30 AM: Starting test...&#xD;
9/18/2026 1:02:30 AM: Generated random in-memory dictionary (NumEntries 100000 NumValues 251004) duration 334ms &#xD;
9/18/2026 1:02:31 AM: Encrypted random in-memory dictionary duration 883ms &#xD;
9/18/2026 1:02:31 AM: Checked that all random in-memory dictionary is encrypted duration 68ms &#xD;
9/18/2026 1:02:33 AM: Loaded and decrypted random in-memory dictionary with ProtectedConfigurationBuilder duration 2151ms &#xD;
9/18/2026 1:02:33 AM: Checked that 100000 entries are equal duration 85ms</StdOut>
      </Output>
    </UnitTestResult>
    <UnitTestResult executionId="5457eb9d-706b-44c4-b3cb-733d75901675" testId="a5b4138a-877c-581b-780d-3494b3972f17" testName="Fededim.Extensions.Configuration.Protected.DataProtectionAPITest.DataProtectionAPIProtectProviderTest.RandomInMemoryDictionaryTest" computerName="runnervmvmocb" duration="00:00:29.1000000" startTime="2026-09-18T01:00:42.0173833+00:00" endTime="2026-09-18T01:00:42.0173833+00:00" testType="13cdc9d9-ddb5-4fa4-a97d-d965ccfc6d4b" outcome="Passed" testListId="8c84fa94-04c1-424b-9868-57a2d4851a1d" relativeResultsDirectory="5457eb9d-706b-44c4-b3cb-733d75901675">
      <Output>
        <StdOut>9/18/2026 1:00:14 AM: Generating a random in-memory dictionary with 100000 keys, autogenerated strings max length 20 and autogenerated array max length 10...&#xD;
9/18/2026 1:00:15 AM: Starting test...&#xD;
9/18/2026 1:00:15 AM: Generated random in-memory dictionary (NumEntries 100000 NumValues 248110) duration 1335ms &#xD;
9/18/2026 1:00:27 AM: Encrypted random in-memory dictionary duration 00:00:11.3219760 &#xD;
9/18/2026 1:00:27 AM: Checked that all random in-memory dictionary is encrypted duration 561ms &#xD;
9/18/2026 1:00:41 AM: Loaded and decrypted random in-memory dictionary with ProtectedConfigurationBuilder duration 00:00:13.8732964 &#xD;
9/18/2026 1:00:42 AM: Checked that 100000 entries are equal duration 345ms</StdOut>
      </Output>
    </UnitTestResult>
    <UnitTestResult executionId="8ea47316-da62-486b-b327-b42e425ce3c9" testId="97ac352b-e433-e531-3210-5b085419ca0a" testName="Fededim.Extensions.Configuration.Protected.DataProtectionAPITest.DataProtectionAPIProtectProviderTest.RandomXmlFileTest" computerName="runnervmvmocb" duration="00:00:22.6910000" startTime="2026-09-18T01:02:32.1824596+00:00" endTime="2026-09-18T01:02:32.1824596+00:00" testType="13cdc9d9-ddb5-4fa4-a97d-d965ccfc6d4b" outcome="Passed" testListId="8c84fa94-04c1-424b-9868-57a2d4851a1d" relativeResultsDirectory="8ea47316-da62-486b-b327-b42e425ce3c9">
      <Output>
        <StdOut>9/18/2026 1:02:09 AM: Generating a random XML file with 100000 keys, autogenerated strings max length 20 and autogenerated array max length 10...&#xD;
9/18/2026 1:02:14 AM: File location file://D:/a/Fededim.Extensions.Configuration.Protected/Fededim.Extensions.Configuration.Protected/Fededim.Extensions.Configuration.Protected.DataProtectionAPITest/bin/Release/net462/random_197523be-46b2-4a63-8903-7051bd18da72.xml&#xD;
9/18/2026 1:02:14 AM: Generated random XML file (NumEntries 100000 NumValues 250321 size 64278 KB) duration 4830ms &#xD;
9/18/2026 1:02:19 AM: Encrypted random XML file (NumEntries 100000 NumValues 250321 size 90604 KB) duration 4860ms &#xD;
9/18/2026 1:02:20 AM: Checked that all random XML file is encrypted duration 1299ms &#xD;
9/18/2026 1:02:31 AM: Loaded and decrypted random XML file with ProtectedConfigurationBuilder duration 00:00:10.8507504 &#xD;
9/18/2026 1:02:32 AM: Checked that 202119 entries are equal duration 848ms</StdOut>
      </Output>
    </UnitTestResult>
    <UnitTestResult executionId="95d5acba-2ffd-4ecf-9301-900d6e6398a9" testId="b9bf8ed7-522c-e76a-b80e-8d05fc5adc83" testName="Fededim.Extensions.Configuration.Protected.DataProtectionAPITest.DataProtectionAPIProtectProviderTest.RandomCommandLineTest" computerName="runnervmvmocb" duration="00:00:03.3860000" startTime="2026-09-18T01:02:35.5675860+00:00" endTime="2026-09-18T01:02:35.5675860+00:00" testType="13cdc9d9-ddb5-4fa4-a97d-d965ccfc6d4b" outcome="Passed" testListId="8c84fa94-04c1-424b-9868-57a2d4851a1d" relativeResultsDirectory="95d5acba-2ffd-4ecf-9301-900d6e6398a9">
      <Output>
        <StdOut>9/18/2026 1:02:32 AM: Generating a random command line arguments with 100000 keys, autogenerated strings max length 20 and autogenerated array max length 10...&#xD;
9/18/2026 1:02:32 AM: Starting test...&#xD;
9/18/2026 1:02:32 AM: Generated random comand line args (NumEntries 100000 NumValues 250257) duration 293ms &#xD;
9/18/2026 1:02:33 AM: Encrypted random comand line args duration 961ms &#xD;
9/18/2026 1:02:33 AM: Checked that all random comand line args are encrypted duration 62ms &#xD;
9/18/2026 1:02:35 AM: Loaded and decrypted random comand line args with ProtectedConfigurationBuilder duration 2002ms &#xD;
9/18/2026 1:02:35 AM: Checked that 100000 entries are equal duration 65ms</StdOut>
      </Output>
    </UnitTestResult>
    <UnitTestResult executionId="747af872-2532-4d32-9927-7d62b8f2eb9d" testId="f4974d5b-c288-bf3b-c0f6-abb4edc5d313" testName="Fededim.Extensions.Configuration.Protected.DataProtectionAPITest.ReverseChainedDataProtectionAPIProtectProviderTest.RandomEnvironmentVariablesTest" computerName="runnervmvmocb" duration="00:00:01.4790000" startTime="2026-09-18T01:02:26.9173987+00:00" endTime="2026-09-18T01:02:26.9173987+00:00" testType="13cdc9d9-ddb5-4fa4-a97d-d965ccfc6d4b" outcome="Passed" testListId="8c84fa94-04c1-424b-9868-57a2d4851a1d" relativeResultsDirectory="747af872-2532-4d32-9927-7d62b8f2eb9d">
      <Output>
        <StdOut>9/18/2026 1:02:25 AM: Generating a random environment variables 100000 keys, autogenerated strings max length 20 and autogenerated array max length 10...&#xD;
9/18/2026 1:02:25 AM: Starting test...&#xD;
9/18/2026 1:02:25 AM: Generated random environment variables (NumEntries 2000 NumValues 5027 TID 9, note that Windows has a maximum size of 32KB for all environment variables, so not all 100000 keys could be created) duration 444ms &#xD;
9/18/2026 1:02:26 AM: Encrypted random environment variables duration 596ms &#xD;
9/18/2026 1:02:26 AM: Checked that all random environment variables are encrypted duration 3ms &#xD;
9/18/2026 1:02:26 AM: Loaded and decrypted random environment variables with ProtectedConfigurationBuilder duration 41ms &#xD;
9/18/2026 1:02:26 AM: Checked that 1583 entries are equal duration 1ms</StdOut>
      </Output>
    </UnitTestResult>
    <UnitTestResult executionId="61a55a5d-8a9f-4c42-98b1-6824a7e2e251" testId="fd694cea-f6eb-8b2a-be1c-cfd9341efde5" testName="Fededim.Extensions.Configuration.Protected.DataProtectionAPITest.ReverseChainedPassthroughProtectProviderTest.RandomEnvironmentVariablesTest" computerName="runnervmvmocb" duration="00:00:02.6070000" startTime="2026-09-18T01:01:58.2119250+00:00" endTime="2026-09-18T01:01:58.2119250+00:00" testType="13cdc9d9-ddb5-4fa4-a97d-d965ccfc6d4b" outcome="Passed" testListId="8c84fa94-04c1-424b-9868-57a2d4851a1d" relativeResultsDirectory="61a55a5d-8a9f-4c42-98b1-6824a7e2e251">
      <Output>
        <StdOut>9/18/2026 1:01:55 AM: Generating a random environment variables 100000 keys, autogenerated strings max length 20 and autogenerated array max length 10...&#xD;
9/18/2026 1:01:56 AM: Starting test...&#xD;
9/18/2026 1:01:56 AM: Generated random environment variables (NumEntries 2000 NumValues 4860 TID 11, note that Windows has a maximum size of 32KB for all environment variables, so not all 100000 keys could be created) duration 820ms &#xD;
9/18/2026 1:01:57 AM: Encrypted random environment variables duration 1242ms &#xD;
9/18/2026 1:01:57 AM: Checked that all random environment variables are encrypted duration 8ms &#xD;
9/18/2026 1:01:57 AM: Loaded and decrypted random environment variables with ProtectedConfigurationBuilder duration 21ms &#xD;
9/18/2026 1:01:57 AM: Checked that 1556 entries are equal duration 1ms</StdOut>
      </Output>
    </UnitTestResult>
    <UnitTestResult executionId="a7df6a2b-b3e5-424c-8fc2-613c6fad988f" testId="b6fd352f-d0bb-6f9f-e8b5-484cb632db0b" testName="Fededim.Extensions.Configuration.Protected.DataProtectionAPITest.ReverseChainedPassthroughProtectProviderTest.RandomJsonFileTest(useJsonWithCommentFileProcessor: False)" computerName="runnervmvmocb" duration="00:00:21.1480000" startTime="2026-09-18T01:01:32.7775175+00:00" endTime="2026-09-18T01:01:32.7775175+00:00" testType="13cdc9d9-ddb5-4fa4-a97d-d965ccfc6d4b" outcome="Passed" testListId="8c84fa94-04c1-424b-9868-57a2d4851a1d" relativeResultsDirectory="a7df6a2b-b3e5-424c-8fc2-613c6fad988f">
      <Output>
        <StdOut>9/18/2026 1:01:11 AM: Generating a random JSON file with 100000 keys, autogenerated strings max length 20 and autogenerated array max length 10...&#xD;
9/18/2026 1:01:14 AM: File location file://D:/a/Fededim.Extensions.Configuration.Protected/Fededim.Extensions.Configuration.Protected/Fededim.Extensions.Configuration.Protected.DataProtectionAPITest/bin/Release/net462/random_9e07530a-a5c0-4a1d-a18e-7136fde090b8.json&#xD;
9/18/2026 1:01:14 AM: Generated random JSON file (NumEntries 100000 NumValues 248100 size 57545 KB) duration 3103ms &#xD;
9/18/2026 1:01:21 AM: Encrypted random JSON file (NumEntries 100000 NumValues 248100 size 57926 KB) duration 7112ms &#xD;
9/18/2026 1:01:23 AM: Checked that all random JSON file is encrypted duration 1575ms &#xD;
9/18/2026 1:01:30 AM: Loaded and decrypted random JSON file with ProtectedConfigurationBuilder duration 6973ms &#xD;
9/18/2026 1:01:32 AM: Checked that 248100 entries are equal duration 2382ms</StdOut>
      </Output>
    </UnitTestResult>
    <UnitTestResult executionId="e9ec77df-39bf-49fe-9bc0-92fbdace1446" testId="dc307d4d-4502-7282-1f60-31615d2a0d24" testName="Fededim.Extensions.Configuration.Protected.DataProtectionAPITest.ReverseChainedPassthroughProtectProviderTest.RandomXmlFileTest" computerName="runnervmvmocb" duration="00:00:22.8340000" startTime="2026-09-18T01:01:55.6077181+00:00" endTime="2026-09-18T01:01:55.6077181+00:00" testType="13cdc9d9-ddb5-4fa4-a97d-d965ccfc6d4b" outcome="Passed" testListId="8c84fa94-04c1-424b-9868-57a2d4851a1d" relativeResultsDirectory="e9ec77df-39bf-49fe-9bc0-92fbdace1446">
      <Output>
        <StdOut>9/18/2026 1:01:32 AM: Generating a random XML file with 100000 keys, autogenerated strings max length 20 and autogenerated array max length 10...&#xD;
9/18/2026 1:01:36 AM: File location file://D:/a/Fededim.Extensions.Configuration.Protected/Fededim.Extensions.Configuration.Protected/Fededim.Extensions.Configuration.Protected.DataProtectionAPITest/bin/Release/net462/random_4748f6f1-8946-47c9-99bb-7078428b253d.xml&#xD;
9/18/2026 1:01:36 AM: Generated random XML file (NumEntries 100000 NumValues 249447 size 65619 KB) duration 3801ms &#xD;
9/18/2026 1:01:43 AM: Encrypted random XML file (NumEntries 100000 NumValues 249447 size 66008 KB) duration 6688ms &#xD;
9/18/2026 1:01:45 AM: Checked that all random XML file is encrypted duration 1925ms &#xD;
9/18/2026 1:01:53 AM: Loaded and decrypted random XML file with ProtectedConfigurationBuilder duration 8712ms &#xD;
9/18/2026 1:01:55 AM: Checked that 201602 entries are equal duration 1705ms</StdOut>
      </Output>
    </UnitTestResult>
    <UnitTestResult executionId="c990db51-9590-4ae8-a469-91c7e7555b4f" testId="21abf860-ed3d-2e49-4a1e-a39daf2ff1b2" testName="Fededim.Extensions.Configuration.Protected.DataProtectionAPITest.ReverseChainedPassthroughProtectProviderTest.RandomCommandLineTest" computerName="runnervmvmocb" duration="00:00:11.0220000" startTime="2026-09-18T01:00:34.1265719+00:00" endTime="2026-09-18T01:00:34.1265719+00:00" testType="13cdc9d9-ddb5-4fa4-a97d-d965ccfc6d4b" outcome="Passed" testListId="8c84fa94-04c1-424b-9868-57a2d4851a1d" relativeResultsDirectory="c990db51-9590-4ae8-a469-91c7e7555b4f">
      <Output>
        <StdOut>9/18/2026 1:00:23 AM: Generating a random command line arguments with 100000 keys, autogenerated strings max length 20 and autogenerated array max length 10...&#xD;
9/18/2026 1:00:25 AM: Starting test...&#xD;
9/18/2026 1:00:25 AM: Generated random comand line args (NumEntries 100000 NumValues 251109) duration 2505ms &#xD;
9/18/2026 1:00:30 AM: Encrypted random comand line args duration 4748ms &#xD;
9/18/2026 1:00:31 AM: Checked that all random comand line args are encrypted duration 718ms &#xD;
9/18/2026 1:00:33 AM: Loaded and decrypted random comand line args with ProtectedConfigurationBuilder duration 2768ms &#xD;
9/18/2026 1:00:34 AM: Checked that 100000 entries are equal duration 203ms</StdOut>
      </Output>
    </UnitTestResult>
    <UnitTestResult executionId="2724b4a5-84fc-4b04-a5f6-6a4d15535183" testId="60df3619-3efb-dbb7-6212-6602ebf68f95" testName="Fededim.Extensions.Configuration.Protected.DataProtectionAPITest.ReverseChainedDataProtectionAPIProtectProviderTest.RandomCommandLineTest" computerName="runnervmvmocb" duration="00:00:03.3880000" startTime="2026-09-18T01:02:30.3062260+00:00" endTime="2026-09-18T01:02:30.3062260+00:00" testType="13cdc9d9-ddb5-4fa4-a97d-d965ccfc6d4b" outcome="Passed" testListId="8c84fa94-04c1-424b-9868-57a2d4851a1d" relativeResultsDirectory="2724b4a5-84fc-4b04-a5f6-6a4d15535183">
      <Output>
        <StdOut>9/18/2026 1:02:26 AM: Generating a random command line arguments with 100000 keys, autogenerated strings max length 20 and autogenerated array max length 10...&#xD;
9/18/2026 1:02:27 AM: Starting test...&#xD;
9/18/2026 1:02:27 AM: Generated random comand line args (NumEntries 100000 NumValues 249350) duration 296ms &#xD;
9/18/2026 1:02:28 AM: Encrypted random comand line args duration 928ms &#xD;
9/18/2026 1:02:28 AM: Checked that all random comand line args are encrypted duration 68ms &#xD;
9/18/2026 1:02:30 AM: Loaded and decrypted random comand line args with ProtectedConfigurationBuilder duration 2030ms &#xD;
9/18/2026 1:02:30 AM: Checked that 100000 entries are equal duration 63ms</StdOut>
      </Output>
    </UnitTestResult>
    <UnitTestResult executionId="07e4e9dd-2594-4e15-9920-0a92147c4918" testId="c54c3964-5bef-c878-d4a0-6c44caf97732" testName="Fededim.Extensions.Configuration.Protected.DataProtectionAPITest.ReverseChainedPassthroughProtectProviderTest.RandomInMemoryDictionaryTest" computerName="runnervmvmocb" duration="00:00:10.0160000" startTime="2026-09-18T01:00:23.0972743+00:00" endTime="2026-09-18T01:00:23.0972743+00:00" testType="13cdc9d9-ddb5-4fa4-a97d-d965ccfc6d4b" outcome="Passed" testListId="8c84fa94-04c1-424b-9868-57a2d4851a1d" relativeResultsDirectory="07e4e9dd-2594-4e15-9920-0a92147c4918">
      <Output>
        <StdOut>9/18/2026 1:00:14 AM: Generating a random in-memory dictionary with 100000 keys, autogenerated strings max length 20 and autogenerated array max length 10...&#xD;
9/18/2026 1:00:15 AM: Starting test...&#xD;
9/18/2026 1:00:15 AM: Generated random in-memory dictionary (NumEntries 100000 NumValues 249420) duration 1250ms &#xD;
9/18/2026 1:00:18 AM: Encrypted random in-memory dictionary duration 2569ms &#xD;
9/18/2026 1:00:18 AM: Checked that all random in-memory dictionary is encrypted duration 722ms &#xD;
9/18/2026 1:00:21 AM: Loaded and decrypted random in-memory dictionary with ProtectedConfigurationBuilder duration 3092ms &#xD;
9/18/2026 1:00:22 AM: Checked that 100000 entries are equal duration 429ms</StdOut>
      </Output>
    </UnitTestResult>
    <UnitTestResult executionId="35075537-a5c9-4a12-b9cc-60132f1d4884" testId="f6916fa8-7335-1ac2-9bd9-068ab445ecb1" testName="Fededim.Extensions.Configuration.Protected.DataProtectionAPITest.DataProtectionAPIProtectProviderTest.RandomJsonFileTest(useJsonWithCommentFileProcessor: True)" computerName="runnervmvmocb" duration="00:00:48.8870000" startTime="2026-09-18T01:01:42.0773615+00:00" endTime="2026-09-18T01:01:42.0773615+00:00" testType="13cdc9d9-ddb5-4fa4-a97d-d965ccfc6d4b" outcome="Passed" testListId="8c84fa94-04c1-424b-9868-57a2d4851a1d" relativeResultsDirectory="35075537-a5c9-4a12-b9cc-60132f1d4884">
      <Output>
        <StdOut>9/18/2026 1:00:53 AM: Generating a random JSON file with 100000 keys, autogenerated strings max length 20 and autogenerated array max length 10...&#xD;
9/18/2026 1:00:59 AM: File location file://D:/a/Fededim.Extensions.Configuration.Protected/Fededim.Extensions.Configuration.Protected/Fededim.Extensions.Configuration.Protected.DataProtectionAPITest/bin/Release/net462/random_1c26e746-f910-439f-b86e-0110d45ceef2.json&#xD;
9/18/2026 1:00:59 AM: Generated random JSON file (NumEntries 100000 NumValues 250623 size 63246 KB) duration 6527ms &#xD;
9/18/2026 1:01:17 AM: Encrypted random JSON file (NumEntries 100000 NumValues 250623 size 89397 KB) duration 00:00:17.9418925 &#xD;
9/18/2026 1:01:20 AM: Checked that all random JSON file is encrypted duration 2614ms &#xD;
9/18/2026 1:01:38 AM: Loaded and decrypted random JSON file with ProtectedConfigurationBuilder duration 00:00:18.3194890 &#xD;
9/18/2026 1:01:42 AM: Checked that 250623 entries are equal duration 3480ms</StdOut>
      </Output>
    </UnitTestResult>
    <UnitTestResult executionId="d25501af-d8db-447f-a3b1-27186a146a92" testId="ade5454d-acc1-63ed-986a-ba08d0a9b3c4" testName="Fededim.Extensions.Configuration.Protected.DataProtectionAPITest.PassthroughProtectProviderTest.RandomJsonFileTest(useJsonWithCommentFileProcessor: False)" computerName="runnervmvmocb" duration="00:00:17.6130000" startTime="2026-09-18T01:01:38.0700176+00:00" endTime="2026-09-18T01:01:38.0700176+00:00" testType="13cdc9d9-ddb5-4fa4-a97d-d965ccfc6d4b" outcome="Passed" testListId="8c84fa94-04c1-424b-9868-57a2d4851a1d" relativeResultsDirectory="d25501af-d8db-447f-a3b1-27186a146a92">
      <Output>
        <StdOut>9/18/2026 1:01:20 AM: Generating a random JSON file with 100000 keys, autogenerated strings max length 20 and autogenerated array max length 10...&#xD;
9/18/2026 1:01:22 AM: File location file://D:/a/Fededim.Extensions.Configuration.Protected/Fededim.Extensions.Configuration.Protected/Fededim.Extensions.Configuration.Protected.DataProtectionAPITest/bin/Release/net462/random_13443ee6-de89-447d-ae91-89cbb2ba9f99.json&#xD;
9/18/2026 1:01:22 AM: Generated random JSON file (NumEntries 100000 NumValues 250477 size 56371 KB) duration 2405ms &#xD;
9/18/2026 1:01:27 AM: Encrypted random JSON file (NumEntries 100000 NumValues 250477 size 56757 KB) duration 4563ms &#xD;
9/18/2026 1:01:28 AM: Checked that all random JSON file is encrypted duration 1376ms &#xD;
9/18/2026 1:01:36 AM: Loaded and decrypted random JSON file with ProtectedConfigurationBuilder duration 7210ms &#xD;
9/18/2026 1:01:38 AM: Checked that 250477 entries are equal duration 2056ms</StdOut>
      </Output>
    </UnitTestResult>
    <UnitTestResult executionId="f762cb87-f802-4d69-9296-729ae5ea0b52" testId="b5fa2e2b-5ba5-fac3-aba2-27926978692e" testName="Fededim.Extensions.Configuration.Protected.DataProtectionAPITest.ReverseChainedPassthroughProtectProviderTest.RandomJsonFileTest(useJsonWithCommentFileProcessor: True)" computerName="runnervmvmocb" duration="00:00:37.5010000" startTime="2026-09-18T01:01:11.6229310+00:00" endTime="2026-09-18T01:01:11.6229310+00:00" testType="13cdc9d9-ddb5-4fa4-a97d-d965ccfc6d4b" outcome="Passed" testListId="8c84fa94-04c1-424b-9868-57a2d4851a1d" relativeResultsDirectory="f762cb87-f802-4d69-9296-729ae5ea0b52">
      <Output>
        <StdOut>9/18/2026 1:00:34 AM: Generating a random JSON file with 100000 keys, autogenerated strings max length 20 and autogenerated array max length 10...&#xD;
9/18/2026 1:00:39 AM: File location file://D:/a/Fededim.Extensions.Configuration.Protected/Fededim.Extensions.Configuration.Protected/Fededim.Extensions.Configuration.Protected.DataProtectionAPITest/bin/Release/net462/random_132b8030-9012-4709-82c2-73452d753f03.json&#xD;
9/18/2026 1:00:39 AM: Generated random JSON file (NumEntries 100000 NumValues 249716 size 57672 KB) duration 5590ms &#xD;
9/18/2026 1:00:48 AM: Encrypted random JSON file (NumEntries 100000 NumValues 249716 size 58057 KB) duration 8700ms &#xD;
9/18/2026 1:00:53 AM: Checked that all random JSON file is encrypted duration 5362ms &#xD;
9/18/2026 1:01:08 AM: Loaded and decrypted random JSON file with ProtectedConfigurationBuilder duration 00:00:14.4570267 &#xD;
9/18/2026 1:01:11 AM: Checked that 249716 entries are equal duration 3390ms</StdOut>
      </Output>
    </UnitTestResult>
    <UnitTestResult executionId="486c692c-9d4a-4166-a5be-b67772cccc3b" testId="215bdca5-d044-0fe3-ab3a-2e4442ce76c5" testName="Fededim.Extensions.Configuration.Protected.DataProtectionAPITest.DataProtectionAPIProtectProviderTest.RandomJsonFileTest(useJsonWithCommentFileProcessor: False)" computerName="runnervmvmocb" duration="00:00:27.4050000" startTime="2026-09-18T01:02:09.4911385+00:00" endTime="2026-09-18T01:02:09.4911385+00:00" testType="13cdc9d9-ddb5-4fa4-a97d-d965ccfc6d4b" outcome="Passed" testListId="8c84fa94-04c1-424b-9868-57a2d4851a1d" relativeResultsDirectory="486c692c-9d4a-4166-a5be-b67772cccc3b">
      <Output>
        <StdOut>9/18/2026 1:01:42 AM: Generating a random JSON file with 100000 keys, autogenerated strings max length 20 and autogenerated array max length 10...&#xD;
9/18/2026 1:01:44 AM: File location file://D:/a/Fededim.Extensions.Configuration.Protected/Fededim.Extensions.Configuration.Protected/Fededim.Extensions.Configuration.Protected.DataProtectionAPITest/bin/Release/net462/random_4ae73702-b839-4c5f-8267-e15ed9827aed.json&#xD;
9/18/2026 1:01:44 AM: Generated random JSON file (NumEntries 100000 NumValues 250099 size 59259 KB) duration 2728ms &#xD;
9/18/2026 1:01:53 AM: Encrypted random JSON file (NumEntries 100000 NumValues 250099 size 85336 KB) duration 9176ms &#xD;
9/18/2026 1:01:55 AM: Checked that all random JSON file is encrypted duration 1473ms &#xD;
9/18/2026 1:02:08 AM: Loaded and decrypted random JSON file with ProtectedConfigurationBuilder duration 00:00:12.8735823 &#xD;
9/18/2026 1:02:09 AM: Checked that 250099 entries are equal duration 1150ms</StdOut>
      </Output>
    </UnitTestResult>
    <UnitTestResult executionId="4635142b-7fda-4595-adc3-6ffc36056b1d" testId="b51079a5-ff93-277c-c6d0-2b0eb1149993" testName="Fededim.Extensions.Configuration.Protected.DataProtectionAPITest.PassthroughProtectProviderTest.RandomEnvironmentVariablesTest" computerName="runnervmvmocb" duration="00:00:01.8440000" startTime="2026-09-18T01:02:00.1483361+00:00" endTime="2026-09-18T01:02:00.1483361+00:00" testType="13cdc9d9-ddb5-4fa4-a97d-d965ccfc6d4b" outcome="Passed" testListId="8c84fa94-04c1-424b-9868-57a2d4851a1d" relativeResultsDirectory="4635142b-7fda-4595-adc3-6ffc36056b1d">
      <Output>
        <StdOut>9/18/2026 1:01:58 AM: Generating a random environment variables 100000 keys, autogenerated strings max length 20 and autogenerated array max length 10...&#xD;
9/18/2026 1:01:59 AM: Starting test...&#xD;
9/18/2026 1:01:59 AM: Generated random environment variables (NumEntries 2000 NumValues 4985 TID 17, note that Windows has a maximum size of 32KB for all environment variables, so not all 100000 keys could be created) duration 737ms &#xD;
9/18/2026 1:01:59 AM: Encrypted random environment variables duration 720ms &#xD;
9/18/2026 1:01:59 AM: Checked that all random environment variables are encrypted duration 3ms &#xD;
9/18/2026 1:01:59 AM: Loaded and decrypted random environment variables with ProtectedConfigurationBuilder duration 15ms &#xD;
9/18/2026 1:01:59 AM: Checked that 1610 entries are equal duration 4ms</StdOut>
      </Output>
    </UnitTestResult>
    <UnitTestResult executionId="0776b0c0-b919-4a04-bf93-8331b32c679f" testId="53bdc893-11b6-05bf-6c05-1776c77b4125" testName="Fededim.Extensions.Configuration.Protected.DataProtectionAPITest.PassthroughProtectProviderTest.RandomCommandLineTest" computerName="runnervmvmocb" duration="00:00:04.4130000" startTime="2026-09-18T01:01:16.7600331+00:00" endTime="2026-09-18T01:01:16.7600331+00:00" testType="13cdc9d9-ddb5-4fa4-a97d-d965ccfc6d4b" outcome="Passed" testListId="8c84fa94-04c1-424b-9868-57a2d4851a1d" relativeResultsDirectory="0776b0c0-b919-4a04-bf93-8331b32c679f">
      <Output>
        <StdOut>9/18/2026 1:01:12 AM: Generating a random command line arguments with 100000 keys, autogenerated strings max length 20 and autogenerated array max length 10...&#xD;
9/18/2026 1:01:13 AM: Starting test...&#xD;
9/18/2026 1:01:13 AM: Generated random comand line args (NumEntries 100000 NumValues 250849) duration 715ms &#xD;
9/18/2026 1:01:15 AM: Encrypted random comand line args duration 1948ms &#xD;
9/18/2026 1:01:15 AM: Checked that all random comand line args are encrypted duration 180ms &#xD;
9/18/2026 1:01:16 AM: Loaded and decrypted random comand line args with ProtectedConfigurationBuilder duration 1324ms &#xD;
9/18/2026 1:01:16 AM: Checked that 100000 entries are equal duration 243ms</StdOut>
      </Output>
    </UnitTestResult>
    <UnitTestResult executionId="3d37b401-c168-4dbc-bca6-ac64661771dc" testId="83d9d3b3-01c1-e554-7b15-bf5199894c8f" testName="Fededim.Extensions.Configuration.Protected.DataProtectionAPITest.ReverseChainedDataProtectionAPIProtectProviderTest.RandomJsonFileTest(useJsonWithCommentFileProcessor: False)" computerName="runnervmvmocb" duration="00:00:32.8560000" startTime="2026-09-18T01:02:00.8920691+00:00" endTime="2026-09-18T01:02:00.8920691+00:00" testType="13cdc9d9-ddb5-4fa4-a97d-d965ccfc6d4b" outcome="Passed" testListId="8c84fa94-04c1-424b-9868-57a2d4851a1d" relativeResultsDirectory="3d37b401-c168-4dbc-bca6-ac64661771dc">
      <Output>
        <StdOut>9/18/2026 1:01:28 AM: Generating a random JSON file with 100000 keys, autogenerated strings max length 20 and autogenerated array max length 10...&#xD;
9/18/2026 1:01:30 AM: File location file://D:/a/Fededim.Extensions.Configuration.Protected/Fededim.Extensions.Configuration.Protected/Fededim.Extensions.Configuration.Protected.DataProtectionAPITest/bin/Release/net462/random_986bdaca-40ad-4d00-bc94-97e6ad7b6d86.json&#xD;
9/18/2026 1:01:30 AM: Generated random JSON file (NumEntries 100000 NumValues 249146 size 61713 KB) duration 2005ms &#xD;
9/18/2026 1:01:38 AM: Encrypted random JSON file (NumEntries 100000 NumValues 249146 size 87707 KB) duration 8063ms &#xD;
9/18/2026 1:01:39 AM: Checked that all random JSON file is encrypted duration 1816ms &#xD;
9/18/2026 1:01:59 AM: Loaded and decrypted random JSON file with ProtectedConfigurationBuilder duration 00:00:19.8007359 &#xD;
9/18/2026 1:02:00 AM: Checked that 249146 entries are equal duration 1168ms</StdOut>
      </Output>
    </UnitTestResult>
    <UnitTestResult executionId="d65418e4-21fd-4b5d-b135-a5a301551280" testId="20fa24cf-117e-2734-ecaa-01279073fded" testName="Fededim.Extensions.Configuration.Protected.DataProtectionAPITest.PassthroughProtectProviderTest.RandomInMemoryDictionaryTest" computerName="runnervmvmocb" duration="00:00:03.6730000" startTime="2026-09-18T01:01:20.4368167+00:00" endTime="2026-09-18T01:01:20.4368167+00:00" testType="13cdc9d9-ddb5-4fa4-a97d-d965ccfc6d4b" outcome="Passed" testListId="8c84fa94-04c1-424b-9868-57a2d4851a1d" relativeResultsDirectory="d65418e4-21fd-4b5d-b135-a5a301551280">
      <Output>
        <StdOut>9/18/2026 1:01:16 AM: Generating a random in-memory dictionary with 100000 keys, autogenerated strings max length 20 and autogenerated array max length 10...&#xD;
9/18/2026 1:01:17 AM: Starting test...&#xD;
9/18/2026 1:01:17 AM: Generated random in-memory dictionary (NumEntries 100000 NumValues 249374) duration 1059ms &#xD;
9/18/2026 1:01:19 AM: Encrypted random in-memory dictionary duration 1571ms &#xD;
9/18/2026 1:01:19 AM: Checked that all random in-memory dictionary is encrypted duration 159ms &#xD;
9/18/2026 1:01:20 AM: Loaded and decrypted random in-memory dictionary with ProtectedConfigurationBuilder duration 670ms &#xD;
9/18/2026 1:01:20 AM: Checked that 100000 entries are equal duration 210ms</StdOut>
      </Output>
    </UnitTestResult>
    <UnitTestResult executionId="b8340719-efdc-4cb0-999c-dc97a102b1bd" testId="cf0e5a6f-eacf-e1e6-8610-cf6ad43d699c" testName="Fededim.Extensions.Configuration.Protected.DataProtectionAPITest.PassthroughProtectProviderTest.RandomJsonFileTest(useJsonWithCommentFileProcessor: True)" computerName="runnervmvmocb" duration="00:00:20.2340000" startTime="2026-09-18T01:01:58.3091864+00:00" endTime="2026-09-18T01:01:58.3091864+00:00" testType="13cdc9d9-ddb5-4fa4-a97d-d965ccfc6d4b" outcome="Passed" testListId="8c84fa94-04c1-424b-9868-57a2d4851a1d" relativeResultsDirectory="b8340719-efdc-4cb0-999c-dc97a102b1bd">
      <Output>
        <StdOut>9/18/2026 1:01:38 AM: Generating a random JSON file with 100000 keys, autogenerated strings max length 20 and autogenerated array max length 10...&#xD;
9/18/2026 1:01:40 AM: File location file://D:/a/Fededim.Extensions.Configuration.Protected/Fededim.Extensions.Configuration.Protected/Fededim.Extensions.Configuration.Protected.DataProtectionAPITest/bin/Release/net462/random_eb7f25d4-3275-499a-b468-f7c037c41b8b.json&#xD;
9/18/2026 1:01:40 AM: Generated random JSON file (NumEntries 100000 NumValues 250522 size 58452 KB) duration 2120ms &#xD;
9/18/2026 1:01:47 AM: Encrypted random JSON file (NumEntries 100000 NumValues 250522 size 58838 KB) duration 7494ms &#xD;
9/18/2026 1:01:49 AM: Checked that all random JSON file is encrypted duration 1570ms &#xD;
9/18/2026 1:01:56 AM: Loaded and decrypted random JSON file with ProtectedConfigurationBuilder duration 6814ms &#xD;
9/18/2026 1:01:58 AM: Checked that 250522 entries are equal duration 2233ms</StdOut>
      </Output>
    </UnitTestResult>
    <UnitTestResult executionId="479b1c2b-9e60-4285-a6d1-631673470ead" testId="17c2c8ae-a50b-08a0-7c03-1289a54a7d68" testName="Fededim.Extensions.Configuration.Protected.DataProtectionAPITest.PassthroughProtectProviderTest.RandomXmlFileTest" computerName="runnervmvmocb" duration="00:00:55.6020000" startTime="2026-09-18T01:01:12.3486978+00:00" endTime="2026-09-18T01:01:12.3486978+00:00" testType="13cdc9d9-ddb5-4fa4-a97d-d965ccfc6d4b" outcome="Passed" testListId="8c84fa94-04c1-424b-9868-57a2d4851a1d" relativeResultsDirectory="479b1c2b-9e60-4285-a6d1-631673470ead">
      <Output>
        <StdOut>9/18/2026 1:00:16 AM: Generating a random XML file with 100000 keys, autogenerated strings max length 20 and autogenerated array max length 10...&#xD;
9/18/2026 1:00:34 AM: File location file://D:/a/Fededim.Extensions.Configuration.Protected/Fededim.Extensions.Configuration.Protected/Fededim.Extensions.Configuration.Protected.DataProtectionAPITest/bin/Release/net462/random_ad088df0-6dd6-4f12-b453-7308c55563b0.xml&#xD;
9/18/2026 1:00:34 AM: Generated random XML file (NumEntries 100000 NumValues 249805 size 66916 KB) duration 00:00:17.3349974 &#xD;
9/18/2026 1:00:46 AM: Encrypted random XML file (NumEntries 100000 NumValues 249805 size 67306 KB) duration 00:00:12.8384083 &#xD;
9/18/2026 1:00:51 AM: Checked that all random XML file is encrypted duration 4129ms &#xD;
9/18/2026 1:01:09 AM: Loaded and decrypted random XML file with ProtectedConfigurationBuilder duration 00:00:18.1193819 &#xD;
9/18/2026 1:01:12 AM: Checked that 202109 entries are equal duration 3161ms</StdOut>
      </Output>
    </UnitTestResult>
  </Results>
  <TestDefinitions>
    <UnitTest name="Fededim.Extensions.Configuration.Protected.DataProtectionAPITest.ReverseChainedDataProtectionAPIProtectProviderTest.RandomCommandLineTest" storage="d:\a\fededim.extensions.configuration.protected\fededim.extensions.configuration.protected\fededim.extensions.configuration.protected.dataprotectionapitest\bin\release\net462\fededim.extensions.configuration.protected.dataprotectionapitest.dll" id="60df3619-3efb-dbb7-6212-6602ebf68f95">
      <Execution id="2724b4a5-84fc-4b04-a5f6-6a4d15535183" />
      <TestMethod codeBase="D:\a\Fededim.Extensions.Configuration.Protected\Fededim.Extensions.Configuration.Protected\Fededim.Extensions.Configuration.Protected.DataProtectionAPITest\bin\Release\net462\Fededim.Extensions.Configuration.Protected.DataProtectionAPITest.dll" adapterTypeName="executor://xunit/VsTestRunner2/net" className="Fededim.Extensions.Configuration.Protected.DataProtectionAPITest.ReverseChainedDataProtectionAPIProtectProviderTest" name="RandomCommandLineTest" />
    </UnitTest>
    <UnitTest name="Fededim.Extensions.Configuration.Protected.DataProtectionAPITest.DataProtectionAPIProtectProviderTest.RandomXmlFileTest" storage="d:\a\fededim.extensions.configuration.protected\fededim.extensions.configuration.protected\fededim.extensions.configuration.protected.dataprotectionapitest\bin\release\net462\fededim.extensions.configuration.protected.dataprotectionapitest.dll" id="97ac352b-e433-e531-3210-5b085419ca0a">
      <Execution id="8ea47316-da62-486b-b327-b42e425ce3c9" />
      <TestMethod codeBase="D:\a\Fededim.Extensions.Configuration.Protected\Fededim.Extensions.Configuration.Protected\Fededim.Extensions.Configuration.Protected.DataProtectionAPITest\bin\Release\net462\Fededim.Extensions.Configuration.Protected.DataProtectionAPITest.dll" adapterTypeName="executor://xunit/VsTestRunner2/net" className="Fededim.Extensions.Configuration.Protected.DataProtectionAPITest.DataProtectionAPIProtectProviderTest" name="RandomXmlFileTest" />
    </UnitTest>
    <UnitTest name="Fededim.Extensions.Configuration.Protected.DataProtectionAPITest.PassthroughProtectProviderTest.RandomCommandLineTest" storage="d:\a\fededim.extensions.configuration.protected\fededim.extensions.configuration.protected\fededim.extensions.configuration.protected.dataprotectionapitest\bin\release\net462\fededim.extensions.configuration.protected.dataprotectionapitest.dll" id="53bdc893-11b6-05bf-6c05-1776c77b4125">
      <Execution id="0776b0c0-b919-4a04-bf93-8331b32c679f" />
      <TestMethod codeBase="D:\a\Fededim.Extensions.Configuration.Protected\Fededim.Extensions.Configuration.Protected\Fededim.Extensions.Configuration.Protected.DataProtectionAPITest\bin\Release\net462\Fededim.Extensions.Configuration.Protected.DataProtectionAPITest.dll" adapterTypeName="executor://xunit/VsTestRunner2/net" className="Fededim.Extensions.Configuration.Protected.DataProtectionAPITest.PassthroughProtectProviderTest" name="RandomCommandLineTest" />
    </UnitTest>
    <UnitTest name="Fededim.Extensions.Configuration.Protected.DataProtectionAPITest.PassthroughProtectProviderTest.RandomJsonFileTest(useJsonWithCommentFileProcessor: True)" storage="d:\a\fededim.extensions.configuration.protected\fededim.extensions.configuration.protected\fededim.extensions.configuration.protected.dataprotectionapitest\bin\release\net462\fededim.extensions.configuration.protected.dataprotectionapitest.dll" id="cf0e5a6f-eacf-e1e6-8610-cf6ad43d699c">
      <Execution id="b8340719-efdc-4cb0-999c-dc97a102b1bd" />
      <TestMethod codeBase="D:\a\Fededim.Extensions.Configuration.Protected\Fededim.Extensions.Configuration.Protected\Fededim.Extensions.Configuration.Protected.DataProtectionAPITest\bin\Release\net462\Fededim.Extensions.Configuration.Protected.DataProtectionAPITest.dll" adapterTypeName="executor://xunit/VsTestRunner2/net" className="Fededim.Extensions.Configuration.Protected.DataProtectionAPITest.PassthroughProtectProviderTest" name="RandomJsonFileTest" />
    </UnitTest>
    <UnitTest name="Fededim.Extensions.Configuration.Protected.DataProtectionAPITest.ReverseChainedPassthroughProtectProviderTest.RandomXmlFileTest" storage="d:\a\fededim.extensions.configuration.protected\fededim.extensions.configuration.protected\fededim.extensions.configuration.protected.dataprotectionapitest\bin\release\net462\fededim.extensions.configuration.protected.dataprotectionapitest.dll" id="dc307d4d-4502-7282-1f60-31615d2a0d24">
      <Execution id="e9ec77df-39bf-49fe-9bc0-92fbdace1446" />
      <TestMethod codeBase="D:\a\Fededim.Extensions.Configuration.Protected\Fededim.Extensions.Configuration.Protected\Fededim.Extensions.Configuration.Protected.DataProtectionAPITest\bin\Release\net462\Fededim.Extensions.Configuration.Protected.DataProtectionAPITest.dll" adapterTypeName="executor://xunit/VsTestRunner2/net" className="Fededim.Extensions.Configuration.Protected.DataProtectionAPITest.ReverseChainedPassthroughProtectProviderTest" name="RandomXmlFileTest" />
    </UnitTest>
    <UnitTest name="Fededim.Extensions.Configuration.Protected.DataProtectionAPITest.ReverseChainedDataProtectionAPIProtectProviderTest.RandomInMemoryDictionaryTest" storage="d:\a\fededim.extensions.configuration.protected\fededim.extensions.configuration.protected\fededim.extensions.configuration.protected.dataprotectionapitest\bin\release\net462\fededim.extensions.configuration.protected.dataprotectionapitest.dll" id="dbafd3c0-547c-f72c-7714-3310b3a28f6c">
      <Execution id="5e74d926-6a85-4a97-a079-d86d23877ebe" />
      <TestMethod codeBase="D:\a\Fededim.Extensions.Configuration.Protected\Fededim.Extensions.Configuration.Protected\Fededim.Extensions.Configuration.Protected.DataProtectionAPITest\bin\Release\net462\Fededim.Extensions.Configuration.Protected.DataProtectionAPITest.dll" adapterTypeName="executor://xunit/VsTestRunner2/net" className="Fededim.Extensions.Configuration.Protected.DataProtectionAPITest.ReverseChainedDataProtectionAPIProtectProviderTest" name="RandomInMemoryDictionaryTest" />
    </UnitTest>
    <UnitTest name="Fededim.Extensions.Configuration.Protected.DataProtectionAPITest.PassthroughProtectProviderTest.RandomXmlFileTest" storage="d:\a\fededim.extensions.configuration.protected\fededim.extensions.configuration.protected\fededim.extensions.configuration.protected.dataprotectionapitest\bin\release\net462\fededim.extensions.configuration.protected.dataprotectionapitest.dll" id="17c2c8ae-a50b-08a0-7c03-1289a54a7d68">
      <Execution id="479b1c2b-9e60-4285-a6d1-631673470ead" />
      <TestMethod codeBase="D:\a\Fededim.Extensions.Configuration.Protected\Fededim.Extensions.Configuration.Protected\Fededim.Extensions.Configuration.Protected.DataProtectionAPITest\bin\Release\net462\Fededim.Extensions.Configuration.Protected.DataProtectionAPITest.dll" adapterTypeName="executor://xunit/VsTestRunner2/net" className="Fededim.Extensions.Configuration.Protected.DataProtectionAPITest.PassthroughProtectProviderTest" name="RandomXmlFileTest" />
    </UnitTest>
    <UnitTest name="Fededim.Extensions.Configuration.Protected.DataProtectionAPITest.ReverseChainedPassthroughProtectProviderTest.RandomEnvironmentVariablesTest" storage="d:\a\fededim.extensions.configuration.protected\fededim.extensions.configuration.protected\fededim.extensions.configuration.protected.dataprotectionapitest\bin\release\net462\fededim.extensions.configuration.protected.dataprotectionapitest.dll" id="fd694cea-f6eb-8b2a-be1c-cfd9341efde5">
      <Execution id="61a55a5d-8a9f-4c42-98b1-6824a7e2e251" />
      <TestMethod codeBase="D:\a\Fededim.Extensions.Configuration.Protected\Fededim.Extensions.Configuration.Protected\Fededim.Extensions.Configuration.Protected.DataProtectionAPITest\bin\Release\net462\Fededim.Extensions.Configuration.Protected.DataProtectionAPITest.dll" adapterTypeName="executor://xunit/VsTestRunner2/net" className="Fededim.Extensions.Configuration.Protected.DataProtectionAPITest.ReverseChainedPassthroughProtectProviderTest" name="RandomEnvironmentVariablesTest" />
    </UnitTest>
    <UnitTest name="Fededim.Extensions.Configuration.Protected.DataProtectionAPITest.DataProtectionAPIProtectProviderTest.RandomInMemoryDictionaryTest" storage="d:\a\fededim.extensions.configuration.protected\fededim.extensions.configuration.protected\fededim.extensions.configuration.protected.dataprotectionapitest\bin\release\net462\fededim.extensions.configuration.protected.dataprotectionapitest.dll" id="a5b4138a-877c-581b-780d-3494b3972f17">
      <Execution id="5457eb9d-706b-44c4-b3cb-733d75901675" />
      <TestMethod codeBase="D:\a\Fededim.Extensions.Configuration.Protected\Fededim.Extensions.Configuration.Protected\Fededim.Extensions.Configuration.Protected.DataProtectionAPITest\bin\Release\net462\Fededim.Extensions.Configuration.Protected.DataProtectionAPITest.dll" adapterTypeName="executor://xunit/VsTestRunner2/net" className="Fededim.Extensions.Configuration.Protected.DataProtectionAPITest.DataProtectionAPIProtectProviderTest" name="RandomInMemoryDictionaryTest" />
    </UnitTest>
    <UnitTest name="Fededim.Extensions.Configuration.Protected.DataProtectionAPITest.PassthroughProtectProviderTest.RandomEnvironmentVariablesTest" storage="d:\a\fededim.extensions.configuration.protected\fededim.extensions.configuration.protected\fededim.extensions.configuration.protected.dataprotectionapitest\bin\release\net462\fededim.extensions.configuration.protected.dataprotectionapitest.dll" id="b51079a5-ff93-277c-c6d0-2b0eb1149993">
      <Execution id="4635142b-7fda-4595-adc3-6ffc36056b1d" />
      <TestMethod codeBase="D:\a\Fededim.Extensions.Configuration.Protected\Fededim.Extensions.Configuration.Protected\Fededim.Extensions.Configuration.Protected.DataProtectionAPITest\bin\Release\net462\Fededim.Extensions.Configuration.Protected.DataProtectionAPITest.dll" adapterTypeName="executor://xunit/VsTestRunner2/net" className="Fededim.Extensions.Configuration.Protected.DataProtectionAPITest.PassthroughProtectProviderTest" name="RandomEnvironmentVariablesTest" />
    </UnitTest>
    <UnitTest name="Fededim.Extensions.Configuration.Protected.DataProtectionAPITest.ReverseChainedPassthroughProtectProviderTest.RandomJsonFileTest(useJsonWithCommentFileProcessor: True)" storage="d:\a\fededim.extensions.configuration.protected\fededim.extensions.configuration.protected\fededim.extensions.configuration.protected.dataprotectionapitest\bin\release\net462\fededim.extensions.configuration.protected.dataprotectionapitest.dll" id="b5fa2e2b-5ba5-fac3-aba2-27926978692e">
      <Execution id="f762cb87-f802-4d69-9296-729ae5ea0b52" />
      <TestMethod codeBase="D:\a\Fededim.Extensions.Configuration.Protected\Fededim.Extensions.Configuration.Protected\Fededim.Extensions.Configuration.Protected.DataProtectionAPITest\bin\Release\net462\Fededim.Extensions.Configuration.Protected.DataProtectionAPITest.dll" adapterTypeName="executor://xunit/VsTestRunner2/net" className="Fededim.Extensions.Configuration.Protected.DataProtectionAPITest.ReverseChainedPassthroughProtectProviderTest" name="RandomJsonFileTest" />
    </UnitTest>
    <UnitTest name="Fededim.Extensions.Configuration.Protected.DataProtectionAPITest.DataProtectionAPIProtectProviderTest.RandomEnvironmentVariablesTest" storage="d:\a\fededim.extensions.configuration.protected\fededim.extensions.configuration.protected\fededim.extensions.configuration.protected.dataprotectionapitest\bin\release\net462\fededim.extensions.configuration.protected.dataprotectionapitest.dll" id="f352b3e4-d8b2-0588-46bb-043afb7266c1">
      <Execution id="a9d31f7a-4a87-45b2-857e-ce92c379ebf3" />
      <TestMethod codeBase="D:\a\Fededim.Extensions.Configuration.Protected\Fededim.Extensions.Configuration.Protected\Fededim.Extensions.Configuration.Protected.DataProtectionAPITest\bin\Release\net462\Fededim.Extensions.Configuration.Protected.DataProtectionAPITest.dll" adapterTypeName="executor://xunit/VsTestRunner2/net" className="Fededim.Extensions.Configuration.Protected.DataProtectionAPITest.DataProtectionAPIProtectProviderTest" name="RandomEnvironmentVariablesTest" />
    </UnitTest>
    <UnitTest name="Fededim.Extensions.Configuration.Protected.DataProtectionAPITest.ReverseChainedPassthroughProtectProviderTest.RandomCommandLineTest" storage="d:\a\fededim.extensions.configuration.protected\fededim.extensions.configuration.protected\fededim.extensions.configuration.protected.dataprotectionapitest\bin\release\net462\fededim.extensions.configuration.protected.dataprotectionapitest.dll" id="21abf860-ed3d-2e49-4a1e-a39daf2ff1b2">
      <Execution id="c990db51-9590-4ae8-a469-91c7e7555b4f" />
      <TestMethod codeBase="D:\a\Fededim.Extensions.Configuration.Protected\Fededim.Extensions.Configuration.Protected\Fededim.Extensions.Configuration.Protected.DataProtectionAPITest\bin\Release\net462\Fededim.Extensions.Configuration.Protected.DataProtectionAPITest.dll" adapterTypeName="executor://xunit/VsTestRunner2/net" className="Fededim.Extensions.Configuration.Protected.DataProtectionAPITest.ReverseChainedPassthroughProtectProviderTest" name="RandomCommandLineTest" />
    </UnitTest>
    <UnitTest name="Fededim.Extensions.Configuration.Protected.DataProtectionAPITest.DataProtectionAPIProtectProviderTest.RandomJsonFileTest(useJsonWithCommentFileProcessor: True)" storage="d:\a\fededim.extensions.configuration.protected\fededim.extensions.configuration.protected\fededim.extensions.configuration.protected.dataprotectionapitest\bin\release\net462\fededim.extensions.configuration.protected.dataprotectionapitest.dll" id="f6916fa8-7335-1ac2-9bd9-068ab445ecb1">
      <Execution id="35075537-a5c9-4a12-b9cc-60132f1d4884" />
      <TestMethod codeBase="D:\a\Fededim.Extensions.Configuration.Protected\Fededim.Extensions.Configuration.Protected\Fededim.Extensions.Configuration.Protected.DataProtectionAPITest\bin\Release\net462\Fededim.Extensions.Configuration.Protected.DataProtectionAPITest.dll" adapterTypeName="executor://xunit/VsTestRunner2/net" className="Fededim.Extensions.Configuration.Protected.DataProtectionAPITest.DataProtectionAPIProtectProviderTest" name="RandomJsonFileTest" />
    </UnitTest>
    <UnitTest name="Fededim.Extensions.Configuration.Protected.DataProtectionAPITest.DataProtectionAPIProtectProviderTest.RandomCommandLineTest" storage="d:\a\fededim.extensions.configuration.protected\fededim.extensions.configuration.protected\fededim.extensions.configuration.protected.dataprotectionapitest\bin\release\net462\fededim.extensions.configuration.protected.dataprotectionapitest.dll" id="b9bf8ed7-522c-e76a-b80e-8d05fc5adc83">
      <Execution id="95d5acba-2ffd-4ecf-9301-900d6e6398a9" />
      <TestMethod codeBase="D:\a\Fededim.Extensions.Configuration.Protected\Fededim.Extensions.Configuration.Protected\Fededim.Extensions.Configuration.Protected.DataProtectionAPITest\bin\Release\net462\Fededim.Extensions.Configuration.Protected.DataProtectionAPITest.dll" adapterTypeName="executor://xunit/VsTestRunner2/net" className="Fededim.Extensions.Configuration.Protected.DataProtectionAPITest.DataProtectionAPIProtectProviderTest" name="RandomCommandLineTest" />
    </UnitTest>
    <UnitTest name="Fededim.Extensions.Configuration.Protected.DataProtectionAPITest.ReverseChainedDataProtectionAPIProtectProviderTest.RandomJsonFileTest(useJsonWithCommentFileProcessor: True)" storage="d:\a\fededim.extensions.configuration.protected\fededim.extensions.configuration.protected\fededim.extensions.configuration.protected.dataprotectionapitest\bin\release\net462\fededim.extensions.configuration.protected.dataprotectionapitest.dll" id="d2ec5ba7-d50b-7023-11ad-69c0b8299f4c">
      <Execution id="0483ca75-51d4-4c89-a5bb-b4e61884abac" />
      <TestMethod codeBase="D:\a\Fededim.Extensions.Configuration.Protected\Fededim.Extensions.Configuration.Protected\Fededim.Extensions.Configuration.Protected.DataProtectionAPITest\bin\Release\net462\Fededim.Extensions.Configuration.Protected.DataProtectionAPITest.dll" adapterTypeName="executor://xunit/VsTestRunner2/net" className="Fededim.Extensions.Configuration.Protected.DataProtectionAPITest.ReverseChainedDataProtectionAPIProtectProviderTest" name="RandomJsonFileTest" />
    </UnitTest>
    <UnitTest name="Fededim.Extensions.Configuration.Protected.DataProtectionAPITest.PassthroughProtectProviderTest.RandomJsonFileTest(useJsonWithCommentFileProcessor: False)" storage="d:\a\fededim.extensions.configuration.protected\fededim.extensions.configuration.protected\fededim.extensions.configuration.protected.dataprotectionapitest\bin\release\net462\fededim.extensions.configuration.protected.dataprotectionapitest.dll" id="ade5454d-acc1-63ed-986a-ba08d0a9b3c4">
      <Execution id="d25501af-d8db-447f-a3b1-27186a146a92" />
      <TestMethod codeBase="D:\a\Fededim.Extensions.Configuration.Protected\Fededim.Extensions.Configuration.Protected\Fededim.Extensions.Configuration.Protected.DataProtectionAPITest\bin\Release\net462\Fededim.Extensions.Configuration.Protected.DataProtectionAPITest.dll" adapterTypeName="executor://xunit/VsTestRunner2/net" className="Fededim.Extensions.Configuration.Protected.DataProtectionAPITest.PassthroughProtectProviderTest" name="RandomJsonFileTest" />
    </UnitTest>
    <UnitTest name="Fededim.Extensions.Configuration.Protected.DataProtectionAPITest.ReverseChainedPassthroughProtectProviderTest.RandomJsonFileTest(useJsonWithCommentFileProcessor: False)" storage="d:\a\fededim.extensions.configuration.protected\fededim.extensions.configuration.protected\fededim.extensions.configuration.protected.dataprotectionapitest\bin\release\net462\fededim.extensions.configuration.protected.dataprotectionapitest.dll" id="b6fd352f-d0bb-6f9f-e8b5-484cb632db0b">
      <Execution id="a7df6a2b-b3e5-424c-8fc2-613c6fad988f" />
      <TestMethod codeBase="D:\a\Fededim.Extensions.Configuration.Protected\Fededim.Extensions.Configuration.Protected\Fededim.Extensions.Configuration.Protected.DataProtectionAPITest\bin\Release\net462\Fededim.Extensions.Configuration.Protected.DataProtectionAPITest.dll" adapterTypeName="executor://xunit/VsTestRunner2/net" className="Fededim.Extensions.Configuration.Protected.DataProtectionAPITest.ReverseChainedPassthroughProtectProviderTest" name="RandomJsonFileTest" />
    </UnitTest>
    <UnitTest name="Fededim.Extensions.Configuration.Protected.DataProtectionAPITest.DataProtectionAPIProtectProviderTest.RandomJsonFileTest(useJsonWithCommentFileProcessor: False)" storage="d:\a\fededim.extensions.configuration.protected\fededim.extensions.configuration.protected\fededim.extensions.configuration.protected.dataprotectionapitest\bin\release\net462\fededim.extensions.configuration.protected.dataprotectionapitest.dll" id="215bdca5-d044-0fe3-ab3a-2e4442ce76c5">
      <Execution id="486c692c-9d4a-4166-a5be-b67772cccc3b" />
      <TestMethod codeBase="D:\a\Fededim.Extensions.Configuration.Protected\Fededim.Extensions.Configuration.Protected\Fededim.Extensions.Configuration.Protected.DataProtectionAPITest\bin\Release\net462\Fededim.Extensions.Configuration.Protected.DataProtectionAPITest.dll" adapterTypeName="executor://xunit/VsTestRunner2/net" className="Fededim.Extensions.Configuration.Protected.DataProtectionAPITest.DataProtectionAPIProtectProviderTest" name="RandomJsonFileTest" />
    </UnitTest>
    <UnitTest name="Fededim.Extensions.Configuration.Protected.DataProtectionAPITest.ReverseChainedPassthroughProtectProviderTest.RandomInMemoryDictionaryTest" storage="d:\a\fededim.extensions.configuration.protected\fededim.extensions.configuration.protected\fededim.extensions.configuration.protected.dataprotectionapitest\bin\release\net462\fededim.extensions.configuration.protected.dataprotectionapitest.dll" id="c54c3964-5bef-c878-d4a0-6c44caf97732">
      <Execution id="07e4e9dd-2594-4e15-9920-0a92147c4918" />
      <TestMethod codeBase="D:\a\Fededim.Extensions.Configuration.Protected\Fededim.Extensions.Configuration.Protected\Fededim.Extensions.Configuration.Protected.DataProtectionAPITest\bin\Release\net462\Fededim.Extensions.Configuration.Protected.DataProtectionAPITest.dll" adapterTypeName="executor://xunit/VsTestRunner2/net" className="Fededim.Extensions.Configuration.Protected.DataProtectionAPITest.ReverseChainedPassthroughProtectProviderTest" name="RandomInMemoryDictionaryTest" />
    </UnitTest>
    <UnitTest name="Fededim.Extensions.Configuration.Protected.DataProtectionAPITest.ReverseChainedDataProtectionAPIProtectProviderTest.RandomJsonFileTest(useJsonWithCommentFileProcessor: False)" storage="d:\a\fededim.extensions.configuration.protected\fededim.extensions.configuration.protected\fededim.extensions.configuration.protected.dataprotectionapitest\bin\release\net462\fededim.extensions.configuration.protected.dataprotectionapitest.dll" id="83d9d3b3-01c1-e554-7b15-bf5199894c8f">
      <Execution id="3d37b401-c168-4dbc-bca6-ac64661771dc" />
      <TestMethod codeBase="D:\a\Fededim.Extensions.Configuration.Protected\Fededim.Extensions.Configuration.Protected\Fededim.Extensions.Configuration.Protected.DataProtectionAPITest\bin\Release\net462\Fededim.Extensions.Configuration.Protected.DataProtectionAPITest.dll" adapterTypeName="executor://xunit/VsTestRunner2/net" className="Fededim.Extensions.Configuration.Protected.DataProtectionAPITest.ReverseChainedDataProtectionAPIProtectProviderTest" name="RandomJsonFileTest" />
    </UnitTest>
    <UnitTest name="Fededim.Extensions.Configuration.Protected.DataProtectionAPITest.ReverseChainedDataProtectionAPIProtectProviderTest.RandomEnvironmentVariablesTest" storage="d:\a\fededim.extensions.configuration.protected\fededim.extensions.configuration.protected\fededim.extensions.configuration.protected.dataprotectionapitest\bin\release\net462\fededim.extensions.configuration.protected.dataprotectionapitest.dll" id="f4974d5b-c288-bf3b-c0f6-abb4edc5d313">
      <Execution id="747af872-2532-4d32-9927-7d62b8f2eb9d" />
      <TestMethod codeBase="D:\a\Fededim.Extensions.Configuration.Protected\Fededim.Extensions.Configuration.Protected\Fededim.Extensions.Configuration.Protected.DataProtectionAPITest\bin\Release\net462\Fededim.Extensions.Configuration.Protected.DataProtectionAPITest.dll" adapterTypeName="executor://xunit/VsTestRunner2/net" className="Fededim.Extensions.Configuration.Protected.DataProtectionAPITest.ReverseChainedDataProtectionAPIProtectProviderTest" name="RandomEnvironmentVariablesTest" />
    </UnitTest>
    <UnitTest name="Fededim.Extensions.Configuration.Protected.DataProtectionAPITest.ReverseChainedDataProtectionAPIProtectProviderTest.RandomXmlFileTest" storage="d:\a\fededim.extensions.configuration.protected\fededim.extensions.configuration.protected\fededim.extensions.configuration.protected.dataprotectionapitest\bin\release\net462\fededim.extensions.configuration.protected.dataprotectionapitest.dll" id="efb735a9-3ad5-1771-1fbc-4b718376ccc7">
      <Execution id="b1243f79-99c5-4108-aad6-6d6fe325f0db" />
      <TestMethod codeBase="D:\a\Fededim.Extensions.Configuration.Protected\Fededim.Extensions.Configuration.Protected\Fededim.Extensions.Configuration.Protected.DataProtectionAPITest\bin\Release\net462\Fededim.Extensions.Configuration.Protected.DataProtectionAPITest.dll" adapterTypeName="executor://xunit/VsTestRunner2/net" className="Fededim.Extensions.Configuration.Protected.DataProtectionAPITest.ReverseChainedDataProtectionAPIProtectProviderTest" name="RandomXmlFileTest" />
    </UnitTest>
    <UnitTest name="Fededim.Extensions.Configuration.Protected.DataProtectionAPITest.PassthroughProtectProviderTest.RandomInMemoryDictionaryTest" storage="d:\a\fededim.extensions.configuration.protected\fededim.extensions.configuration.protected\fededim.extensions.configuration.protected.dataprotectionapitest\bin\release\net462\fededim.extensions.configuration.protected.dataprotectionapitest.dll" id="20fa24cf-117e-2734-ecaa-01279073fded">
      <Execution id="d65418e4-21fd-4b5d-b135-a5a301551280" />
      <TestMethod codeBase="D:\a\Fededim.Extensions.Configuration.Protected\Fededim.Extensions.Configuration.Protected\Fededim.Extensions.Configuration.Protected.DataProtectionAPITest\bin\Release\net462\Fededim.Extensions.Configuration.Protected.DataProtectionAPITest.dll" adapterTypeName="executor://xunit/VsTestRunner2/net" className="Fededim.Extensions.Configuration.Protected.DataProtectionAPITest.PassthroughProtectProviderTest" name="RandomInMemoryDictionaryTest" />
    </UnitTest>
  </TestDefinitions>
  <TestEntries>
    <TestEntry testId="f352b3e4-d8b2-0588-46bb-043afb7266c1" executionId="a9d31f7a-4a87-45b2-857e-ce92c379ebf3" testListId="8c84fa94-04c1-424b-9868-57a2d4851a1d" />
    <TestEntry testId="d2ec5ba7-d50b-7023-11ad-69c0b8299f4c" executionId="0483ca75-51d4-4c89-a5bb-b4e61884abac" testListId="8c84fa94-04c1-424b-9868-57a2d4851a1d" />
    <TestEntry testId="efb735a9-3ad5-1771-1fbc-4b718376ccc7" executionId="b1243f79-99c5-4108-aad6-6d6fe325f0db" testListId="8c84fa94-04c1-424b-9868-57a2d4851a1d" />
    <TestEntry testId="dbafd3c0-547c-f72c-7714-3310b3a28f6c" executionId="5e74d926-6a85-4a97-a079-d86d23877ebe" testListId="8c84fa94-04c1-424b-9868-57a2d4851a1d" />
    <TestEntry testId="a5b4138a-877c-581b-780d-3494b3972f17" executionId="5457eb9d-706b-44c4-b3cb-733d75901675" testListId="8c84fa94-04c1-424b-9868-57a2d4851a1d" />
    <TestEntry testId="97ac352b-e433-e531-3210-5b085419ca0a" executionId="8ea47316-da62-486b-b327-b42e425ce3c9" testListId="8c84fa94-04c1-424b-9868-57a2d4851a1d" />
    <TestEntry testId="b9bf8ed7-522c-e76a-b80e-8d05fc5adc83" executionId="95d5acba-2ffd-4ecf-9301-900d6e6398a9" testListId="8c84fa94-04c1-424b-9868-57a2d4851a1d" />
    <TestEntry testId="f4974d5b-c288-bf3b-c0f6-abb4edc5d313" executionId="747af872-2532-4d32-9927-7d62b8f2eb9d" testListId="8c84fa94-04c1-424b-9868-57a2d4851a1d" />
    <TestEntry testId="fd694cea-f6eb-8b2a-be1c-cfd9341efde5" executionId="61a55a5d-8a9f-4c42-98b1-6824a7e2e251" testListId="8c84fa94-04c1-424b-9868-57a2d4851a1d" />
    <TestEntry testId="b6fd352f-d0bb-6f9f-e8b5-484cb632db0b" executionId="a7df6a2b-b3e5-424c-8fc2-613c6fad988f" testListId="8c84fa94-04c1-424b-9868-57a2d4851a1d" />
    <TestEntry testId="dc307d4d-4502-7282-1f60-31615d2a0d24" executionId="e9ec77df-39bf-49fe-9bc0-92fbdace1446" testListId="8c84fa94-04c1-424b-9868-57a2d4851a1d" />
    <TestEntry testId="21abf860-ed3d-2e49-4a1e-a39daf2ff1b2" executionId="c990db51-9590-4ae8-a469-91c7e7555b4f" testListId="8c84fa94-04c1-424b-9868-57a2d4851a1d" />
    <TestEntry testId="60df3619-3efb-dbb7-6212-6602ebf68f95" executionId="2724b4a5-84fc-4b04-a5f6-6a4d15535183" testListId="8c84fa94-04c1-424b-9868-57a2d4851a1d" />
    <TestEntry testId="c54c3964-5bef-c878-d4a0-6c44caf97732" executionId="07e4e9dd-2594-4e15-9920-0a92147c4918" testListId="8c84fa94-04c1-424b-9868-57a2d4851a1d" />
    <TestEntry testId="f6916fa8-7335-1ac2-9bd9-068ab445ecb1" executionId="35075537-a5c9-4a12-b9cc-60132f1d4884" testListId="8c84fa94-04c1-424b-9868-57a2d4851a1d" />
    <TestEntry testId="ade5454d-acc1-63ed-986a-ba08d0a9b3c4" executionId="d25501af-d8db-447f-a3b1-27186a146a92" testListId="8c84fa94-04c1-424b-9868-57a2d4851a1d" />
    <TestEntry testId="b5fa2e2b-5ba5-fac3-aba2-27926978692e" executionId="f762cb87-f802-4d69-9296-729ae5ea0b52" testListId="8c84fa94-04c1-424b-9868-57a2d4851a1d" />
    <TestEntry testId="215bdca5-d044-0fe3-ab3a-2e4442ce76c5" executionId="486c692c-9d4a-4166-a5be-b67772cccc3b" testListId="8c84fa94-04c1-424b-9868-57a2d4851a1d" />
    <TestEntry testId="b51079a5-ff93-277c-c6d0-2b0eb1149993" executionId="4635142b-7fda-4595-adc3-6ffc36056b1d" testListId="8c84fa94-04c1-424b-9868-57a2d4851a1d" />
    <TestEntry testId="53bdc893-11b6-05bf-6c05-1776c77b4125" executionId="0776b0c0-b919-4a04-bf93-8331b32c679f" testListId="8c84fa94-04c1-424b-9868-57a2d4851a1d" />
    <TestEntry testId="83d9d3b3-01c1-e554-7b15-bf5199894c8f" executionId="3d37b401-c168-4dbc-bca6-ac64661771dc" testListId="8c84fa94-04c1-424b-9868-57a2d4851a1d" />
    <TestEntry testId="20fa24cf-117e-2734-ecaa-01279073fded" executionId="d65418e4-21fd-4b5d-b135-a5a301551280" testListId="8c84fa94-04c1-424b-9868-57a2d4851a1d" />
    <TestEntry testId="cf0e5a6f-eacf-e1e6-8610-cf6ad43d699c" executionId="b8340719-efdc-4cb0-999c-dc97a102b1bd" testListId="8c84fa94-04c1-424b-9868-57a2d4851a1d" />
    <TestEntry testId="17c2c8ae-a50b-08a0-7c03-1289a54a7d68" executionId="479b1c2b-9e60-4285-a6d1-631673470ead" testListId="8c84fa94-04c1-424b-9868-57a2d4851a1d" />
  </TestEntries>
  <TestLists>
    <TestList name="Results Not in a List" id="8c84fa94-04c1-424b-9868-57a2d4851a1d" />
    <TestList name="All Loaded Results" id="19431567-8539-422a-85d7-44ee4e166bda" />
  </TestLists>
  <ResultSummary outcome="Completed">
    <Counters total="24" executed="24" passed="24" failed="0" error="0" timeout="0" aborted="0" inconclusive="0" passedButRunAborted="0" notRunnable="0" notExecuted="0" disconnected="0" warning="0" completed="0" inProgress="0" pending="0" />
    <Output>
      <StdOut>[xUnit.net 00:00:00.04] xUnit.net VSTest Adapter v2.8.2+699d445a1a (64-bit .NET Framework 4.8.9337.0)&#xD;
[xUnit.net 00:00:01.66]   Discovering: Fededim.Extensions.Configuration.Protected.DataProtectionAPITest&#xD;
[xUnit.net 00:00:03.29]   Discovered:  Fededim.Extensions.Configuration.Protected.DataProtectionAPITest&#xD;
[xUnit.net 00:00:03.31]   Starting:    Fededim.Extensions.Configuration.Protected.DataProtectionAPITest&#xD;
[xUnit.net 00:02:26.69]   Finished:    Fededim.Extensions.Configuration.Protected.DataProtectionAPITest&#xD;
</StdOut>
    </Output>
  </ResultSummary>
</TestRun>