<?xml version="1.0" encoding="utf-8"?>
<TestRun id="e65bdc62-1689-4ba0-881e-c2c3fbc704c7" name="runneradmin@runnervmvmocb 2026-09-18 01:20:09" runUser="runnervmvmocb\runneradmin" xmlns="http://microsoft.com/schemas/VisualStudio/TeamTest/2010">
  <Times creation="2026-09-18T01:20:09.6126399+00:00" queuing="2026-09-18T01:20:09.6126404+00:00" start="2026-09-18T01:19:57.0921523+00:00" finish="2026-09-18T01:22:15.2668933+00:00" />
  <TestSettings name="default" id="9695bcae-b27c-4c3f-af2d-81ee1fa1dca9">
    <Deployment runDeploymentRoot="runneradmin_runnervmvmocb_2026-09-18_01_20_09" />
  </TestSettings>
  <Results>
    <UnitTestResult executionId="4678eb26-d8db-43da-98b9-114a186319d3" testId="215bdca5-d044-0fe3-ab3a-2e4442ce76c5" testName="Fededim.Extensions.Configuration.Protected.DataProtectionAPITest.DataProtectionAPIProtectProviderTest.RandomJsonFileTest(useJsonWithCommentFileProcessor: False)" computerName="runnervmvmocb" duration="00:00:33.3210000" startTime="2026-09-18T01:21:36.5000540+00:00" endTime="2026-09-18T01:21:36.5000540+00:00" testType="13cdc9d9-ddb5-4fa4-a97d-d965ccfc6d4b" outcome="Passed" testListId="8c84fa94-04c1-424b-9868-57a2d4851a1d" relativeResultsDirectory="4678eb26-d8db-43da-98b9-114a186319d3">
      <Output>
        <StdOut>9/18/2026 1:21:03 AM: Generating a random JSON file with 100000 keys, autogenerated strings max length 20 and autogenerated array max length 10...&#xD;
9/18/2026 1:21:06 AM: File location file://D:/a/Fededim.Extensions.Configuration.Protected/Fededim.Extensions.Configuration.Protected/Fededim.Extensions.Configuration.Protected.DataProtectionAPITest/bin/Release/net462/random_6749455a-f294-450b-af60-642607249b75.json&#xD;
9/18/2026 1:21:06 AM: Generated random JSON file (NumEntries 100000 NumValues 247321 size 56696 KB) duration 3282ms &#xD;
9/18/2026 1:21:18 AM: Encrypted random JSON file (NumEntries 100000 NumValues 247321 size 82524 KB) duration 00:00:11.8447066 &#xD;
9/18/2026 1:21:19 AM: Checked that all random JSON file is encrypted duration 1566ms &#xD;
9/18/2026 1:21:34 AM: Loaded and decrypted random JSON file with ProtectedConfigurationBuilder duration 00:00:14.5949438 &#xD;
9/18/2026 1:21:36 AM: Checked that 247321 entries are equal duration 2032ms</StdOut>
      </Output>
    </UnitTestResult>
    <UnitTestResult executionId="8a1f66f2-7ace-4832-bc9d-50631be1346a" testId="d2ec5ba7-d50b-7023-11ad-69c0b8299f4c" testName="Fededim.Extensions.Configuration.Protected.DataProtectionAPITest.ReverseChainedDataProtectionAPIProtectProviderTest.RandomJsonFileTest(useJsonWithCommentFileProcessor: True)" computerName="runnervmvmocb" duration="00:00:45.1530000" startTime="2026-09-18T01:20:46.0507918+00:00" endTime="2026-09-18T01:20:46.0507918+00:00" testType="13cdc9d9-ddb5-4fa4-a97d-d965ccfc6d4b" outcome="Passed" testListId="8c84fa94-04c1-424b-9868-57a2d4851a1d" relativeResultsDirectory="8a1f66f2-7ace-4832-bc9d-50631be1346a">
      <Output>
        <StdOut>9/18/2026 1:20:03 AM: Generating a random JSON file with 100000 keys, autogenerated strings max length 20 and autogenerated array max length 10...&#xD;
9/18/2026 1:20:07 AM: File location file://D:/a/Fededim.Extensions.Configuration.Protected/Fededim.Extensions.Configuration.Protected/Fededim.Extensions.Configuration.Protected.DataProtectionAPITest/bin/Release/net462/random_b33f426f-3d98-4d68-ac16-dadb0d8f76bd.json&#xD;
9/18/2026 1:20:07 AM: Generated random JSON file (NumEntries 100000 NumValues 249402 size 53769 KB) duration 3822ms &#xD;
9/18/2026 1:20:18 AM: Encrypted random JSON file (NumEntries 100000 NumValues 249402 size 79805 KB) duration 00:00:11.1126090 &#xD;
9/18/2026 1:20:21 AM: Checked that all random JSON file is encrypted duration 2595ms &#xD;
9/18/2026 1:20:43 AM: Loaded and decrypted random JSON file with ProtectedConfigurationBuilder duration 00:00:22.4599370 &#xD;
9/18/2026 1:20:46 AM: Checked that 249402 entries are equal duration 2530ms</StdOut>
      </Output>
    </UnitTestResult>
    <UnitTestResult executionId="b3cdee51-7c6e-4933-81c2-08bdb13e110f" testId="b51079a5-ff93-277c-c6d0-2b0eb1149993" testName="Fededim.Extensions.Configuration.Protected.DataProtectionAPITest.PassthroughProtectProviderTest.RandomEnvironmentVariablesTest" computerName="runnervmvmocb" duration="00:00:03.0210000" startTime="2026-09-18T01:21:25.1656369+00:00" endTime="2026-09-18T01:21:25.1656369+00:00" testType="13cdc9d9-ddb5-4fa4-a97d-d965ccfc6d4b" outcome="Passed" testListId="8c84fa94-04c1-424b-9868-57a2d4851a1d" relativeResultsDirectory="b3cdee51-7c6e-4933-81c2-08bdb13e110f">
      <Output>
        <StdOut>9/18/2026 1:21:22 AM: Generating a random environment variables 100000 keys, autogenerated strings max length 20 and autogenerated array max length 10...&#xD;
9/18/2026 1:21:23 AM: Starting test...&#xD;
9/18/2026 1:21:23 AM: Generated random environment variables (NumEntries 2000 NumValues 5126 TID 16, note that Windows has a maximum size of 32KB for all environment variables, so not all 100000 keys could be created) duration 1729ms &#xD;
9/18/2026 1:21:24 AM: Encrypted random environment variables duration 812ms &#xD;
9/18/2026 1:21:24 AM: Checked that all random environment variables are encrypted duration 5ms &#xD;
9/18/2026 1:21:24 AM: Loaded and decrypted random environment variables with ProtectedConfigurationBuilder duration 17ms &#xD;
9/18/2026 1:21:24 AM: Checked that 1631 entries are equal duration 1ms</StdOut>
      </Output>
    </UnitTestResult>
    <UnitTestResult executionId="25ba512b-e202-4c34-97db-b45c8d3823f0" testId="dbafd3c0-547c-f72c-7714-3310b3a28f6c" testName="Fededim.Extensions.Configuration.Protected.DataProtectionAPITest.ReverseChainedDataProtectionAPIProtectProviderTest.RandomInMemoryDictionaryTest" computerName="runnervmvmocb" duration="00:00:05.5360000" startTime="2026-09-18T01:22:14.7338991+00:00" endTime="2026-09-18T01:22:14.7338991+00:00" testType="13cdc9d9-ddb5-4fa4-a97d-d965ccfc6d4b" outcome="Passed" testListId="8c84fa94-04c1-424b-9868-57a2d4851a1d" relativeResultsDirectory="25ba512b-e202-4c34-97db-b45c8d3823f0">
      <Output>
        <StdOut>9/18/2026 1:22:09 AM: Generating a random in-memory dictionary with 100000 keys, autogenerated strings max length 20 and autogenerated array max length 10...&#xD;
9/18/2026 1:22:09 AM: Starting test...&#xD;
9/18/2026 1:22:09 AM: Generated random in-memory dictionary (NumEntries 100000 NumValues 250318) duration 521ms &#xD;
9/18/2026 1:22:11 AM: Encrypted random in-memory dictionary duration 1584ms &#xD;
9/18/2026 1:22:11 AM: Checked that all random in-memory dictionary is encrypted duration 104ms &#xD;
9/18/2026 1:22:14 AM: Loaded and decrypted random in-memory dictionary with ProtectedConfigurationBuilder duration 3225ms &#xD;
9/18/2026 1:22:14 AM: Checked that 100000 entries are equal duration 98ms</StdOut>
      </Output>
    </UnitTestResult>
    <UnitTestResult executionId="c0897ddd-8301-48d5-a3b6-b89949898778" testId="b9bf8ed7-522c-e76a-b80e-8d05fc5adc83" testName="Fededim.Extensions.Configuration.Protected.DataProtectionAPITest.DataProtectionAPIProtectProviderTest.RandomCommandLineTest" computerName="runnervmvmocb" duration="00:00:05.9430000" startTime="2026-09-18T01:22:14.1181837+00:00" endTime="2026-09-18T01:22:14.1181837+00:00" testType="13cdc9d9-ddb5-4fa4-a97d-d965ccfc6d4b" outcome="Passed" testListId="8c84fa94-04c1-424b-9868-57a2d4851a1d" relativeResultsDirectory="c0897ddd-8301-48d5-a3b6-b89949898778">
      <Output>
        <StdOut>9/18/2026 1:22:08 AM: Generating a random command line arguments with 100000 keys, autogenerated strings max length 20 and autogenerated array max length 10...&#xD;
9/18/2026 1:22:08 AM: Starting test...&#xD;
9/18/2026 1:22:08 AM: Generated random comand line args (NumEntries 100000 NumValues 251227) duration 422ms &#xD;
9/18/2026 1:22:10 AM: Encrypted random comand line args duration 1716ms &#xD;
9/18/2026 1:22:10 AM: Checked that all random comand line args are encrypted duration 119ms &#xD;
9/18/2026 1:22:14 AM: Loaded and decrypted random comand line args with ProtectedConfigurationBuilder duration 3566ms &#xD;
9/18/2026 1:22:14 AM: Checked that 100000 entries are equal duration 116ms</StdOut>
      </Output>
    </UnitTestResult>
    <UnitTestResult executionId="c3e0c2b8-ecb0-46d4-9c0e-51ff9fc4c813" testId="a5b4138a-877c-581b-780d-3494b3972f17" testName="Fededim.Extensions.Configuration.Protected.DataProtectionAPITest.DataProtectionAPIProtectProviderTest.RandomInMemoryDictionaryTest" computerName="runnervmvmocb" duration="00:00:10.4610000" startTime="2026-09-18T01:20:15.5297088+00:00" endTime="2026-09-18T01:20:15.5297088+00:00" testType="13cdc9d9-ddb5-4fa4-a97d-d965ccfc6d4b" outcome="Passed" testListId="8c84fa94-04c1-424b-9868-57a2d4851a1d" relativeResultsDirectory="c3e0c2b8-ecb0-46d4-9c0e-51ff9fc4c813">
      <Output>
        <StdOut>9/18/2026 1:20:05 AM: Generating a random in-memory dictionary with 100000 keys, autogenerated strings max length 20 and autogenerated array max length 10...&#xD;
9/18/2026 1:20:06 AM: Starting test...&#xD;
9/18/2026 1:20:06 AM: Generated random in-memory dictionary (NumEntries 100000 NumValues 249660) duration 1015ms &#xD;
9/18/2026 1:20:09 AM: Encrypted random in-memory dictionary duration 3301ms &#xD;
9/18/2026 1:20:09 AM: Checked that all random in-memory dictionary is encrypted duration 216ms &#xD;
9/18/2026 1:20:15 AM: Loaded and decrypted random in-memory dictionary with ProtectedConfigurationBuilder duration 5770ms &#xD;
9/18/2026 1:20:15 AM: Checked that 100000 entries are equal duration 155ms</StdOut>
      </Output>
    </UnitTestResult>
    <UnitTestResult executionId="9c455d2d-f0de-49a3-8e06-213a2a742f15" testId="21abf860-ed3d-2e49-4a1e-a39daf2ff1b2" testName="Fededim.Extensions.Configuration.Protected.DataProtectionAPITest.ReverseChainedPassthroughProtectProviderTest.RandomCommandLineTest" computerName="runnervmvmocb" duration="00:00:03.4780000" startTime="2026-09-18T01:20:09.4802638+00:00" endTime="2026-09-18T01:20:09.4802638+00:00" testType="13cdc9d9-ddb5-4fa4-a97d-d965ccfc6d4b" outcome="Passed" testListId="8c84fa94-04c1-424b-9868-57a2d4851a1d" relativeResultsDirectory="9c455d2d-f0de-49a3-8e06-213a2a742f15">
      <Output>
        <StdOut>9/18/2026 1:20:06 AM: Generating a random command line arguments with 100000 keys, autogenerated strings max length 20 and autogenerated array max length 10...&#xD;
9/18/2026 1:20:06 AM: Starting test...&#xD;
9/18/2026 1:20:06 AM: Generated random comand line args (NumEntries 100000 NumValues 248812) duration 659ms &#xD;
9/18/2026 1:20:08 AM: Encrypted random comand line args duration 1615ms &#xD;
9/18/2026 1:20:08 AM: Checked that all random comand line args are encrypted duration 163ms &#xD;
9/18/2026 1:20:09 AM: Loaded and decrypted random comand line args with ProtectedConfigurationBuilder duration 856ms &#xD;
9/18/2026 1:20:09 AM: Checked that 100000 entries are equal duration 154ms</StdOut>
      </Output>
    </UnitTestResult>
    <UnitTestResult executionId="e8fe73e8-aa28-4bec-975b-dda536f6c442" testId="c54c3964-5bef-c878-d4a0-6c44caf97732" testName="Fededim.Extensions.Configuration.Protected.DataProtectionAPITest.ReverseChainedPassthroughProtectProviderTest.RandomInMemoryDictionaryTest" computerName="runnervmvmocb" duration="00:00:05.0890000" startTime="2026-09-18T01:20:05.9993006+00:00" endTime="2026-09-18T01:20:05.9993006+00:00" testType="13cdc9d9-ddb5-4fa4-a97d-d965ccfc6d4b" outcome="Passed" testListId="8c84fa94-04c1-424b-9868-57a2d4851a1d" relativeResultsDirectory="e8fe73e8-aa28-4bec-975b-dda536f6c442">
      <Output>
        <StdOut>9/18/2026 1:20:01 AM: Generating a random in-memory dictionary with 100000 keys, autogenerated strings max length 20 and autogenerated array max length 10...&#xD;
9/18/2026 1:20:02 AM: Starting test...&#xD;
9/18/2026 1:20:02 AM: Generated random in-memory dictionary (NumEntries 100000 NumValues 250021) duration 1362ms &#xD;
9/18/2026 1:20:04 AM: Encrypted random in-memory dictionary duration 1155ms &#xD;
9/18/2026 1:20:04 AM: Checked that all random in-memory dictionary is encrypted duration 238ms &#xD;
9/18/2026 1:20:05 AM: Loaded and decrypted random in-memory dictionary with ProtectedConfigurationBuilder duration 1254ms &#xD;
9/18/2026 1:20:05 AM: Checked that 100000 entries are equal duration 292ms</StdOut>
      </Output>
    </UnitTestResult>
    <UnitTestResult executionId="ed6057b5-fffa-4845-b5a9-e606bb4069ce" testId="f4974d5b-c288-bf3b-c0f6-abb4edc5d313" testName="Fededim.Extensions.Configuration.Protected.DataProtectionAPITest.ReverseChainedDataProtectionAPIProtectProviderTest.RandomEnvironmentVariablesTest" computerName="runnervmvmocb" duration="00:00:02.4900000" startTime="2026-09-18T01:22:03.5856563+00:00" endTime="2026-09-18T01:22:03.5856563+00:00" testType="13cdc9d9-ddb5-4fa4-a97d-d965ccfc6d4b" outcome="Passed" testListId="8c84fa94-04c1-424b-9868-57a2d4851a1d" relativeResultsDirectory="ed6057b5-fffa-4845-b5a9-e606bb4069ce">
      <Output>
        <StdOut>9/18/2026 1:22:01 AM: Generating a random environment variables 100000 keys, autogenerated strings max length 20 and autogenerated array max length 10...&#xD;
9/18/2026 1:22:01 AM: Starting test...&#xD;
9/18/2026 1:22:01 AM: Generated random environment variables (NumEntries 2000 NumValues 5194 TID 10, note that Windows has a maximum size of 32KB for all environment variables, so not all 100000 keys could be created) duration 726ms &#xD;
9/18/2026 1:22:02 AM: Encrypted random environment variables duration 1025ms &#xD;
9/18/2026 1:22:02 AM: Checked that all random environment variables are encrypted duration 6ms &#xD;
9/18/2026 1:22:02 AM: Loaded and decrypted random environment variables with ProtectedConfigurationBuilder duration 80ms &#xD;
9/18/2026 1:22:02 AM: Checked that 1580 entries are equal duration 1ms</StdOut>
      </Output>
    </UnitTestResult>
    <UnitTestResult executionId="f8b97a1c-cc2a-4bc3-b61c-7edf7277fb33" testId="ade5454d-acc1-63ed-986a-ba08d0a9b3c4" testName="Fededim.Extensions.Configuration.Protected.DataProtectionAPITest.PassthroughProtectProviderTest.RandomJsonFileTest(useJsonWithCommentFileProcessor: False)" computerName="runnervmvmocb" duration="00:00:19.0150000" startTime="2026-09-18T01:20:57.1142516+00:00" endTime="2026-09-18T01:20:57.1142516+00:00" testType="13cdc9d9-ddb5-4fa4-a97d-d965ccfc6d4b" outcome="Passed" testListId="8c84fa94-04c1-424b-9868-57a2d4851a1d" relativeResultsDirectory="f8b97a1c-cc2a-4bc3-b61c-7edf7277fb33">
      <Output>
        <StdOut>9/18/2026 1:20:38 AM: Generating a random JSON file with 100000 keys, autogenerated strings max length 20 and autogenerated array max length 10...&#xD;
9/18/2026 1:20:40 AM: File location file://D:/a/Fededim.Extensions.Configuration.Protected/Fededim.Extensions.Configuration.Protected/Fededim.Extensions.Configuration.Protected.DataProtectionAPITest/bin/Release/net462/random_0a3569dc-e6d9-4c61-aeed-33f9567dc02a.json&#xD;
9/18/2026 1:20:40 AM: Generated random JSON file (NumEntries 100000 NumValues 251322 size 51181 KB) duration 2510ms &#xD;
9/18/2026 1:20:45 AM: Encrypted random JSON file (NumEntries 100000 NumValues 251322 size 51568 KB) duration 4749ms &#xD;
9/18/2026 1:20:47 AM: Checked that all random JSON file is encrypted duration 2537ms &#xD;
9/18/2026 1:20:54 AM: Loaded and decrypted random JSON file with ProtectedConfigurationBuilder duration 6536ms &#xD;
9/18/2026 1:20:57 AM: Checked that 251322 entries are equal duration 2680ms</StdOut>
      </Output>
    </UnitTestResult>
    <UnitTestResult executionId="d38b7f96-97ff-423e-b160-6fb414ed3384" testId="f352b3e4-d8b2-0588-46bb-043afb7266c1" testName="Fededim.Extensions.Configuration.Protected.DataProtectionAPITest.DataProtectionAPIProtectProviderTest.RandomEnvironmentVariablesTest" computerName="runnervmvmocb" duration="00:00:05.6770000" startTime="2026-09-18T01:20:21.2061714+00:00" endTime="2026-09-18T01:20:21.2061714+00:00" testType="13cdc9d9-ddb5-4fa4-a97d-d965ccfc6d4b" outcome="Passed" testListId="8c84fa94-04c1-424b-9868-57a2d4851a1d" relativeResultsDirectory="d38b7f96-97ff-423e-b160-6fb414ed3384">
      <Output>
        <StdOut>9/18/2026 1:20:15 AM: Generating a random environment variables 100000 keys, autogenerated strings max length 20 and autogenerated array max length 10...&#xD;
9/18/2026 1:20:16 AM: Starting test...&#xD;
9/18/2026 1:20:16 AM: Generated random environment variables (NumEntries 2000 NumValues 4963 TID 17, note that Windows has a maximum size of 32KB for all environment variables, so not all 100000 keys could be created) duration 1384ms &#xD;
9/18/2026 1:20:19 AM: Encrypted random environment variables duration 2532ms &#xD;
9/18/2026 1:20:19 AM: Checked that all random environment variables are encrypted duration 78ms &#xD;
9/18/2026 1:20:19 AM: Loaded and decrypted random environment variables with ProtectedConfigurationBuilder duration 130ms &#xD;
9/18/2026 1:20:19 AM: Checked that 1587 entries are equal duration 1ms</StdOut>
      </Output>
    </UnitTestResult>
    <UnitTestResult executionId="a1c49378-58cb-4cd2-83c1-8e2200308e94" testId="b6fd352f-d0bb-6f9f-e8b5-484cb632db0b" testName="Fededim.Extensions.Configuration.Protected.DataProtectionAPITest.ReverseChainedPassthroughProtectProviderTest.RandomJsonFileTest(useJsonWithCommentFileProcessor: False)" computerName="runnervmvmocb" duration="00:00:20.7800000" startTime="2026-09-18T01:20:53.1226416+00:00" endTime="2026-09-18T01:20:53.1226416+00:00" testType="13cdc9d9-ddb5-4fa4-a97d-d965ccfc6d4b" outcome="Passed" testListId="8c84fa94-04c1-424b-9868-57a2d4851a1d" relativeResultsDirectory="a1c49378-58cb-4cd2-83c1-8e2200308e94">
      <Output>
        <StdOut>9/18/2026 1:20:32 AM: Generating a random JSON file with 100000 keys, autogenerated strings max length 20 and autogenerated array max length 10...&#xD;
9/18/2026 1:20:34 AM: File location file://D:/a/Fededim.Extensions.Configuration.Protected/Fededim.Extensions.Configuration.Protected/Fededim.Extensions.Configuration.Protected.DataProtectionAPITest/bin/Release/net462/random_cccbcecc-01fa-4fd4-9250-82ee50adc4f8.json&#xD;
9/18/2026 1:20:34 AM: Generated random JSON file (NumEntries 100000 NumValues 251737 size 56061 KB) duration 2229ms &#xD;
9/18/2026 1:20:40 AM: Encrypted random JSON file (NumEntries 100000 NumValues 251737 size 56448 KB) duration 6180ms &#xD;
9/18/2026 1:20:42 AM: Checked that all random JSON file is encrypted duration 1898ms &#xD;
9/18/2026 1:20:50 AM: Loaded and decrypted random JSON file with ProtectedConfigurationBuilder duration 8199ms &#xD;
9/18/2026 1:20:53 AM: Checked that 251737 entries are equal duration 2260ms</StdOut>
      </Output>
    </UnitTestResult>
    <UnitTestResult executionId="513c2575-ca5f-4f6a-89a2-f2037f0fb287" testId="cf0e5a6f-eacf-e1e6-8610-cf6ad43d699c" testName="Fededim.Extensions.Configuration.Protected.DataProtectionAPITest.PassthroughProtectProviderTest.RandomJsonFileTest(useJsonWithCommentFileProcessor: True)" computerName="runnervmvmocb" duration="00:00:25.0280000" startTime="2026-09-18T01:21:22.1421733+00:00" endTime="2026-09-18T01:21:22.1421733+00:00" testType="13cdc9d9-ddb5-4fa4-a97d-d965ccfc6d4b" outcome="Passed" testListId="8c84fa94-04c1-424b-9868-57a2d4851a1d" relativeResultsDirectory="513c2575-ca5f-4f6a-89a2-f2037f0fb287">
      <Output>
        <StdOut>9/18/2026 1:20:57 AM: Generating a random JSON file with 100000 keys, autogenerated strings max length 20 and autogenerated array max length 10...&#xD;
9/18/2026 1:21:00 AM: File location file://D:/a/Fededim.Extensions.Configuration.Protected/Fededim.Extensions.Configuration.Protected/Fededim.Extensions.Configuration.Protected.DataProtectionAPITest/bin/Release/net462/random_13ce141a-8ed0-4412-9bb6-5ac5e4fe78dd.json&#xD;
9/18/2026 1:21:00 AM: Generated random JSON file (NumEntries 100000 NumValues 249273 size 63598 KB) duration 3548ms &#xD;
9/18/2026 1:21:07 AM: Encrypted random JSON file (NumEntries 100000 NumValues 249273 size 63981 KB) duration 6514ms &#xD;
9/18/2026 1:21:09 AM: Checked that all random JSON file is encrypted duration 2532ms &#xD;
9/18/2026 1:21:19 AM: Loaded and decrypted random JSON file with ProtectedConfigurationBuilder duration 00:00:10.0360091 &#xD;
9/18/2026 1:21:22 AM: Checked that 249273 entries are equal duration 2395ms</StdOut>
      </Output>
    </UnitTestResult>
    <UnitTestResult executionId="fb2947a9-51bf-4953-bf11-bc487f42a7a2" testId="53bdc893-11b6-05bf-6c05-1776c77b4125" testName="Fededim.Extensions.Configuration.Protected.DataProtectionAPITest.PassthroughProtectProviderTest.RandomCommandLineTest" computerName="runnervmvmocb" duration="00:00:02.8950000" startTime="2026-09-18T01:20:34.7454757+00:00" endTime="2026-09-18T01:20:34.7454757+00:00" testType="13cdc9d9-ddb5-4fa4-a97d-d965ccfc6d4b" outcome="Passed" testListId="8c84fa94-04c1-424b-9868-57a2d4851a1d" relativeResultsDirectory="fb2947a9-51bf-4953-bf11-bc487f42a7a2">
      <Output>
        <StdOut>9/18/2026 1:20:31 AM: Generating a random command line arguments with 100000 keys, autogenerated strings max length 20 and autogenerated array max length 10...&#xD;
9/18/2026 1:20:32 AM: Starting test...&#xD;
9/18/2026 1:20:32 AM: Generated random comand line args (NumEntries 100000 NumValues 247795) duration 478ms &#xD;
9/18/2026 1:20:33 AM: Encrypted random comand line args duration 1254ms &#xD;
9/18/2026 1:20:33 AM: Checked that all random comand line args are encrypted duration 130ms &#xD;
9/18/2026 1:20:34 AM: Loaded and decrypted random comand line args with ProtectedConfigurationBuilder duration 842ms &#xD;
9/18/2026 1:20:34 AM: Checked that 100000 entries are equal duration 187ms</StdOut>
      </Output>
    </UnitTestResult>
    <UnitTestResult executionId="410bff02-73c6-4b33-9859-56437e65bed4" testId="f6916fa8-7335-1ac2-9bd9-068ab445ecb1" testName="Fededim.Extensions.Configuration.Protected.DataProtectionAPITest.DataProtectionAPIProtectProviderTest.RandomJsonFileTest(useJsonWithCommentFileProcessor: True)" computerName="runnervmvmocb" duration="00:00:41.9250000" startTime="2026-09-18T01:21:03.1502737+00:00" endTime="2026-09-18T01:21:03.1502737+00:00" testType="13cdc9d9-ddb5-4fa4-a97d-d965ccfc6d4b" outcome="Passed" testListId="8c84fa94-04c1-424b-9868-57a2d4851a1d" relativeResultsDirectory="410bff02-73c6-4b33-9859-56437e65bed4">
      <Output>
        <StdOut>9/18/2026 1:20:21 AM: Generating a random JSON file with 100000 keys, autogenerated strings max length 20 and autogenerated array max length 10...&#xD;
9/18/2026 1:20:24 AM: File location file://D:/a/Fededim.Extensions.Configuration.Protected/Fededim.Extensions.Configuration.Protected/Fededim.Extensions.Configuration.Protected.DataProtectionAPITest/bin/Release/net462/random_dbdcf59d-351e-4dc5-9ee5-bb8c8b6ed625.json&#xD;
9/18/2026 1:20:24 AM: Generated random JSON file (NumEntries 100000 NumValues 250483 size 62300 KB) duration 3618ms &#xD;
9/18/2026 1:20:34 AM: Encrypted random JSON file (NumEntries 100000 NumValues 250483 size 88421 KB) duration 9212ms &#xD;
9/18/2026 1:20:36 AM: Checked that all random JSON file is encrypted duration 2855ms &#xD;
9/18/2026 1:20:59 AM: Loaded and decrypted random JSON file with ProtectedConfigurationBuilder duration 00:00:22.9716932 &#xD;
9/18/2026 1:21:03 AM: Checked that 250483 entries are equal duration 3264ms</StdOut>
      </Output>
    </UnitTestResult>
    <UnitTestResult executionId="5f3f3349-6a1a-467f-bebe-dbdf67ae25fc" testId="dc307d4d-4502-7282-1f60-31615d2a0d24" testName="Fededim.Extensions.Configuration.Protected.DataProtectionAPITest.ReverseChainedPassthroughProtectProviderTest.RandomXmlFileTest" computerName="runnervmvmocb" duration="00:00:26.6490000" startTime="2026-09-18T01:21:19.7711303+00:00" endTime="2026-09-18T01:21:19.7711303+00:00" testType="13cdc9d9-ddb5-4fa4-a97d-d965ccfc6d4b" outcome="Passed" testListId="8c84fa94-04c1-424b-9868-57a2d4851a1d" relativeResultsDirectory="5f3f3349-6a1a-467f-bebe-dbdf67ae25fc">
      <Output>
        <StdOut>9/18/2026 1:20:53 AM: Generating a random XML file with 100000 keys, autogenerated strings max length 20 and autogenerated array max length 10...&#xD;
9/18/2026 1:20:58 AM: File location file://D:/a/Fededim.Extensions.Configuration.Protected/Fededim.Extensions.Configuration.Protected/Fededim.Extensions.Configuration.Protected.DataProtectionAPITest/bin/Release/net462/random_2d1b3813-9e25-4bc2-9606-691003edd9ac.xml&#xD;
9/18/2026 1:20:58 AM: Generated random XML file (NumEntries 100000 NumValues 249473 size 58926 KB) duration 5167ms &#xD;
9/18/2026 1:21:06 AM: Encrypted random XML file (NumEntries 100000 NumValues 249473 size 59315 KB) duration 8527ms &#xD;
9/18/2026 1:21:08 AM: Checked that all random XML file is encrypted duration 2062ms &#xD;
9/18/2026 1:21:18 AM: Loaded and decrypted random XML file with ProtectedConfigurationBuilder duration 9297ms &#xD;
9/18/2026 1:21:19 AM: Checked that 201681 entries are equal duration 1593ms</StdOut>
      </Output>
    </UnitTestResult>
    <UnitTestResult executionId="a8437fe5-e8ee-4ca4-8f5b-dfd772f4091c" testId="83d9d3b3-01c1-e554-7b15-bf5199894c8f" testName="Fededim.Extensions.Configuration.Protected.DataProtectionAPITest.ReverseChainedDataProtectionAPIProtectProviderTest.RandomJsonFileTest(useJsonWithCommentFileProcessor: False)" computerName="runnervmvmocb" duration="00:00:40.6560000" startTime="2026-09-18T01:21:26.6810556+00:00" endTime="2026-09-18T01:21:26.6810556+00:00" testType="13cdc9d9-ddb5-4fa4-a97d-d965ccfc6d4b" outcome="Passed" testListId="8c84fa94-04c1-424b-9868-57a2d4851a1d" relativeResultsDirectory="a8437fe5-e8ee-4ca4-8f5b-dfd772f4091c">
      <Output>
        <StdOut>9/18/2026 1:20:46 AM: Generating a random JSON file with 100000 keys, autogenerated strings max length 20 and autogenerated array max length 10...&#xD;
9/18/2026 1:20:48 AM: File location file://D:/a/Fededim.Extensions.Configuration.Protected/Fededim.Extensions.Configuration.Protected/Fededim.Extensions.Configuration.Protected.DataProtectionAPITest/bin/Release/net462/random_6246b88c-43f5-442c-9694-0e3e4b66fc85.json&#xD;
9/18/2026 1:20:48 AM: Generated random JSON file (NumEntries 100000 NumValues 250538 size 63786 KB) duration 2403ms &#xD;
9/18/2026 1:20:58 AM: Encrypted random JSON file (NumEntries 100000 NumValues 250538 size 89934 KB) duration 9650ms &#xD;
9/18/2026 1:21:01 AM: Checked that all random JSON file is encrypted duration 3813ms &#xD;
9/18/2026 1:21:24 AM: Loaded and decrypted random JSON file with ProtectedConfigurationBuilder duration 00:00:22.9859217 &#xD;
9/18/2026 1:21:26 AM: Checked that 250538 entries are equal duration 1800ms</StdOut>
      </Output>
    </UnitTestResult>
    <UnitTestResult executionId="46e9bf05-5c21-4367-ad2d-0884f002b30c" testId="20fa24cf-117e-2734-ecaa-01279073fded" testName="Fededim.Extensions.Configuration.Protected.DataProtectionAPITest.PassthroughProtectProviderTest.RandomInMemoryDictionaryTest" computerName="runnervmvmocb" duration="00:00:03.3510000" startTime="2026-09-18T01:20:38.0947544+00:00" endTime="2026-09-18T01:20:38.0947544+00:00" testType="13cdc9d9-ddb5-4fa4-a97d-d965ccfc6d4b" outcome="Passed" testListId="8c84fa94-04c1-424b-9868-57a2d4851a1d" relativeResultsDirectory="46e9bf05-5c21-4367-ad2d-0884f002b30c">
      <Output>
        <StdOut>9/18/2026 1:20:34 AM: Generating a random in-memory dictionary with 100000 keys, autogenerated strings max length 20 and autogenerated array max length 10...&#xD;
9/18/2026 1:20:35 AM: Starting test...&#xD;
9/18/2026 1:20:35 AM: Generated random in-memory dictionary (NumEntries 100000 NumValues 250126) duration 1027ms &#xD;
9/18/2026 1:20:37 AM: Encrypted random in-memory dictionary duration 1397ms &#xD;
9/18/2026 1:20:37 AM: Checked that all random in-memory dictionary is encrypted duration 123ms &#xD;
9/18/2026 1:20:37 AM: Loaded and decrypted random in-memory dictionary with ProtectedConfigurationBuilder duration 670ms &#xD;
9/18/2026 1:20:38 AM: Checked that 100000 entries are equal duration 130ms</StdOut>
      </Output>
    </UnitTestResult>
    <UnitTestResult executionId="5f655cf4-0ba0-468d-9ee2-e27566cf8199" testId="97ac352b-e433-e531-3210-5b085419ca0a" testName="Fededim.Extensions.Configuration.Protected.DataProtectionAPITest.DataProtectionAPIProtectProviderTest.RandomXmlFileTest" computerName="runnervmvmocb" duration="00:00:31.6990000" startTime="2026-09-18T01:22:08.1778579+00:00" endTime="2026-09-18T01:22:08.1778579+00:00" testType="13cdc9d9-ddb5-4fa4-a97d-d965ccfc6d4b" outcome="Passed" testListId="8c84fa94-04c1-424b-9868-57a2d4851a1d" relativeResultsDirectory="5f655cf4-0ba0-468d-9ee2-e27566cf8199">
      <Output>
        <StdOut>9/18/2026 1:21:36 AM: Generating a random XML file with 100000 keys, autogenerated strings max length 20 and autogenerated array max length 10...&#xD;
9/18/2026 1:21:42 AM: File location file://D:/a/Fededim.Extensions.Configuration.Protected/Fededim.Extensions.Configuration.Protected/Fededim.Extensions.Configuration.Protected.DataProtectionAPITest/bin/Release/net462/random_75bc00de-d983-4f62-aa4e-f8908aec027a.xml&#xD;
9/18/2026 1:21:42 AM: Generated random XML file (NumEntries 100000 NumValues 249385 size 57163 KB) duration 5841ms &#xD;
9/18/2026 1:21:51 AM: Encrypted random XML file (NumEntries 100000 NumValues 249385 size 83419 KB) duration 8738ms &#xD;
9/18/2026 1:21:52 AM: Checked that all random XML file is encrypted duration 1531ms &#xD;
9/18/2026 1:22:07 AM: Loaded and decrypted random XML file with ProtectedConfigurationBuilder duration 00:00:14.4438761 &#xD;
9/18/2026 1:22:08 AM: Checked that 201509 entries are equal duration 1143ms</StdOut>
      </Output>
    </UnitTestResult>
    <UnitTestResult executionId="f453f733-5be0-45a8-86ce-a958b30cb5dc" testId="60df3619-3efb-dbb7-6212-6602ebf68f95" testName="Fededim.Extensions.Configuration.Protected.DataProtectionAPITest.ReverseChainedDataProtectionAPIProtectProviderTest.RandomCommandLineTest" computerName="runnervmvmocb" duration="00:00:05.6120000" startTime="2026-09-18T01:22:09.1970697+00:00" endTime="2026-09-18T01:22:09.1970697+00:00" testType="13cdc9d9-ddb5-4fa4-a97d-d965ccfc6d4b" outcome="Passed" testListId="8c84fa94-04c1-424b-9868-57a2d4851a1d" relativeResultsDirectory="f453f733-5be0-45a8-86ce-a958b30cb5dc">
      <Output>
        <StdOut>9/18/2026 1:22:03 AM: Generating a random command line arguments with 100000 keys, autogenerated strings max length 20 and autogenerated array max length 10...&#xD;
9/18/2026 1:22:04 AM: Starting test...&#xD;
9/18/2026 1:22:04 AM: Generated random comand line args (NumEntries 100000 NumValues 249469) duration 426ms &#xD;
9/18/2026 1:22:05 AM: Encrypted random comand line args duration 1543ms &#xD;
9/18/2026 1:22:05 AM: Checked that all random comand line args are encrypted duration 99ms &#xD;
9/18/2026 1:22:09 AM: Loaded and decrypted random comand line args with ProtectedConfigurationBuilder duration 3419ms &#xD;
9/18/2026 1:22:09 AM: Checked that 100000 entries are equal duration 121ms</StdOut>
      </Output>
    </UnitTestResult>
    <UnitTestResult executionId="30222b1b-5f30-48ce-b9b2-9196b0d6180a" testId="efb735a9-3ad5-1771-1fbc-4b718376ccc7" testName="Fededim.Extensions.Configuration.Protected.DataProtectionAPITest.ReverseChainedDataProtectionAPIProtectProviderTest.RandomXmlFileTest" computerName="runnervmvmocb" duration="00:00:34.4150000" startTime="2026-09-18T01:22:01.0955464+00:00" endTime="2026-09-18T01:22:01.0955464+00:00" testType="13cdc9d9-ddb5-4fa4-a97d-d965ccfc6d4b" outcome="Passed" testListId="8c84fa94-04c1-424b-9868-57a2d4851a1d" relativeResultsDirectory="30222b1b-5f30-48ce-b9b2-9196b0d6180a">
      <Output>
        <StdOut>9/18/2026 1:21:26 AM: Generating a random XML file with 100000 keys, autogenerated strings max length 20 and autogenerated array max length 10...&#xD;
9/18/2026 1:21:30 AM: File location file://D:/a/Fededim.Extensions.Configuration.Protected/Fededim.Extensions.Configuration.Protected/Fededim.Extensions.Configuration.Protected.DataProtectionAPITest/bin/Release/net462/random_30636b26-177f-40e5-a092-211b6ff0c715.xml&#xD;
9/18/2026 1:21:30 AM: Generated random XML file (NumEntries 100000 NumValues 249679 size 66008 KB) duration 3605ms &#xD;
9/18/2026 1:21:38 AM: Encrypted random XML file (NumEntries 100000 NumValues 249679 size 92284 KB) duration 8358ms &#xD;
9/18/2026 1:21:40 AM: Checked that all random XML file is encrypted duration 2113ms &#xD;
9/18/2026 1:21:59 AM: Loaded and decrypted random XML file with ProtectedConfigurationBuilder duration 00:00:18.9850648 &#xD;
9/18/2026 1:22:01 AM: Checked that 201747 entries are equal duration 1351ms</StdOut>
      </Output>
    </UnitTestResult>
    <UnitTestResult executionId="89a6ef0a-7adb-499c-8139-25f9f8bc9ad3" testId="fd694cea-f6eb-8b2a-be1c-cfd9341efde5" testName="Fededim.Extensions.Configuration.Protected.DataProtectionAPITest.ReverseChainedPassthroughProtectProviderTest.RandomEnvironmentVariablesTest" computerName="runnervmvmocb" duration="00:00:02.8550000" startTime="2026-09-18T01:21:22.6307029+00:00" endTime="2026-09-18T01:21:22.6307029+00:00" testType="13cdc9d9-ddb5-4fa4-a97d-d965ccfc6d4b" outcome="Passed" testListId="8c84fa94-04c1-424b-9868-57a2d4851a1d" relativeResultsDirectory="89a6ef0a-7adb-499c-8139-25f9f8bc9ad3">
      <Output>
        <StdOut>9/18/2026 1:21:19 AM: Generating a random environment variables 100000 keys, autogenerated strings max length 20 and autogenerated array max length 10...&#xD;
9/18/2026 1:21:20 AM: Starting test...&#xD;
9/18/2026 1:21:20 AM: Generated random environment variables (NumEntries 2000 NumValues 5001 TID 8, note that Windows has a maximum size of 32KB for all environment variables, so not all 100000 keys could be created) duration 1026ms &#xD;
9/18/2026 1:21:21 AM: Encrypted random environment variables duration 1098ms &#xD;
9/18/2026 1:21:21 AM: Checked that all random environment variables are encrypted duration 6ms &#xD;
9/18/2026 1:21:21 AM: Loaded and decrypted random environment variables with ProtectedConfigurationBuilder duration 20ms &#xD;
9/18/2026 1:21:21 AM: Checked that 1600 entries are equal duration 1ms</StdOut>
      </Output>
    </UnitTestResult>
    <UnitTestResult executionId="af9a7ffd-7247-41e0-a201-f9d1c3fb586b" testId="17c2c8ae-a50b-08a0-7c03-1289a54a7d68" testName="Fededim.Extensions.Configuration.Protected.DataProtectionAPITest.PassthroughProtectProviderTest.RandomXmlFileTest" computerName="runnervmvmocb" duration="00:00:30.9700000" startTime="2026-09-18T01:20:31.8506914+00:00" endTime="2026-09-18T01:20:31.8506914+00:00" testType="13cdc9d9-ddb5-4fa4-a97d-d965ccfc6d4b" outcome="Passed" testListId="8c84fa94-04c1-424b-9868-57a2d4851a1d" relativeResultsDirectory="af9a7ffd-7247-41e0-a201-f9d1c3fb586b">
      <Output>
        <StdOut>9/18/2026 1:20:03 AM: Generating a random XML file with 100000 keys, autogenerated strings max length 20 and autogenerated array max length 10...&#xD;
9/18/2026 1:20:09 AM: File location file://D:/a/Fededim.Extensions.Configuration.Protected/Fededim.Extensions.Configuration.Protected/Fededim.Extensions.Configuration.Protected.DataProtectionAPITest/bin/Release/net462/random_dd039119-7d9d-4591-844c-56bd1175e9d3.xml&#xD;
9/18/2026 1:20:09 AM: Generated random XML file (NumEntries 100000 NumValues 249600 size 64809 KB) duration 6136ms &#xD;
9/18/2026 1:20:16 AM: Encrypted random XML file (NumEntries 100000 NumValues 249600 size 65198 KB) duration 6687ms &#xD;
9/18/2026 1:20:18 AM: Checked that all random XML file is encrypted duration 2394ms &#xD;
9/18/2026 1:20:30 AM: Loaded and decrypted random XML file with ProtectedConfigurationBuilder duration 00:00:11.5310605 &#xD;
9/18/2026 1:20:31 AM: Checked that 201855 entries are equal duration 1834ms</StdOut>
      </Output>
    </UnitTestResult>
    <UnitTestResult executionId="2ab108fc-cdee-4e83-b585-6254eaaf29dc" testId="b5fa2e2b-5ba5-fac3-aba2-27926978692e" testName="Fededim.Extensions.Configuration.Protected.DataProtectionAPITest.ReverseChainedPassthroughProtectProviderTest.RandomJsonFileTest(useJsonWithCommentFileProcessor: True)" computerName="runnervmvmocb" duration="00:00:22.8680000" startTime="2026-09-18T01:20:32.3431464+00:00" endTime="2026-09-18T01:20:32.3431464+00:00" testType="13cdc9d9-ddb5-4fa4-a97d-d965ccfc6d4b" outcome="Passed" testListId="8c84fa94-04c1-424b-9868-57a2d4851a1d" relativeResultsDirectory="2ab108fc-cdee-4e83-b585-6254eaaf29dc">
      <Output>
        <StdOut>9/18/2026 1:20:09 AM: Generating a random JSON file with 100000 keys, autogenerated strings max length 20 and autogenerated array max length 10...&#xD;
9/18/2026 1:20:12 AM: File location file://D:/a/Fededim.Extensions.Configuration.Protected/Fededim.Extensions.Configuration.Protected/Fededim.Extensions.Configuration.Protected.DataProtectionAPITest/bin/Release/net462/random_effe1ec3-fe13-480a-809c-5f713e2add82.json&#xD;
9/18/2026 1:20:12 AM: Generated random JSON file (NumEntries 100000 NumValues 250385 size 54621 KB) duration 3156ms &#xD;
9/18/2026 1:20:17 AM: Encrypted random JSON file (NumEntries 100000 NumValues 250385 size 55007 KB) duration 5030ms &#xD;
9/18/2026 1:20:20 AM: Checked that all random JSON file is encrypted duration 2696ms &#xD;
9/18/2026 1:20:30 AM: Loaded and decrypted random JSON file with ProtectedConfigurationBuilder duration 9894ms &#xD;
9/18/2026 1:20:32 AM: Checked that 250385 entries are equal duration 2085ms</StdOut>
      </Output>
    </UnitTestResult>
  </Results>
  <TestDefinitions>
    <UnitTest name="Fededim.Extensions.Configuration.Protected.DataProtectionAPITest.ReverseChainedDataProtectionAPIProtectProviderTest.RandomCommandLineTest" storage="d:\a\fededim.extensions.configuration.protected\fededim.extensions.configuration.protected\fededim.extensions.configuration.protected.dataprotectionapitest\bin\release\net462\fededim.extensions.configuration.protected.dataprotectionapitest.dll" id="60df3619-3efb-dbb7-6212-6602ebf68f95">
      <Execution id="f453f733-5be0-45a8-86ce-a958b30cb5dc" />
      <TestMethod codeBase="D:\a\Fededim.Extensions.Configuration.Protected\Fededim.Extensions.Configuration.Protected\Fededim.Extensions.Configuration.Protected.DataProtectionAPITest\bin\Release\net462\Fededim.Extensions.Configuration.Protected.DataProtectionAPITest.dll" adapterTypeName="executor://xunit/VsTestRunner2/net" className="Fededim.Extensions.Configuration.Protected.DataProtectionAPITest.ReverseChainedDataProtectionAPIProtectProviderTest" name="RandomCommandLineTest" />
    </UnitTest>
    <UnitTest name="Fededim.Extensions.Configuration.Protected.DataProtectionAPITest.DataProtectionAPIProtectProviderTest.RandomXmlFileTest" storage="d:\a\fededim.extensions.configuration.protected\fededim.extensions.configuration.protected\fededim.extensions.configuration.protected.dataprotectionapitest\bin\release\net462\fededim.extensions.configuration.protected.dataprotectionapitest.dll" id="97ac352b-e433-e531-3210-5b085419ca0a">
      <Execution id="5f655cf4-0ba0-468d-9ee2-e27566cf8199" />
      <TestMethod codeBase="D:\a\Fededim.Extensions.Configuration.Protected\Fededim.Extensions.Configuration.Protected\Fededim.Extensions.Configuration.Protected.DataProtectionAPITest\bin\Release\net462\Fededim.Extensions.Configuration.Protected.DataProtectionAPITest.dll" adapterTypeName="executor://xunit/VsTestRunner2/net" className="Fededim.Extensions.Configuration.Protected.DataProtectionAPITest.DataProtectionAPIProtectProviderTest" name="RandomXmlFileTest" />
    </UnitTest>
    <UnitTest name="Fededim.Extensions.Configuration.Protected.DataProtectionAPITest.PassthroughProtectProviderTest.RandomCommandLineTest" storage="d:\a\fededim.extensions.configuration.protected\fededim.extensions.configuration.protected\fededim.extensions.configuration.protected.dataprotectionapitest\bin\release\net462\fededim.extensions.configuration.protected.dataprotectionapitest.dll" id="53bdc893-11b6-05bf-6c05-1776c77b4125">
      <Execution id="fb2947a9-51bf-4953-bf11-bc487f42a7a2" />
      <TestMethod codeBase="D:\a\Fededim.Extensions.Configuration.Protected\Fededim.Extensions.Configuration.Protected\Fededim.Extensions.Configuration.Protected.DataProtectionAPITest\bin\Release\net462\Fededim.Extensions.Configuration.Protected.DataProtectionAPITest.dll" adapterTypeName="executor://xunit/VsTestRunner2/net" className="Fededim.Extensions.Configuration.Protected.DataProtectionAPITest.PassthroughProtectProviderTest" name="RandomCommandLineTest" />
    </UnitTest>
    <UnitTest name="Fededim.Extensions.Configuration.Protected.DataProtectionAPITest.PassthroughProtectProviderTest.RandomJsonFileTest(useJsonWithCommentFileProcessor: True)" storage="d:\a\fededim.extensions.configuration.protected\fededim.extensions.configuration.protected\fededim.extensions.configuration.protected.dataprotectionapitest\bin\release\net462\fededim.extensions.configuration.protected.dataprotectionapitest.dll" id="cf0e5a6f-eacf-e1e6-8610-cf6ad43d699c">
      <Execution id="513c2575-ca5f-4f6a-89a2-f2037f0fb287" />
      <TestMethod codeBase="D:\a\Fededim.Extensions.Configuration.Protected\Fededim.Extensions.Configuration.Protected\Fededim.Extensions.Configuration.Protected.DataProtectionAPITest\bin\Release\net462\Fededim.Extensions.Configuration.Protected.DataProtectionAPITest.dll" adapterTypeName="executor://xunit/VsTestRunner2/net" className="Fededim.Extensions.Configuration.Protected.DataProtectionAPITest.PassthroughProtectProviderTest" name="RandomJsonFileTest" />
    </UnitTest>
    <UnitTest name="Fededim.Extensions.Configuration.Protected.DataProtectionAPITest.ReverseChainedPassthroughProtectProviderTest.RandomXmlFileTest" storage="d:\a\fededim.extensions.configuration.protected\fededim.extensions.configuration.protected\fededim.extensions.configuration.protected.dataprotectionapitest\bin\release\net462\fededim.extensions.configuration.protected.dataprotectionapitest.dll" id="dc307d4d-4502-7282-1f60-31615d2a0d24">
      <Execution id="5f3f3349-6a1a-467f-bebe-dbdf67ae25fc" />
      <TestMethod codeBase="D:\a\Fededim.Extensions.Configuration.Protected\Fededim.Extensions.Configuration.Protected\Fededim.Extensions.Configuration.Protected.DataProtectionAPITest\bin\Release\net462\Fededim.Extensions.Configuration.Protected.DataProtectionAPITest.dll" adapterTypeName="executor://xunit/VsTestRunner2/net" className="Fededim.Extensions.Configuration.Protected.DataProtectionAPITest.ReverseChainedPassthroughProtectProviderTest" name="RandomXmlFileTest" />
    </UnitTest>
    <UnitTest name="Fededim.Extensions.Configuration.Protected.DataProtectionAPITest.ReverseChainedDataProtectionAPIProtectProviderTest.RandomInMemoryDictionaryTest" storage="d:\a\fededim.extensions.configuration.protected\fededim.extensions.configuration.protected\fededim.extensions.configuration.protected.dataprotectionapitest\bin\release\net462\fededim.extensions.configuration.protected.dataprotectionapitest.dll" id="dbafd3c0-547c-f72c-7714-3310b3a28f6c">
      <Execution id="25ba512b-e202-4c34-97db-b45c8d3823f0" />
      <TestMethod codeBase="D:\a\Fededim.Extensions.Configuration.Protected\Fededim.Extensions.Configuration.Protected\Fededim.Extensions.Configuration.Protected.DataProtectionAPITest\bin\Release\net462\Fededim.Extensions.Configuration.Protected.DataProtectionAPITest.dll" adapterTypeName="executor://xunit/VsTestRunner2/net" className="Fededim.Extensions.Configuration.Protected.DataProtectionAPITest.ReverseChainedDataProtectionAPIProtectProviderTest" name="RandomInMemoryDictionaryTest" />
    </UnitTest>
    <UnitTest name="Fededim.Extensions.Configuration.Protected.DataProtectionAPITest.PassthroughProtectProviderTest.RandomXmlFileTest" storage="d:\a\fededim.extensions.configuration.protected\fededim.extensions.configuration.protected\fededim.extensions.configuration.protected.dataprotectionapitest\bin\release\net462\fededim.extensions.configuration.protected.dataprotectionapitest.dll" id="17c2c8ae-a50b-08a0-7c03-1289a54a7d68">
      <Execution id="af9a7ffd-7247-41e0-a201-f9d1c3fb586b" />
      <TestMethod codeBase="D:\a\Fededim.Extensions.Configuration.Protected\Fededim.Extensions.Configuration.Protected\Fededim.Extensions.Configuration.Protected.DataProtectionAPITest\bin\Release\net462\Fededim.Extensions.Configuration.Protected.DataProtectionAPITest.dll" adapterTypeName="executor://xunit/VsTestRunner2/net" className="Fededim.Extensions.Configuration.Protected.DataProtectionAPITest.PassthroughProtectProviderTest" name="RandomXmlFileTest" />
    </UnitTest>
    <UnitTest name="Fededim.Extensions.Configuration.Protected.DataProtectionAPITest.ReverseChainedPassthroughProtectProviderTest.RandomEnvironmentVariablesTest" storage="d:\a\fededim.extensions.configuration.protected\fededim.extensions.configuration.protected\fededim.extensions.configuration.protected.dataprotectionapitest\bin\release\net462\fededim.extensions.configuration.protected.dataprotectionapitest.dll" id="fd694cea-f6eb-8b2a-be1c-cfd9341efde5">
      <Execution id="89a6ef0a-7adb-499c-8139-25f9f8bc9ad3" />
      <TestMethod codeBase="D:\a\Fededim.Extensions.Configuration.Protected\Fededim.Extensions.Configuration.Protected\Fededim.Extensions.Configuration.Protected.DataProtectionAPITest\bin\Release\net462\Fededim.Extensions.Configuration.Protected.DataProtectionAPITest.dll" adapterTypeName="executor://xunit/VsTestRunner2/net" className="Fededim.Extensions.Configuration.Protected.DataProtectionAPITest.ReverseChainedPassthroughProtectProviderTest" name="RandomEnvironmentVariablesTest" />
    </UnitTest>
    <UnitTest name="Fededim.Extensions.Configuration.Protected.DataProtectionAPITest.DataProtectionAPIProtectProviderTest.RandomInMemoryDictionaryTest" storage="d:\a\fededim.extensions.configuration.protected\fededim.extensions.configuration.protected\fededim.extensions.configuration.protected.dataprotectionapitest\bin\release\net462\fededim.extensions.configuration.protected.dataprotectionapitest.dll" id="a5b4138a-877c-581b-780d-3494b3972f17">
      <Execution id="c3e0c2b8-ecb0-46d4-9c0e-51ff9fc4c813" />
      <TestMethod codeBase="D:\a\Fededim.Extensions.Configuration.Protected\Fededim.Extensions.Configuration.Protected\Fededim.Extensions.Configuration.Protected.DataProtectionAPITest\bin\Release\net462\Fededim.Extensions.Configuration.Protected.DataProtectionAPITest.dll" adapterTypeName="executor://xunit/VsTestRunner2/net" className="Fededim.Extensions.Configuration.Protected.DataProtectionAPITest.DataProtectionAPIProtectProviderTest" name="RandomInMemoryDictionaryTest" />
    </UnitTest>
    <UnitTest name="Fededim.Extensions.Configuration.Protected.DataProtectionAPITest.PassthroughProtectProviderTest.RandomEnvironmentVariablesTest" storage="d:\a\fededim.extensions.configuration.protected\fededim.extensions.configuration.protected\fededim.extensions.configuration.protected.dataprotectionapitest\bin\release\net462\fededim.extensions.configuration.protected.dataprotectionapitest.dll" id="b51079a5-ff93-277c-c6d0-2b0eb1149993">
      <Execution id="b3cdee51-7c6e-4933-81c2-08bdb13e110f" />
      <TestMethod codeBase="D:\a\Fededim.Extensions.Configuration.Protected\Fededim.Extensions.Configuration.Protected\Fededim.Extensions.Configuration.Protected.DataProtectionAPITest\bin\Release\net462\Fededim.Extensions.Configuration.Protected.DataProtectionAPITest.dll" adapterTypeName="executor://xunit/VsTestRunner2/net" className="Fededim.Extensions.Configuration.Protected.DataProtectionAPITest.PassthroughProtectProviderTest" name="RandomEnvironmentVariablesTest" />
    </UnitTest>
    <UnitTest name="Fededim.Extensions.Configuration.Protected.DataProtectionAPITest.ReverseChainedPassthroughProtectProviderTest.RandomJsonFileTest(useJsonWithCommentFileProcessor: True)" storage="d:\a\fededim.extensions.configuration.protected\fededim.extensions.configuration.protected\fededim.extensions.configuration.protected.dataprotectionapitest\bin\release\net462\fededim.extensions.configuration.protected.dataprotectionapitest.dll" id="b5fa2e2b-5ba5-fac3-aba2-27926978692e">
      <Execution id="2ab108fc-cdee-4e83-b585-6254eaaf29dc" />
      <TestMethod codeBase="D:\a\Fededim.Extensions.Configuration.Protected\Fededim.Extensions.Configuration.Protected\Fededim.Extensions.Configuration.Protected.DataProtectionAPITest\bin\Release\net462\Fededim.Extensions.Configuration.Protected.DataProtectionAPITest.dll" adapterTypeName="executor://xunit/VsTestRunner2/net" className="Fededim.Extensions.Configuration.Protected.DataProtectionAPITest.ReverseChainedPassthroughProtectProviderTest" name="RandomJsonFileTest" />
    </UnitTest>
    <UnitTest name="Fededim.Extensions.Configuration.Protected.DataProtectionAPITest.DataProtectionAPIProtectProviderTest.RandomEnvironmentVariablesTest" storage="d:\a\fededim.extensions.configuration.protected\fededim.extensions.configuration.protected\fededim.extensions.configuration.protected.dataprotectionapitest\bin\release\net462\fededim.extensions.configuration.protected.dataprotectionapitest.dll" id="f352b3e4-d8b2-0588-46bb-043afb7266c1">
      <Execution id="d38b7f96-97ff-423e-b160-6fb414ed3384" />
      <TestMethod codeBase="D:\a\Fededim.Extensions.Configuration.Protected\Fededim.Extensions.Configuration.Protected\Fededim.Extensions.Configuration.Protected.DataProtectionAPITest\bin\Release\net462\Fededim.Extensions.Configuration.Protected.DataProtectionAPITest.dll" adapterTypeName="executor://xunit/VsTestRunner2/net" className="Fededim.Extensions.Configuration.Protected.DataProtectionAPITest.DataProtectionAPIProtectProviderTest" name="RandomEnvironmentVariablesTest" />
    </UnitTest>
    <UnitTest name="Fededim.Extensions.Configuration.Protected.DataProtectionAPITest.ReverseChainedPassthroughProtectProviderTest.RandomCommandLineTest" storage="d:\a\fededim.extensions.configuration.protected\fededim.extensions.configuration.protected\fededim.extensions.configuration.protected.dataprotectionapitest\bin\release\net462\fededim.extensions.configuration.protected.dataprotectionapitest.dll" id="21abf860-ed3d-2e49-4a1e-a39daf2ff1b2">
      <Execution id="9c455d2d-f0de-49a3-8e06-213a2a742f15" />
      <TestMethod codeBase="D:\a\Fededim.Extensions.Configuration.Protected\Fededim.Extensions.Configuration.Protected\Fededim.Extensions.Configuration.Protected.DataProtectionAPITest\bin\Release\net462\Fededim.Extensions.Configuration.Protected.DataProtectionAPITest.dll" adapterTypeName="executor://xunit/VsTestRunner2/net" className="Fededim.Extensions.Configuration.Protected.DataProtectionAPITest.ReverseChainedPassthroughProtectProviderTest" name="RandomCommandLineTest" />
    </UnitTest>
    <UnitTest name="Fededim.Extensions.Configuration.Protected.DataProtectionAPITest.DataProtectionAPIProtectProviderTest.RandomJsonFileTest(useJsonWithCommentFileProcessor: True)" storage="d:\a\fededim.extensions.configuration.protected\fededim.extensions.configuration.protected\fededim.extensions.configuration.protected.dataprotectionapitest\bin\release\net462\fededim.extensions.configuration.protected.dataprotectionapitest.dll" id="f6916fa8-7335-1ac2-9bd9-068ab445ecb1">
      <Execution id="410bff02-73c6-4b33-9859-56437e65bed4" />
      <TestMethod codeBase="D:\a\Fededim.Extensions.Configuration.Protected\Fededim.Extensions.Configuration.Protected\Fededim.Extensions.Configuration.Protected.DataProtectionAPITest\bin\Release\net462\Fededim.Extensions.Configuration.Protected.DataProtectionAPITest.dll" adapterTypeName="executor://xunit/VsTestRunner2/net" className="Fededim.Extensions.Configuration.Protected.DataProtectionAPITest.DataProtectionAPIProtectProviderTest" name="RandomJsonFileTest" />
    </UnitTest>
    <UnitTest name="Fededim.Extensions.Configuration.Protected.DataProtectionAPITest.DataProtectionAPIProtectProviderTest.RandomCommandLineTest" storage="d:\a\fededim.extensions.configuration.protected\fededim.extensions.configuration.protected\fededim.extensions.configuration.protected.dataprotectionapitest\bin\release\net462\fededim.extensions.configuration.protected.dataprotectionapitest.dll" id="b9bf8ed7-522c-e76a-b80e-8d05fc5adc83">
      <Execution id="c0897ddd-8301-48d5-a3b6-b89949898778" />
      <TestMethod codeBase="D:\a\Fededim.Extensions.Configuration.Protected\Fededim.Extensions.Configuration.Protected\Fededim.Extensions.Configuration.Protected.DataProtectionAPITest\bin\Release\net462\Fededim.Extensions.Configuration.Protected.DataProtectionAPITest.dll" adapterTypeName="executor://xunit/VsTestRunner2/net" className="Fededim.Extensions.Configuration.Protected.DataProtectionAPITest.DataProtectionAPIProtectProviderTest" name="RandomCommandLineTest" />
    </UnitTest>
    <UnitTest name="Fededim.Extensions.Configuration.Protected.DataProtectionAPITest.ReverseChainedDataProtectionAPIProtectProviderTest.RandomJsonFileTest(useJsonWithCommentFileProcessor: True)" storage="d:\a\fededim.extensions.configuration.protected\fededim.extensions.configuration.protected\fededim.extensions.configuration.protected.dataprotectionapitest\bin\release\net462\fededim.extensions.configuration.protected.dataprotectionapitest.dll" id="d2ec5ba7-d50b-7023-11ad-69c0b8299f4c">
      <Execution id="8a1f66f2-7ace-4832-bc9d-50631be1346a" />
      <TestMethod codeBase="D:\a\Fededim.Extensions.Configuration.Protected\Fededim.Extensions.Configuration.Protected\Fededim.Extensions.Configuration.Protected.DataProtectionAPITest\bin\Release\net462\Fededim.Extensions.Configuration.Protected.DataProtectionAPITest.dll" adapterTypeName="executor://xunit/VsTestRunner2/net" className="Fededim.Extensions.Configuration.Protected.DataProtectionAPITest.ReverseChainedDataProtectionAPIProtectProviderTest" name="RandomJsonFileTest" />
    </UnitTest>
    <UnitTest name="Fededim.Extensions.Configuration.Protected.DataProtectionAPITest.PassthroughProtectProviderTest.RandomJsonFileTest(useJsonWithCommentFileProcessor: False)" storage="d:\a\fededim.extensions.configuration.protected\fededim.extensions.configuration.protected\fededim.extensions.configuration.protected.dataprotectionapitest\bin\release\net462\fededim.extensions.configuration.protected.dataprotectionapitest.dll" id="ade5454d-acc1-63ed-986a-ba08d0a9b3c4">
      <Execution id="f8b97a1c-cc2a-4bc3-b61c-7edf7277fb33" />
      <TestMethod codeBase="D:\a\Fededim.Extensions.Configuration.Protected\Fededim.Extensions.Configuration.Protected\Fededim.Extensions.Configuration.Protected.DataProtectionAPITest\bin\Release\net462\Fededim.Extensions.Configuration.Protected.DataProtectionAPITest.dll" adapterTypeName="executor://xunit/VsTestRunner2/net" className="Fededim.Extensions.Configuration.Protected.DataProtectionAPITest.PassthroughProtectProviderTest" name="RandomJsonFileTest" />
    </UnitTest>
    <UnitTest name="Fededim.Extensions.Configuration.Protected.DataProtectionAPITest.ReverseChainedPassthroughProtectProviderTest.RandomJsonFileTest(useJsonWithCommentFileProcessor: False)" storage="d:\a\fededim.extensions.configuration.protected\fededim.extensions.configuration.protected\fededim.extensions.configuration.protected.dataprotectionapitest\bin\release\net462\fededim.extensions.configuration.protected.dataprotectionapitest.dll" id="b6fd352f-d0bb-6f9f-e8b5-484cb632db0b">
      <Execution id="a1c49378-58cb-4cd2-83c1-8e2200308e94" />
      <TestMethod codeBase="D:\a\Fededim.Extensions.Configuration.Protected\Fededim.Extensions.Configuration.Protected\Fededim.Extensions.Configuration.Protected.DataProtectionAPITest\bin\Release\net462\Fededim.Extensions.Configuration.Protected.DataProtectionAPITest.dll" adapterTypeName="executor://xunit/VsTestRunner2/net" className="Fededim.Extensions.Configuration.Protected.DataProtectionAPITest.ReverseChainedPassthroughProtectProviderTest" name="RandomJsonFileTest" />
    </UnitTest>
    <UnitTest name="Fededim.Extensions.Configuration.Protected.DataProtectionAPITest.DataProtectionAPIProtectProviderTest.RandomJsonFileTest(useJsonWithCommentFileProcessor: False)" storage="d:\a\fededim.extensions.configuration.protected\fededim.extensions.configuration.protected\fededim.extensions.configuration.protected.dataprotectionapitest\bin\release\net462\fededim.extensions.configuration.protected.dataprotectionapitest.dll" id="215bdca5-d044-0fe3-ab3a-2e4442ce76c5">
      <Execution id="4678eb26-d8db-43da-98b9-114a186319d3" />
      <TestMethod codeBase="D:\a\Fededim.Extensions.Configuration.Protected\Fededim.Extensions.Configuration.Protected\Fededim.Extensions.Configuration.Protected.DataProtectionAPITest\bin\Release\net462\Fededim.Extensions.Configuration.Protected.DataProtectionAPITest.dll" adapterTypeName="executor://xunit/VsTestRunner2/net" className="Fededim.Extensions.Configuration.Protected.DataProtectionAPITest.DataProtectionAPIProtectProviderTest" name="RandomJsonFileTest" />
    </UnitTest>
    <UnitTest name="Fededim.Extensions.Configuration.Protected.DataProtectionAPITest.ReverseChainedPassthroughProtectProviderTest.RandomInMemoryDictionaryTest" storage="d:\a\fededim.extensions.configuration.protected\fededim.extensions.configuration.protected\fededim.extensions.configuration.protected.dataprotectionapitest\bin\release\net462\fededim.extensions.configuration.protected.dataprotectionapitest.dll" id="c54c3964-5bef-c878-d4a0-6c44caf97732">
      <Execution id="e8fe73e8-aa28-4bec-975b-dda536f6c442" />
      <TestMethod codeBase="D:\a\Fededim.Extensions.Configuration.Protected\Fededim.Extensions.Configuration.Protected\Fededim.Extensions.Configuration.Protected.DataProtectionAPITest\bin\Release\net462\Fededim.Extensions.Configuration.Protected.DataProtectionAPITest.dll" adapterTypeName="executor://xunit/VsTestRunner2/net" className="Fededim.Extensions.Configuration.Protected.DataProtectionAPITest.ReverseChainedPassthroughProtectProviderTest" name="RandomInMemoryDictionaryTest" />
    </UnitTest>
    <UnitTest name="Fededim.Extensions.Configuration.Protected.DataProtectionAPITest.ReverseChainedDataProtectionAPIProtectProviderTest.RandomJsonFileTest(useJsonWithCommentFileProcessor: False)" storage="d:\a\fededim.extensions.configuration.protected\fededim.extensions.configuration.protected\fededim.extensions.configuration.protected.dataprotectionapitest\bin\release\net462\fededim.extensions.configuration.protected.dataprotectionapitest.dll" id="83d9d3b3-01c1-e554-7b15-bf5199894c8f">
      <Execution id="a8437fe5-e8ee-4ca4-8f5b-dfd772f4091c" />
      <TestMethod codeBase="D:\a\Fededim.Extensions.Configuration.Protected\Fededim.Extensions.Configuration.Protected\Fededim.Extensions.Configuration.Protected.DataProtectionAPITest\bin\Release\net462\Fededim.Extensions.Configuration.Protected.DataProtectionAPITest.dll" adapterTypeName="executor://xunit/VsTestRunner2/net" className="Fededim.Extensions.Configuration.Protected.DataProtectionAPITest.ReverseChainedDataProtectionAPIProtectProviderTest" name="RandomJsonFileTest" />
    </UnitTest>
    <UnitTest name="Fededim.Extensions.Configuration.Protected.DataProtectionAPITest.ReverseChainedDataProtectionAPIProtectProviderTest.RandomEnvironmentVariablesTest" storage="d:\a\fededim.extensions.configuration.protected\fededim.extensions.configuration.protected\fededim.extensions.configuration.protected.dataprotectionapitest\bin\release\net462\fededim.extensions.configuration.protected.dataprotectionapitest.dll" id="f4974d5b-c288-bf3b-c0f6-abb4edc5d313">
      <Execution id="ed6057b5-fffa-4845-b5a9-e606bb4069ce" />
      <TestMethod codeBase="D:\a\Fededim.Extensions.Configuration.Protected\Fededim.Extensions.Configuration.Protected\Fededim.Extensions.Configuration.Protected.DataProtectionAPITest\bin\Release\net462\Fededim.Extensions.Configuration.Protected.DataProtectionAPITest.dll" adapterTypeName="executor://xunit/VsTestRunner2/net" className="Fededim.Extensions.Configuration.Protected.DataProtectionAPITest.ReverseChainedDataProtectionAPIProtectProviderTest" name="RandomEnvironmentVariablesTest" />
    </UnitTest>
    <UnitTest name="Fededim.Extensions.Configuration.Protected.DataProtectionAPITest.ReverseChainedDataProtectionAPIProtectProviderTest.RandomXmlFileTest" storage="d:\a\fededim.extensions.configuration.protected\fededim.extensions.configuration.protected\fededim.extensions.configuration.protected.dataprotectionapitest\bin\release\net462\fededim.extensions.configuration.protected.dataprotectionapitest.dll" id="efb735a9-3ad5-1771-1fbc-4b718376ccc7">
      <Execution id="30222b1b-5f30-48ce-b9b2-9196b0d6180a" />
      <TestMethod codeBase="D:\a\Fededim.Extensions.Configuration.Protected\Fededim.Extensions.Configuration.Protected\Fededim.Extensions.Configuration.Protected.DataProtectionAPITest\bin\Release\net462\Fededim.Extensions.Configuration.Protected.DataProtectionAPITest.dll" adapterTypeName="executor://xunit/VsTestRunner2/net" className="Fededim.Extensions.Configuration.Protected.DataProtectionAPITest.ReverseChainedDataProtectionAPIProtectProviderTest" name="RandomXmlFileTest" />
    </UnitTest>
    <UnitTest name="Fededim.Extensions.Configuration.Protected.DataProtectionAPITest.PassthroughProtectProviderTest.RandomInMemoryDictionaryTest" storage="d:\a\fededim.extensions.configuration.protected\fededim.extensions.configuration.protected\fededim.extensions.configuration.protected.dataprotectionapitest\bin\release\net462\fededim.extensions.configuration.protected.dataprotectionapitest.dll" id="20fa24cf-117e-2734-ecaa-01279073fded">
      <Execution id="46e9bf05-5c21-4367-ad2d-0884f002b30c" />
      <TestMethod codeBase="D:\a\Fededim.Extensions.Configuration.Protected\Fededim.Extensions.Configuration.Protected\Fededim.Extensions.Configuration.Protected.DataProtectionAPITest\bin\Release\net462\Fededim.Extensions.Configuration.Protected.DataProtectionAPITest.dll" adapterTypeName="executor://xunit/VsTestRunner2/net" className="Fededim.Extensions.Configuration.Protected.DataProtectionAPITest.PassthroughProtectProviderTest" name="RandomInMemoryDictionaryTest" />
    </UnitTest>
  </TestDefinitions>
  <TestEntries>
    <TestEntry testId="215bdca5-d044-0fe3-ab3a-2e4442ce76c5" executionId="4678eb26-d8db-43da-98b9-114a186319d3" testListId="8c84fa94-04c1-424b-9868-57a2d4851a1d" />
    <TestEntry testId="d2ec5ba7-d50b-7023-11ad-69c0b8299f4c" executionId="8a1f66f2-7ace-4832-bc9d-50631be1346a" testListId="8c84fa94-04c1-424b-9868-57a2d4851a1d" />
    <TestEntry testId="b51079a5-ff93-277c-c6d0-2b0eb1149993" executionId="b3cdee51-7c6e-4933-81c2-08bdb13e110f" testListId="8c84fa94-04c1-424b-9868-57a2d4851a1d" />
    <TestEntry testId="dbafd3c0-547c-f72c-7714-3310b3a28f6c" executionId="25ba512b-e202-4c34-97db-b45c8d3823f0" testListId="8c84fa94-04c1-424b-9868-57a2d4851a1d" />
    <TestEntry testId="b9bf8ed7-522c-e76a-b80e-8d05fc5adc83" executionId="c0897ddd-8301-48d5-a3b6-b89949898778" testListId="8c84fa94-04c1-424b-9868-57a2d4851a1d" />
    <TestEntry testId="a5b4138a-877c-581b-780d-3494b3972f17" executionId="c3e0c2b8-ecb0-46d4-9c0e-51ff9fc4c813" testListId="8c84fa94-04c1-424b-9868-57a2d4851a1d" />
    <TestEntry testId="21abf860-ed3d-2e49-4a1e-a39daf2ff1b2" executionId="9c455d2d-f0de-49a3-8e06-213a2a742f15" testListId="8c84fa94-04c1-424b-9868-57a2d4851a1d" />
    <TestEntry testId="c54c3964-5bef-c878-d4a0-6c44caf97732" executionId="e8fe73e8-aa28-4bec-975b-dda536f6c442" testListId="8c84fa94-04c1-424b-9868-57a2d4851a1d" />
    <TestEntry testId="f4974d5b-c288-bf3b-c0f6-abb4edc5d313" executionId="ed6057b5-fffa-4845-b5a9-e606bb4069ce" testListId="8c84fa94-04c1-424b-9868-57a2d4851a1d" />
    <TestEntry testId="ade5454d-acc1-63ed-986a-ba08d0a9b3c4" executionId="f8b97a1c-cc2a-4bc3-b61c-7edf7277fb33" testListId="8c84fa94-04c1-424b-9868-57a2d4851a1d" />
    <TestEntry testId="f352b3e4-d8b2-0588-46bb-043afb7266c1" executionId="d38b7f96-97ff-423e-b160-6fb414ed3384" testListId="8c84fa94-04c1-424b-9868-57a2d4851a1d" />
    <TestEntry testId="b6fd352f-d0bb-6f9f-e8b5-484cb632db0b" executionId="a1c49378-58cb-4cd2-83c1-8e2200308e94" testListId="8c84fa94-04c1-424b-9868-57a2d4851a1d" />
    <TestEntry testId="cf0e5a6f-eacf-e1e6-8610-cf6ad43d699c" executionId="513c2575-ca5f-4f6a-89a2-f2037f0fb287" testListId="8c84fa94-04c1-424b-9868-57a2d4851a1d" />
    <TestEntry testId="53bdc893-11b6-05bf-6c05-1776c77b4125" executionId="fb2947a9-51bf-4953-bf11-bc487f42a7a2" testListId="8c84fa94-04c1-424b-9868-57a2d4851a1d" />
    <TestEntry testId="f6916fa8-7335-1ac2-9bd9-068ab445ecb1" executionId="410bff02-73c6-4b33-9859-56437e65bed4" testListId="8c84fa94-04c1-424b-9868-57a2d4851a1d" />
    <TestEntry testId="dc307d4d-4502-7282-1f60-31615d2a0d24" executionId="5f3f3349-6a1a-467f-bebe-dbdf67ae25fc" testListId="8c84fa94-04c1-424b-9868-57a2d4851a1d" />
    <TestEntry testId="83d9d3b3-01c1-e554-7b15-bf5199894c8f" executionId="a8437fe5-e8ee-4ca4-8f5b-dfd772f4091c" testListId="8c84fa94-04c1-424b-9868-57a2d4851a1d" />
    <TestEntry testId="20fa24cf-117e-2734-ecaa-01279073fded" executionId="46e9bf05-5c21-4367-ad2d-0884f002b30c" testListId="8c84fa94-04c1-424b-9868-57a2d4851a1d" />
    <TestEntry testId="97ac352b-e433-e531-3210-5b085419ca0a" executionId="5f655cf4-0ba0-468d-9ee2-e27566cf8199" testListId="8c84fa94-04c1-424b-9868-57a2d4851a1d" />
    <TestEntry testId="60df3619-3efb-dbb7-6212-6602ebf68f95" executionId="f453f733-5be0-45a8-86ce-a958b30cb5dc" testListId="8c84fa94-04c1-424b-9868-57a2d4851a1d" />
    <TestEntry testId="efb735a9-3ad5-1771-1fbc-4b718376ccc7" executionId="30222b1b-5f30-48ce-b9b2-9196b0d6180a" testListId="8c84fa94-04c1-424b-9868-57a2d4851a1d" />
    <TestEntry testId="fd694cea-f6eb-8b2a-be1c-cfd9341efde5" executionId="89a6ef0a-7adb-499c-8139-25f9f8bc9ad3" testListId="8c84fa94-04c1-424b-9868-57a2d4851a1d" />
    <TestEntry testId="17c2c8ae-a50b-08a0-7c03-1289a54a7d68" executionId="af9a7ffd-7247-41e0-a201-f9d1c3fb586b" testListId="8c84fa94-04c1-424b-9868-57a2d4851a1d" />
    <TestEntry testId="b5fa2e2b-5ba5-fac3-aba2-27926978692e" executionId="2ab108fc-cdee-4e83-b585-6254eaaf29dc" testListId="8c84fa94-04c1-424b-9868-57a2d4851a1d" />
  </TestEntries>
  <TestLists>
    <TestList name="Results Not in a List" id="8c84fa94-04c1-424b-9868-57a2d4851a1d" />
    <TestList name="All Loaded Results" id="19431567-8539-422a-85d7-44ee4e166bda" />
  </TestLists>
  <ResultSummary outcome="Completed">
    <Counters total="24" executed="24" passed="24" failed="0" error="0" timeout="0" aborted="0" inconclusive="0" passedButRunAborted="0" notRunnable="0" notExecuted="0" disconnected="0" warning="0" completed="0" inProgress="0" pending="0" />
    <Output>
      <StdOut>[xUnit.net 00:00:00.03] xUnit.net VSTest Adapter v2.8.2+699d445a1a (64-bit .NET Framework 4.8.9337.0)&#xD;
[xUnit.net 00:00:01.07]   Discovering: Fededim.Extensions.Configuration.Protected.DataProtectionAPITest&#xD;
[xUnit.net 00:00:01.24]   Discovered:  Fededim.Extensions.Configuration.Protected.DataProtectionAPITest&#xD;
[xUnit.net 00:00:01.25]   Starting:    Fededim.Extensions.Configuration.Protected.DataProtectionAPITest&#xD;
[xUnit.net 00:02:15.29]   Finished:    Fededim.Extensions.Configuration.Protected.DataProtectionAPITest&#xD;
</StdOut>
    </Output>
  </ResultSummary>
</TestRun>