<?xml version="1.0" encoding="utf-8"?>
<TestRun id="355cc3ef-b015-43d2-b158-b57525c248e0" name="runneradmin@runnervmvmocb 2026-09-18 00:46:11" runUser="runnervmvmocb\runneradmin" xmlns="http://microsoft.com/schemas/VisualStudio/TeamTest/2010">
  <Times creation="2026-09-18T00:46:11.5774074+00:00" queuing="2026-09-18T00:46:11.5774077+00:00" start="2026-09-18T00:45:58.7509052+00:00" finish="2026-09-18T00:48:04.9744797+00:00" />
  <TestSettings name="default" id="2f0937e6-c664-4a72-9d83-c81a4e301272">
    <Deployment runDeploymentRoot="runneradmin_runnervmvmocb_2026-09-18_00_46_11" />
  </TestSettings>
  <Results>
    <UnitTestResult executionId="b615856c-f93e-4519-a7c9-b67f03325485" testId="fd694cea-f6eb-8b2a-be1c-cfd9341efde5" testName="Fededim.Extensions.Configuration.Protected.DataProtectionAPITest.ReverseChainedPassthroughProtectProviderTest.RandomEnvironmentVariablesTest" computerName="runnervmvmocb" duration="00:00:06.3700000" startTime="2026-09-18T00:47:33.2756976+00:00" endTime="2026-09-18T00:47:33.2756976+00:00" testType="13cdc9d9-ddb5-4fa4-a97d-d965ccfc6d4b" outcome="Passed" testListId="8c84fa94-04c1-424b-9868-57a2d4851a1d" relativeResultsDirectory="b615856c-f93e-4519-a7c9-b67f03325485">
      <Output>
        <StdOut>9/18/2026 12:47:26 AM: Generating a random environment variables 100000 keys, autogenerated strings max length 20 and autogenerated array max length 10...&#xD;
9/18/2026 12:47:31 AM: Starting test...&#xD;
9/18/2026 12:47:31 AM: Generated random environment variables (NumEntries 2000 NumValues 5051 TID 10, note that Windows has a maximum size of 32KB for all environment variables, so not all 100000 keys could be created) duration 4261ms &#xD;
9/18/2026 12:47:32 AM: Encrypted random environment variables duration 1330ms &#xD;
9/18/2026 12:47:32 AM: Checked that all random environment variables are encrypted duration 3ms &#xD;
9/18/2026 12:47:32 AM: Loaded and decrypted random environment variables with ProtectedConfigurationBuilder duration 12ms &#xD;
9/18/2026 12:47:32 AM: Checked that 1607 entries are equal duration 1ms</StdOut>
      </Output>
    </UnitTestResult>
    <UnitTestResult executionId="d796459c-990a-4621-841c-6b34c01420de" testId="b5fa2e2b-5ba5-fac3-aba2-27926978692e" testName="Fededim.Extensions.Configuration.Protected.DataProtectionAPITest.ReverseChainedPassthroughProtectProviderTest.RandomJsonFileTest(useJsonWithCommentFileProcessor: True)" computerName="runnervmvmocb" duration="00:00:24.9220000" startTime="2026-09-18T00:46:36.4729140+00:00" endTime="2026-09-18T00:46:36.4729140+00:00" testType="13cdc9d9-ddb5-4fa4-a97d-d965ccfc6d4b" outcome="Passed" testListId="8c84fa94-04c1-424b-9868-57a2d4851a1d" relativeResultsDirectory="d796459c-990a-4621-841c-6b34c01420de">
      <Output>
        <StdOut>9/18/2026 12:46:11 AM: Generating a random JSON file with 100000 keys, autogenerated strings max length 20 and autogenerated array max length 10...&#xD;
9/18/2026 12:46:14 AM: File location file://D:/a/Fededim.Extensions.Configuration.Protected/Fededim.Extensions.Configuration.Protected/Fededim.Extensions.Configuration.Protected.DataProtectionAPITest/bin/Release/net462/random_398ced86-8dba-4f4f-836e-8a8a5b71545d.json&#xD;
9/18/2026 12:46:14 AM: Generated random JSON file (NumEntries 100000 NumValues 250627 size 58157 KB) duration 2990ms &#xD;
9/18/2026 12:46:20 AM: Encrypted random JSON file (NumEntries 100000 NumValues 250627 size 58542 KB) duration 5836ms &#xD;
9/18/2026 12:46:23 AM: Checked that all random JSON file is encrypted duration 2825ms &#xD;
9/18/2026 12:46:34 AM: Loaded and decrypted random JSON file with ProtectedConfigurationBuilder duration 00:00:11.1344364 &#xD;
9/18/2026 12:46:36 AM: Checked that 250627 entries are equal duration 2133ms</StdOut>
      </Output>
    </UnitTestResult>
    <UnitTestResult executionId="a4202b99-3e8f-4407-99d8-b4e2b90d15b2" testId="b51079a5-ff93-277c-c6d0-2b0eb1149993" testName="Fededim.Extensions.Configuration.Protected.DataProtectionAPITest.PassthroughProtectProviderTest.RandomEnvironmentVariablesTest" computerName="runnervmvmocb" duration="00:00:04.9760000" startTime="2026-09-18T00:47:30.6807880+00:00" endTime="2026-09-18T00:47:30.6807880+00:00" testType="13cdc9d9-ddb5-4fa4-a97d-d965ccfc6d4b" outcome="Passed" testListId="8c84fa94-04c1-424b-9868-57a2d4851a1d" relativeResultsDirectory="a4202b99-3e8f-4407-99d8-b4e2b90d15b2">
      <Output>
        <StdOut>9/18/2026 12:47:25 AM: Generating a random environment variables 100000 keys, autogenerated strings max length 20 and autogenerated array max length 10...&#xD;
9/18/2026 12:47:26 AM: Starting test...&#xD;
9/18/2026 12:47:26 AM: Generated random environment variables (NumEntries 2000 NumValues 5037 TID 8, note that Windows has a maximum size of 32KB for all environment variables, so not all 100000 keys could be created) duration 939ms &#xD;
9/18/2026 12:47:28 AM: Encrypted random environment variables duration 2316ms &#xD;
9/18/2026 12:47:28 AM: Checked that all random environment variables are encrypted duration 8ms &#xD;
9/18/2026 12:47:28 AM: Loaded and decrypted random environment variables with ProtectedConfigurationBuilder duration 15ms &#xD;
9/18/2026 12:47:28 AM: Checked that 1565 entries are equal duration 1ms</StdOut>
      </Output>
    </UnitTestResult>
    <UnitTestResult executionId="ed63d862-fa1e-444b-9edc-9578ee0dfe0a" testId="f352b3e4-d8b2-0588-46bb-043afb7266c1" testName="Fededim.Extensions.Configuration.Protected.DataProtectionAPITest.DataProtectionAPIProtectProviderTest.RandomEnvironmentVariablesTest" computerName="runnervmvmocb" duration="00:00:07.4390000" startTime="2026-09-18T00:46:25.1261065+00:00" endTime="2026-09-18T00:46:25.1261065+00:00" testType="13cdc9d9-ddb5-4fa4-a97d-d965ccfc6d4b" outcome="Passed" testListId="8c84fa94-04c1-424b-9868-57a2d4851a1d" relativeResultsDirectory="ed63d862-fa1e-444b-9edc-9578ee0dfe0a">
      <Output>
        <StdOut>9/18/2026 12:46:17 AM: Generating a random environment variables 100000 keys, autogenerated strings max length 20 and autogenerated array max length 10...&#xD;
9/18/2026 12:46:19 AM: Starting test...&#xD;
9/18/2026 12:46:19 AM: Generated random environment variables (NumEntries 2000 NumValues 4991 TID 16, note that Windows has a maximum size of 32KB for all environment variables, so not all 100000 keys could be created) duration 2016ms &#xD;
9/18/2026 12:46:23 AM: Encrypted random environment variables duration 3474ms &#xD;
9/18/2026 12:46:23 AM: Checked that all random environment variables are encrypted duration 10ms &#xD;
9/18/2026 12:46:23 AM: Loaded and decrypted random environment variables with ProtectedConfigurationBuilder duration 166ms &#xD;
9/18/2026 12:46:23 AM: Checked that 1579 entries are equal duration 1ms</StdOut>
      </Output>
    </UnitTestResult>
    <UnitTestResult executionId="2f8bb68a-9256-4dad-b2f2-0369fcf80b8a" testId="cf0e5a6f-eacf-e1e6-8610-cf6ad43d699c" testName="Fededim.Extensions.Configuration.Protected.DataProtectionAPITest.PassthroughProtectProviderTest.RandomJsonFileTest(useJsonWithCommentFileProcessor: True)" computerName="runnervmvmocb" duration="00:00:24.7440000" startTime="2026-09-18T00:47:25.7033627+00:00" endTime="2026-09-18T00:47:25.7033627+00:00" testType="13cdc9d9-ddb5-4fa4-a97d-d965ccfc6d4b" outcome="Passed" testListId="8c84fa94-04c1-424b-9868-57a2d4851a1d" relativeResultsDirectory="2f8bb68a-9256-4dad-b2f2-0369fcf80b8a">
      <Output>
        <StdOut>9/18/2026 12:47:00 AM: Generating a random JSON file with 100000 keys, autogenerated strings max length 20 and autogenerated array max length 10...&#xD;
9/18/2026 12:47:03 AM: File location file://D:/a/Fededim.Extensions.Configuration.Protected/Fededim.Extensions.Configuration.Protected/Fededim.Extensions.Configuration.Protected.DataProtectionAPITest/bin/Release/net462/random_c529e9fb-39c1-4345-981c-a9d203b30858.json&#xD;
9/18/2026 12:47:03 AM: Generated random JSON file (NumEntries 100000 NumValues 249425 size 57937 KB) duration 2449ms &#xD;
9/18/2026 12:47:08 AM: Encrypted random JSON file (NumEntries 100000 NumValues 249425 size 58320 KB) duration 5017ms &#xD;
9/18/2026 12:47:12 AM: Checked that all random JSON file is encrypted duration 3815ms &#xD;
9/18/2026 12:47:23 AM: Loaded and decrypted random JSON file with ProtectedConfigurationBuilder duration 00:00:11.4773201 &#xD;
9/18/2026 12:47:25 AM: Checked that 249425 entries are equal duration 1982ms</StdOut>
      </Output>
    </UnitTestResult>
    <UnitTestResult executionId="b4374192-ef82-4269-944f-f2386b195bc9" testId="60df3619-3efb-dbb7-6212-6602ebf68f95" testName="Fededim.Extensions.Configuration.Protected.DataProtectionAPITest.ReverseChainedDataProtectionAPIProtectProviderTest.RandomCommandLineTest" computerName="runnervmvmocb" duration="00:00:02.8230000" startTime="2026-09-18T00:48:00.5539990+00:00" endTime="2026-09-18T00:48:00.5539990+00:00" testType="13cdc9d9-ddb5-4fa4-a97d-d965ccfc6d4b" outcome="Passed" testListId="8c84fa94-04c1-424b-9868-57a2d4851a1d" relativeResultsDirectory="b4374192-ef82-4269-944f-f2386b195bc9">
      <Output>
        <StdOut>9/18/2026 12:47:57 AM: Generating a random command line arguments with 100000 keys, autogenerated strings max length 20 and autogenerated array max length 10...&#xD;
9/18/2026 12:47:57 AM: Starting test...&#xD;
9/18/2026 12:47:57 AM: Generated random comand line args (NumEntries 100000 NumValues 251290) duration 223ms &#xD;
9/18/2026 12:47:58 AM: Encrypted random comand line args duration 811ms &#xD;
9/18/2026 12:47:58 AM: Checked that all random comand line args are encrypted duration 56ms &#xD;
9/18/2026 12:48:00 AM: Loaded and decrypted random comand line args with ProtectedConfigurationBuilder duration 1673ms &#xD;
9/18/2026 12:48:00 AM: Checked that 100000 entries are equal duration 56ms</StdOut>
      </Output>
    </UnitTestResult>
    <UnitTestResult executionId="504e1b38-4c5b-4b11-9204-52ac2ca2def2" testId="97ac352b-e433-e531-3210-5b085419ca0a" testName="Fededim.Extensions.Configuration.Protected.DataProtectionAPITest.DataProtectionAPIProtectProviderTest.RandomXmlFileTest" computerName="runnervmvmocb" duration="00:00:19.7610000" startTime="2026-09-18T00:48:01.7730726+00:00" endTime="2026-09-18T00:48:01.7730726+00:00" testType="13cdc9d9-ddb5-4fa4-a97d-d965ccfc6d4b" outcome="Passed" testListId="8c84fa94-04c1-424b-9868-57a2d4851a1d" relativeResultsDirectory="504e1b38-4c5b-4b11-9204-52ac2ca2def2">
      <Output>
        <StdOut>9/18/2026 12:47:42 AM: Generating a random XML file with 100000 keys, autogenerated strings max length 20 and autogenerated array max length 10...&#xD;
9/18/2026 12:47:46 AM: File location file://D:/a/Fededim.Extensions.Configuration.Protected/Fededim.Extensions.Configuration.Protected/Fededim.Extensions.Configuration.Protected.DataProtectionAPITest/bin/Release/net462/random_823491bb-931a-45d8-b518-190511730933.xml&#xD;
9/18/2026 12:47:46 AM: Generated random XML file (NumEntries 100000 NumValues 250407 size 64921 KB) duration 4102ms &#xD;
9/18/2026 12:47:50 AM: Encrypted random XML file (NumEntries 100000 NumValues 250407 size 91305 KB) duration 4224ms &#xD;
9/18/2026 12:47:51 AM: Checked that all random XML file is encrypted duration 1028ms &#xD;
9/18/2026 12:48:01 AM: Loaded and decrypted random XML file with ProtectedConfigurationBuilder duration 9664ms &#xD;
9/18/2026 12:48:01 AM: Checked that 202504 entries are equal duration 741ms</StdOut>
      </Output>
    </UnitTestResult>
    <UnitTestResult executionId="2a97fc13-1502-4960-ac85-a348a81b3c80" testId="dbafd3c0-547c-f72c-7714-3310b3a28f6c" testName="Fededim.Extensions.Configuration.Protected.DataProtectionAPITest.ReverseChainedDataProtectionAPIProtectProviderTest.RandomInMemoryDictionaryTest" computerName="runnervmvmocb" duration="00:00:02.8250000" startTime="2026-09-18T00:48:03.3792310+00:00" endTime="2026-09-18T00:48:03.3792310+00:00" testType="13cdc9d9-ddb5-4fa4-a97d-d965ccfc6d4b" outcome="Passed" testListId="8c84fa94-04c1-424b-9868-57a2d4851a1d" relativeResultsDirectory="2a97fc13-1502-4960-ac85-a348a81b3c80">
      <Output>
        <StdOut>9/18/2026 12:48:00 AM: Generating a random in-memory dictionary with 100000 keys, autogenerated strings max length 20 and autogenerated array max length 10...&#xD;
9/18/2026 12:48:00 AM: Starting test...&#xD;
9/18/2026 12:48:00 AM: Generated random in-memory dictionary (NumEntries 100000 NumValues 250395) duration 255ms &#xD;
9/18/2026 12:48:01 AM: Encrypted random in-memory dictionary duration 701ms &#xD;
9/18/2026 12:48:01 AM: Checked that all random in-memory dictionary is encrypted duration 64ms &#xD;
9/18/2026 12:48:03 AM: Loaded and decrypted random in-memory dictionary with ProtectedConfigurationBuilder duration 1744ms &#xD;
9/18/2026 12:48:03 AM: Checked that 100000 entries are equal duration 58ms</StdOut>
      </Output>
    </UnitTestResult>
    <UnitTestResult executionId="e9ad00c9-7b56-4a5d-9e57-540da94bcf5b" testId="f4974d5b-c288-bf3b-c0f6-abb4edc5d313" testName="Fededim.Extensions.Configuration.Protected.DataProtectionAPITest.ReverseChainedDataProtectionAPIProtectProviderTest.RandomEnvironmentVariablesTest" computerName="runnervmvmocb" duration="00:00:01.8850000" startTime="2026-09-18T00:47:57.7306012+00:00" endTime="2026-09-18T00:47:57.7306012+00:00" testType="13cdc9d9-ddb5-4fa4-a97d-d965ccfc6d4b" outcome="Passed" testListId="8c84fa94-04c1-424b-9868-57a2d4851a1d" relativeResultsDirectory="e9ad00c9-7b56-4a5d-9e57-540da94bcf5b">
      <Output>
        <StdOut>9/18/2026 12:47:55 AM: Generating a random environment variables 100000 keys, autogenerated strings max length 20 and autogenerated array max length 10...&#xD;
9/18/2026 12:47:56 AM: Starting test...&#xD;
9/18/2026 12:47:56 AM: Generated random environment variables (NumEntries 2000 NumValues 4954 TID 17, note that Windows has a maximum size of 32KB for all environment variables, so not all 100000 keys could be created) duration 459ms &#xD;
9/18/2026 12:47:57 AM: Encrypted random environment variables duration 796ms &#xD;
9/18/2026 12:47:57 AM: Checked that all random environment variables are encrypted duration 5ms &#xD;
9/18/2026 12:47:57 AM: Loaded and decrypted random environment variables with ProtectedConfigurationBuilder duration 43ms &#xD;
9/18/2026 12:47:57 AM: Checked that 1619 entries are equal duration 1ms</StdOut>
      </Output>
    </UnitTestResult>
    <UnitTestResult executionId="718fd923-e37e-44ad-8d2e-c7fa12547556" testId="17c2c8ae-a50b-08a0-7c03-1289a54a7d68" testName="Fededim.Extensions.Configuration.Protected.DataProtectionAPITest.PassthroughProtectProviderTest.RandomXmlFileTest" computerName="runnervmvmocb" duration="00:00:31.5350000" startTime="2026-09-18T00:46:33.4101721+00:00" endTime="2026-09-18T00:46:33.4101721+00:00" testType="13cdc9d9-ddb5-4fa4-a97d-d965ccfc6d4b" outcome="Passed" testListId="8c84fa94-04c1-424b-9868-57a2d4851a1d" relativeResultsDirectory="718fd923-e37e-44ad-8d2e-c7fa12547556">
      <Output>
        <StdOut>9/18/2026 12:46:03 AM: Generating a random XML file with 100000 keys, autogenerated strings max length 20 and autogenerated array max length 10...&#xD;
9/18/2026 12:46:08 AM: File location file://D:/a/Fededim.Extensions.Configuration.Protected/Fededim.Extensions.Configuration.Protected/Fededim.Extensions.Configuration.Protected.DataProtectionAPITest/bin/Release/net462/random_40711ca7-218b-4cab-96fd-7564e2d3076d.xml&#xD;
9/18/2026 12:46:08 AM: Generated random XML file (NumEntries 100000 NumValues 251600 size 56695 KB) duration 5683ms &#xD;
9/18/2026 12:46:18 AM: Encrypted random XML file (NumEntries 100000 NumValues 251600 size 57087 KB) duration 9516ms &#xD;
9/18/2026 12:46:20 AM: Checked that all random XML file is encrypted duration 1904ms &#xD;
9/18/2026 12:46:31 AM: Loaded and decrypted random XML file with ProtectedConfigurationBuilder duration 00:00:10.8245063 &#xD;
9/18/2026 12:46:33 AM: Checked that 203173 entries are equal duration 2398ms</StdOut>
      </Output>
    </UnitTestResult>
    <UnitTestResult executionId="59af171f-1fcd-4e7a-b0ad-4af7e8aa4099" testId="ade5454d-acc1-63ed-986a-ba08d0a9b3c4" testName="Fededim.Extensions.Configuration.Protected.DataProtectionAPITest.PassthroughProtectProviderTest.RandomJsonFileTest(useJsonWithCommentFileProcessor: False)" computerName="runnervmvmocb" duration="00:00:22.0950000" startTime="2026-09-18T00:47:00.9654655+00:00" endTime="2026-09-18T00:47:00.9654655+00:00" testType="13cdc9d9-ddb5-4fa4-a97d-d965ccfc6d4b" outcome="Passed" testListId="8c84fa94-04c1-424b-9868-57a2d4851a1d" relativeResultsDirectory="59af171f-1fcd-4e7a-b0ad-4af7e8aa4099">
      <Output>
        <StdOut>9/18/2026 12:46:38 AM: Generating a random JSON file with 100000 keys, autogenerated strings max length 20 and autogenerated array max length 10...&#xD;
9/18/2026 12:46:41 AM: File location file://D:/a/Fededim.Extensions.Configuration.Protected/Fededim.Extensions.Configuration.Protected/Fededim.Extensions.Configuration.Protected.DataProtectionAPITest/bin/Release/net462/random_6c46ff1f-0a55-448f-8971-5c838a9eb9c0.json&#xD;
9/18/2026 12:46:41 AM: Generated random JSON file (NumEntries 100000 NumValues 248268 size 64667 KB) duration 2511ms &#xD;
9/18/2026 12:46:46 AM: Encrypted random JSON file (NumEntries 100000 NumValues 248268 size 65049 KB) duration 5314ms &#xD;
9/18/2026 12:46:49 AM: Checked that all random JSON file is encrypted duration 2407ms &#xD;
9/18/2026 12:46:58 AM: Loaded and decrypted random JSON file with ProtectedConfigurationBuilder duration 9311ms &#xD;
9/18/2026 12:47:00 AM: Checked that 248268 entries are equal duration 2549ms</StdOut>
      </Output>
    </UnitTestResult>
    <UnitTestResult executionId="b1721fff-cbb2-4261-9136-92674b328346" testId="53bdc893-11b6-05bf-6c05-1776c77b4125" testName="Fededim.Extensions.Configuration.Protected.DataProtectionAPITest.PassthroughProtectProviderTest.RandomCommandLineTest" computerName="runnervmvmocb" duration="00:00:02.4920000" startTime="2026-09-18T00:46:35.9015564+00:00" endTime="2026-09-18T00:46:35.9015564+00:00" testType="13cdc9d9-ddb5-4fa4-a97d-d965ccfc6d4b" outcome="Passed" testListId="8c84fa94-04c1-424b-9868-57a2d4851a1d" relativeResultsDirectory="b1721fff-cbb2-4261-9136-92674b328346">
      <Output>
        <StdOut>9/18/2026 12:46:33 AM: Generating a random command line arguments with 100000 keys, autogenerated strings max length 20 and autogenerated array max length 10...&#xD;
9/18/2026 12:46:33 AM: Starting test...&#xD;
9/18/2026 12:46:33 AM: Generated random comand line args (NumEntries 100000 NumValues 249777) duration 553ms &#xD;
9/18/2026 12:46:34 AM: Encrypted random comand line args duration 983ms &#xD;
9/18/2026 12:46:35 AM: Checked that all random comand line args are encrypted duration 78ms &#xD;
9/18/2026 12:46:35 AM: Loaded and decrypted random comand line args with ProtectedConfigurationBuilder duration 733ms &#xD;
9/18/2026 12:46:35 AM: Checked that 100000 entries are equal duration 142ms</StdOut>
      </Output>
    </UnitTestResult>
    <UnitTestResult executionId="fb188436-24a2-4417-bfb2-5ce3b33f7b88" testId="c54c3964-5bef-c878-d4a0-6c44caf97732" testName="Fededim.Extensions.Configuration.Protected.DataProtectionAPITest.ReverseChainedPassthroughProtectProviderTest.RandomInMemoryDictionaryTest" computerName="runnervmvmocb" duration="00:00:04.9560000" startTime="2026-09-18T00:46:06.8582135+00:00" endTime="2026-09-18T00:46:06.8582135+00:00" testType="13cdc9d9-ddb5-4fa4-a97d-d965ccfc6d4b" outcome="Passed" testListId="8c84fa94-04c1-424b-9868-57a2d4851a1d" relativeResultsDirectory="fb188436-24a2-4417-bfb2-5ce3b33f7b88">
      <Output>
        <StdOut>9/18/2026 12:46:02 AM: Generating a random in-memory dictionary with 100000 keys, autogenerated strings max length 20 and autogenerated array max length 10...&#xD;
9/18/2026 12:46:03 AM: Starting test...&#xD;
9/18/2026 12:46:03 AM: Generated random in-memory dictionary (NumEntries 100000 NumValues 249811) duration 609ms &#xD;
9/18/2026 12:46:05 AM: Encrypted random in-memory dictionary duration 1831ms &#xD;
9/18/2026 12:46:05 AM: Checked that all random in-memory dictionary is encrypted duration 225ms &#xD;
9/18/2026 12:46:06 AM: Loaded and decrypted random in-memory dictionary with ProtectedConfigurationBuilder duration 853ms &#xD;
9/18/2026 12:46:06 AM: Checked that 100000 entries are equal duration 342ms</StdOut>
      </Output>
    </UnitTestResult>
    <UnitTestResult executionId="368c14ba-5a30-4b56-b0cc-2270d672de27" testId="d2ec5ba7-d50b-7023-11ad-69c0b8299f4c" testName="Fededim.Extensions.Configuration.Protected.DataProtectionAPITest.ReverseChainedDataProtectionAPIProtectProviderTest.RandomJsonFileTest(useJsonWithCommentFileProcessor: True)" computerName="runnervmvmocb" duration="00:00:48.2150000" startTime="2026-09-18T00:46:54.4241226+00:00" endTime="2026-09-18T00:46:54.4241226+00:00" testType="13cdc9d9-ddb5-4fa4-a97d-d965ccfc6d4b" outcome="Passed" testListId="8c84fa94-04c1-424b-9868-57a2d4851a1d" relativeResultsDirectory="368c14ba-5a30-4b56-b0cc-2270d672de27">
      <Output>
        <StdOut>9/18/2026 12:46:06 AM: Generating a random JSON file with 100000 keys, autogenerated strings max length 20 and autogenerated array max length 10...&#xD;
9/18/2026 12:46:11 AM: File location file://D:/a/Fededim.Extensions.Configuration.Protected/Fededim.Extensions.Configuration.Protected/Fededim.Extensions.Configuration.Protected.DataProtectionAPITest/bin/Release/net462/random_c2086a69-a3cb-4a57-857b-9feb278b9908.json&#xD;
9/18/2026 12:46:11 AM: Generated random JSON file (NumEntries 100000 NumValues 248541 size 52010 KB) duration 4975ms &#xD;
9/18/2026 12:46:26 AM: Encrypted random JSON file (NumEntries 100000 NumValues 248541 size 77920 KB) duration 00:00:15.6584997 &#xD;
9/18/2026 12:46:29 AM: Checked that all random JSON file is encrypted duration 2627ms &#xD;
9/18/2026 12:46:50 AM: Loaded and decrypted random JSON file with ProtectedConfigurationBuilder duration 00:00:21.1687857 &#xD;
9/18/2026 12:46:54 AM: Checked that 248541 entries are equal duration 3765ms</StdOut>
      </Output>
    </UnitTestResult>
    <UnitTestResult executionId="b4f7ebb5-543f-43ca-8a2a-0fbb027d514d" testId="215bdca5-d044-0fe3-ab3a-2e4442ce76c5" testName="Fededim.Extensions.Configuration.Protected.DataProtectionAPITest.DataProtectionAPIProtectProviderTest.RandomJsonFileTest(useJsonWithCommentFileProcessor: False)" computerName="runnervmvmocb" duration="00:00:30.8200000" startTime="2026-09-18T00:47:42.0130932+00:00" endTime="2026-09-18T00:47:42.0130932+00:00" testType="13cdc9d9-ddb5-4fa4-a97d-d965ccfc6d4b" outcome="Passed" testListId="8c84fa94-04c1-424b-9868-57a2d4851a1d" relativeResultsDirectory="b4f7ebb5-543f-43ca-8a2a-0fbb027d514d">
      <Output>
        <StdOut>9/18/2026 12:47:11 AM: Generating a random JSON file with 100000 keys, autogenerated strings max length 20 and autogenerated array max length 10...&#xD;
9/18/2026 12:47:15 AM: File location file://D:/a/Fededim.Extensions.Configuration.Protected/Fededim.Extensions.Configuration.Protected/Fededim.Extensions.Configuration.Protected.DataProtectionAPITest/bin/Release/net462/random_272cf4be-a7d0-4175-854c-b3d000962e74.json&#xD;
9/18/2026 12:47:15 AM: Generated random JSON file (NumEntries 100000 NumValues 251101 size 57740 KB) duration 3975ms &#xD;
9/18/2026 12:47:27 AM: Encrypted random JSON file (NumEntries 100000 NumValues 251101 size 83988 KB) duration 00:00:12.1713251 &#xD;
9/18/2026 12:47:28 AM: Checked that all random JSON file is encrypted duration 1374ms &#xD;
9/18/2026 12:47:40 AM: Loaded and decrypted random JSON file with ProtectedConfigurationBuilder duration 00:00:12.1958856 &#xD;
9/18/2026 12:47:42 AM: Checked that 251101 entries are equal duration 1101ms</StdOut>
      </Output>
    </UnitTestResult>
    <UnitTestResult executionId="9dc3373f-7aff-4aac-967c-d278ef8507b5" testId="efb735a9-3ad5-1771-1fbc-4b718376ccc7" testName="Fededim.Extensions.Configuration.Protected.DataProtectionAPITest.ReverseChainedDataProtectionAPIProtectProviderTest.RandomXmlFileTest" computerName="runnervmvmocb" duration="00:00:22.8510000" startTime="2026-09-18T00:47:55.8470402+00:00" endTime="2026-09-18T00:47:55.8470402+00:00" testType="13cdc9d9-ddb5-4fa4-a97d-d965ccfc6d4b" outcome="Passed" testListId="8c84fa94-04c1-424b-9868-57a2d4851a1d" relativeResultsDirectory="9dc3373f-7aff-4aac-967c-d278ef8507b5">
      <Output>
        <StdOut>9/18/2026 12:47:32 AM: Generating a random XML file with 100000 keys, autogenerated strings max length 20 and autogenerated array max length 10...&#xD;
9/18/2026 12:47:35 AM: File location file://D:/a/Fededim.Extensions.Configuration.Protected/Fededim.Extensions.Configuration.Protected/Fededim.Extensions.Configuration.Protected.DataProtectionAPITest/bin/Release/net462/random_f4287016-6edf-41c5-aaac-38d4d1522ce4.xml&#xD;
9/18/2026 12:47:35 AM: Generated random XML file (NumEntries 100000 NumValues 248721 size 62215 KB) duration 2817ms &#xD;
9/18/2026 12:47:41 AM: Encrypted random XML file (NumEntries 100000 NumValues 248721 size 88337 KB) duration 5498ms &#xD;
9/18/2026 12:47:42 AM: Checked that all random XML file is encrypted duration 1189ms &#xD;
9/18/2026 12:47:54 AM: Loaded and decrypted random XML file with ProtectedConfigurationBuilder duration 00:00:12.1535015 &#xD;
9/18/2026 12:47:55 AM: Checked that 200529 entries are equal duration 1191ms</StdOut>
      </Output>
    </UnitTestResult>
    <UnitTestResult executionId="006c6bcf-c942-4087-9aa3-18ee838c8db6" testId="a5b4138a-877c-581b-780d-3494b3972f17" testName="Fededim.Extensions.Configuration.Protected.DataProtectionAPITest.DataProtectionAPIProtectProviderTest.RandomInMemoryDictionaryTest" computerName="runnervmvmocb" duration="00:00:15.8150000" startTime="2026-09-18T00:46:17.6873541+00:00" endTime="2026-09-18T00:46:17.6873541+00:00" testType="13cdc9d9-ddb5-4fa4-a97d-d965ccfc6d4b" outcome="Passed" testListId="8c84fa94-04c1-424b-9868-57a2d4851a1d" relativeResultsDirectory="006c6bcf-c942-4087-9aa3-18ee838c8db6">
      <Output>
        <StdOut>9/18/2026 12:46:03 AM: Generating a random in-memory dictionary with 100000 keys, autogenerated strings max length 20 and autogenerated array max length 10...&#xD;
9/18/2026 12:46:04 AM: Starting test...&#xD;
9/18/2026 12:46:04 AM: Generated random in-memory dictionary (NumEntries 100000 NumValues 249071) duration 852ms &#xD;
9/18/2026 12:46:09 AM: Encrypted random in-memory dictionary duration 4975ms &#xD;
9/18/2026 12:46:09 AM: Checked that all random in-memory dictionary is encrypted duration 334ms &#xD;
9/18/2026 12:46:17 AM: Loaded and decrypted random in-memory dictionary with ProtectedConfigurationBuilder duration 7883ms &#xD;
9/18/2026 12:46:17 AM: Checked that 100000 entries are equal duration 301ms</StdOut>
      </Output>
    </UnitTestResult>
    <UnitTestResult executionId="e6219024-5f4a-428e-8151-764e1876e8fc" testId="f6916fa8-7335-1ac2-9bd9-068ab445ecb1" testName="Fededim.Extensions.Configuration.Protected.DataProtectionAPITest.DataProtectionAPIProtectProviderTest.RandomJsonFileTest(useJsonWithCommentFileProcessor: True)" computerName="runnervmvmocb" duration="00:00:46.0660000" startTime="2026-09-18T00:47:11.1930812+00:00" endTime="2026-09-18T00:47:11.1930812+00:00" testType="13cdc9d9-ddb5-4fa4-a97d-d965ccfc6d4b" outcome="Passed" testListId="8c84fa94-04c1-424b-9868-57a2d4851a1d" relativeResultsDirectory="e6219024-5f4a-428e-8151-764e1876e8fc">
      <Output>
        <StdOut>9/18/2026 12:46:25 AM: Generating a random JSON file with 100000 keys, autogenerated strings max length 20 and autogenerated array max length 10...&#xD;
9/18/2026 12:46:28 AM: File location file://D:/a/Fededim.Extensions.Configuration.Protected/Fededim.Extensions.Configuration.Protected/Fededim.Extensions.Configuration.Protected.DataProtectionAPITest/bin/Release/net462/random_4818c9ee-4ed1-4a15-9f7c-f39ae15c2b54.json&#xD;
9/18/2026 12:46:28 AM: Generated random JSON file (NumEntries 100000 NumValues 250459 size 61672 KB) duration 3502ms &#xD;
9/18/2026 12:46:42 AM: Encrypted random JSON file (NumEntries 100000 NumValues 250459 size 87775 KB) duration 00:00:13.5139204 &#xD;
9/18/2026 12:46:43 AM: Checked that all random JSON file is encrypted duration 1834ms &#xD;
9/18/2026 12:47:07 AM: Loaded and decrypted random JSON file with ProtectedConfigurationBuilder duration 00:00:23.7649557 &#xD;
9/18/2026 12:47:11 AM: Checked that 250459 entries are equal duration 3449ms</StdOut>
      </Output>
    </UnitTestResult>
    <UnitTestResult executionId="ebfa9751-e88b-4ee7-ae6e-a1d1326553f6" testId="b9bf8ed7-522c-e76a-b80e-8d05fc5adc83" testName="Fededim.Extensions.Configuration.Protected.DataProtectionAPITest.DataProtectionAPIProtectProviderTest.RandomCommandLineTest" computerName="runnervmvmocb" duration="00:00:02.6780000" startTime="2026-09-18T00:48:04.4502138+00:00" endTime="2026-09-18T00:48:04.4502138+00:00" testType="13cdc9d9-ddb5-4fa4-a97d-d965ccfc6d4b" outcome="Passed" testListId="8c84fa94-04c1-424b-9868-57a2d4851a1d" relativeResultsDirectory="ebfa9751-e88b-4ee7-ae6e-a1d1326553f6">
      <Output>
        <StdOut>9/18/2026 12:48:01 AM: Generating a random command line arguments with 100000 keys, autogenerated strings max length 20 and autogenerated array max length 10...&#xD;
9/18/2026 12:48:02 AM: Starting test...&#xD;
9/18/2026 12:48:02 AM: Generated random comand line args (NumEntries 100000 NumValues 251340) duration 227ms &#xD;
9/18/2026 12:48:02 AM: Encrypted random comand line args duration 787ms &#xD;
9/18/2026 12:48:02 AM: Checked that all random comand line args are encrypted duration 48ms &#xD;
9/18/2026 12:48:04 AM: Loaded and decrypted random comand line args with ProtectedConfigurationBuilder duration 1559ms &#xD;
9/18/2026 12:48:04 AM: Checked that 100000 entries are equal duration 54ms</StdOut>
      </Output>
    </UnitTestResult>
    <UnitTestResult executionId="ad1aec2e-1aa1-4bc7-9c98-57df159fb65f" testId="dc307d4d-4502-7282-1f60-31615d2a0d24" testName="Fededim.Extensions.Configuration.Protected.DataProtectionAPITest.ReverseChainedPassthroughProtectProviderTest.RandomXmlFileTest" computerName="runnervmvmocb" duration="00:00:27.1980000" startTime="2026-09-18T00:47:26.9055494+00:00" endTime="2026-09-18T00:47:26.9055494+00:00" testType="13cdc9d9-ddb5-4fa4-a97d-d965ccfc6d4b" outcome="Passed" testListId="8c84fa94-04c1-424b-9868-57a2d4851a1d" relativeResultsDirectory="ad1aec2e-1aa1-4bc7-9c98-57df159fb65f">
      <Output>
        <StdOut>9/18/2026 12:46:59 AM: Generating a random XML file with 100000 keys, autogenerated strings max length 20 and autogenerated array max length 10...&#xD;
9/18/2026 12:47:04 AM: File location file://D:/a/Fededim.Extensions.Configuration.Protected/Fededim.Extensions.Configuration.Protected/Fededim.Extensions.Configuration.Protected.DataProtectionAPITest/bin/Release/net462/random_9fa14c9f-fa2d-4ce1-a7c2-680f4967ec37.xml&#xD;
9/18/2026 12:47:04 AM: Generated random XML file (NumEntries 100000 NumValues 250237 size 67799 KB) duration 4466ms &#xD;
9/18/2026 12:47:12 AM: Encrypted random XML file (NumEntries 100000 NumValues 250237 size 68189 KB) duration 8688ms &#xD;
9/18/2026 12:47:15 AM: Checked that all random XML file is encrypted duration 2864ms &#xD;
9/18/2026 12:47:25 AM: Loaded and decrypted random XML file with ProtectedConfigurationBuilder duration 9777ms &#xD;
9/18/2026 12:47:26 AM: Checked that 202232 entries are equal duration 1401ms</StdOut>
      </Output>
    </UnitTestResult>
    <UnitTestResult executionId="71ab9359-5fed-4455-b132-53e8b008b081" testId="83d9d3b3-01c1-e554-7b15-bf5199894c8f" testName="Fededim.Extensions.Configuration.Protected.DataProtectionAPITest.ReverseChainedDataProtectionAPIProtectProviderTest.RandomJsonFileTest(useJsonWithCommentFileProcessor: False)" computerName="runnervmvmocb" duration="00:00:38.5730000" startTime="2026-09-18T00:47:32.9958995+00:00" endTime="2026-09-18T00:47:32.9958995+00:00" testType="13cdc9d9-ddb5-4fa4-a97d-d965ccfc6d4b" outcome="Passed" testListId="8c84fa94-04c1-424b-9868-57a2d4851a1d" relativeResultsDirectory="71ab9359-5fed-4455-b132-53e8b008b081">
      <Output>
        <StdOut>9/18/2026 12:46:54 AM: Generating a random JSON file with 100000 keys, autogenerated strings max length 20 and autogenerated array max length 10...&#xD;
9/18/2026 12:46:57 AM: File location file://D:/a/Fededim.Extensions.Configuration.Protected/Fededim.Extensions.Configuration.Protected/Fededim.Extensions.Configuration.Protected.DataProtectionAPITest/bin/Release/net462/random_923d1d9d-8437-4fcb-99cb-dc6a34040ab8.json&#xD;
9/18/2026 12:46:57 AM: Generated random JSON file (NumEntries 100000 NumValues 250758 size 55192 KB) duration 2630ms &#xD;
9/18/2026 12:47:08 AM: Encrypted random JSON file (NumEntries 100000 NumValues 250758 size 81360 KB) duration 00:00:11.8005629 &#xD;
9/18/2026 12:47:12 AM: Checked that all random JSON file is encrypted duration 3828ms &#xD;
9/18/2026 12:47:31 AM: Loaded and decrypted random JSON file with ProtectedConfigurationBuilder duration 00:00:18.7882003 &#xD;
9/18/2026 12:47:32 AM: Checked that 250758 entries are equal duration 1523ms</StdOut>
      </Output>
    </UnitTestResult>
    <UnitTestResult executionId="02b8aa36-8a00-4c19-bbf2-04b11f57aa81" testId="20fa24cf-117e-2734-ecaa-01279073fded" testName="Fededim.Extensions.Configuration.Protected.DataProtectionAPITest.PassthroughProtectProviderTest.RandomInMemoryDictionaryTest" computerName="runnervmvmocb" duration="00:00:02.9630000" startTime="2026-09-18T00:46:38.8650334+00:00" endTime="2026-09-18T00:46:38.8650334+00:00" testType="13cdc9d9-ddb5-4fa4-a97d-d965ccfc6d4b" outcome="Passed" testListId="8c84fa94-04c1-424b-9868-57a2d4851a1d" relativeResultsDirectory="02b8aa36-8a00-4c19-bbf2-04b11f57aa81">
      <Output>
        <StdOut>9/18/2026 12:46:35 AM: Generating a random in-memory dictionary with 100000 keys, autogenerated strings max length 20 and autogenerated array max length 10...&#xD;
9/18/2026 12:46:36 AM: Starting test...&#xD;
9/18/2026 12:46:36 AM: Generated random in-memory dictionary (NumEntries 100000 NumValues 250262) duration 466ms &#xD;
9/18/2026 12:46:37 AM: Encrypted random in-memory dictionary duration 1233ms &#xD;
9/18/2026 12:46:37 AM: Checked that all random in-memory dictionary is encrypted duration 91ms &#xD;
9/18/2026 12:46:38 AM: Loaded and decrypted random in-memory dictionary with ProtectedConfigurationBuilder duration 1001ms &#xD;
9/18/2026 12:46:38 AM: Checked that 100000 entries are equal duration 169ms</StdOut>
      </Output>
    </UnitTestResult>
    <UnitTestResult executionId="68cf5753-9f62-4be0-bdf0-7dbde28c62e8" testId="21abf860-ed3d-2e49-4a1e-a39daf2ff1b2" testName="Fededim.Extensions.Configuration.Protected.DataProtectionAPITest.ReverseChainedPassthroughProtectProviderTest.RandomCommandLineTest" computerName="runnervmvmocb" duration="00:00:04.6940000" startTime="2026-09-18T00:46:11.5487896+00:00" endTime="2026-09-18T00:46:11.5487896+00:00" testType="13cdc9d9-ddb5-4fa4-a97d-d965ccfc6d4b" outcome="Passed" testListId="8c84fa94-04c1-424b-9868-57a2d4851a1d" relativeResultsDirectory="68cf5753-9f62-4be0-bdf0-7dbde28c62e8">
      <Output>
        <StdOut>9/18/2026 12:46:06 AM: Generating a random command line arguments with 100000 keys, autogenerated strings max length 20 and autogenerated array max length 10...&#xD;
9/18/2026 12:46:07 AM: Starting test...&#xD;
9/18/2026 12:46:07 AM: Generated random comand line args (NumEntries 100000 NumValues 250087) duration 595ms &#xD;
9/18/2026 12:46:09 AM: Encrypted random comand line args duration 2318ms &#xD;
9/18/2026 12:46:10 AM: Checked that all random comand line args are encrypted duration 245ms &#xD;
9/18/2026 12:46:11 AM: Loaded and decrypted random comand line args with ProtectedConfigurationBuilder duration 1228ms &#xD;
9/18/2026 12:46:11 AM: Checked that 100000 entries are equal duration 289ms</StdOut>
      </Output>
    </UnitTestResult>
    <UnitTestResult executionId="9fa1a3c4-c8d6-4c94-a7a1-cf3c80e86c0e" testId="b6fd352f-d0bb-6f9f-e8b5-484cb632db0b" testName="Fededim.Extensions.Configuration.Protected.DataProtectionAPITest.ReverseChainedPassthroughProtectProviderTest.RandomJsonFileTest(useJsonWithCommentFileProcessor: False)" computerName="runnervmvmocb" duration="00:00:23.2380000" startTime="2026-09-18T00:46:59.7620778+00:00" endTime="2026-09-18T00:46:59.7620778+00:00" testType="13cdc9d9-ddb5-4fa4-a97d-d965ccfc6d4b" outcome="Passed" testListId="8c84fa94-04c1-424b-9868-57a2d4851a1d" relativeResultsDirectory="9fa1a3c4-c8d6-4c94-a7a1-cf3c80e86c0e">
      <Output>
        <StdOut>9/18/2026 12:46:36 AM: Generating a random JSON file with 100000 keys, autogenerated strings max length 20 and autogenerated array max length 10...&#xD;
9/18/2026 12:46:39 AM: File location file://D:/a/Fededim.Extensions.Configuration.Protected/Fededim.Extensions.Configuration.Protected/Fededim.Extensions.Configuration.Protected.DataProtectionAPITest/bin/Release/net462/random_f7d8e7d9-8b33-490f-907b-cd7c6fb7bc5b.json&#xD;
9/18/2026 12:46:39 AM: Generated random JSON file (NumEntries 100000 NumValues 251345 size 62530 KB) duration 2548ms &#xD;
9/18/2026 12:46:45 AM: Encrypted random JSON file (NumEntries 100000 NumValues 251345 size 62917 KB) duration 6430ms &#xD;
9/18/2026 12:46:47 AM: Checked that all random JSON file is encrypted duration 1780ms &#xD;
9/18/2026 12:46:57 AM: Loaded and decrypted random JSON file with ProtectedConfigurationBuilder duration 00:00:10.5287491 &#xD;
9/18/2026 12:46:59 AM: Checked that 251345 entries are equal duration 1948ms</StdOut>
      </Output>
    </UnitTestResult>
  </Results>
  <TestDefinitions>
    <UnitTest name="Fededim.Extensions.Configuration.Protected.DataProtectionAPITest.ReverseChainedDataProtectionAPIProtectProviderTest.RandomCommandLineTest" storage="d:\a\fededim.extensions.configuration.protected\fededim.extensions.configuration.protected\fededim.extensions.configuration.protected.dataprotectionapitest\bin\release\net462\fededim.extensions.configuration.protected.dataprotectionapitest.dll" id="60df3619-3efb-dbb7-6212-6602ebf68f95">
      <Execution id="b4374192-ef82-4269-944f-f2386b195bc9" />
      <TestMethod codeBase="D:\a\Fededim.Extensions.Configuration.Protected\Fededim.Extensions.Configuration.Protected\Fededim.Extensions.Configuration.Protected.DataProtectionAPITest\bin\Release\net462\Fededim.Extensions.Configuration.Protected.DataProtectionAPITest.dll" adapterTypeName="executor://xunit/VsTestRunner2/net" className="Fededim.Extensions.Configuration.Protected.DataProtectionAPITest.ReverseChainedDataProtectionAPIProtectProviderTest" name="RandomCommandLineTest" />
    </UnitTest>
    <UnitTest name="Fededim.Extensions.Configuration.Protected.DataProtectionAPITest.DataProtectionAPIProtectProviderTest.RandomXmlFileTest" storage="d:\a\fededim.extensions.configuration.protected\fededim.extensions.configuration.protected\fededim.extensions.configuration.protected.dataprotectionapitest\bin\release\net462\fededim.extensions.configuration.protected.dataprotectionapitest.dll" id="97ac352b-e433-e531-3210-5b085419ca0a">
      <Execution id="504e1b38-4c5b-4b11-9204-52ac2ca2def2" />
      <TestMethod codeBase="D:\a\Fededim.Extensions.Configuration.Protected\Fededim.Extensions.Configuration.Protected\Fededim.Extensions.Configuration.Protected.DataProtectionAPITest\bin\Release\net462\Fededim.Extensions.Configuration.Protected.DataProtectionAPITest.dll" adapterTypeName="executor://xunit/VsTestRunner2/net" className="Fededim.Extensions.Configuration.Protected.DataProtectionAPITest.DataProtectionAPIProtectProviderTest" name="RandomXmlFileTest" />
    </UnitTest>
    <UnitTest name="Fededim.Extensions.Configuration.Protected.DataProtectionAPITest.PassthroughProtectProviderTest.RandomCommandLineTest" storage="d:\a\fededim.extensions.configuration.protected\fededim.extensions.configuration.protected\fededim.extensions.configuration.protected.dataprotectionapitest\bin\release\net462\fededim.extensions.configuration.protected.dataprotectionapitest.dll" id="53bdc893-11b6-05bf-6c05-1776c77b4125">
      <Execution id="b1721fff-cbb2-4261-9136-92674b328346" />
      <TestMethod codeBase="D:\a\Fededim.Extensions.Configuration.Protected\Fededim.Extensions.Configuration.Protected\Fededim.Extensions.Configuration.Protected.DataProtectionAPITest\bin\Release\net462\Fededim.Extensions.Configuration.Protected.DataProtectionAPITest.dll" adapterTypeName="executor://xunit/VsTestRunner2/net" className="Fededim.Extensions.Configuration.Protected.DataProtectionAPITest.PassthroughProtectProviderTest" name="RandomCommandLineTest" />
    </UnitTest>
    <UnitTest name="Fededim.Extensions.Configuration.Protected.DataProtectionAPITest.ReverseChainedPassthroughProtectProviderTest.RandomXmlFileTest" storage="d:\a\fededim.extensions.configuration.protected\fededim.extensions.configuration.protected\fededim.extensions.configuration.protected.dataprotectionapitest\bin\release\net462\fededim.extensions.configuration.protected.dataprotectionapitest.dll" id="dc307d4d-4502-7282-1f60-31615d2a0d24">
      <Execution id="ad1aec2e-1aa1-4bc7-9c98-57df159fb65f" />
      <TestMethod codeBase="D:\a\Fededim.Extensions.Configuration.Protected\Fededim.Extensions.Configuration.Protected\Fededim.Extensions.Configuration.Protected.DataProtectionAPITest\bin\Release\net462\Fededim.Extensions.Configuration.Protected.DataProtectionAPITest.dll" adapterTypeName="executor://xunit/VsTestRunner2/net" className="Fededim.Extensions.Configuration.Protected.DataProtectionAPITest.ReverseChainedPassthroughProtectProviderTest" name="RandomXmlFileTest" />
    </UnitTest>
    <UnitTest name="Fededim.Extensions.Configuration.Protected.DataProtectionAPITest.PassthroughProtectProviderTest.RandomJsonFileTest(useJsonWithCommentFileProcessor: True)" storage="d:\a\fededim.extensions.configuration.protected\fededim.extensions.configuration.protected\fededim.extensions.configuration.protected.dataprotectionapitest\bin\release\net462\fededim.extensions.configuration.protected.dataprotectionapitest.dll" id="cf0e5a6f-eacf-e1e6-8610-cf6ad43d699c">
      <Execution id="2f8bb68a-9256-4dad-b2f2-0369fcf80b8a" />
      <TestMethod codeBase="D:\a\Fededim.Extensions.Configuration.Protected\Fededim.Extensions.Configuration.Protected\Fededim.Extensions.Configuration.Protected.DataProtectionAPITest\bin\Release\net462\Fededim.Extensions.Configuration.Protected.DataProtectionAPITest.dll" adapterTypeName="executor://xunit/VsTestRunner2/net" className="Fededim.Extensions.Configuration.Protected.DataProtectionAPITest.PassthroughProtectProviderTest" name="RandomJsonFileTest" />
    </UnitTest>
    <UnitTest name="Fededim.Extensions.Configuration.Protected.DataProtectionAPITest.ReverseChainedDataProtectionAPIProtectProviderTest.RandomInMemoryDictionaryTest" storage="d:\a\fededim.extensions.configuration.protected\fededim.extensions.configuration.protected\fededim.extensions.configuration.protected.dataprotectionapitest\bin\release\net462\fededim.extensions.configuration.protected.dataprotectionapitest.dll" id="dbafd3c0-547c-f72c-7714-3310b3a28f6c">
      <Execution id="2a97fc13-1502-4960-ac85-a348a81b3c80" />
      <TestMethod codeBase="D:\a\Fededim.Extensions.Configuration.Protected\Fededim.Extensions.Configuration.Protected\Fededim.Extensions.Configuration.Protected.DataProtectionAPITest\bin\Release\net462\Fededim.Extensions.Configuration.Protected.DataProtectionAPITest.dll" adapterTypeName="executor://xunit/VsTestRunner2/net" className="Fededim.Extensions.Configuration.Protected.DataProtectionAPITest.ReverseChainedDataProtectionAPIProtectProviderTest" name="RandomInMemoryDictionaryTest" />
    </UnitTest>
    <UnitTest name="Fededim.Extensions.Configuration.Protected.DataProtectionAPITest.PassthroughProtectProviderTest.RandomXmlFileTest" storage="d:\a\fededim.extensions.configuration.protected\fededim.extensions.configuration.protected\fededim.extensions.configuration.protected.dataprotectionapitest\bin\release\net462\fededim.extensions.configuration.protected.dataprotectionapitest.dll" id="17c2c8ae-a50b-08a0-7c03-1289a54a7d68">
      <Execution id="718fd923-e37e-44ad-8d2e-c7fa12547556" />
      <TestMethod codeBase="D:\a\Fededim.Extensions.Configuration.Protected\Fededim.Extensions.Configuration.Protected\Fededim.Extensions.Configuration.Protected.DataProtectionAPITest\bin\Release\net462\Fededim.Extensions.Configuration.Protected.DataProtectionAPITest.dll" adapterTypeName="executor://xunit/VsTestRunner2/net" className="Fededim.Extensions.Configuration.Protected.DataProtectionAPITest.PassthroughProtectProviderTest" name="RandomXmlFileTest" />
    </UnitTest>
    <UnitTest name="Fededim.Extensions.Configuration.Protected.DataProtectionAPITest.ReverseChainedPassthroughProtectProviderTest.RandomEnvironmentVariablesTest" storage="d:\a\fededim.extensions.configuration.protected\fededim.extensions.configuration.protected\fededim.extensions.configuration.protected.dataprotectionapitest\bin\release\net462\fededim.extensions.configuration.protected.dataprotectionapitest.dll" id="fd694cea-f6eb-8b2a-be1c-cfd9341efde5">
      <Execution id="b615856c-f93e-4519-a7c9-b67f03325485" />
      <TestMethod codeBase="D:\a\Fededim.Extensions.Configuration.Protected\Fededim.Extensions.Configuration.Protected\Fededim.Extensions.Configuration.Protected.DataProtectionAPITest\bin\Release\net462\Fededim.Extensions.Configuration.Protected.DataProtectionAPITest.dll" adapterTypeName="executor://xunit/VsTestRunner2/net" className="Fededim.Extensions.Configuration.Protected.DataProtectionAPITest.ReverseChainedPassthroughProtectProviderTest" name="RandomEnvironmentVariablesTest" />
    </UnitTest>
    <UnitTest name="Fededim.Extensions.Configuration.Protected.DataProtectionAPITest.DataProtectionAPIProtectProviderTest.RandomInMemoryDictionaryTest" storage="d:\a\fededim.extensions.configuration.protected\fededim.extensions.configuration.protected\fededim.extensions.configuration.protected.dataprotectionapitest\bin\release\net462\fededim.extensions.configuration.protected.dataprotectionapitest.dll" id="a5b4138a-877c-581b-780d-3494b3972f17">
      <Execution id="006c6bcf-c942-4087-9aa3-18ee838c8db6" />
      <TestMethod codeBase="D:\a\Fededim.Extensions.Configuration.Protected\Fededim.Extensions.Configuration.Protected\Fededim.Extensions.Configuration.Protected.DataProtectionAPITest\bin\Release\net462\Fededim.Extensions.Configuration.Protected.DataProtectionAPITest.dll" adapterTypeName="executor://xunit/VsTestRunner2/net" className="Fededim.Extensions.Configuration.Protected.DataProtectionAPITest.DataProtectionAPIProtectProviderTest" name="RandomInMemoryDictionaryTest" />
    </UnitTest>
    <UnitTest name="Fededim.Extensions.Configuration.Protected.DataProtectionAPITest.PassthroughProtectProviderTest.RandomEnvironmentVariablesTest" storage="d:\a\fededim.extensions.configuration.protected\fededim.extensions.configuration.protected\fededim.extensions.configuration.protected.dataprotectionapitest\bin\release\net462\fededim.extensions.configuration.protected.dataprotectionapitest.dll" id="b51079a5-ff93-277c-c6d0-2b0eb1149993">
      <Execution id="a4202b99-3e8f-4407-99d8-b4e2b90d15b2" />
      <TestMethod codeBase="D:\a\Fededim.Extensions.Configuration.Protected\Fededim.Extensions.Configuration.Protected\Fededim.Extensions.Configuration.Protected.DataProtectionAPITest\bin\Release\net462\Fededim.Extensions.Configuration.Protected.DataProtectionAPITest.dll" adapterTypeName="executor://xunit/VsTestRunner2/net" className="Fededim.Extensions.Configuration.Protected.DataProtectionAPITest.PassthroughProtectProviderTest" name="RandomEnvironmentVariablesTest" />
    </UnitTest>
    <UnitTest name="Fededim.Extensions.Configuration.Protected.DataProtectionAPITest.ReverseChainedPassthroughProtectProviderTest.RandomJsonFileTest(useJsonWithCommentFileProcessor: True)" storage="d:\a\fededim.extensions.configuration.protected\fededim.extensions.configuration.protected\fededim.extensions.configuration.protected.dataprotectionapitest\bin\release\net462\fededim.extensions.configuration.protected.dataprotectionapitest.dll" id="b5fa2e2b-5ba5-fac3-aba2-27926978692e">
      <Execution id="d796459c-990a-4621-841c-6b34c01420de" />
      <TestMethod codeBase="D:\a\Fededim.Extensions.Configuration.Protected\Fededim.Extensions.Configuration.Protected\Fededim.Extensions.Configuration.Protected.DataProtectionAPITest\bin\Release\net462\Fededim.Extensions.Configuration.Protected.DataProtectionAPITest.dll" adapterTypeName="executor://xunit/VsTestRunner2/net" className="Fededim.Extensions.Configuration.Protected.DataProtectionAPITest.ReverseChainedPassthroughProtectProviderTest" name="RandomJsonFileTest" />
    </UnitTest>
    <UnitTest name="Fededim.Extensions.Configuration.Protected.DataProtectionAPITest.DataProtectionAPIProtectProviderTest.RandomEnvironmentVariablesTest" storage="d:\a\fededim.extensions.configuration.protected\fededim.extensions.configuration.protected\fededim.extensions.configuration.protected.dataprotectionapitest\bin\release\net462\fededim.extensions.configuration.protected.dataprotectionapitest.dll" id="f352b3e4-d8b2-0588-46bb-043afb7266c1">
      <Execution id="ed63d862-fa1e-444b-9edc-9578ee0dfe0a" />
      <TestMethod codeBase="D:\a\Fededim.Extensions.Configuration.Protected\Fededim.Extensions.Configuration.Protected\Fededim.Extensions.Configuration.Protected.DataProtectionAPITest\bin\Release\net462\Fededim.Extensions.Configuration.Protected.DataProtectionAPITest.dll" adapterTypeName="executor://xunit/VsTestRunner2/net" className="Fededim.Extensions.Configuration.Protected.DataProtectionAPITest.DataProtectionAPIProtectProviderTest" name="RandomEnvironmentVariablesTest" />
    </UnitTest>
    <UnitTest name="Fededim.Extensions.Configuration.Protected.DataProtectionAPITest.ReverseChainedPassthroughProtectProviderTest.RandomCommandLineTest" storage="d:\a\fededim.extensions.configuration.protected\fededim.extensions.configuration.protected\fededim.extensions.configuration.protected.dataprotectionapitest\bin\release\net462\fededim.extensions.configuration.protected.dataprotectionapitest.dll" id="21abf860-ed3d-2e49-4a1e-a39daf2ff1b2">
      <Execution id="68cf5753-9f62-4be0-bdf0-7dbde28c62e8" />
      <TestMethod codeBase="D:\a\Fededim.Extensions.Configuration.Protected\Fededim.Extensions.Configuration.Protected\Fededim.Extensions.Configuration.Protected.DataProtectionAPITest\bin\Release\net462\Fededim.Extensions.Configuration.Protected.DataProtectionAPITest.dll" adapterTypeName="executor://xunit/VsTestRunner2/net" className="Fededim.Extensions.Configuration.Protected.DataProtectionAPITest.ReverseChainedPassthroughProtectProviderTest" name="RandomCommandLineTest" />
    </UnitTest>
    <UnitTest name="Fededim.Extensions.Configuration.Protected.DataProtectionAPITest.DataProtectionAPIProtectProviderTest.RandomJsonFileTest(useJsonWithCommentFileProcessor: True)" storage="d:\a\fededim.extensions.configuration.protected\fededim.extensions.configuration.protected\fededim.extensions.configuration.protected.dataprotectionapitest\bin\release\net462\fededim.extensions.configuration.protected.dataprotectionapitest.dll" id="f6916fa8-7335-1ac2-9bd9-068ab445ecb1">
      <Execution id="e6219024-5f4a-428e-8151-764e1876e8fc" />
      <TestMethod codeBase="D:\a\Fededim.Extensions.Configuration.Protected\Fededim.Extensions.Configuration.Protected\Fededim.Extensions.Configuration.Protected.DataProtectionAPITest\bin\Release\net462\Fededim.Extensions.Configuration.Protected.DataProtectionAPITest.dll" adapterTypeName="executor://xunit/VsTestRunner2/net" className="Fededim.Extensions.Configuration.Protected.DataProtectionAPITest.DataProtectionAPIProtectProviderTest" name="RandomJsonFileTest" />
    </UnitTest>
    <UnitTest name="Fededim.Extensions.Configuration.Protected.DataProtectionAPITest.DataProtectionAPIProtectProviderTest.RandomCommandLineTest" storage="d:\a\fededim.extensions.configuration.protected\fededim.extensions.configuration.protected\fededim.extensions.configuration.protected.dataprotectionapitest\bin\release\net462\fededim.extensions.configuration.protected.dataprotectionapitest.dll" id="b9bf8ed7-522c-e76a-b80e-8d05fc5adc83">
      <Execution id="ebfa9751-e88b-4ee7-ae6e-a1d1326553f6" />
      <TestMethod codeBase="D:\a\Fededim.Extensions.Configuration.Protected\Fededim.Extensions.Configuration.Protected\Fededim.Extensions.Configuration.Protected.DataProtectionAPITest\bin\Release\net462\Fededim.Extensions.Configuration.Protected.DataProtectionAPITest.dll" adapterTypeName="executor://xunit/VsTestRunner2/net" className="Fededim.Extensions.Configuration.Protected.DataProtectionAPITest.DataProtectionAPIProtectProviderTest" name="RandomCommandLineTest" />
    </UnitTest>
    <UnitTest name="Fededim.Extensions.Configuration.Protected.DataProtectionAPITest.ReverseChainedDataProtectionAPIProtectProviderTest.RandomJsonFileTest(useJsonWithCommentFileProcessor: True)" storage="d:\a\fededim.extensions.configuration.protected\fededim.extensions.configuration.protected\fededim.extensions.configuration.protected.dataprotectionapitest\bin\release\net462\fededim.extensions.configuration.protected.dataprotectionapitest.dll" id="d2ec5ba7-d50b-7023-11ad-69c0b8299f4c">
      <Execution id="368c14ba-5a30-4b56-b0cc-2270d672de27" />
      <TestMethod codeBase="D:\a\Fededim.Extensions.Configuration.Protected\Fededim.Extensions.Configuration.Protected\Fededim.Extensions.Configuration.Protected.DataProtectionAPITest\bin\Release\net462\Fededim.Extensions.Configuration.Protected.DataProtectionAPITest.dll" adapterTypeName="executor://xunit/VsTestRunner2/net" className="Fededim.Extensions.Configuration.Protected.DataProtectionAPITest.ReverseChainedDataProtectionAPIProtectProviderTest" name="RandomJsonFileTest" />
    </UnitTest>
    <UnitTest name="Fededim.Extensions.Configuration.Protected.DataProtectionAPITest.PassthroughProtectProviderTest.RandomJsonFileTest(useJsonWithCommentFileProcessor: False)" storage="d:\a\fededim.extensions.configuration.protected\fededim.extensions.configuration.protected\fededim.extensions.configuration.protected.dataprotectionapitest\bin\release\net462\fededim.extensions.configuration.protected.dataprotectionapitest.dll" id="ade5454d-acc1-63ed-986a-ba08d0a9b3c4">
      <Execution id="59af171f-1fcd-4e7a-b0ad-4af7e8aa4099" />
      <TestMethod codeBase="D:\a\Fededim.Extensions.Configuration.Protected\Fededim.Extensions.Configuration.Protected\Fededim.Extensions.Configuration.Protected.DataProtectionAPITest\bin\Release\net462\Fededim.Extensions.Configuration.Protected.DataProtectionAPITest.dll" adapterTypeName="executor://xunit/VsTestRunner2/net" className="Fededim.Extensions.Configuration.Protected.DataProtectionAPITest.PassthroughProtectProviderTest" name="RandomJsonFileTest" />
    </UnitTest>
    <UnitTest name="Fededim.Extensions.Configuration.Protected.DataProtectionAPITest.ReverseChainedPassthroughProtectProviderTest.RandomJsonFileTest(useJsonWithCommentFileProcessor: False)" storage="d:\a\fededim.extensions.configuration.protected\fededim.extensions.configuration.protected\fededim.extensions.configuration.protected.dataprotectionapitest\bin\release\net462\fededim.extensions.configuration.protected.dataprotectionapitest.dll" id="b6fd352f-d0bb-6f9f-e8b5-484cb632db0b">
      <Execution id="9fa1a3c4-c8d6-4c94-a7a1-cf3c80e86c0e" />
      <TestMethod codeBase="D:\a\Fededim.Extensions.Configuration.Protected\Fededim.Extensions.Configuration.Protected\Fededim.Extensions.Configuration.Protected.DataProtectionAPITest\bin\Release\net462\Fededim.Extensions.Configuration.Protected.DataProtectionAPITest.dll" adapterTypeName="executor://xunit/VsTestRunner2/net" className="Fededim.Extensions.Configuration.Protected.DataProtectionAPITest.ReverseChainedPassthroughProtectProviderTest" name="RandomJsonFileTest" />
    </UnitTest>
    <UnitTest name="Fededim.Extensions.Configuration.Protected.DataProtectionAPITest.DataProtectionAPIProtectProviderTest.RandomJsonFileTest(useJsonWithCommentFileProcessor: False)" storage="d:\a\fededim.extensions.configuration.protected\fededim.extensions.configuration.protected\fededim.extensions.configuration.protected.dataprotectionapitest\bin\release\net462\fededim.extensions.configuration.protected.dataprotectionapitest.dll" id="215bdca5-d044-0fe3-ab3a-2e4442ce76c5">
      <Execution id="b4f7ebb5-543f-43ca-8a2a-0fbb027d514d" />
      <TestMethod codeBase="D:\a\Fededim.Extensions.Configuration.Protected\Fededim.Extensions.Configuration.Protected\Fededim.Extensions.Configuration.Protected.DataProtectionAPITest\bin\Release\net462\Fededim.Extensions.Configuration.Protected.DataProtectionAPITest.dll" adapterTypeName="executor://xunit/VsTestRunner2/net" className="Fededim.Extensions.Configuration.Protected.DataProtectionAPITest.DataProtectionAPIProtectProviderTest" name="RandomJsonFileTest" />
    </UnitTest>
    <UnitTest name="Fededim.Extensions.Configuration.Protected.DataProtectionAPITest.ReverseChainedPassthroughProtectProviderTest.RandomInMemoryDictionaryTest" storage="d:\a\fededim.extensions.configuration.protected\fededim.extensions.configuration.protected\fededim.extensions.configuration.protected.dataprotectionapitest\bin\release\net462\fededim.extensions.configuration.protected.dataprotectionapitest.dll" id="c54c3964-5bef-c878-d4a0-6c44caf97732">
      <Execution id="fb188436-24a2-4417-bfb2-5ce3b33f7b88" />
      <TestMethod codeBase="D:\a\Fededim.Extensions.Configuration.Protected\Fededim.Extensions.Configuration.Protected\Fededim.Extensions.Configuration.Protected.DataProtectionAPITest\bin\Release\net462\Fededim.Extensions.Configuration.Protected.DataProtectionAPITest.dll" adapterTypeName="executor://xunit/VsTestRunner2/net" className="Fededim.Extensions.Configuration.Protected.DataProtectionAPITest.ReverseChainedPassthroughProtectProviderTest" name="RandomInMemoryDictionaryTest" />
    </UnitTest>
    <UnitTest name="Fededim.Extensions.Configuration.Protected.DataProtectionAPITest.ReverseChainedDataProtectionAPIProtectProviderTest.RandomJsonFileTest(useJsonWithCommentFileProcessor: False)" storage="d:\a\fededim.extensions.configuration.protected\fededim.extensions.configuration.protected\fededim.extensions.configuration.protected.dataprotectionapitest\bin\release\net462\fededim.extensions.configuration.protected.dataprotectionapitest.dll" id="83d9d3b3-01c1-e554-7b15-bf5199894c8f">
      <Execution id="71ab9359-5fed-4455-b132-53e8b008b081" />
      <TestMethod codeBase="D:\a\Fededim.Extensions.Configuration.Protected\Fededim.Extensions.Configuration.Protected\Fededim.Extensions.Configuration.Protected.DataProtectionAPITest\bin\Release\net462\Fededim.Extensions.Configuration.Protected.DataProtectionAPITest.dll" adapterTypeName="executor://xunit/VsTestRunner2/net" className="Fededim.Extensions.Configuration.Protected.DataProtectionAPITest.ReverseChainedDataProtectionAPIProtectProviderTest" name="RandomJsonFileTest" />
    </UnitTest>
    <UnitTest name="Fededim.Extensions.Configuration.Protected.DataProtectionAPITest.ReverseChainedDataProtectionAPIProtectProviderTest.RandomEnvironmentVariablesTest" storage="d:\a\fededim.extensions.configuration.protected\fededim.extensions.configuration.protected\fededim.extensions.configuration.protected.dataprotectionapitest\bin\release\net462\fededim.extensions.configuration.protected.dataprotectionapitest.dll" id="f4974d5b-c288-bf3b-c0f6-abb4edc5d313">
      <Execution id="e9ad00c9-7b56-4a5d-9e57-540da94bcf5b" />
      <TestMethod codeBase="D:\a\Fededim.Extensions.Configuration.Protected\Fededim.Extensions.Configuration.Protected\Fededim.Extensions.Configuration.Protected.DataProtectionAPITest\bin\Release\net462\Fededim.Extensions.Configuration.Protected.DataProtectionAPITest.dll" adapterTypeName="executor://xunit/VsTestRunner2/net" className="Fededim.Extensions.Configuration.Protected.DataProtectionAPITest.ReverseChainedDataProtectionAPIProtectProviderTest" name="RandomEnvironmentVariablesTest" />
    </UnitTest>
    <UnitTest name="Fededim.Extensions.Configuration.Protected.DataProtectionAPITest.ReverseChainedDataProtectionAPIProtectProviderTest.RandomXmlFileTest" storage="d:\a\fededim.extensions.configuration.protected\fededim.extensions.configuration.protected\fededim.extensions.configuration.protected.dataprotectionapitest\bin\release\net462\fededim.extensions.configuration.protected.dataprotectionapitest.dll" id="efb735a9-3ad5-1771-1fbc-4b718376ccc7">
      <Execution id="9dc3373f-7aff-4aac-967c-d278ef8507b5" />
      <TestMethod codeBase="D:\a\Fededim.Extensions.Configuration.Protected\Fededim.Extensions.Configuration.Protected\Fededim.Extensions.Configuration.Protected.DataProtectionAPITest\bin\Release\net462\Fededim.Extensions.Configuration.Protected.DataProtectionAPITest.dll" adapterTypeName="executor://xunit/VsTestRunner2/net" className="Fededim.Extensions.Configuration.Protected.DataProtectionAPITest.ReverseChainedDataProtectionAPIProtectProviderTest" name="RandomXmlFileTest" />
    </UnitTest>
    <UnitTest name="Fededim.Extensions.Configuration.Protected.DataProtectionAPITest.PassthroughProtectProviderTest.RandomInMemoryDictionaryTest" storage="d:\a\fededim.extensions.configuration.protected\fededim.extensions.configuration.protected\fededim.extensions.configuration.protected.dataprotectionapitest\bin\release\net462\fededim.extensions.configuration.protected.dataprotectionapitest.dll" id="20fa24cf-117e-2734-ecaa-01279073fded">
      <Execution id="02b8aa36-8a00-4c19-bbf2-04b11f57aa81" />
      <TestMethod codeBase="D:\a\Fededim.Extensions.Configuration.Protected\Fededim.Extensions.Configuration.Protected\Fededim.Extensions.Configuration.Protected.DataProtectionAPITest\bin\Release\net462\Fededim.Extensions.Configuration.Protected.DataProtectionAPITest.dll" adapterTypeName="executor://xunit/VsTestRunner2/net" className="Fededim.Extensions.Configuration.Protected.DataProtectionAPITest.PassthroughProtectProviderTest" name="RandomInMemoryDictionaryTest" />
    </UnitTest>
  </TestDefinitions>
  <TestEntries>
    <TestEntry testId="fd694cea-f6eb-8b2a-be1c-cfd9341efde5" executionId="b615856c-f93e-4519-a7c9-b67f03325485" testListId="8c84fa94-04c1-424b-9868-57a2d4851a1d" />
    <TestEntry testId="b5fa2e2b-5ba5-fac3-aba2-27926978692e" executionId="d796459c-990a-4621-841c-6b34c01420de" testListId="8c84fa94-04c1-424b-9868-57a2d4851a1d" />
    <TestEntry testId="b51079a5-ff93-277c-c6d0-2b0eb1149993" executionId="a4202b99-3e8f-4407-99d8-b4e2b90d15b2" testListId="8c84fa94-04c1-424b-9868-57a2d4851a1d" />
    <TestEntry testId="f352b3e4-d8b2-0588-46bb-043afb7266c1" executionId="ed63d862-fa1e-444b-9edc-9578ee0dfe0a" testListId="8c84fa94-04c1-424b-9868-57a2d4851a1d" />
    <TestEntry testId="cf0e5a6f-eacf-e1e6-8610-cf6ad43d699c" executionId="2f8bb68a-9256-4dad-b2f2-0369fcf80b8a" testListId="8c84fa94-04c1-424b-9868-57a2d4851a1d" />
    <TestEntry testId="60df3619-3efb-dbb7-6212-6602ebf68f95" executionId="b4374192-ef82-4269-944f-f2386b195bc9" testListId="8c84fa94-04c1-424b-9868-57a2d4851a1d" />
    <TestEntry testId="97ac352b-e433-e531-3210-5b085419ca0a" executionId="504e1b38-4c5b-4b11-9204-52ac2ca2def2" testListId="8c84fa94-04c1-424b-9868-57a2d4851a1d" />
    <TestEntry testId="dbafd3c0-547c-f72c-7714-3310b3a28f6c" executionId="2a97fc13-1502-4960-ac85-a348a81b3c80" testListId="8c84fa94-04c1-424b-9868-57a2d4851a1d" />
    <TestEntry testId="f4974d5b-c288-bf3b-c0f6-abb4edc5d313" executionId="e9ad00c9-7b56-4a5d-9e57-540da94bcf5b" testListId="8c84fa94-04c1-424b-9868-57a2d4851a1d" />
    <TestEntry testId="17c2c8ae-a50b-08a0-7c03-1289a54a7d68" executionId="718fd923-e37e-44ad-8d2e-c7fa12547556" testListId="8c84fa94-04c1-424b-9868-57a2d4851a1d" />
    <TestEntry testId="ade5454d-acc1-63ed-986a-ba08d0a9b3c4" executionId="59af171f-1fcd-4e7a-b0ad-4af7e8aa4099" testListId="8c84fa94-04c1-424b-9868-57a2d4851a1d" />
    <TestEntry testId="53bdc893-11b6-05bf-6c05-1776c77b4125" executionId="b1721fff-cbb2-4261-9136-92674b328346" testListId="8c84fa94-04c1-424b-9868-57a2d4851a1d" />
    <TestEntry testId="c54c3964-5bef-c878-d4a0-6c44caf97732" executionId="fb188436-24a2-4417-bfb2-5ce3b33f7b88" testListId="8c84fa94-04c1-424b-9868-57a2d4851a1d" />
    <TestEntry testId="d2ec5ba7-d50b-7023-11ad-69c0b8299f4c" executionId="368c14ba-5a30-4b56-b0cc-2270d672de27" testListId="8c84fa94-04c1-424b-9868-57a2d4851a1d" />
    <TestEntry testId="215bdca5-d044-0fe3-ab3a-2e4442ce76c5" executionId="b4f7ebb5-543f-43ca-8a2a-0fbb027d514d" testListId="8c84fa94-04c1-424b-9868-57a2d4851a1d" />
    <TestEntry testId="efb735a9-3ad5-1771-1fbc-4b718376ccc7" executionId="9dc3373f-7aff-4aac-967c-d278ef8507b5" testListId="8c84fa94-04c1-424b-9868-57a2d4851a1d" />
    <TestEntry testId="a5b4138a-877c-581b-780d-3494b3972f17" executionId="006c6bcf-c942-4087-9aa3-18ee838c8db6" testListId="8c84fa94-04c1-424b-9868-57a2d4851a1d" />
    <TestEntry testId="f6916fa8-7335-1ac2-9bd9-068ab445ecb1" executionId="e6219024-5f4a-428e-8151-764e1876e8fc" testListId="8c84fa94-04c1-424b-9868-57a2d4851a1d" />
    <TestEntry testId="b9bf8ed7-522c-e76a-b80e-8d05fc5adc83" executionId="ebfa9751-e88b-4ee7-ae6e-a1d1326553f6" testListId="8c84fa94-04c1-424b-9868-57a2d4851a1d" />
    <TestEntry testId="dc307d4d-4502-7282-1f60-31615d2a0d24" executionId="ad1aec2e-1aa1-4bc7-9c98-57df159fb65f" testListId="8c84fa94-04c1-424b-9868-57a2d4851a1d" />
    <TestEntry testId="83d9d3b3-01c1-e554-7b15-bf5199894c8f" executionId="71ab9359-5fed-4455-b132-53e8b008b081" testListId="8c84fa94-04c1-424b-9868-57a2d4851a1d" />
    <TestEntry testId="20fa24cf-117e-2734-ecaa-01279073fded" executionId="02b8aa36-8a00-4c19-bbf2-04b11f57aa81" testListId="8c84fa94-04c1-424b-9868-57a2d4851a1d" />
    <TestEntry testId="21abf860-ed3d-2e49-4a1e-a39daf2ff1b2" executionId="68cf5753-9f62-4be0-bdf0-7dbde28c62e8" testListId="8c84fa94-04c1-424b-9868-57a2d4851a1d" />
    <TestEntry testId="b6fd352f-d0bb-6f9f-e8b5-484cb632db0b" executionId="9fa1a3c4-c8d6-4c94-a7a1-cf3c80e86c0e" testListId="8c84fa94-04c1-424b-9868-57a2d4851a1d" />
  </TestEntries>
  <TestLists>
    <TestList name="Results Not in a List" id="8c84fa94-04c1-424b-9868-57a2d4851a1d" />
    <TestList name="All Loaded Results" id="19431567-8539-422a-85d7-44ee4e166bda" />
  </TestLists>
  <ResultSummary outcome="Completed">
    <Counters total="24" executed="24" passed="24" failed="0" error="0" timeout="0" aborted="0" inconclusive="0" passedButRunAborted="0" notRunnable="0" notExecuted="0" disconnected="0" warning="0" completed="0" inProgress="0" pending="0" />
    <Output>
      <StdOut>[xUnit.net 00:00:00.02] xUnit.net VSTest Adapter v2.8.2+699d445a1a (64-bit .NET Framework 4.8.9337.0)&#xD;
[xUnit.net 00:00:00.64]   Discovering: Fededim.Extensions.Configuration.Protected.DataProtectionAPITest&#xD;
[xUnit.net 00:00:00.82]   Discovered:  Fededim.Extensions.Configuration.Protected.DataProtectionAPITest&#xD;
[xUnit.net 00:00:00.83]   Starting:    Fededim.Extensions.Configuration.Protected.DataProtectionAPITest&#xD;
[xUnit.net 00:02:03.58]   Finished:    Fededim.Extensions.Configuration.Protected.DataProtectionAPITest&#xD;
</StdOut>
    </Output>
  </ResultSummary>
</TestRun>