<?xml version="1.0" encoding="utf-8"?>
<TestRun id="a3a0949f-9571-4207-b2f9-4dd8301b2a06" name="runneradmin@runnervmj2eup 2025-08-27 01:15:27" runUser="runnervmj2eup\runneradmin" xmlns="http://microsoft.com/schemas/VisualStudio/TeamTest/2010">
  <Times creation="2025-08-27T01:15:27.4257134+00:00" queuing="2025-08-27T01:15:27.4257136+00:00" start="2025-08-27T01:15:17.0814028+00:00" finish="2025-08-27T01:17:37.0286596+00:00" />
  <TestSettings name="default" id="53c65f1f-4894-4799-89ca-c55121d1282a">
    <Deployment runDeploymentRoot="runneradmin_runnervmj2eup_2025-08-27_01_15_27" />
  </TestSettings>
  <Results>
    <UnitTestResult executionId="cd1b9df2-79fc-48ca-b275-ad8caba89647" testId="623fedfb-c200-d700-a583-c0520c9fd7be" testName="Fededim.Extensions.Configuration.Protected.DataProtectionAPITest.PassthroughProtectProviderTest.RandomInMemoryDictionaryTest" computerName="runnervmj2eup" duration="00:00:04.0202840" startTime="2025-08-27T01:16:27.6205532+00:00" endTime="2025-08-27T01:16:27.6205536+00:00" testType="13cdc9d9-ddb5-4fa4-a97d-d965ccfc6d4b" outcome="Passed" testListId="8c84fa94-04c1-424b-9868-57a2d4851a1d" relativeResultsDirectory="cd1b9df2-79fc-48ca-b275-ad8caba89647">
      <Output>
        <StdOut>8/27/2025 1:16:23 AM: Generating a random in-memory dictionary with 100000 keys, autogenerated strings max length 20 and autogenerated array max length 10...&#xD;
8/27/2025 1:16:24 AM: Starting test...&#xD;
8/27/2025 1:16:24 AM: Generated random in-memory dictionary (NumEntries 100000 NumValues 249763) duration 735ms &#xD;
8/27/2025 1:16:26 AM: Encrypted random in-memory dictionary duration 1825ms &#xD;
8/27/2025 1:16:26 AM: Checked that all random in-memory dictionary is encrypted duration 51ms &#xD;
8/27/2025 1:16:27 AM: Loaded and decrypted random in-memory dictionary with ProtectedConfigurationBuilder duration 1361ms &#xD;
8/27/2025 1:16:27 AM: Checked that 100000 entries are equal duration 45ms</StdOut>
      </Output>
    </UnitTestResult>
    <UnitTestResult executionId="6756128e-33ed-4431-b188-6a792131e145" testId="cab792d5-caf7-94cb-7dd5-8cd2bf26d466" testName="Fededim.Extensions.Configuration.Protected.DataProtectionAPITest.DataProtectionAPIProtectProviderTest.RandomXmlFileTest" computerName="runnervmj2eup" duration="00:00:23.6904423" startTime="2025-08-27T01:17:31.0231007+00:00" endTime="2025-08-27T01:17:31.0231010+00:00" testType="13cdc9d9-ddb5-4fa4-a97d-d965ccfc6d4b" outcome="Passed" testListId="8c84fa94-04c1-424b-9868-57a2d4851a1d" relativeResultsDirectory="6756128e-33ed-4431-b188-6a792131e145">
      <Output>
        <StdOut>8/27/2025 1:17:07 AM: Generating a random XML file with 100000 keys, autogenerated strings max length 20 and autogenerated array max length 10...&#xD;
8/27/2025 1:17:12 AM: File location file://D:/a/Fededim.Extensions.Configuration.Protected/Fededim.Extensions.Configuration.Protected/Fededim.Extensions.Configuration.Protected.DataProtectionAPITest/bin/Release/net8.0/random_ca1e9e94-201d-4c55-a9b8-4a9bd6dc2c75.xml&#xD;
8/27/2025 1:17:12 AM: Generated random XML file (NumEntries 100000 NumValues 249727 size 65756 KB) duration 5326ms &#xD;
8/27/2025 1:17:19 AM: Encrypted random XML file (NumEntries 100000 NumValues 249727 size 92077 KB) duration 6670ms &#xD;
8/27/2025 1:17:22 AM: Checked that all random XML file is encrypted duration 2779ms &#xD;
8/27/2025 1:17:30 AM: Loaded and decrypted random XML file with ProtectedConfigurationBuilder duration 8646ms &#xD;
8/27/2025 1:17:31 AM: Checked that 202008 entries are equal duration 262ms</StdOut>
      </Output>
    </UnitTestResult>
    <UnitTestResult executionId="5c1063da-be05-4c96-98bc-04369f161478" testId="babc18e0-52be-6076-7768-76d0c302f279" testName="Fededim.Extensions.Configuration.Protected.DataProtectionAPITest.PassthroughProtectProviderTest.RandomJsonFileTest(useJsonWithCommentFileProcessor: False)" computerName="runnervmj2eup" duration="00:00:23.4529918" startTime="2025-08-27T01:16:51.1084557+00:00" endTime="2025-08-27T01:16:51.1084562+00:00" testType="13cdc9d9-ddb5-4fa4-a97d-d965ccfc6d4b" outcome="Passed" testListId="8c84fa94-04c1-424b-9868-57a2d4851a1d" relativeResultsDirectory="5c1063da-be05-4c96-98bc-04369f161478">
      <Output>
        <StdOut>8/27/2025 1:16:27 AM: Generating a random JSON file with 100000 keys, autogenerated strings max length 20 and autogenerated array max length 10...&#xD;
8/27/2025 1:16:29 AM: File location file://D:/a/Fededim.Extensions.Configuration.Protected/Fededim.Extensions.Configuration.Protected/Fededim.Extensions.Configuration.Protected.DataProtectionAPITest/bin/Release/net8.0/random_f7515073-402c-4b96-9800-8cdb47751883.json&#xD;
8/27/2025 1:16:29 AM: Generated random JSON file (NumEntries 100000 NumValues 250564 size 65130 KB) duration 1586ms &#xD;
8/27/2025 1:16:34 AM: Encrypted random JSON file (NumEntries 100000 NumValues 250564 size 65516 KB) duration 5305ms &#xD;
8/27/2025 1:16:36 AM: Checked that all random JSON file is encrypted duration 1679ms &#xD;
8/27/2025 1:16:49 AM: Loaded and decrypted random JSON file with ProtectedConfigurationBuilder duration 00:00:13.4409458 &#xD;
8/27/2025 1:16:51 AM: Checked that 250564 entries are equal duration 1440ms</StdOut>
      </Output>
    </UnitTestResult>
    <UnitTestResult executionId="5c3caecd-6d0a-4f6d-a42e-c8cc621aa90e" testId="6c6badd8-2315-c41e-9745-b2cf4b1a628a" testName="Fededim.Extensions.Configuration.Protected.DataProtectionAPITest.ReverseChainedDataProtectionAPIProtectProviderTest.RandomEnvironmentVariablesTest" computerName="runnervmj2eup" duration="00:00:02.7797677" startTime="2025-08-27T01:17:31.7256228+00:00" endTime="2025-08-27T01:17:31.7256231+00:00" testType="13cdc9d9-ddb5-4fa4-a97d-d965ccfc6d4b" outcome="Passed" testListId="8c84fa94-04c1-424b-9868-57a2d4851a1d" relativeResultsDirectory="5c3caecd-6d0a-4f6d-a42e-c8cc621aa90e">
      <Output>
        <StdOut>8/27/2025 1:17:28 AM: Generating a random environment variables 100000 keys, autogenerated strings max length 20 and autogenerated array max length 10...&#xD;
8/27/2025 1:17:29 AM: Starting test...&#xD;
8/27/2025 1:17:29 AM: Generated random environment variables (NumEntries 2000 NumValues 5115 TID 16, note that Windows has a maximum size of 32KB for all environment variables, so not all 100000 keys could be created) duration 860ms &#xD;
8/27/2025 1:17:30 AM: Encrypted random environment variables duration 1095ms &#xD;
8/27/2025 1:17:30 AM: Checked that all random environment variables are encrypted duration 16ms &#xD;
8/27/2025 1:17:30 AM: Loaded and decrypted random environment variables with ProtectedConfigurationBuilder duration 35ms &#xD;
8/27/2025 1:17:30 AM: Checked that 1609 entries are equal duration 2ms</StdOut>
      </Output>
    </UnitTestResult>
    <UnitTestResult executionId="76d75525-b3cb-416e-888e-fa06b6d794ec" testId="c47730a9-5677-c354-72b2-3037781cbdf4" testName="Fededim.Extensions.Configuration.Protected.DataProtectionAPITest.ReverseChainedPassthroughProtectProviderTest.RandomJsonFileTest(useJsonWithCommentFileProcessor: True)" computerName="runnervmj2eup" duration="00:00:41.9294435" startTime="2025-08-27T01:16:12.9036744+00:00" endTime="2025-08-27T01:16:12.9036747+00:00" testType="13cdc9d9-ddb5-4fa4-a97d-d965ccfc6d4b" outcome="Passed" testListId="8c84fa94-04c1-424b-9868-57a2d4851a1d" relativeResultsDirectory="76d75525-b3cb-416e-888e-fa06b6d794ec">
      <Output>
        <StdOut>8/27/2025 1:15:30 AM: Generating a random JSON file with 100000 keys, autogenerated strings max length 20 and autogenerated array max length 10...&#xD;
8/27/2025 1:15:37 AM: File location file://D:/a/Fededim.Extensions.Configuration.Protected/Fededim.Extensions.Configuration.Protected/Fededim.Extensions.Configuration.Protected.DataProtectionAPITest/bin/Release/net8.0/random_b34a9910-648e-424f-8ec3-bfa45c102cc5.json&#xD;
8/27/2025 1:15:37 AM: Generated random JSON file (NumEntries 100000 NumValues 250014 size 59733 KB) duration 6236ms &#xD;
8/27/2025 1:15:47 AM: Encrypted random JSON file (NumEntries 100000 NumValues 250014 size 60118 KB) duration 00:00:10.2803650 &#xD;
8/27/2025 1:15:53 AM: Checked that all random JSON file is encrypted duration 6071ms &#xD;
8/27/2025 1:16:11 AM: Loaded and decrypted random JSON file with ProtectedConfigurationBuilder duration 00:00:18.2751790 &#xD;
8/27/2025 1:16:12 AM: Checked that 250014 entries are equal duration 1065ms</StdOut>
      </Output>
    </UnitTestResult>
    <UnitTestResult executionId="1b7b49ea-9349-47a1-92cc-366a71f82501" testId="94ea7642-4083-0632-dcd9-b9fdbebb7fc1" testName="Fededim.Extensions.Configuration.Protected.DataProtectionAPITest.PassthroughProtectProviderTest.RandomJsonFileTest(useJsonWithCommentFileProcessor: True)" computerName="runnervmj2eup" duration="00:00:15.9714746" startTime="2025-08-27T01:17:07.0298786+00:00" endTime="2025-08-27T01:17:07.0298789+00:00" testType="13cdc9d9-ddb5-4fa4-a97d-d965ccfc6d4b" outcome="Passed" testListId="8c84fa94-04c1-424b-9868-57a2d4851a1d" relativeResultsDirectory="1b7b49ea-9349-47a1-92cc-366a71f82501">
      <Output>
        <StdOut>8/27/2025 1:16:51 AM: Generating a random JSON file with 100000 keys, autogenerated strings max length 20 and autogenerated array max length 10...&#xD;
8/27/2025 1:16:52 AM: File location file://D:/a/Fededim.Extensions.Configuration.Protected/Fededim.Extensions.Configuration.Protected/Fededim.Extensions.Configuration.Protected.DataProtectionAPITest/bin/Release/net8.0/random_a6d10df1-8573-429f-8570-c79d7e8f36e1.json&#xD;
8/27/2025 1:16:52 AM: Generated random JSON file (NumEntries 100000 NumValues 250385 size 60378 KB) duration 1487ms &#xD;
8/27/2025 1:16:58 AM: Encrypted random JSON file (NumEntries 100000 NumValues 250385 size 60763 KB) duration 6193ms &#xD;
8/27/2025 1:16:59 AM: Checked that all random JSON file is encrypted duration 776ms &#xD;
8/27/2025 1:17:06 AM: Loaded and decrypted random JSON file with ProtectedConfigurationBuilder duration 6849ms &#xD;
8/27/2025 1:17:07 AM: Checked that 250385 entries are equal duration 664ms</StdOut>
      </Output>
    </UnitTestResult>
    <UnitTestResult executionId="f74ebf91-d826-416f-a3a6-3ab77bcb0c03" testId="40bc2ee2-12b8-c08c-ad81-e8c0efee775c" testName="Fededim.Extensions.Configuration.Protected.DataProtectionAPITest.DataProtectionAPIProtectProviderTest.RandomJsonFileTest(useJsonWithCommentFileProcessor: True)" computerName="runnervmj2eup" duration="00:00:49.5254429" startTime="2025-08-27T01:16:37.1395038+00:00" endTime="2025-08-27T01:16:37.1395041+00:00" testType="13cdc9d9-ddb5-4fa4-a97d-d965ccfc6d4b" outcome="Passed" testListId="8c84fa94-04c1-424b-9868-57a2d4851a1d" relativeResultsDirectory="f74ebf91-d826-416f-a3a6-3ab77bcb0c03">
      <Output>
        <StdOut>8/27/2025 1:15:47 AM: Generating a random JSON file with 100000 keys, autogenerated strings max length 20 and autogenerated array max length 10...&#xD;
8/27/2025 1:15:53 AM: File location file://D:/a/Fededim.Extensions.Configuration.Protected/Fededim.Extensions.Configuration.Protected/Fededim.Extensions.Configuration.Protected.DataProtectionAPITest/bin/Release/net8.0/random_8f554eb5-eb42-4e78-8639-7b5a1e5db814.json&#xD;
8/27/2025 1:15:53 AM: Generated random JSON file (NumEntries 100000 NumValues 250680 size 56606 KB) duration 6317ms &#xD;
8/27/2025 1:16:15 AM: Encrypted random JSON file (NumEntries 100000 NumValues 250680 size 82745 KB) duration 00:00:21.3102566 &#xD;
8/27/2025 1:16:16 AM: Checked that all random JSON file is encrypted duration 1623ms &#xD;
8/27/2025 1:16:35 AM: Loaded and decrypted random JSON file with ProtectedConfigurationBuilder duration 00:00:18.8324808 &#xD;
8/27/2025 1:16:37 AM: Checked that 250680 entries are equal duration 1440ms</StdOut>
      </Output>
    </UnitTestResult>
    <UnitTestResult executionId="a9ddf12c-ea62-4d66-b6c4-1197a1cfb487" testId="f63be0dc-1fac-0d73-eab5-ec6ea7cf7b08" testName="Fededim.Extensions.Configuration.Protected.DataProtectionAPITest.DataProtectionAPIProtectProviderTest.RandomCommandLineTest" computerName="runnervmj2eup" duration="00:00:03.4039112" startTime="2025-08-27T01:17:34.4268707+00:00" endTime="2025-08-27T01:17:34.4268711+00:00" testType="13cdc9d9-ddb5-4fa4-a97d-d965ccfc6d4b" outcome="Passed" testListId="8c84fa94-04c1-424b-9868-57a2d4851a1d" relativeResultsDirectory="a9ddf12c-ea62-4d66-b6c4-1197a1cfb487">
      <Output>
        <StdOut>8/27/2025 1:17:31 AM: Generating a random command line arguments with 100000 keys, autogenerated strings max length 20 and autogenerated array max length 10...&#xD;
8/27/2025 1:17:31 AM: Starting test...&#xD;
8/27/2025 1:17:31 AM: Generated random comand line args (NumEntries 100000 NumValues 249537) duration 185ms &#xD;
8/27/2025 1:17:32 AM: Encrypted random comand line args duration 1187ms &#xD;
8/27/2025 1:17:32 AM: Checked that all random comand line args are encrypted duration 38ms &#xD;
8/27/2025 1:17:34 AM: Loaded and decrypted random comand line args with ProtectedConfigurationBuilder duration 1789ms &#xD;
8/27/2025 1:17:34 AM: Checked that 100000 entries are equal duration 52ms</StdOut>
      </Output>
    </UnitTestResult>
    <UnitTestResult executionId="592d6bd7-7415-4f68-be60-bba841eb7833" testId="69d8f2d8-3562-2bf4-0a5e-c226f303d955" testName="Fededim.Extensions.Configuration.Protected.DataProtectionAPITest.ReverseChainedPassthroughProtectProviderTest.RandomInMemoryDictionaryTest" computerName="runnervmj2eup" duration="00:00:03.7879281" startTime="2025-08-27T01:15:27.3830287+00:00" endTime="2025-08-27T01:15:27.3830521+00:00" testType="13cdc9d9-ddb5-4fa4-a97d-d965ccfc6d4b" outcome="Passed" testListId="8c84fa94-04c1-424b-9868-57a2d4851a1d" relativeResultsDirectory="592d6bd7-7415-4f68-be60-bba841eb7833">
      <Output>
        <StdOut>8/27/2025 1:15:23 AM: Generating a random in-memory dictionary with 100000 keys, autogenerated strings max length 20 and autogenerated array max length 10...&#xD;
8/27/2025 1:15:24 AM: Starting test...&#xD;
8/27/2025 1:15:24 AM: Generated random in-memory dictionary (NumEntries 100000 NumValues 250142) duration 918ms &#xD;
8/27/2025 1:15:26 AM: Encrypted random in-memory dictionary duration 1592ms &#xD;
8/27/2025 1:15:26 AM: Checked that all random in-memory dictionary is encrypted duration 110ms &#xD;
8/27/2025 1:15:27 AM: Loaded and decrypted random in-memory dictionary with ProtectedConfigurationBuilder duration 999ms &#xD;
8/27/2025 1:15:27 AM: Checked that 100000 entries are equal duration 84ms</StdOut>
      </Output>
    </UnitTestResult>
    <UnitTestResult executionId="4ce49cc6-6dac-49c0-9529-a57d485a319e" testId="bc65d678-ea47-f040-ebfc-ebf2c2e9a1f0" testName="Fededim.Extensions.Configuration.Protected.DataProtectionAPITest.PassthroughProtectProviderTest.RandomXmlFileTest" computerName="runnervmj2eup" duration="00:00:53.2710058" startTime="2025-08-27T01:16:17.9656492+00:00" endTime="2025-08-27T01:16:17.9656495+00:00" testType="13cdc9d9-ddb5-4fa4-a97d-d965ccfc6d4b" outcome="Passed" testListId="8c84fa94-04c1-424b-9868-57a2d4851a1d" relativeResultsDirectory="4ce49cc6-6dac-49c0-9529-a57d485a319e">
      <Output>
        <StdOut>8/27/2025 1:15:24 AM: Generating a random XML file with 100000 keys, autogenerated strings max length 20 and autogenerated array max length 10...&#xD;
8/27/2025 1:15:34 AM: File location file://D:/a/Fededim.Extensions.Configuration.Protected/Fededim.Extensions.Configuration.Protected/Fededim.Extensions.Configuration.Protected.DataProtectionAPITest/bin/Release/net8.0/random_04995ba2-c7ff-47cb-8da6-6ef320cfd818.xml&#xD;
8/27/2025 1:15:34 AM: Generated random XML file (NumEntries 100000 NumValues 249312 size 59524 KB) duration 9917ms &#xD;
8/27/2025 1:15:49 AM: Encrypted random XML file (NumEntries 100000 NumValues 249312 size 59911 KB) duration 00:00:14.7732924 &#xD;
8/27/2025 1:15:56 AM: Checked that all random XML file is encrypted duration 6642ms &#xD;
8/27/2025 1:16:17 AM: Loaded and decrypted random XML file with ProtectedConfigurationBuilder duration 00:00:21.1012569 &#xD;
8/27/2025 1:16:17 AM: Checked that 201049 entries are equal duration 834ms</StdOut>
      </Output>
    </UnitTestResult>
    <UnitTestResult executionId="3f9df005-927f-4e7d-b05d-2ac1592b8bb5" testId="f10bb888-60df-1256-7dc3-3ea5b2020598" testName="Fededim.Extensions.Configuration.Protected.DataProtectionAPITest.PassthroughProtectProviderTest.RandomEnvironmentVariablesTest" computerName="runnervmj2eup" duration="00:00:07.5245717" startTime="2025-08-27T01:17:14.5315239+00:00" endTime="2025-08-27T01:17:14.5315242+00:00" testType="13cdc9d9-ddb5-4fa4-a97d-d965ccfc6d4b" outcome="Passed" testListId="8c84fa94-04c1-424b-9868-57a2d4851a1d" relativeResultsDirectory="3f9df005-927f-4e7d-b05d-2ac1592b8bb5">
      <Output>
        <StdOut>8/27/2025 1:17:07 AM: Generating a random environment variables 100000 keys, autogenerated strings max length 20 and autogenerated array max length 10...&#xD;
8/27/2025 1:17:12 AM: Starting test...&#xD;
8/27/2025 1:17:12 AM: Generated random environment variables (NumEntries 2000 NumValues 4943 TID 13, note that Windows has a maximum size of 32KB for all environment variables, so not all 100000 keys could be created) duration 5228ms &#xD;
8/27/2025 1:17:13 AM: Encrypted random environment variables duration 1478ms &#xD;
8/27/2025 1:17:13 AM: Checked that all random environment variables are encrypted duration 2ms &#xD;
8/27/2025 1:17:13 AM: Loaded and decrypted random environment variables with ProtectedConfigurationBuilder duration 7ms &#xD;
8/27/2025 1:17:13 AM: Checked that 1559 entries are equal duration 0ms</StdOut>
      </Output>
    </UnitTestResult>
    <UnitTestResult executionId="c316171b-85ea-49ea-ac45-aa3e676cda2c" testId="aeb7956b-7546-b053-446f-8b8f700e605b" testName="Fededim.Extensions.Configuration.Protected.DataProtectionAPITest.ReverseChainedDataProtectionAPIProtectProviderTest.RandomInMemoryDictionaryTest" computerName="runnervmj2eup" duration="00:00:02.1459121" startTime="2025-08-27T01:17:36.8657872+00:00" endTime="2025-08-27T01:17:36.8657875+00:00" testType="13cdc9d9-ddb5-4fa4-a97d-d965ccfc6d4b" outcome="Passed" testListId="8c84fa94-04c1-424b-9868-57a2d4851a1d" relativeResultsDirectory="c316171b-85ea-49ea-ac45-aa3e676cda2c">
      <Output>
        <StdOut>8/27/2025 1:17:34 AM: Generating a random in-memory dictionary with 100000 keys, autogenerated strings max length 20 and autogenerated array max length 10...&#xD;
8/27/2025 1:17:34 AM: Starting test...&#xD;
8/27/2025 1:17:34 AM: Generated random in-memory dictionary (NumEntries 100000 NumValues 250360) duration 200ms &#xD;
8/27/2025 1:17:35 AM: Encrypted random in-memory dictionary duration 719ms &#xD;
8/27/2025 1:17:35 AM: Checked that all random in-memory dictionary is encrypted duration 19ms &#xD;
8/27/2025 1:17:36 AM: Loaded and decrypted random in-memory dictionary with ProtectedConfigurationBuilder duration 1174ms &#xD;
8/27/2025 1:17:36 AM: Checked that 100000 entries are equal duration 25ms</StdOut>
      </Output>
    </UnitTestResult>
    <UnitTestResult executionId="77f53fa2-699b-4b58-b1cb-9eab89cf60ed" testId="f4b49037-2be4-650f-fa20-2558b4f38cf7" testName="Fededim.Extensions.Configuration.Protected.DataProtectionAPITest.ReverseChainedPassthroughProtectProviderTest.RandomEnvironmentVariablesTest" computerName="runnervmj2eup" duration="00:00:07.6914112" startTime="2025-08-27T01:17:11.4984663+00:00" endTime="2025-08-27T01:17:11.4984667+00:00" testType="13cdc9d9-ddb5-4fa4-a97d-d965ccfc6d4b" outcome="Passed" testListId="8c84fa94-04c1-424b-9868-57a2d4851a1d" relativeResultsDirectory="77f53fa2-699b-4b58-b1cb-9eab89cf60ed">
      <Output>
        <StdOut>8/27/2025 1:17:03 AM: Generating a random environment variables 100000 keys, autogenerated strings max length 20 and autogenerated array max length 10...&#xD;
8/27/2025 1:17:05 AM: Starting test...&#xD;
8/27/2025 1:17:05 AM: Generated random environment variables (NumEntries 2000 NumValues 5122 TID 10, note that Windows has a maximum size of 32KB for all environment variables, so not all 100000 keys could be created) duration 1718ms &#xD;
8/27/2025 1:17:06 AM: Encrypted random environment variables duration 1347ms &#xD;
8/27/2025 1:17:06 AM: Checked that all random environment variables are encrypted duration 3ms &#xD;
8/27/2025 1:17:06 AM: Loaded and decrypted random environment variables with ProtectedConfigurationBuilder duration 51ms &#xD;
8/27/2025 1:17:06 AM: Checked that 1578 entries are equal duration 0ms</StdOut>
      </Output>
    </UnitTestResult>
    <UnitTestResult executionId="9b440a6b-a510-49e9-927d-4b90d2446771" testId="53290695-3624-0469-7860-2a707aa4d5f4" testName="Fededim.Extensions.Configuration.Protected.DataProtectionAPITest.ReverseChainedPassthroughProtectProviderTest.RandomCommandLineTest" computerName="runnervmj2eup" duration="00:00:03.5375569" startTime="2025-08-27T01:15:30.9200923+00:00" endTime="2025-08-27T01:15:30.9200926+00:00" testType="13cdc9d9-ddb5-4fa4-a97d-d965ccfc6d4b" outcome="Passed" testListId="8c84fa94-04c1-424b-9868-57a2d4851a1d" relativeResultsDirectory="9b440a6b-a510-49e9-927d-4b90d2446771">
      <Output>
        <StdOut>8/27/2025 1:15:27 AM: Generating a random command line arguments with 100000 keys, autogenerated strings max length 20 and autogenerated array max length 10...&#xD;
8/27/2025 1:15:28 AM: Starting test...&#xD;
8/27/2025 1:15:28 AM: Generated random comand line args (NumEntries 100000 NumValues 248195) duration 745ms &#xD;
8/27/2025 1:15:29 AM: Encrypted random comand line args duration 1483ms &#xD;
8/27/2025 1:15:29 AM: Checked that all random comand line args are encrypted duration 113ms &#xD;
8/27/2025 1:15:30 AM: Loaded and decrypted random comand line args with ProtectedConfigurationBuilder duration 1090ms &#xD;
8/27/2025 1:15:30 AM: Checked that 100000 entries are equal duration 102ms</StdOut>
      </Output>
    </UnitTestResult>
    <UnitTestResult executionId="4fd01880-0fb2-49f9-a551-cb4e9a8523d9" testId="7854059b-30d2-55e5-a014-8ef220beca26" testName="Fededim.Extensions.Configuration.Protected.DataProtectionAPITest.ReverseChainedDataProtectionAPIProtectProviderTest.RandomJsonFileTest(useJsonWithCommentFileProcessor: False)" computerName="runnervmj2eup" duration="00:00:32.8876883" startTime="2025-08-27T01:17:02.0357248+00:00" endTime="2025-08-27T01:17:02.0357251+00:00" testType="13cdc9d9-ddb5-4fa4-a97d-d965ccfc6d4b" outcome="Passed" testListId="8c84fa94-04c1-424b-9868-57a2d4851a1d" relativeResultsDirectory="4fd01880-0fb2-49f9-a551-cb4e9a8523d9">
      <Output>
        <StdOut>8/27/2025 1:16:29 AM: Generating a random JSON file with 100000 keys, autogenerated strings max length 20 and autogenerated array max length 10...&#xD;
8/27/2025 1:16:31 AM: File location file://D:/a/Fededim.Extensions.Configuration.Protected/Fededim.Extensions.Configuration.Protected/Fededim.Extensions.Configuration.Protected.DataProtectionAPITest/bin/Release/net8.0/random_4990736e-e05c-4b8e-a144-100ad0c39b3c.json&#xD;
8/27/2025 1:16:31 AM: Generated random JSON file (NumEntries 100000 NumValues 249756 size 62408 KB) duration 2306ms &#xD;
8/27/2025 1:16:45 AM: Encrypted random JSON file (NumEntries 100000 NumValues 249756 size 88528 KB) duration 00:00:14.0389486 &#xD;
8/27/2025 1:16:46 AM: Checked that all random JSON file is encrypted duration 802ms &#xD;
8/27/2025 1:17:01 AM: Loaded and decrypted random JSON file with ProtectedConfigurationBuilder duration 00:00:15.0265137 &#xD;
8/27/2025 1:17:02 AM: Checked that 249756 entries are equal duration 710ms</StdOut>
      </Output>
    </UnitTestResult>
    <UnitTestResult executionId="8043a4c8-7bf5-4d77-af5f-6e0d6d83792b" testId="76a3f103-314f-1ebd-bd22-53871a79c3fa" testName="Fededim.Extensions.Configuration.Protected.DataProtectionAPITest.ReverseChainedDataProtectionAPIProtectProviderTest.RandomJsonFileTest(useJsonWithCommentFileProcessor: True)" computerName="runnervmj2eup" duration="00:01:05.5652511" startTime="2025-08-27T01:16:29.1562581+00:00" endTime="2025-08-27T01:16:29.1562587+00:00" testType="13cdc9d9-ddb5-4fa4-a97d-d965ccfc6d4b" outcome="Passed" testListId="8c84fa94-04c1-424b-9868-57a2d4851a1d" relativeResultsDirectory="8043a4c8-7bf5-4d77-af5f-6e0d6d83792b">
      <Output>
        <StdOut>8/27/2025 1:15:23 AM: Generating a random JSON file with 100000 keys, autogenerated strings max length 20 and autogenerated array max length 10...&#xD;
8/27/2025 1:15:27 AM: File location file://D:/a/Fededim.Extensions.Configuration.Protected/Fededim.Extensions.Configuration.Protected/Fededim.Extensions.Configuration.Protected.DataProtectionAPITest/bin/Release/net8.0/random_3bf62cc2-89d8-4c90-8047-c5cb8a2a1941.json&#xD;
8/27/2025 1:15:27 AM: Generated random JSON file (NumEntries 100000 NumValues 251305 size 59052 KB) duration 3739ms &#xD;
8/27/2025 1:15:52 AM: Encrypted random JSON file (NumEntries 100000 NumValues 251305 size 85315 KB) duration 00:00:24.7072705 &#xD;
8/27/2025 1:15:58 AM: Checked that all random JSON file is encrypted duration 6464ms &#xD;
8/27/2025 1:16:28 AM: Loaded and decrypted random JSON file with ProtectedConfigurationBuilder duration 00:00:29.5974026 &#xD;
8/27/2025 1:16:29 AM: Checked that 251305 entries are equal duration 840ms</StdOut>
      </Output>
    </UnitTestResult>
    <UnitTestResult executionId="52ab2226-0d4f-4fce-9a81-a3d093422ae1" testId="331a13af-5866-8d6a-671d-a2abfea42096" testName="Fededim.Extensions.Configuration.Protected.DataProtectionAPITest.DataProtectionAPIProtectProviderTest.RandomEnvironmentVariablesTest" computerName="runnervmj2eup" duration="00:00:07.3899229" startTime="2025-08-27T01:15:47.5106770+00:00" endTime="2025-08-27T01:15:47.5106773+00:00" testType="13cdc9d9-ddb5-4fa4-a97d-d965ccfc6d4b" outcome="Passed" testListId="8c84fa94-04c1-424b-9868-57a2d4851a1d" relativeResultsDirectory="52ab2226-0d4f-4fce-9a81-a3d093422ae1">
      <Output>
        <StdOut>8/27/2025 1:15:40 AM: Generating a random environment variables 100000 keys, autogenerated strings max length 20 and autogenerated array max length 10...&#xD;
8/27/2025 1:15:41 AM: Starting test...&#xD;
8/27/2025 1:15:41 AM: Generated random environment variables (NumEntries 2000 NumValues 5017 TID 7, note that Windows has a maximum size of 32KB for all environment variables, so not all 100000 keys could be created) duration 1568ms &#xD;
8/27/2025 1:15:45 AM: Encrypted random environment variables duration 3421ms &#xD;
8/27/2025 1:15:45 AM: Checked that all random environment variables are encrypted duration 253ms &#xD;
8/27/2025 1:15:45 AM: Loaded and decrypted random environment variables with ProtectedConfigurationBuilder duration 374ms &#xD;
8/27/2025 1:15:45 AM: Checked that 1580 entries are equal duration 1ms</StdOut>
      </Output>
    </UnitTestResult>
    <UnitTestResult executionId="04612d13-2df7-4f52-b93e-1a409555b614" testId="092a9e9f-643d-a75f-e646-45602e92186b" testName="Fededim.Extensions.Configuration.Protected.DataProtectionAPITest.DataProtectionAPIProtectProviderTest.RandomInMemoryDictionaryTest" computerName="runnervmj2eup" duration="00:00:16.5601615" startTime="2025-08-27T01:15:40.1612836+00:00" endTime="2025-08-27T01:15:40.1612841+00:00" testType="13cdc9d9-ddb5-4fa4-a97d-d965ccfc6d4b" outcome="Passed" testListId="8c84fa94-04c1-424b-9868-57a2d4851a1d" relativeResultsDirectory="04612d13-2df7-4f52-b93e-1a409555b614">
      <Output>
        <StdOut>8/27/2025 1:15:23 AM: Generating a random in-memory dictionary with 100000 keys, autogenerated strings max length 20 and autogenerated array max length 10...&#xD;
8/27/2025 1:15:24 AM: Starting test...&#xD;
8/27/2025 1:15:24 AM: Generated random in-memory dictionary (NumEntries 100000 NumValues 249003) duration 814ms &#xD;
8/27/2025 1:15:33 AM: Encrypted random in-memory dictionary duration 8509ms &#xD;
8/27/2025 1:15:33 AM: Checked that all random in-memory dictionary is encrypted duration 101ms &#xD;
8/27/2025 1:15:40 AM: Loaded and decrypted random in-memory dictionary with ProtectedConfigurationBuilder duration 6838ms &#xD;
8/27/2025 1:15:40 AM: Checked that 100000 entries are equal duration 83ms</StdOut>
      </Output>
    </UnitTestResult>
    <UnitTestResult executionId="506faf48-ebd4-49f8-9d45-ba9aa79e94e2" testId="8fa56702-815f-46fb-f241-56617bf43be4" testName="Fededim.Extensions.Configuration.Protected.DataProtectionAPITest.ReverseChainedPassthroughProtectProviderTest.RandomXmlFileTest" computerName="runnervmj2eup" duration="00:00:31.2602142" startTime="2025-08-27T01:17:03.8181467+00:00" endTime="2025-08-27T01:17:03.8181469+00:00" testType="13cdc9d9-ddb5-4fa4-a97d-d965ccfc6d4b" outcome="Passed" testListId="8c84fa94-04c1-424b-9868-57a2d4851a1d" relativeResultsDirectory="506faf48-ebd4-49f8-9d45-ba9aa79e94e2">
      <Output>
        <StdOut>8/27/2025 1:16:32 AM: Generating a random XML file with 100000 keys, autogenerated strings max length 20 and autogenerated array max length 10...&#xD;
8/27/2025 1:16:43 AM: File location file://D:/a/Fededim.Extensions.Configuration.Protected/Fededim.Extensions.Configuration.Protected/Fededim.Extensions.Configuration.Protected.DataProtectionAPITest/bin/Release/net8.0/random_a0f5c709-eb21-4478-bd9b-72be5051df52.xml&#xD;
8/27/2025 1:16:43 AM: Generated random XML file (NumEntries 100000 NumValues 249594 size 60816 KB) duration 00:00:11.0990534 &#xD;
8/27/2025 1:16:51 AM: Encrypted random XML file (NumEntries 100000 NumValues 249594 size 61205 KB) duration 7688ms &#xD;
8/27/2025 1:16:53 AM: Checked that all random XML file is encrypted duration 2069ms &#xD;
8/27/2025 1:17:03 AM: Loaded and decrypted random XML file with ProtectedConfigurationBuilder duration 9787ms &#xD;
8/27/2025 1:17:03 AM: Checked that 201787 entries are equal duration 615ms</StdOut>
      </Output>
    </UnitTestResult>
    <UnitTestResult executionId="39ab802b-4344-4f63-b48d-4b461b71dd37" testId="4ea3de90-a59d-3955-9940-560839244413" testName="Fededim.Extensions.Configuration.Protected.DataProtectionAPITest.DataProtectionAPIProtectProviderTest.RandomJsonFileTest(useJsonWithCommentFileProcessor: False)" computerName="runnervmj2eup" duration="00:00:30.3042655" startTime="2025-08-27T01:17:07.3320788+00:00" endTime="2025-08-27T01:17:07.3320799+00:00" testType="13cdc9d9-ddb5-4fa4-a97d-d965ccfc6d4b" outcome="Passed" testListId="8c84fa94-04c1-424b-9868-57a2d4851a1d" relativeResultsDirectory="39ab802b-4344-4f63-b48d-4b461b71dd37">
      <Output>
        <StdOut>8/27/2025 1:16:37 AM: Generating a random JSON file with 100000 keys, autogenerated strings max length 20 and autogenerated array max length 10...&#xD;
8/27/2025 1:16:40 AM: File location file://D:/a/Fededim.Extensions.Configuration.Protected/Fededim.Extensions.Configuration.Protected/Fededim.Extensions.Configuration.Protected.DataProtectionAPITest/bin/Release/net8.0/random_b423ee89-4e59-453b-b463-37ee02870e81.json&#xD;
8/27/2025 1:16:40 AM: Generated random JSON file (NumEntries 100000 NumValues 252221 size 62301 KB) duration 3795ms &#xD;
8/27/2025 1:16:50 AM: Encrypted random JSON file (NumEntries 100000 NumValues 252221 size 88624 KB) duration 00:00:10.1657093 &#xD;
8/27/2025 1:16:52 AM: Checked that all random JSON file is encrypted duration 1273ms &#xD;
8/27/2025 1:17:06 AM: Loaded and decrypted random JSON file with ProtectedConfigurationBuilder duration 00:00:14.4310665 &#xD;
8/27/2025 1:17:07 AM: Checked that 252221 entries are equal duration 636ms</StdOut>
      </Output>
    </UnitTestResult>
    <UnitTestResult executionId="34fdbe39-e72c-40a1-baa5-08ace7ebab0a" testId="647b6c5b-225b-1ca2-d2e0-e37df89ba286" testName="Fededim.Extensions.Configuration.Protected.DataProtectionAPITest.ReverseChainedDataProtectionAPIProtectProviderTest.RandomCommandLineTest" computerName="runnervmj2eup" duration="00:00:02.9939168" startTime="2025-08-27T01:17:34.7196897+00:00" endTime="2025-08-27T01:17:34.7196901+00:00" testType="13cdc9d9-ddb5-4fa4-a97d-d965ccfc6d4b" outcome="Passed" testListId="8c84fa94-04c1-424b-9868-57a2d4851a1d" relativeResultsDirectory="34fdbe39-e72c-40a1-baa5-08ace7ebab0a">
      <Output>
        <StdOut>8/27/2025 1:17:31 AM: Generating a random command line arguments with 100000 keys, autogenerated strings max length 20 and autogenerated array max length 10...&#xD;
8/27/2025 1:17:31 AM: Starting test...&#xD;
8/27/2025 1:17:31 AM: Generated random comand line args (NumEntries 100000 NumValues 252105) duration 205ms &#xD;
8/27/2025 1:17:33 AM: Encrypted random comand line args duration 1182ms &#xD;
8/27/2025 1:17:33 AM: Checked that all random comand line args are encrypted duration 33ms &#xD;
8/27/2025 1:17:34 AM: Loaded and decrypted random comand line args with ProtectedConfigurationBuilder duration 1542ms &#xD;
8/27/2025 1:17:34 AM: Checked that 100000 entries are equal duration 30ms</StdOut>
      </Output>
    </UnitTestResult>
    <UnitTestResult executionId="20536ae6-8701-4434-81ab-df4d2ac990ad" testId="7e6ddfbf-8406-e386-7c05-3e7c30fa7505" testName="Fededim.Extensions.Configuration.Protected.DataProtectionAPITest.ReverseChainedPassthroughProtectProviderTest.RandomJsonFileTest(useJsonWithCommentFileProcessor: False)" computerName="runnervmj2eup" duration="00:00:19.7002573" startTime="2025-08-27T01:16:32.5451585+00:00" endTime="2025-08-27T01:16:32.5451588+00:00" testType="13cdc9d9-ddb5-4fa4-a97d-d965ccfc6d4b" outcome="Passed" testListId="8c84fa94-04c1-424b-9868-57a2d4851a1d" relativeResultsDirectory="20536ae6-8701-4434-81ab-df4d2ac990ad">
      <Output>
        <StdOut>8/27/2025 1:16:12 AM: Generating a random JSON file with 100000 keys, autogenerated strings max length 20 and autogenerated array max length 10...&#xD;
8/27/2025 1:16:15 AM: File location file://D:/a/Fededim.Extensions.Configuration.Protected/Fededim.Extensions.Configuration.Protected/Fededim.Extensions.Configuration.Protected.DataProtectionAPITest/bin/Release/net8.0/random_805f70d5-bede-4d04-a842-1bc2575a52e2.json&#xD;
8/27/2025 1:16:15 AM: Generated random JSON file (NumEntries 100000 NumValues 249805 size 57201 KB) duration 2543ms &#xD;
8/27/2025 1:16:20 AM: Encrypted random JSON file (NumEntries 100000 NumValues 249805 size 57585 KB) duration 5530ms &#xD;
8/27/2025 1:16:22 AM: Checked that all random JSON file is encrypted duration 1648ms &#xD;
8/27/2025 1:16:31 AM: Loaded and decrypted random JSON file with ProtectedConfigurationBuilder duration 9241ms &#xD;
8/27/2025 1:16:32 AM: Checked that 249805 entries are equal duration 734ms</StdOut>
      </Output>
    </UnitTestResult>
    <UnitTestResult executionId="f0e6f21d-08e4-4791-ba2d-afced9273dce" testId="266c91ed-f749-9cf5-bf8c-4a55ef2a37c7" testName="Fededim.Extensions.Configuration.Protected.DataProtectionAPITest.PassthroughProtectProviderTest.RandomCommandLineTest" computerName="runnervmj2eup" duration="00:00:05.6002236" startTime="2025-08-27T01:16:23.5879211+00:00" endTime="2025-08-27T01:16:23.5879214+00:00" testType="13cdc9d9-ddb5-4fa4-a97d-d965ccfc6d4b" outcome="Passed" testListId="8c84fa94-04c1-424b-9868-57a2d4851a1d" relativeResultsDirectory="f0e6f21d-08e4-4791-ba2d-afced9273dce">
      <Output>
        <StdOut>8/27/2025 1:16:17 AM: Generating a random command line arguments with 100000 keys, autogenerated strings max length 20 and autogenerated array max length 10...&#xD;
8/27/2025 1:16:18 AM: Starting test...&#xD;
8/27/2025 1:16:18 AM: Generated random comand line args (NumEntries 100000 NumValues 251349) duration 853ms &#xD;
8/27/2025 1:16:21 AM: Encrypted random comand line args duration 3168ms &#xD;
8/27/2025 1:16:22 AM: Checked that all random comand line args are encrypted duration 88ms &#xD;
8/27/2025 1:16:23 AM: Loaded and decrypted random comand line args with ProtectedConfigurationBuilder duration 1429ms &#xD;
8/27/2025 1:16:23 AM: Checked that 100000 entries are equal duration 60ms</StdOut>
      </Output>
    </UnitTestResult>
    <UnitTestResult executionId="5a6931f2-b589-4490-8583-d5068952fca1" testId="5bf2f350-f23f-f114-d6dd-98a507e43569" testName="Fededim.Extensions.Configuration.Protected.DataProtectionAPITest.ReverseChainedDataProtectionAPIProtectProviderTest.RandomXmlFileTest" computerName="runnervmj2eup" duration="00:00:26.9404941" startTime="2025-08-27T01:17:28.9518883+00:00" endTime="2025-08-27T01:17:28.9518887+00:00" testType="13cdc9d9-ddb5-4fa4-a97d-d965ccfc6d4b" outcome="Passed" testListId="8c84fa94-04c1-424b-9868-57a2d4851a1d" relativeResultsDirectory="5a6931f2-b589-4490-8583-d5068952fca1">
      <Output>
        <StdOut>8/27/2025 1:17:02 AM: Generating a random XML file with 100000 keys, autogenerated strings max length 20 and autogenerated array max length 10...&#xD;
8/27/2025 1:17:05 AM: File location file://D:/a/Fededim.Extensions.Configuration.Protected/Fededim.Extensions.Configuration.Protected/Fededim.Extensions.Configuration.Protected.DataProtectionAPITest/bin/Release/net8.0/random_e3437b67-299c-4901-ae22-3938b760e9f1.xml&#xD;
8/27/2025 1:17:05 AM: Generated random XML file (NumEntries 100000 NumValues 248356 size 62087 KB) duration 3540ms &#xD;
8/27/2025 1:17:16 AM: Encrypted random XML file (NumEntries 100000 NumValues 248356 size 88279 KB) duration 00:00:10.6670859 &#xD;
8/27/2025 1:17:17 AM: Checked that all random XML file is encrypted duration 1720ms &#xD;
8/27/2025 1:17:28 AM: Loaded and decrypted random XML file with ProtectedConfigurationBuilder duration 00:00:10.7490189 &#xD;
8/27/2025 1:17:28 AM: Checked that 200886 entries are equal duration 262ms</StdOut>
      </Output>
    </UnitTestResult>
  </Results>
  <TestDefinitions>
    <UnitTest name="Fededim.Extensions.Configuration.Protected.DataProtectionAPITest.ReverseChainedDataProtectionAPIProtectProviderTest.RandomJsonFileTest(useJsonWithCommentFileProcessor: True)" storage="d:\a\fededim.extensions.configuration.protected\fededim.extensions.configuration.protected\fededim.extensions.configuration.protected.dataprotectionapitest\bin\release\net8.0\fededim.extensions.configuration.protected.dataprotectionapitest.dll" id="76a3f103-314f-1ebd-bd22-53871a79c3fa">
      <Execution id="8043a4c8-7bf5-4d77-af5f-6e0d6d83792b" />
      <TestMethod codeBase="D:\a\Fededim.Extensions.Configuration.Protected\Fededim.Extensions.Configuration.Protected\Fededim.Extensions.Configuration.Protected.DataProtectionAPITest\bin\Release\net8.0\Fededim.Extensions.Configuration.Protected.DataProtectionAPITest.dll" adapterTypeName="executor://xunit/VsTestRunner2/netcoreapp" className="Fededim.Extensions.Configuration.Protected.DataProtectionAPITest.ReverseChainedDataProtectionAPIProtectProviderTest" name="RandomJsonFileTest" />
    </UnitTest>
    <UnitTest name="Fededim.Extensions.Configuration.Protected.DataProtectionAPITest.DataProtectionAPIProtectProviderTest.RandomJsonFileTest(useJsonWithCommentFileProcessor: True)" storage="d:\a\fededim.extensions.configuration.protected\fededim.extensions.configuration.protected\fededim.extensions.configuration.protected.dataprotectionapitest\bin\release\net8.0\fededim.extensions.configuration.protected.dataprotectionapitest.dll" id="40bc2ee2-12b8-c08c-ad81-e8c0efee775c">
      <Execution id="f74ebf91-d826-416f-a3a6-3ab77bcb0c03" />
      <TestMethod codeBase="D:\a\Fededim.Extensions.Configuration.Protected\Fededim.Extensions.Configuration.Protected\Fededim.Extensions.Configuration.Protected.DataProtectionAPITest\bin\Release\net8.0\Fededim.Extensions.Configuration.Protected.DataProtectionAPITest.dll" adapterTypeName="executor://xunit/VsTestRunner2/netcoreapp" className="Fededim.Extensions.Configuration.Protected.DataProtectionAPITest.DataProtectionAPIProtectProviderTest" name="RandomJsonFileTest" />
    </UnitTest>
    <UnitTest name="Fededim.Extensions.Configuration.Protected.DataProtectionAPITest.DataProtectionAPIProtectProviderTest.RandomXmlFileTest" storage="d:\a\fededim.extensions.configuration.protected\fededim.extensions.configuration.protected\fededim.extensions.configuration.protected.dataprotectionapitest\bin\release\net8.0\fededim.extensions.configuration.protected.dataprotectionapitest.dll" id="cab792d5-caf7-94cb-7dd5-8cd2bf26d466">
      <Execution id="6756128e-33ed-4431-b188-6a792131e145" />
      <TestMethod codeBase="D:\a\Fededim.Extensions.Configuration.Protected\Fededim.Extensions.Configuration.Protected\Fededim.Extensions.Configuration.Protected.DataProtectionAPITest\bin\Release\net8.0\Fededim.Extensions.Configuration.Protected.DataProtectionAPITest.dll" adapterTypeName="executor://xunit/VsTestRunner2/netcoreapp" className="Fededim.Extensions.Configuration.Protected.DataProtectionAPITest.DataProtectionAPIProtectProviderTest" name="RandomXmlFileTest" />
    </UnitTest>
    <UnitTest name="Fededim.Extensions.Configuration.Protected.DataProtectionAPITest.ReverseChainedDataProtectionAPIProtectProviderTest.RandomCommandLineTest" storage="d:\a\fededim.extensions.configuration.protected\fededim.extensions.configuration.protected\fededim.extensions.configuration.protected.dataprotectionapitest\bin\release\net8.0\fededim.extensions.configuration.protected.dataprotectionapitest.dll" id="647b6c5b-225b-1ca2-d2e0-e37df89ba286">
      <Execution id="34fdbe39-e72c-40a1-baa5-08ace7ebab0a" />
      <TestMethod codeBase="D:\a\Fededim.Extensions.Configuration.Protected\Fededim.Extensions.Configuration.Protected\Fededim.Extensions.Configuration.Protected.DataProtectionAPITest\bin\Release\net8.0\Fededim.Extensions.Configuration.Protected.DataProtectionAPITest.dll" adapterTypeName="executor://xunit/VsTestRunner2/netcoreapp" className="Fededim.Extensions.Configuration.Protected.DataProtectionAPITest.ReverseChainedDataProtectionAPIProtectProviderTest" name="RandomCommandLineTest" />
    </UnitTest>
    <UnitTest name="Fededim.Extensions.Configuration.Protected.DataProtectionAPITest.PassthroughProtectProviderTest.RandomCommandLineTest" storage="d:\a\fededim.extensions.configuration.protected\fededim.extensions.configuration.protected\fededim.extensions.configuration.protected.dataprotectionapitest\bin\release\net8.0\fededim.extensions.configuration.protected.dataprotectionapitest.dll" id="266c91ed-f749-9cf5-bf8c-4a55ef2a37c7">
      <Execution id="f0e6f21d-08e4-4791-ba2d-afced9273dce" />
      <TestMethod codeBase="D:\a\Fededim.Extensions.Configuration.Protected\Fededim.Extensions.Configuration.Protected\Fededim.Extensions.Configuration.Protected.DataProtectionAPITest\bin\Release\net8.0\Fededim.Extensions.Configuration.Protected.DataProtectionAPITest.dll" adapterTypeName="executor://xunit/VsTestRunner2/netcoreapp" className="Fededim.Extensions.Configuration.Protected.DataProtectionAPITest.PassthroughProtectProviderTest" name="RandomCommandLineTest" />
    </UnitTest>
    <UnitTest name="Fededim.Extensions.Configuration.Protected.DataProtectionAPITest.PassthroughProtectProviderTest.RandomXmlFileTest" storage="d:\a\fededim.extensions.configuration.protected\fededim.extensions.configuration.protected\fededim.extensions.configuration.protected.dataprotectionapitest\bin\release\net8.0\fededim.extensions.configuration.protected.dataprotectionapitest.dll" id="bc65d678-ea47-f040-ebfc-ebf2c2e9a1f0">
      <Execution id="4ce49cc6-6dac-49c0-9529-a57d485a319e" />
      <TestMethod codeBase="D:\a\Fededim.Extensions.Configuration.Protected\Fededim.Extensions.Configuration.Protected\Fededim.Extensions.Configuration.Protected.DataProtectionAPITest\bin\Release\net8.0\Fededim.Extensions.Configuration.Protected.DataProtectionAPITest.dll" adapterTypeName="executor://xunit/VsTestRunner2/netcoreapp" className="Fededim.Extensions.Configuration.Protected.DataProtectionAPITest.PassthroughProtectProviderTest" name="RandomXmlFileTest" />
    </UnitTest>
    <UnitTest name="Fededim.Extensions.Configuration.Protected.DataProtectionAPITest.ReverseChainedDataProtectionAPIProtectProviderTest.RandomXmlFileTest" storage="d:\a\fededim.extensions.configuration.protected\fededim.extensions.configuration.protected\fededim.extensions.configuration.protected.dataprotectionapitest\bin\release\net8.0\fededim.extensions.configuration.protected.dataprotectionapitest.dll" id="5bf2f350-f23f-f114-d6dd-98a507e43569">
      <Execution id="5a6931f2-b589-4490-8583-d5068952fca1" />
      <TestMethod codeBase="D:\a\Fededim.Extensions.Configuration.Protected\Fededim.Extensions.Configuration.Protected\Fededim.Extensions.Configuration.Protected.DataProtectionAPITest\bin\Release\net8.0\Fededim.Extensions.Configuration.Protected.DataProtectionAPITest.dll" adapterTypeName="executor://xunit/VsTestRunner2/netcoreapp" className="Fededim.Extensions.Configuration.Protected.DataProtectionAPITest.ReverseChainedDataProtectionAPIProtectProviderTest" name="RandomXmlFileTest" />
    </UnitTest>
    <UnitTest name="Fededim.Extensions.Configuration.Protected.DataProtectionAPITest.ReverseChainedDataProtectionAPIProtectProviderTest.RandomJsonFileTest(useJsonWithCommentFileProcessor: False)" storage="d:\a\fededim.extensions.configuration.protected\fededim.extensions.configuration.protected\fededim.extensions.configuration.protected.dataprotectionapitest\bin\release\net8.0\fededim.extensions.configuration.protected.dataprotectionapitest.dll" id="7854059b-30d2-55e5-a014-8ef220beca26">
      <Execution id="4fd01880-0fb2-49f9-a551-cb4e9a8523d9" />
      <TestMethod codeBase="D:\a\Fededim.Extensions.Configuration.Protected\Fededim.Extensions.Configuration.Protected\Fededim.Extensions.Configuration.Protected.DataProtectionAPITest\bin\Release\net8.0\Fededim.Extensions.Configuration.Protected.DataProtectionAPITest.dll" adapterTypeName="executor://xunit/VsTestRunner2/netcoreapp" className="Fededim.Extensions.Configuration.Protected.DataProtectionAPITest.ReverseChainedDataProtectionAPIProtectProviderTest" name="RandomJsonFileTest" />
    </UnitTest>
    <UnitTest name="Fededim.Extensions.Configuration.Protected.DataProtectionAPITest.ReverseChainedDataProtectionAPIProtectProviderTest.RandomInMemoryDictionaryTest" storage="d:\a\fededim.extensions.configuration.protected\fededim.extensions.configuration.protected\fededim.extensions.configuration.protected.dataprotectionapitest\bin\release\net8.0\fededim.extensions.configuration.protected.dataprotectionapitest.dll" id="aeb7956b-7546-b053-446f-8b8f700e605b">
      <Execution id="c316171b-85ea-49ea-ac45-aa3e676cda2c" />
      <TestMethod codeBase="D:\a\Fededim.Extensions.Configuration.Protected\Fededim.Extensions.Configuration.Protected\Fededim.Extensions.Configuration.Protected.DataProtectionAPITest\bin\Release\net8.0\Fededim.Extensions.Configuration.Protected.DataProtectionAPITest.dll" adapterTypeName="executor://xunit/VsTestRunner2/netcoreapp" className="Fededim.Extensions.Configuration.Protected.DataProtectionAPITest.ReverseChainedDataProtectionAPIProtectProviderTest" name="RandomInMemoryDictionaryTest" />
    </UnitTest>
    <UnitTest name="Fededim.Extensions.Configuration.Protected.DataProtectionAPITest.DataProtectionAPIProtectProviderTest.RandomInMemoryDictionaryTest" storage="d:\a\fededim.extensions.configuration.protected\fededim.extensions.configuration.protected\fededim.extensions.configuration.protected.dataprotectionapitest\bin\release\net8.0\fededim.extensions.configuration.protected.dataprotectionapitest.dll" id="092a9e9f-643d-a75f-e646-45602e92186b">
      <Execution id="04612d13-2df7-4f52-b93e-1a409555b614" />
      <TestMethod codeBase="D:\a\Fededim.Extensions.Configuration.Protected\Fededim.Extensions.Configuration.Protected\Fededim.Extensions.Configuration.Protected.DataProtectionAPITest\bin\Release\net8.0\Fededim.Extensions.Configuration.Protected.DataProtectionAPITest.dll" adapterTypeName="executor://xunit/VsTestRunner2/netcoreapp" className="Fededim.Extensions.Configuration.Protected.DataProtectionAPITest.DataProtectionAPIProtectProviderTest" name="RandomInMemoryDictionaryTest" />
    </UnitTest>
    <UnitTest name="Fededim.Extensions.Configuration.Protected.DataProtectionAPITest.DataProtectionAPIProtectProviderTest.RandomCommandLineTest" storage="d:\a\fededim.extensions.configuration.protected\fededim.extensions.configuration.protected\fededim.extensions.configuration.protected.dataprotectionapitest\bin\release\net8.0\fededim.extensions.configuration.protected.dataprotectionapitest.dll" id="f63be0dc-1fac-0d73-eab5-ec6ea7cf7b08">
      <Execution id="a9ddf12c-ea62-4d66-b6c4-1197a1cfb487" />
      <TestMethod codeBase="D:\a\Fededim.Extensions.Configuration.Protected\Fededim.Extensions.Configuration.Protected\Fededim.Extensions.Configuration.Protected.DataProtectionAPITest\bin\Release\net8.0\Fededim.Extensions.Configuration.Protected.DataProtectionAPITest.dll" adapterTypeName="executor://xunit/VsTestRunner2/netcoreapp" className="Fededim.Extensions.Configuration.Protected.DataProtectionAPITest.DataProtectionAPIProtectProviderTest" name="RandomCommandLineTest" />
    </UnitTest>
    <UnitTest name="Fededim.Extensions.Configuration.Protected.DataProtectionAPITest.ReverseChainedPassthroughProtectProviderTest.RandomCommandLineTest" storage="d:\a\fededim.extensions.configuration.protected\fededim.extensions.configuration.protected\fededim.extensions.configuration.protected.dataprotectionapitest\bin\release\net8.0\fededim.extensions.configuration.protected.dataprotectionapitest.dll" id="53290695-3624-0469-7860-2a707aa4d5f4">
      <Execution id="9b440a6b-a510-49e9-927d-4b90d2446771" />
      <TestMethod codeBase="D:\a\Fededim.Extensions.Configuration.Protected\Fededim.Extensions.Configuration.Protected\Fededim.Extensions.Configuration.Protected.DataProtectionAPITest\bin\Release\net8.0\Fededim.Extensions.Configuration.Protected.DataProtectionAPITest.dll" adapterTypeName="executor://xunit/VsTestRunner2/netcoreapp" className="Fededim.Extensions.Configuration.Protected.DataProtectionAPITest.ReverseChainedPassthroughProtectProviderTest" name="RandomCommandLineTest" />
    </UnitTest>
    <UnitTest name="Fededim.Extensions.Configuration.Protected.DataProtectionAPITest.ReverseChainedDataProtectionAPIProtectProviderTest.RandomEnvironmentVariablesTest" storage="d:\a\fededim.extensions.configuration.protected\fededim.extensions.configuration.protected\fededim.extensions.configuration.protected.dataprotectionapitest\bin\release\net8.0\fededim.extensions.configuration.protected.dataprotectionapitest.dll" id="6c6badd8-2315-c41e-9745-b2cf4b1a628a">
      <Execution id="5c3caecd-6d0a-4f6d-a42e-c8cc621aa90e" />
      <TestMethod codeBase="D:\a\Fededim.Extensions.Configuration.Protected\Fededim.Extensions.Configuration.Protected\Fededim.Extensions.Configuration.Protected.DataProtectionAPITest\bin\Release\net8.0\Fededim.Extensions.Configuration.Protected.DataProtectionAPITest.dll" adapterTypeName="executor://xunit/VsTestRunner2/netcoreapp" className="Fededim.Extensions.Configuration.Protected.DataProtectionAPITest.ReverseChainedDataProtectionAPIProtectProviderTest" name="RandomEnvironmentVariablesTest" />
    </UnitTest>
    <UnitTest name="Fededim.Extensions.Configuration.Protected.DataProtectionAPITest.PassthroughProtectProviderTest.RandomJsonFileTest(useJsonWithCommentFileProcessor: False)" storage="d:\a\fededim.extensions.configuration.protected\fededim.extensions.configuration.protected\fededim.extensions.configuration.protected.dataprotectionapitest\bin\release\net8.0\fededim.extensions.configuration.protected.dataprotectionapitest.dll" id="babc18e0-52be-6076-7768-76d0c302f279">
      <Execution id="5c1063da-be05-4c96-98bc-04369f161478" />
      <TestMethod codeBase="D:\a\Fededim.Extensions.Configuration.Protected\Fededim.Extensions.Configuration.Protected\Fededim.Extensions.Configuration.Protected.DataProtectionAPITest\bin\Release\net8.0\Fededim.Extensions.Configuration.Protected.DataProtectionAPITest.dll" adapterTypeName="executor://xunit/VsTestRunner2/netcoreapp" className="Fededim.Extensions.Configuration.Protected.DataProtectionAPITest.PassthroughProtectProviderTest" name="RandomJsonFileTest" />
    </UnitTest>
    <UnitTest name="Fededim.Extensions.Configuration.Protected.DataProtectionAPITest.DataProtectionAPIProtectProviderTest.RandomJsonFileTest(useJsonWithCommentFileProcessor: False)" storage="d:\a\fededim.extensions.configuration.protected\fededim.extensions.configuration.protected\fededim.extensions.configuration.protected.dataprotectionapitest\bin\release\net8.0\fededim.extensions.configuration.protected.dataprotectionapitest.dll" id="4ea3de90-a59d-3955-9940-560839244413">
      <Execution id="39ab802b-4344-4f63-b48d-4b461b71dd37" />
      <TestMethod codeBase="D:\a\Fededim.Extensions.Configuration.Protected\Fededim.Extensions.Configuration.Protected\Fededim.Extensions.Configuration.Protected.DataProtectionAPITest\bin\Release\net8.0\Fededim.Extensions.Configuration.Protected.DataProtectionAPITest.dll" adapterTypeName="executor://xunit/VsTestRunner2/netcoreapp" className="Fededim.Extensions.Configuration.Protected.DataProtectionAPITest.DataProtectionAPIProtectProviderTest" name="RandomJsonFileTest" />
    </UnitTest>
    <UnitTest name="Fededim.Extensions.Configuration.Protected.DataProtectionAPITest.ReverseChainedPassthroughProtectProviderTest.RandomJsonFileTest(useJsonWithCommentFileProcessor: True)" storage="d:\a\fededim.extensions.configuration.protected\fededim.extensions.configuration.protected\fededim.extensions.configuration.protected.dataprotectionapitest\bin\release\net8.0\fededim.extensions.configuration.protected.dataprotectionapitest.dll" id="c47730a9-5677-c354-72b2-3037781cbdf4">
      <Execution id="76d75525-b3cb-416e-888e-fa06b6d794ec" />
      <TestMethod codeBase="D:\a\Fededim.Extensions.Configuration.Protected\Fededim.Extensions.Configuration.Protected\Fededim.Extensions.Configuration.Protected.DataProtectionAPITest\bin\Release\net8.0\Fededim.Extensions.Configuration.Protected.DataProtectionAPITest.dll" adapterTypeName="executor://xunit/VsTestRunner2/netcoreapp" className="Fededim.Extensions.Configuration.Protected.DataProtectionAPITest.ReverseChainedPassthroughProtectProviderTest" name="RandomJsonFileTest" />
    </UnitTest>
    <UnitTest name="Fededim.Extensions.Configuration.Protected.DataProtectionAPITest.DataProtectionAPIProtectProviderTest.RandomEnvironmentVariablesTest" storage="d:\a\fededim.extensions.configuration.protected\fededim.extensions.configuration.protected\fededim.extensions.configuration.protected.dataprotectionapitest\bin\release\net8.0\fededim.extensions.configuration.protected.dataprotectionapitest.dll" id="331a13af-5866-8d6a-671d-a2abfea42096">
      <Execution id="52ab2226-0d4f-4fce-9a81-a3d093422ae1" />
      <TestMethod codeBase="D:\a\Fededim.Extensions.Configuration.Protected\Fededim.Extensions.Configuration.Protected\Fededim.Extensions.Configuration.Protected.DataProtectionAPITest\bin\Release\net8.0\Fededim.Extensions.Configuration.Protected.DataProtectionAPITest.dll" adapterTypeName="executor://xunit/VsTestRunner2/netcoreapp" className="Fededim.Extensions.Configuration.Protected.DataProtectionAPITest.DataProtectionAPIProtectProviderTest" name="RandomEnvironmentVariablesTest" />
    </UnitTest>
    <UnitTest name="Fededim.Extensions.Configuration.Protected.DataProtectionAPITest.ReverseChainedPassthroughProtectProviderTest.RandomJsonFileTest(useJsonWithCommentFileProcessor: False)" storage="d:\a\fededim.extensions.configuration.protected\fededim.extensions.configuration.protected\fededim.extensions.configuration.protected.dataprotectionapitest\bin\release\net8.0\fededim.extensions.configuration.protected.dataprotectionapitest.dll" id="7e6ddfbf-8406-e386-7c05-3e7c30fa7505">
      <Execution id="20536ae6-8701-4434-81ab-df4d2ac990ad" />
      <TestMethod codeBase="D:\a\Fededim.Extensions.Configuration.Protected\Fededim.Extensions.Configuration.Protected\Fededim.Extensions.Configuration.Protected.DataProtectionAPITest\bin\Release\net8.0\Fededim.Extensions.Configuration.Protected.DataProtectionAPITest.dll" adapterTypeName="executor://xunit/VsTestRunner2/netcoreapp" className="Fededim.Extensions.Configuration.Protected.DataProtectionAPITest.ReverseChainedPassthroughProtectProviderTest" name="RandomJsonFileTest" />
    </UnitTest>
    <UnitTest name="Fededim.Extensions.Configuration.Protected.DataProtectionAPITest.PassthroughProtectProviderTest.RandomInMemoryDictionaryTest" storage="d:\a\fededim.extensions.configuration.protected\fededim.extensions.configuration.protected\fededim.extensions.configuration.protected.dataprotectionapitest\bin\release\net8.0\fededim.extensions.configuration.protected.dataprotectionapitest.dll" id="623fedfb-c200-d700-a583-c0520c9fd7be">
      <Execution id="cd1b9df2-79fc-48ca-b275-ad8caba89647" />
      <TestMethod codeBase="D:\a\Fededim.Extensions.Configuration.Protected\Fededim.Extensions.Configuration.Protected\Fededim.Extensions.Configuration.Protected.DataProtectionAPITest\bin\Release\net8.0\Fededim.Extensions.Configuration.Protected.DataProtectionAPITest.dll" adapterTypeName="executor://xunit/VsTestRunner2/netcoreapp" className="Fededim.Extensions.Configuration.Protected.DataProtectionAPITest.PassthroughProtectProviderTest" name="RandomInMemoryDictionaryTest" />
    </UnitTest>
    <UnitTest name="Fededim.Extensions.Configuration.Protected.DataProtectionAPITest.PassthroughProtectProviderTest.RandomEnvironmentVariablesTest" storage="d:\a\fededim.extensions.configuration.protected\fededim.extensions.configuration.protected\fededim.extensions.configuration.protected.dataprotectionapitest\bin\release\net8.0\fededim.extensions.configuration.protected.dataprotectionapitest.dll" id="f10bb888-60df-1256-7dc3-3ea5b2020598">
      <Execution id="3f9df005-927f-4e7d-b05d-2ac1592b8bb5" />
      <TestMethod codeBase="D:\a\Fededim.Extensions.Configuration.Protected\Fededim.Extensions.Configuration.Protected\Fededim.Extensions.Configuration.Protected.DataProtectionAPITest\bin\Release\net8.0\Fededim.Extensions.Configuration.Protected.DataProtectionAPITest.dll" adapterTypeName="executor://xunit/VsTestRunner2/netcoreapp" className="Fededim.Extensions.Configuration.Protected.DataProtectionAPITest.PassthroughProtectProviderTest" name="RandomEnvironmentVariablesTest" />
    </UnitTest>
    <UnitTest name="Fededim.Extensions.Configuration.Protected.DataProtectionAPITest.PassthroughProtectProviderTest.RandomJsonFileTest(useJsonWithCommentFileProcessor: True)" storage="d:\a\fededim.extensions.configuration.protected\fededim.extensions.configuration.protected\fededim.extensions.configuration.protected.dataprotectionapitest\bin\release\net8.0\fededim.extensions.configuration.protected.dataprotectionapitest.dll" id="94ea7642-4083-0632-dcd9-b9fdbebb7fc1">
      <Execution id="1b7b49ea-9349-47a1-92cc-366a71f82501" />
      <TestMethod codeBase="D:\a\Fededim.Extensions.Configuration.Protected\Fededim.Extensions.Configuration.Protected\Fededim.Extensions.Configuration.Protected.DataProtectionAPITest\bin\Release\net8.0\Fededim.Extensions.Configuration.Protected.DataProtectionAPITest.dll" adapterTypeName="executor://xunit/VsTestRunner2/netcoreapp" className="Fededim.Extensions.Configuration.Protected.DataProtectionAPITest.PassthroughProtectProviderTest" name="RandomJsonFileTest" />
    </UnitTest>
    <UnitTest name="Fededim.Extensions.Configuration.Protected.DataProtectionAPITest.ReverseChainedPassthroughProtectProviderTest.RandomEnvironmentVariablesTest" storage="d:\a\fededim.extensions.configuration.protected\fededim.extensions.configuration.protected\fededim.extensions.configuration.protected.dataprotectionapitest\bin\release\net8.0\fededim.extensions.configuration.protected.dataprotectionapitest.dll" id="f4b49037-2be4-650f-fa20-2558b4f38cf7">
      <Execution id="77f53fa2-699b-4b58-b1cb-9eab89cf60ed" />
      <TestMethod codeBase="D:\a\Fededim.Extensions.Configuration.Protected\Fededim.Extensions.Configuration.Protected\Fededim.Extensions.Configuration.Protected.DataProtectionAPITest\bin\Release\net8.0\Fededim.Extensions.Configuration.Protected.DataProtectionAPITest.dll" adapterTypeName="executor://xunit/VsTestRunner2/netcoreapp" className="Fededim.Extensions.Configuration.Protected.DataProtectionAPITest.ReverseChainedPassthroughProtectProviderTest" name="RandomEnvironmentVariablesTest" />
    </UnitTest>
    <UnitTest name="Fededim.Extensions.Configuration.Protected.DataProtectionAPITest.ReverseChainedPassthroughProtectProviderTest.RandomXmlFileTest" storage="d:\a\fededim.extensions.configuration.protected\fededim.extensions.configuration.protected\fededim.extensions.configuration.protected.dataprotectionapitest\bin\release\net8.0\fededim.extensions.configuration.protected.dataprotectionapitest.dll" id="8fa56702-815f-46fb-f241-56617bf43be4">
      <Execution id="506faf48-ebd4-49f8-9d45-ba9aa79e94e2" />
      <TestMethod codeBase="D:\a\Fededim.Extensions.Configuration.Protected\Fededim.Extensions.Configuration.Protected\Fededim.Extensions.Configuration.Protected.DataProtectionAPITest\bin\Release\net8.0\Fededim.Extensions.Configuration.Protected.DataProtectionAPITest.dll" adapterTypeName="executor://xunit/VsTestRunner2/netcoreapp" className="Fededim.Extensions.Configuration.Protected.DataProtectionAPITest.ReverseChainedPassthroughProtectProviderTest" name="RandomXmlFileTest" />
    </UnitTest>
    <UnitTest name="Fededim.Extensions.Configuration.Protected.DataProtectionAPITest.ReverseChainedPassthroughProtectProviderTest.RandomInMemoryDictionaryTest" storage="d:\a\fededim.extensions.configuration.protected\fededim.extensions.configuration.protected\fededim.extensions.configuration.protected.dataprotectionapitest\bin\release\net8.0\fededim.extensions.configuration.protected.dataprotectionapitest.dll" id="69d8f2d8-3562-2bf4-0a5e-c226f303d955">
      <Execution id="592d6bd7-7415-4f68-be60-bba841eb7833" />
      <TestMethod codeBase="D:\a\Fededim.Extensions.Configuration.Protected\Fededim.Extensions.Configuration.Protected\Fededim.Extensions.Configuration.Protected.DataProtectionAPITest\bin\Release\net8.0\Fededim.Extensions.Configuration.Protected.DataProtectionAPITest.dll" adapterTypeName="executor://xunit/VsTestRunner2/netcoreapp" className="Fededim.Extensions.Configuration.Protected.DataProtectionAPITest.ReverseChainedPassthroughProtectProviderTest" name="RandomInMemoryDictionaryTest" />
    </UnitTest>
  </TestDefinitions>
  <TestEntries>
    <TestEntry testId="623fedfb-c200-d700-a583-c0520c9fd7be" executionId="cd1b9df2-79fc-48ca-b275-ad8caba89647" testListId="8c84fa94-04c1-424b-9868-57a2d4851a1d" />
    <TestEntry testId="cab792d5-caf7-94cb-7dd5-8cd2bf26d466" executionId="6756128e-33ed-4431-b188-6a792131e145" testListId="8c84fa94-04c1-424b-9868-57a2d4851a1d" />
    <TestEntry testId="babc18e0-52be-6076-7768-76d0c302f279" executionId="5c1063da-be05-4c96-98bc-04369f161478" testListId="8c84fa94-04c1-424b-9868-57a2d4851a1d" />
    <TestEntry testId="6c6badd8-2315-c41e-9745-b2cf4b1a628a" executionId="5c3caecd-6d0a-4f6d-a42e-c8cc621aa90e" testListId="8c84fa94-04c1-424b-9868-57a2d4851a1d" />
    <TestEntry testId="c47730a9-5677-c354-72b2-3037781cbdf4" executionId="76d75525-b3cb-416e-888e-fa06b6d794ec" testListId="8c84fa94-04c1-424b-9868-57a2d4851a1d" />
    <TestEntry testId="94ea7642-4083-0632-dcd9-b9fdbebb7fc1" executionId="1b7b49ea-9349-47a1-92cc-366a71f82501" testListId="8c84fa94-04c1-424b-9868-57a2d4851a1d" />
    <TestEntry testId="40bc2ee2-12b8-c08c-ad81-e8c0efee775c" executionId="f74ebf91-d826-416f-a3a6-3ab77bcb0c03" testListId="8c84fa94-04c1-424b-9868-57a2d4851a1d" />
    <TestEntry testId="f63be0dc-1fac-0d73-eab5-ec6ea7cf7b08" executionId="a9ddf12c-ea62-4d66-b6c4-1197a1cfb487" testListId="8c84fa94-04c1-424b-9868-57a2d4851a1d" />
    <TestEntry testId="69d8f2d8-3562-2bf4-0a5e-c226f303d955" executionId="592d6bd7-7415-4f68-be60-bba841eb7833" testListId="8c84fa94-04c1-424b-9868-57a2d4851a1d" />
    <TestEntry testId="bc65d678-ea47-f040-ebfc-ebf2c2e9a1f0" executionId="4ce49cc6-6dac-49c0-9529-a57d485a319e" testListId="8c84fa94-04c1-424b-9868-57a2d4851a1d" />
    <TestEntry testId="f10bb888-60df-1256-7dc3-3ea5b2020598" executionId="3f9df005-927f-4e7d-b05d-2ac1592b8bb5" testListId="8c84fa94-04c1-424b-9868-57a2d4851a1d" />
    <TestEntry testId="aeb7956b-7546-b053-446f-8b8f700e605b" executionId="c316171b-85ea-49ea-ac45-aa3e676cda2c" testListId="8c84fa94-04c1-424b-9868-57a2d4851a1d" />
    <TestEntry testId="f4b49037-2be4-650f-fa20-2558b4f38cf7" executionId="77f53fa2-699b-4b58-b1cb-9eab89cf60ed" testListId="8c84fa94-04c1-424b-9868-57a2d4851a1d" />
    <TestEntry testId="53290695-3624-0469-7860-2a707aa4d5f4" executionId="9b440a6b-a510-49e9-927d-4b90d2446771" testListId="8c84fa94-04c1-424b-9868-57a2d4851a1d" />
    <TestEntry testId="7854059b-30d2-55e5-a014-8ef220beca26" executionId="4fd01880-0fb2-49f9-a551-cb4e9a8523d9" testListId="8c84fa94-04c1-424b-9868-57a2d4851a1d" />
    <TestEntry testId="76a3f103-314f-1ebd-bd22-53871a79c3fa" executionId="8043a4c8-7bf5-4d77-af5f-6e0d6d83792b" testListId="8c84fa94-04c1-424b-9868-57a2d4851a1d" />
    <TestEntry testId="331a13af-5866-8d6a-671d-a2abfea42096" executionId="52ab2226-0d4f-4fce-9a81-a3d093422ae1" testListId="8c84fa94-04c1-424b-9868-57a2d4851a1d" />
    <TestEntry testId="092a9e9f-643d-a75f-e646-45602e92186b" executionId="04612d13-2df7-4f52-b93e-1a409555b614" testListId="8c84fa94-04c1-424b-9868-57a2d4851a1d" />
    <TestEntry testId="8fa56702-815f-46fb-f241-56617bf43be4" executionId="506faf48-ebd4-49f8-9d45-ba9aa79e94e2" testListId="8c84fa94-04c1-424b-9868-57a2d4851a1d" />
    <TestEntry testId="4ea3de90-a59d-3955-9940-560839244413" executionId="39ab802b-4344-4f63-b48d-4b461b71dd37" testListId="8c84fa94-04c1-424b-9868-57a2d4851a1d" />
    <TestEntry testId="647b6c5b-225b-1ca2-d2e0-e37df89ba286" executionId="34fdbe39-e72c-40a1-baa5-08ace7ebab0a" testListId="8c84fa94-04c1-424b-9868-57a2d4851a1d" />
    <TestEntry testId="7e6ddfbf-8406-e386-7c05-3e7c30fa7505" executionId="20536ae6-8701-4434-81ab-df4d2ac990ad" testListId="8c84fa94-04c1-424b-9868-57a2d4851a1d" />
    <TestEntry testId="266c91ed-f749-9cf5-bf8c-4a55ef2a37c7" executionId="f0e6f21d-08e4-4791-ba2d-afced9273dce" testListId="8c84fa94-04c1-424b-9868-57a2d4851a1d" />
    <TestEntry testId="5bf2f350-f23f-f114-d6dd-98a507e43569" executionId="5a6931f2-b589-4490-8583-d5068952fca1" testListId="8c84fa94-04c1-424b-9868-57a2d4851a1d" />
  </TestEntries>
  <TestLists>
    <TestList name="Results Not in a List" id="8c84fa94-04c1-424b-9868-57a2d4851a1d" />
    <TestList name="All Loaded Results" id="19431567-8539-422a-85d7-44ee4e166bda" />
  </TestLists>
  <ResultSummary outcome="Completed">
    <Counters total="24" executed="24" passed="24" failed="0" error="0" timeout="0" aborted="0" inconclusive="0" passedButRunAborted="0" notRunnable="0" notExecuted="0" disconnected="0" warning="0" completed="0" inProgress="0" pending="0" />
    <Output>
      <StdOut>[xUnit.net 00:00:00.00] xUnit.net VSTest Adapter v2.8.2+699d445a1a (64-bit .NET 8.0.19)&#xD;
[xUnit.net 00:00:00.41]   Discovering: Fededim.Extensions.Configuration.Protected.DataProtectionAPITest&#xD;
[xUnit.net 00:00:00.76]   Discovered:  Fededim.Extensions.Configuration.Protected.DataProtectionAPITest&#xD;
[xUnit.net 00:00:00.77]   Starting:    Fededim.Extensions.Configuration.Protected.DataProtectionAPITest&#xD;
[xUnit.net 00:02:14.17]   Finished:    Fededim.Extensions.Configuration.Protected.DataProtectionAPITest&#xD;
</StdOut>
    </Output>
  </ResultSummary>
</TestRun>