<?xml version="1.0" encoding="utf-8"?>
<TestRun id="99fa99d2-4ff4-4a4d-891b-9784eb8a0674" name="runneradmin@runnervmvmocb 2026-09-18 12:54:48" runUser="runnervmvmocb\runneradmin" xmlns="http://microsoft.com/schemas/VisualStudio/TeamTest/2010">
  <Times creation="2026-09-18T12:54:48.7499632+00:00" queuing="2026-09-18T12:54:48.7499635+00:00" start="2026-09-18T12:54:40.8922303+00:00" finish="2026-09-18T12:56:03.1879352+00:00" />
  <TestSettings name="default" id="3ce3f699-2431-45ef-a9ec-4a8a019f3363">
    <Deployment runDeploymentRoot="runneradmin_runnervmvmocb_2026-09-18_12_54_48" />
  </TestSettings>
  <Results>
    <UnitTestResult executionId="ab6d4c40-cf69-4bdb-be5c-f11aea73cf48" testId="4ea3de90-a59d-3955-9940-560839244413" testName="Fededim.Extensions.Configuration.Protected.DataProtectionAPITest.DataProtectionAPIProtectProviderTest.RandomJsonFileTest(useJsonWithCommentFileProcessor: False)" computerName="runnervmvmocb" duration="00:00:20.5286600" startTime="2026-09-18T12:55:38.5887779+00:00" endTime="2026-09-18T12:55:38.5887781+00:00" testType="13cdc9d9-ddb5-4fa4-a97d-d965ccfc6d4b" outcome="Passed" testListId="8c84fa94-04c1-424b-9868-57a2d4851a1d" relativeResultsDirectory="ab6d4c40-cf69-4bdb-be5c-f11aea73cf48">
      <Output>
        <StdOut>9/18/2026 12:55:18 PM: Generating a random JSON file with 100000 keys, autogenerated strings max length 20 and autogenerated array max length 10...&#xD;
9/18/2026 12:55:19 PM: File location file://D:/a/Fededim.Extensions.Configuration.Protected/Fededim.Extensions.Configuration.Protected/Fededim.Extensions.Configuration.Protected.DataProtectionAPITest/bin/Release/net10.0/random_004662e7-6170-45be-9722-f0ce697b4b5d.json&#xD;
9/18/2026 12:55:19 PM: Generated random JSON file (NumEntries 100000 NumValues 250903 size 54150 KB) duration 1544ms &#xD;
9/18/2026 12:55:26 PM: Encrypted random JSON file (NumEntries 100000 NumValues 250903 size 80344 KB) duration 6781ms &#xD;
9/18/2026 12:55:27 PM: Checked that all random JSON file is encrypted duration 1046ms &#xD;
9/18/2026 12:55:38 PM: Loaded and decrypted random JSON file with ProtectedConfigurationBuilder duration 00:00:10.8360103 &#xD;
9/18/2026 12:55:38 PM: Checked that 250903 entries are equal duration 319ms</StdOut>
      </Output>
    </UnitTestResult>
    <UnitTestResult executionId="2f88e19e-bcb8-45b0-a2da-cc54b8773803" testId="40bc2ee2-12b8-c08c-ad81-e8c0efee775c" testName="Fededim.Extensions.Configuration.Protected.DataProtectionAPITest.DataProtectionAPIProtectProviderTest.RandomJsonFileTest(useJsonWithCommentFileProcessor: True)" computerName="runnervmvmocb" duration="00:00:23.2098169" startTime="2026-09-18T12:55:18.0600758+00:00" endTime="2026-09-18T12:55:18.0600759+00:00" testType="13cdc9d9-ddb5-4fa4-a97d-d965ccfc6d4b" outcome="Passed" testListId="8c84fa94-04c1-424b-9868-57a2d4851a1d" relativeResultsDirectory="2f88e19e-bcb8-45b0-a2da-cc54b8773803">
      <Output>
        <StdOut>9/18/2026 12:54:54 PM: Generating a random JSON file with 100000 keys, autogenerated strings max length 20 and autogenerated array max length 10...&#xD;
9/18/2026 12:54:56 PM: File location file://D:/a/Fededim.Extensions.Configuration.Protected/Fededim.Extensions.Configuration.Protected/Fededim.Extensions.Configuration.Protected.DataProtectionAPITest/bin/Release/net10.0/random_33db067d-d187-4e2c-a4d7-b8231e44dcb4.json&#xD;
9/18/2026 12:54:56 PM: Generated random JSON file (NumEntries 100000 NumValues 250407 size 62271 KB) duration 1587ms &#xD;
9/18/2026 12:55:04 PM: Encrypted random JSON file (NumEntries 100000 NumValues 250407 size 88403 KB) duration 7826ms &#xD;
9/18/2026 12:55:05 PM: Checked that all random JSON file is encrypted duration 1219ms &#xD;
9/18/2026 12:55:17 PM: Loaded and decrypted random JSON file with ProtectedConfigurationBuilder duration 00:00:12.0247346 &#xD;
9/18/2026 12:55:18 PM: Checked that 250407 entries are equal duration 551ms</StdOut>
      </Output>
    </UnitTestResult>
    <UnitTestResult executionId="daef0549-90a4-4924-b8d3-935fa34bfb42" testId="babc18e0-52be-6076-7768-76d0c302f279" testName="Fededim.Extensions.Configuration.Protected.DataProtectionAPITest.PassthroughProtectProviderTest.RandomJsonFileTest(useJsonWithCommentFileProcessor: False)" computerName="runnervmvmocb" duration="00:00:11.5400869" startTime="2026-09-18T12:55:22.3688132+00:00" endTime="2026-09-18T12:55:22.3688133+00:00" testType="13cdc9d9-ddb5-4fa4-a97d-d965ccfc6d4b" outcome="Passed" testListId="8c84fa94-04c1-424b-9868-57a2d4851a1d" relativeResultsDirectory="daef0549-90a4-4924-b8d3-935fa34bfb42">
      <Output>
        <StdOut>9/18/2026 12:55:10 PM: Generating a random JSON file with 100000 keys, autogenerated strings max length 20 and autogenerated array max length 10...&#xD;
9/18/2026 12:55:12 PM: File location file://D:/a/Fededim.Extensions.Configuration.Protected/Fededim.Extensions.Configuration.Protected/Fededim.Extensions.Configuration.Protected.DataProtectionAPITest/bin/Release/net10.0/random_c60f50ee-8469-4073-a3a4-da0d8e496733.json&#xD;
9/18/2026 12:55:12 PM: Generated random JSON file (NumEntries 100000 NumValues 250743 size 55260 KB) duration 1253ms &#xD;
9/18/2026 12:55:15 PM: Encrypted random JSON file (NumEntries 100000 NumValues 250743 size 55646 KB) duration 3581ms &#xD;
9/18/2026 12:55:16 PM: Checked that all random JSON file is encrypted duration 594ms &#xD;
9/18/2026 12:55:21 PM: Loaded and decrypted random JSON file with ProtectedConfigurationBuilder duration 5398ms &#xD;
9/18/2026 12:55:22 PM: Checked that 250743 entries are equal duration 712ms</StdOut>
      </Output>
    </UnitTestResult>
    <UnitTestResult executionId="1896f522-4881-4c17-8e68-f93785707729" testId="76a3f103-314f-1ebd-bd22-53871a79c3fa" testName="Fededim.Extensions.Configuration.Protected.DataProtectionAPITest.ReverseChainedDataProtectionAPIProtectProviderTest.RandomJsonFileTest(useJsonWithCommentFileProcessor: True)" computerName="runnervmvmocb" duration="00:00:29.7439920" startTime="2026-09-18T12:55:11.5413197+00:00" endTime="2026-09-18T12:55:11.5413198+00:00" testType="13cdc9d9-ddb5-4fa4-a97d-d965ccfc6d4b" outcome="Passed" testListId="8c84fa94-04c1-424b-9868-57a2d4851a1d" relativeResultsDirectory="1896f522-4881-4c17-8e68-f93785707729">
      <Output>
        <StdOut>9/18/2026 12:54:41 PM: Generating a random JSON file with 100000 keys, autogenerated strings max length 20 and autogenerated array max length 10...&#xD;
9/18/2026 12:54:44 PM: File location file://D:/a/Fededim.Extensions.Configuration.Protected/Fededim.Extensions.Configuration.Protected/Fededim.Extensions.Configuration.Protected.DataProtectionAPITest/bin/Release/net10.0/random_cedc8efe-65d7-47aa-88b6-2e4d7d467c53.json&#xD;
9/18/2026 12:54:44 PM: Generated random JSON file (NumEntries 100000 NumValues 249394 size 60754 KB) duration 2571ms &#xD;
9/18/2026 12:54:54 PM: Encrypted random JSON file (NumEntries 100000 NumValues 249394 size 86788 KB) duration 9987ms &#xD;
9/18/2026 12:54:56 PM: Checked that all random JSON file is encrypted duration 2471ms &#xD;
9/18/2026 12:55:10 PM: Loaded and decrypted random JSON file with ProtectedConfigurationBuilder duration 00:00:13.7877995 &#xD;
9/18/2026 12:55:11 PM: Checked that 249394 entries are equal duration 790ms</StdOut>
      </Output>
    </UnitTestResult>
    <UnitTestResult executionId="120a1bff-decc-43f9-9df9-3dc8fb5411c0" testId="53290695-3624-0469-7860-2a707aa4d5f4" testName="Fededim.Extensions.Configuration.Protected.DataProtectionAPITest.ReverseChainedPassthroughProtectProviderTest.RandomCommandLineTest" computerName="runnervmvmocb" duration="00:00:02.9167115" startTime="2026-09-18T12:54:51.6335612+00:00" endTime="2026-09-18T12:54:51.6335613+00:00" testType="13cdc9d9-ddb5-4fa4-a97d-d965ccfc6d4b" outcome="Passed" testListId="8c84fa94-04c1-424b-9868-57a2d4851a1d" relativeResultsDirectory="120a1bff-decc-43f9-9df9-3dc8fb5411c0">
      <Output>
        <StdOut>9/18/2026 12:54:48 PM: Generating a random command line arguments with 100000 keys, autogenerated strings max length 20 and autogenerated array max length 10...&#xD;
9/18/2026 12:54:48 PM: Starting test...&#xD;
9/18/2026 12:54:48 PM: Generated random comand line args (NumEntries 100000 NumValues 249773) duration 272ms &#xD;
9/18/2026 12:54:50 PM: Encrypted random comand line args duration 1433ms &#xD;
9/18/2026 12:54:50 PM: Checked that all random comand line args are encrypted duration 124ms &#xD;
9/18/2026 12:54:51 PM: Loaded and decrypted random comand line args with ProtectedConfigurationBuilder duration 988ms &#xD;
9/18/2026 12:54:51 PM: Checked that 100000 entries are equal duration 94ms</StdOut>
      </Output>
    </UnitTestResult>
    <UnitTestResult executionId="d8f028c7-ad64-48fb-8c1b-a5e1bef436ef" testId="5bf2f350-f23f-f114-d6dd-98a507e43569" testName="Fededim.Extensions.Configuration.Protected.DataProtectionAPITest.ReverseChainedDataProtectionAPIProtectProviderTest.RandomXmlFileTest" computerName="runnervmvmocb" duration="00:00:22.1599219" startTime="2026-09-18T12:55:54.8686230+00:00" endTime="2026-09-18T12:55:54.8686231+00:00" testType="13cdc9d9-ddb5-4fa4-a97d-d965ccfc6d4b" outcome="Passed" testListId="8c84fa94-04c1-424b-9868-57a2d4851a1d" relativeResultsDirectory="d8f028c7-ad64-48fb-8c1b-a5e1bef436ef">
      <Output>
        <StdOut>9/18/2026 12:55:32 PM: Generating a random XML file with 100000 keys, autogenerated strings max length 20 and autogenerated array max length 10...&#xD;
9/18/2026 12:55:36 PM: File location file://D:/a/Fededim.Extensions.Configuration.Protected/Fededim.Extensions.Configuration.Protected/Fededim.Extensions.Configuration.Protected.DataProtectionAPITest/bin/Release/net10.0/random_6630205a-3fc9-45d1-983f-bc3db055a6a5.xml&#xD;
9/18/2026 12:55:36 PM: Generated random XML file (NumEntries 100000 NumValues 249518 size 63787 KB) duration 3834ms &#xD;
9/18/2026 12:55:41 PM: Encrypted random XML file (NumEntries 100000 NumValues 249518 size 90076 KB) duration 4977ms &#xD;
9/18/2026 12:55:43 PM: Checked that all random XML file is encrypted duration 2442ms &#xD;
9/18/2026 12:55:54 PM: Loaded and decrypted random XML file with ProtectedConfigurationBuilder duration 00:00:10.6378880 &#xD;
9/18/2026 12:55:54 PM: Checked that 201702 entries are equal duration 267ms</StdOut>
      </Output>
    </UnitTestResult>
    <UnitTestResult executionId="3a0d8886-3c6e-461b-be4a-c4251debc065" testId="623fedfb-c200-d700-a583-c0520c9fd7be" testName="Fededim.Extensions.Configuration.Protected.DataProtectionAPITest.PassthroughProtectProviderTest.RandomInMemoryDictionaryTest" computerName="runnervmvmocb" duration="00:00:01.3215064" startTime="2026-09-18T12:55:10.8285918+00:00" endTime="2026-09-18T12:55:10.8285919+00:00" testType="13cdc9d9-ddb5-4fa4-a97d-d965ccfc6d4b" outcome="Passed" testListId="8c84fa94-04c1-424b-9868-57a2d4851a1d" relativeResultsDirectory="3a0d8886-3c6e-461b-be4a-c4251debc065">
      <Output>
        <StdOut>9/18/2026 12:55:09 PM: Generating a random in-memory dictionary with 100000 keys, autogenerated strings max length 20 and autogenerated array max length 10...&#xD;
9/18/2026 12:55:09 PM: Starting test...&#xD;
9/18/2026 12:55:09 PM: Generated random in-memory dictionary (NumEntries 100000 NumValues 249747) duration 295ms &#xD;
9/18/2026 12:55:10 PM: Encrypted random in-memory dictionary duration 479ms &#xD;
9/18/2026 12:55:10 PM: Checked that all random in-memory dictionary is encrypted duration 39ms &#xD;
9/18/2026 12:55:10 PM: Loaded and decrypted random in-memory dictionary with ProtectedConfigurationBuilder duration 458ms &#xD;
9/18/2026 12:55:10 PM: Checked that 100000 entries are equal duration 48ms</StdOut>
      </Output>
    </UnitTestResult>
    <UnitTestResult executionId="bf04fd1a-ac53-42ad-957b-059f69c0f25a" testId="69d8f2d8-3562-2bf4-0a5e-c226f303d955" testName="Fededim.Extensions.Configuration.Protected.DataProtectionAPITest.ReverseChainedPassthroughProtectProviderTest.RandomInMemoryDictionaryTest" computerName="runnervmvmocb" duration="00:00:02.7887241" startTime="2026-09-18T12:54:48.7174317+00:00" endTime="2026-09-18T12:54:48.7175013+00:00" testType="13cdc9d9-ddb5-4fa4-a97d-d965ccfc6d4b" outcome="Passed" testListId="8c84fa94-04c1-424b-9868-57a2d4851a1d" relativeResultsDirectory="bf04fd1a-ac53-42ad-957b-059f69c0f25a">
      <Output>
        <StdOut>9/18/2026 12:54:45 PM: Generating a random in-memory dictionary with 100000 keys, autogenerated strings max length 20 and autogenerated array max length 10...&#xD;
9/18/2026 12:54:46 PM: Starting test...&#xD;
9/18/2026 12:54:46 PM: Generated random in-memory dictionary (NumEntries 100000 NumValues 249906) duration 382ms &#xD;
9/18/2026 12:54:47 PM: Encrypted random in-memory dictionary duration 1110ms &#xD;
9/18/2026 12:54:47 PM: Checked that all random in-memory dictionary is encrypted duration 123ms &#xD;
9/18/2026 12:54:48 PM: Loaded and decrypted random in-memory dictionary with ProtectedConfigurationBuilder duration 1030ms &#xD;
9/18/2026 12:54:48 PM: Checked that 100000 entries are equal duration 138ms</StdOut>
      </Output>
    </UnitTestResult>
    <UnitTestResult executionId="19f27582-df0d-4607-9066-069d32d943a2" testId="f4b49037-2be4-650f-fa20-2558b4f38cf7" testName="Fededim.Extensions.Configuration.Protected.DataProtectionAPITest.ReverseChainedPassthroughProtectProviderTest.RandomEnvironmentVariablesTest" computerName="runnervmvmocb" duration="00:00:03.0180804" startTime="2026-09-18T12:55:40.1607101+00:00" endTime="2026-09-18T12:55:40.1607104+00:00" testType="13cdc9d9-ddb5-4fa4-a97d-d965ccfc6d4b" outcome="Passed" testListId="8c84fa94-04c1-424b-9868-57a2d4851a1d" relativeResultsDirectory="19f27582-df0d-4607-9066-069d32d943a2">
      <Output>
        <StdOut>9/18/2026 12:55:37 PM: Generating a random environment variables 100000 keys, autogenerated strings max length 20 and autogenerated array max length 10...&#xD;
9/18/2026 12:55:38 PM: Starting test...&#xD;
9/18/2026 12:55:38 PM: Generated random environment variables (NumEntries 2000 NumValues 5042 TID 12, note that Windows has a maximum size of 32KB for all environment variables, so not all 100000 keys could be created) duration 1146ms &#xD;
9/18/2026 12:55:39 PM: Encrypted random environment variables duration 1225ms &#xD;
9/18/2026 12:55:39 PM: Checked that all random environment variables are encrypted duration 2ms &#xD;
9/18/2026 12:55:39 PM: Loaded and decrypted random environment variables with ProtectedConfigurationBuilder duration 14ms &#xD;
9/18/2026 12:55:39 PM: Checked that 1610 entries are equal duration 0ms</StdOut>
      </Output>
    </UnitTestResult>
    <UnitTestResult executionId="e3ca9ca9-9eda-46ff-90ac-22621d202522" testId="6c6badd8-2315-c41e-9745-b2cf4b1a628a" testName="Fededim.Extensions.Configuration.Protected.DataProtectionAPITest.ReverseChainedDataProtectionAPIProtectProviderTest.RandomEnvironmentVariablesTest" computerName="runnervmvmocb" duration="00:00:02.5171896" startTime="2026-09-18T12:55:57.3860444+00:00" endTime="2026-09-18T12:55:57.3860448+00:00" testType="13cdc9d9-ddb5-4fa4-a97d-d965ccfc6d4b" outcome="Passed" testListId="8c84fa94-04c1-424b-9868-57a2d4851a1d" relativeResultsDirectory="e3ca9ca9-9eda-46ff-90ac-22621d202522">
      <Output>
        <StdOut>9/18/2026 12:55:54 PM: Generating a random environment variables 100000 keys, autogenerated strings max length 20 and autogenerated array max length 10...&#xD;
9/18/2026 12:55:55 PM: Starting test...&#xD;
9/18/2026 12:55:55 PM: Generated random environment variables (NumEntries 2000 NumValues 5026 TID 8, note that Windows has a maximum size of 32KB for all environment variables, so not all 100000 keys could be created) duration 756ms &#xD;
9/18/2026 12:55:56 PM: Encrypted random environment variables duration 1002ms &#xD;
9/18/2026 12:55:56 PM: Checked that all random environment variables are encrypted duration 25ms &#xD;
9/18/2026 12:55:56 PM: Loaded and decrypted random environment variables with ProtectedConfigurationBuilder duration 77ms &#xD;
9/18/2026 12:55:56 PM: Checked that 1599 entries are equal duration 0ms</StdOut>
      </Output>
    </UnitTestResult>
    <UnitTestResult executionId="adf02c74-99e0-46ca-a2ea-c7ff0b707459" testId="092a9e9f-643d-a75f-e646-45602e92186b" testName="Fededim.Extensions.Configuration.Protected.DataProtectionAPITest.DataProtectionAPIProtectProviderTest.RandomInMemoryDictionaryTest" computerName="runnervmvmocb" duration="00:00:08.3001040" startTime="2026-09-18T12:54:50.0976357+00:00" endTime="2026-09-18T12:54:50.0976359+00:00" testType="13cdc9d9-ddb5-4fa4-a97d-d965ccfc6d4b" outcome="Passed" testListId="8c84fa94-04c1-424b-9868-57a2d4851a1d" relativeResultsDirectory="adf02c74-99e0-46ca-a2ea-c7ff0b707459">
      <Output>
        <StdOut>9/18/2026 12:54:41 PM: Generating a random in-memory dictionary with 100000 keys, autogenerated strings max length 20 and autogenerated array max length 10...&#xD;
9/18/2026 12:54:42 PM: Starting test...&#xD;
9/18/2026 12:54:42 PM: Generated random in-memory dictionary (NumEntries 100000 NumValues 248693) duration 769ms &#xD;
9/18/2026 12:54:45 PM: Encrypted random in-memory dictionary duration 2585ms &#xD;
9/18/2026 12:54:45 PM: Checked that all random in-memory dictionary is encrypted duration 90ms &#xD;
9/18/2026 12:54:49 PM: Loaded and decrypted random in-memory dictionary with ProtectedConfigurationBuilder duration 4613ms &#xD;
9/18/2026 12:54:50 PM: Checked that 100000 entries are equal duration 105ms</StdOut>
      </Output>
    </UnitTestResult>
    <UnitTestResult executionId="ef341964-9b38-4d42-b5fa-b1abf42a6c66" testId="f63be0dc-1fac-0d73-eab5-ec6ea7cf7b08" testName="Fededim.Extensions.Configuration.Protected.DataProtectionAPITest.DataProtectionAPIProtectProviderTest.RandomCommandLineTest" computerName="runnervmvmocb" duration="00:00:03.0048996" startTime="2026-09-18T12:56:00.7663693+00:00" endTime="2026-09-18T12:56:00.7663695+00:00" testType="13cdc9d9-ddb5-4fa4-a97d-d965ccfc6d4b" outcome="Passed" testListId="8c84fa94-04c1-424b-9868-57a2d4851a1d" relativeResultsDirectory="ef341964-9b38-4d42-b5fa-b1abf42a6c66">
      <Output>
        <StdOut>9/18/2026 12:55:57 PM: Generating a random command line arguments with 100000 keys, autogenerated strings max length 20 and autogenerated array max length 10...&#xD;
9/18/2026 12:55:57 PM: Starting test...&#xD;
9/18/2026 12:55:57 PM: Generated random comand line args (NumEntries 100000 NumValues 249794) duration 181ms &#xD;
9/18/2026 12:55:59 PM: Encrypted random comand line args duration 1071ms &#xD;
9/18/2026 12:55:59 PM: Checked that all random comand line args are encrypted duration 31ms &#xD;
9/18/2026 12:56:00 PM: Loaded and decrypted random comand line args with ProtectedConfigurationBuilder duration 1676ms &#xD;
9/18/2026 12:56:00 PM: Checked that 100000 entries are equal duration 42ms</StdOut>
      </Output>
    </UnitTestResult>
    <UnitTestResult executionId="117ca5b5-4b96-41f1-bd80-62e8e02535e5" testId="bc65d678-ea47-f040-ebfc-ebf2c2e9a1f0" testName="Fededim.Extensions.Configuration.Protected.DataProtectionAPITest.PassthroughProtectProviderTest.RandomXmlFileTest" computerName="runnervmvmocb" duration="00:00:25.6639965" startTime="2026-09-18T12:55:07.4612844+00:00" endTime="2026-09-18T12:55:07.4612845+00:00" testType="13cdc9d9-ddb5-4fa4-a97d-d965ccfc6d4b" outcome="Passed" testListId="8c84fa94-04c1-424b-9868-57a2d4851a1d" relativeResultsDirectory="117ca5b5-4b96-41f1-bd80-62e8e02535e5">
      <Output>
        <StdOut>9/18/2026 12:54:41 PM: Generating a random XML file with 100000 keys, autogenerated strings max length 20 and autogenerated array max length 10...&#xD;
9/18/2026 12:54:47 PM: File location file://D:/a/Fededim.Extensions.Configuration.Protected/Fededim.Extensions.Configuration.Protected/Fededim.Extensions.Configuration.Protected.DataProtectionAPITest/bin/Release/net10.0/random_efcae048-a5d1-4c4c-918a-aa4988e6bfbe.xml&#xD;
9/18/2026 12:54:47 PM: Generated random XML file (NumEntries 100000 NumValues 250766 size 60952 KB) duration 5962ms &#xD;
9/18/2026 12:54:57 PM: Encrypted random XML file (NumEntries 100000 NumValues 250766 size 61342 KB) duration 9196ms &#xD;
9/18/2026 12:54:59 PM: Checked that all random XML file is encrypted duration 1942ms &#xD;
9/18/2026 12:55:06 PM: Loaded and decrypted random XML file with ProtectedConfigurationBuilder duration 7911ms &#xD;
9/18/2026 12:55:07 PM: Checked that 202345 entries are equal duration 513ms</StdOut>
      </Output>
    </UnitTestResult>
    <UnitTestResult executionId="90bb62c1-29cf-4ad1-a519-878f91ad94cb" testId="266c91ed-f749-9cf5-bf8c-4a55ef2a37c7" testName="Fededim.Extensions.Configuration.Protected.DataProtectionAPITest.PassthroughProtectProviderTest.RandomCommandLineTest" computerName="runnervmvmocb" duration="00:00:02.0452336" startTime="2026-09-18T12:55:09.5069233+00:00" endTime="2026-09-18T12:55:09.5069234+00:00" testType="13cdc9d9-ddb5-4fa4-a97d-d965ccfc6d4b" outcome="Passed" testListId="8c84fa94-04c1-424b-9868-57a2d4851a1d" relativeResultsDirectory="90bb62c1-29cf-4ad1-a519-878f91ad94cb">
      <Output>
        <StdOut>9/18/2026 12:55:07 PM: Generating a random command line arguments with 100000 keys, autogenerated strings max length 20 and autogenerated array max length 10...&#xD;
9/18/2026 12:55:07 PM: Starting test...&#xD;
9/18/2026 12:55:07 PM: Generated random comand line args (NumEntries 100000 NumValues 251414) duration 391ms &#xD;
9/18/2026 12:55:08 PM: Encrypted random comand line args duration 941ms &#xD;
9/18/2026 12:55:08 PM: Checked that all random comand line args are encrypted duration 47ms &#xD;
9/18/2026 12:55:09 PM: Loaded and decrypted random comand line args with ProtectedConfigurationBuilder duration 589ms &#xD;
9/18/2026 12:55:09 PM: Checked that 100000 entries are equal duration 75ms</StdOut>
      </Output>
    </UnitTestResult>
    <UnitTestResult executionId="edd6874f-4a18-42b3-a46c-aabf84cf3beb" testId="7854059b-30d2-55e5-a014-8ef220beca26" testName="Fededim.Extensions.Configuration.Protected.DataProtectionAPITest.ReverseChainedDataProtectionAPIProtectProviderTest.RandomJsonFileTest(useJsonWithCommentFileProcessor: False)" computerName="runnervmvmocb" duration="00:00:21.1671595" startTime="2026-09-18T12:55:32.7085977+00:00" endTime="2026-09-18T12:55:32.7085977+00:00" testType="13cdc9d9-ddb5-4fa4-a97d-d965ccfc6d4b" outcome="Passed" testListId="8c84fa94-04c1-424b-9868-57a2d4851a1d" relativeResultsDirectory="edd6874f-4a18-42b3-a46c-aabf84cf3beb">
      <Output>
        <StdOut>9/18/2026 12:55:11 PM: Generating a random JSON file with 100000 keys, autogenerated strings max length 20 and autogenerated array max length 10...&#xD;
9/18/2026 12:55:12 PM: File location file://D:/a/Fededim.Extensions.Configuration.Protected/Fededim.Extensions.Configuration.Protected/Fededim.Extensions.Configuration.Protected.DataProtectionAPITest/bin/Release/net10.0/random_f4bcea59-cd87-455f-b6f2-e1c5ab42e80b.json&#xD;
9/18/2026 12:55:12 PM: Generated random JSON file (NumEntries 100000 NumValues 248797 size 55427 KB) duration 1123ms &#xD;
9/18/2026 12:55:18 PM: Encrypted random JSON file (NumEntries 100000 NumValues 248797 size 81362 KB) duration 5809ms &#xD;
9/18/2026 12:55:19 PM: Checked that all random JSON file is encrypted duration 1252ms &#xD;
9/18/2026 12:55:31 PM: Loaded and decrypted random JSON file with ProtectedConfigurationBuilder duration 00:00:12.2621000 &#xD;
9/18/2026 12:55:32 PM: Checked that 248797 entries are equal duration 714ms</StdOut>
      </Output>
    </UnitTestResult>
    <UnitTestResult executionId="c1abd535-2a85-4e1b-bd03-0a5b1def8344" testId="647b6c5b-225b-1ca2-d2e0-e37df89ba286" testName="Fededim.Extensions.Configuration.Protected.DataProtectionAPITest.ReverseChainedDataProtectionAPIProtectProviderTest.RandomCommandLineTest" computerName="runnervmvmocb" duration="00:00:03.0527700" startTime="2026-09-18T12:56:00.4389158+00:00" endTime="2026-09-18T12:56:00.4389159+00:00" testType="13cdc9d9-ddb5-4fa4-a97d-d965ccfc6d4b" outcome="Passed" testListId="8c84fa94-04c1-424b-9868-57a2d4851a1d" relativeResultsDirectory="c1abd535-2a85-4e1b-bd03-0a5b1def8344">
      <Output>
        <StdOut>9/18/2026 12:55:57 PM: Generating a random command line arguments with 100000 keys, autogenerated strings max length 20 and autogenerated array max length 10...&#xD;
9/18/2026 12:55:57 PM: Starting test...&#xD;
9/18/2026 12:55:57 PM: Generated random comand line args (NumEntries 100000 NumValues 250875) duration 170ms &#xD;
9/18/2026 12:55:58 PM: Encrypted random comand line args duration 1150ms &#xD;
9/18/2026 12:55:58 PM: Checked that all random comand line args are encrypted duration 41ms &#xD;
9/18/2026 12:56:00 PM: Loaded and decrypted random comand line args with ProtectedConfigurationBuilder duration 1649ms &#xD;
9/18/2026 12:56:00 PM: Checked that 100000 entries are equal duration 39ms</StdOut>
      </Output>
    </UnitTestResult>
    <UnitTestResult executionId="9c793efd-8b95-4600-b0ef-d7947de71d20" testId="c47730a9-5677-c354-72b2-3037781cbdf4" testName="Fededim.Extensions.Configuration.Protected.DataProtectionAPITest.ReverseChainedPassthroughProtectProviderTest.RandomJsonFileTest(useJsonWithCommentFileProcessor: True)" computerName="runnervmvmocb" duration="00:00:15.7759704" startTime="2026-09-18T12:55:07.4095983+00:00" endTime="2026-09-18T12:55:07.4095983+00:00" testType="13cdc9d9-ddb5-4fa4-a97d-d965ccfc6d4b" outcome="Passed" testListId="8c84fa94-04c1-424b-9868-57a2d4851a1d" relativeResultsDirectory="9c793efd-8b95-4600-b0ef-d7947de71d20">
      <Output>
        <StdOut>9/18/2026 12:54:51 PM: Generating a random JSON file with 100000 keys, autogenerated strings max length 20 and autogenerated array max length 10...&#xD;
9/18/2026 12:54:53 PM: File location file://D:/a/Fededim.Extensions.Configuration.Protected/Fededim.Extensions.Configuration.Protected/Fededim.Extensions.Configuration.Protected.DataProtectionAPITest/bin/Release/net10.0/random_21dc1c54-279f-49c2-96b6-09dd058831c5.json&#xD;
9/18/2026 12:54:53 PM: Generated random JSON file (NumEntries 100000 NumValues 249708 size 61834 KB) duration 2035ms &#xD;
9/18/2026 12:54:57 PM: Encrypted random JSON file (NumEntries 100000 NumValues 249708 size 62219 KB) duration 3370ms &#xD;
9/18/2026 12:54:58 PM: Checked that all random JSON file is encrypted duration 1410ms &#xD;
9/18/2026 12:55:06 PM: Loaded and decrypted random JSON file with ProtectedConfigurationBuilder duration 7950ms &#xD;
9/18/2026 12:55:07 PM: Checked that 249708 entries are equal duration 1008ms</StdOut>
      </Output>
    </UnitTestResult>
    <UnitTestResult executionId="b810d30f-e668-4d68-8335-cece0d3e5d70" testId="f10bb888-60df-1256-7dc3-3ea5b2020598" testName="Fededim.Extensions.Configuration.Protected.DataProtectionAPITest.PassthroughProtectProviderTest.RandomEnvironmentVariablesTest" computerName="runnervmvmocb" duration="00:00:02.7670745" startTime="2026-09-18T12:55:37.3072989+00:00" endTime="2026-09-18T12:55:37.3072990+00:00" testType="13cdc9d9-ddb5-4fa4-a97d-d965ccfc6d4b" outcome="Passed" testListId="8c84fa94-04c1-424b-9868-57a2d4851a1d" relativeResultsDirectory="b810d30f-e668-4d68-8335-cece0d3e5d70">
      <Output>
        <StdOut>9/18/2026 12:55:34 PM: Generating a random environment variables 100000 keys, autogenerated strings max length 20 and autogenerated array max length 10...&#xD;
9/18/2026 12:55:35 PM: Starting test...&#xD;
9/18/2026 12:55:35 PM: Generated random environment variables (NumEntries 2000 NumValues 5063 TID 15, note that Windows has a maximum size of 32KB for all environment variables, so not all 100000 keys could be created) duration 1098ms &#xD;
9/18/2026 12:55:36 PM: Encrypted random environment variables duration 985ms &#xD;
9/18/2026 12:55:36 PM: Checked that all random environment variables are encrypted duration 9ms &#xD;
9/18/2026 12:55:36 PM: Loaded and decrypted random environment variables with ProtectedConfigurationBuilder duration 17ms &#xD;
9/18/2026 12:55:36 PM: Checked that 1588 entries are equal duration 0ms</StdOut>
      </Output>
    </UnitTestResult>
    <UnitTestResult executionId="26b3189b-8c44-44f6-9fe1-9347e34eb8e6" testId="8fa56702-815f-46fb-f241-56617bf43be4" testName="Fededim.Extensions.Configuration.Protected.DataProtectionAPITest.ReverseChainedPassthroughProtectProviderTest.RandomXmlFileTest" computerName="runnervmvmocb" duration="00:00:18.0910375" startTime="2026-09-18T12:55:37.1423688+00:00" endTime="2026-09-18T12:55:37.1423698+00:00" testType="13cdc9d9-ddb5-4fa4-a97d-d965ccfc6d4b" outcome="Passed" testListId="8c84fa94-04c1-424b-9868-57a2d4851a1d" relativeResultsDirectory="26b3189b-8c44-44f6-9fe1-9347e34eb8e6">
      <Output>
        <StdOut>9/18/2026 12:55:19 PM: Generating a random XML file with 100000 keys, autogenerated strings max length 20 and autogenerated array max length 10...&#xD;
9/18/2026 12:55:24 PM: File location file://D:/a/Fededim.Extensions.Configuration.Protected/Fededim.Extensions.Configuration.Protected/Fededim.Extensions.Configuration.Protected.DataProtectionAPITest/bin/Release/net10.0/random_f0d11761-ca67-40ef-8ad4-d837f2a412f1.xml&#xD;
9/18/2026 12:55:24 PM: Generated random XML file (NumEntries 100000 NumValues 249321 size 60976 KB) duration 5147ms &#xD;
9/18/2026 12:55:27 PM: Encrypted random XML file (NumEntries 100000 NumValues 249321 size 61365 KB) duration 3692ms &#xD;
9/18/2026 12:55:29 PM: Checked that all random XML file is encrypted duration 2031ms &#xD;
9/18/2026 12:55:36 PM: Loaded and decrypted random XML file with ProtectedConfigurationBuilder duration 6844ms &#xD;
9/18/2026 12:55:37 PM: Checked that 201725 entries are equal duration 374ms</StdOut>
      </Output>
    </UnitTestResult>
    <UnitTestResult executionId="5c0dbe23-e3d1-429c-bf14-c72bec3284b5" testId="aeb7956b-7546-b053-446f-8b8f700e605b" testName="Fededim.Extensions.Configuration.Protected.DataProtectionAPITest.ReverseChainedDataProtectionAPIProtectProviderTest.RandomInMemoryDictionaryTest" computerName="runnervmvmocb" duration="00:00:02.5805083" startTime="2026-09-18T12:56:03.0196225+00:00" endTime="2026-09-18T12:56:03.0196227+00:00" testType="13cdc9d9-ddb5-4fa4-a97d-d965ccfc6d4b" outcome="Passed" testListId="8c84fa94-04c1-424b-9868-57a2d4851a1d" relativeResultsDirectory="5c0dbe23-e3d1-429c-bf14-c72bec3284b5">
      <Output>
        <StdOut>9/18/2026 12:56:00 PM: Generating a random in-memory dictionary with 100000 keys, autogenerated strings max length 20 and autogenerated array max length 10...&#xD;
9/18/2026 12:56:00 PM: Starting test...&#xD;
9/18/2026 12:56:00 PM: Generated random in-memory dictionary (NumEntries 100000 NumValues 248738) duration 216ms &#xD;
9/18/2026 12:56:01 PM: Encrypted random in-memory dictionary duration 886ms &#xD;
9/18/2026 12:56:01 PM: Checked that all random in-memory dictionary is encrypted duration 21ms &#xD;
9/18/2026 12:56:02 PM: Loaded and decrypted random in-memory dictionary with ProtectedConfigurationBuilder duration 1416ms &#xD;
9/18/2026 12:56:03 PM: Checked that 100000 entries are equal duration 37ms</StdOut>
      </Output>
    </UnitTestResult>
    <UnitTestResult executionId="1200d631-b08a-42e0-87bf-adc121892892" testId="94ea7642-4083-0632-dcd9-b9fdbebb7fc1" testName="Fededim.Extensions.Configuration.Protected.DataProtectionAPITest.PassthroughProtectProviderTest.RandomJsonFileTest(useJsonWithCommentFileProcessor: True)" computerName="runnervmvmocb" duration="00:00:12.1699625" startTime="2026-09-18T12:55:34.5388329+00:00" endTime="2026-09-18T12:55:34.5388330+00:00" testType="13cdc9d9-ddb5-4fa4-a97d-d965ccfc6d4b" outcome="Passed" testListId="8c84fa94-04c1-424b-9868-57a2d4851a1d" relativeResultsDirectory="1200d631-b08a-42e0-87bf-adc121892892">
      <Output>
        <StdOut>9/18/2026 12:55:22 PM: Generating a random JSON file with 100000 keys, autogenerated strings max length 20 and autogenerated array max length 10...&#xD;
9/18/2026 12:55:23 PM: File location file://D:/a/Fededim.Extensions.Configuration.Protected/Fededim.Extensions.Configuration.Protected/Fededim.Extensions.Configuration.Protected.DataProtectionAPITest/bin/Release/net10.0/random_ed9b239c-cedb-4578-a14c-cdd9321918fc.json&#xD;
9/18/2026 12:55:23 PM: Generated random JSON file (NumEntries 100000 NumValues 251057 size 53729 KB) duration 1293ms &#xD;
9/18/2026 12:55:26 PM: Encrypted random JSON file (NumEntries 100000 NumValues 251057 size 54116 KB) duration 2668ms &#xD;
9/18/2026 12:55:27 PM: Checked that all random JSON file is encrypted duration 964ms &#xD;
9/18/2026 12:55:33 PM: Loaded and decrypted random JSON file with ProtectedConfigurationBuilder duration 6479ms &#xD;
9/18/2026 12:55:34 PM: Checked that 251057 entries are equal duration 763ms</StdOut>
      </Output>
    </UnitTestResult>
    <UnitTestResult executionId="5e0b3ea4-00d6-43d4-87bd-824237ecbf93" testId="7e6ddfbf-8406-e386-7c05-3e7c30fa7505" testName="Fededim.Extensions.Configuration.Protected.DataProtectionAPITest.ReverseChainedPassthroughProtectProviderTest.RandomJsonFileTest(useJsonWithCommentFileProcessor: False)" computerName="runnervmvmocb" duration="00:00:11.6413317" startTime="2026-09-18T12:55:19.0664835+00:00" endTime="2026-09-18T12:55:19.0664838+00:00" testType="13cdc9d9-ddb5-4fa4-a97d-d965ccfc6d4b" outcome="Passed" testListId="8c84fa94-04c1-424b-9868-57a2d4851a1d" relativeResultsDirectory="5e0b3ea4-00d6-43d4-87bd-824237ecbf93">
      <Output>
        <StdOut>9/18/2026 12:55:07 PM: Generating a random JSON file with 100000 keys, autogenerated strings max length 20 and autogenerated array max length 10...&#xD;
9/18/2026 12:55:08 PM: File location file://D:/a/Fededim.Extensions.Configuration.Protected/Fededim.Extensions.Configuration.Protected/Fededim.Extensions.Configuration.Protected.DataProtectionAPITest/bin/Release/net10.0/random_5fa65df3-1fc2-4f31-b963-ff366849325f.json&#xD;
9/18/2026 12:55:08 PM: Generated random JSON file (NumEntries 100000 NumValues 249841 size 56342 KB) duration 1484ms &#xD;
9/18/2026 12:55:11 PM: Encrypted random JSON file (NumEntries 100000 NumValues 249841 size 56728 KB) duration 2243ms &#xD;
9/18/2026 12:55:12 PM: Checked that all random JSON file is encrypted duration 1198ms &#xD;
9/18/2026 12:55:17 PM: Loaded and decrypted random JSON file with ProtectedConfigurationBuilder duration 5597ms &#xD;
9/18/2026 12:55:19 PM: Checked that 249841 entries are equal duration 1104ms</StdOut>
      </Output>
    </UnitTestResult>
    <UnitTestResult executionId="87be6c86-68ee-497b-b83b-a78c888bf123" testId="331a13af-5866-8d6a-671d-a2abfea42096" testName="Fededim.Extensions.Configuration.Protected.DataProtectionAPITest.DataProtectionAPIProtectProviderTest.RandomEnvironmentVariablesTest" computerName="runnervmvmocb" duration="00:00:04.7523787" startTime="2026-09-18T12:54:54.8501665+00:00" endTime="2026-09-18T12:54:54.8501668+00:00" testType="13cdc9d9-ddb5-4fa4-a97d-d965ccfc6d4b" outcome="Passed" testListId="8c84fa94-04c1-424b-9868-57a2d4851a1d" relativeResultsDirectory="87be6c86-68ee-497b-b83b-a78c888bf123">
      <Output>
        <StdOut>9/18/2026 12:54:50 PM: Generating a random environment variables 100000 keys, autogenerated strings max length 20 and autogenerated array max length 10...&#xD;
9/18/2026 12:54:51 PM: Starting test...&#xD;
9/18/2026 12:54:51 PM: Generated random environment variables (NumEntries 2000 NumValues 5086 TID 16, note that Windows has a maximum size of 32KB for all environment variables, so not all 100000 keys could be created) duration 1180ms &#xD;
9/18/2026 12:54:53 PM: Encrypted random environment variables duration 2535ms &#xD;
9/18/2026 12:54:53 PM: Checked that all random environment variables are encrypted duration 3ms &#xD;
9/18/2026 12:54:53 PM: Loaded and decrypted random environment variables with ProtectedConfigurationBuilder duration 58ms &#xD;
9/18/2026 12:54:53 PM: Checked that 1613 entries are equal duration 1ms</StdOut>
      </Output>
    </UnitTestResult>
    <UnitTestResult executionId="16e7c080-b4df-42a7-84f3-44fcb90da8ed" testId="cab792d5-caf7-94cb-7dd5-8cd2bf26d466" testName="Fededim.Extensions.Configuration.Protected.DataProtectionAPITest.DataProtectionAPIProtectProviderTest.RandomXmlFileTest" computerName="runnervmvmocb" duration="00:00:19.1722222" startTime="2026-09-18T12:55:57.7612678+00:00" endTime="2026-09-18T12:55:57.7612680+00:00" testType="13cdc9d9-ddb5-4fa4-a97d-d965ccfc6d4b" outcome="Passed" testListId="8c84fa94-04c1-424b-9868-57a2d4851a1d" relativeResultsDirectory="16e7c080-b4df-42a7-84f3-44fcb90da8ed">
      <Output>
        <StdOut>9/18/2026 12:55:38 PM: Generating a random XML file with 100000 keys, autogenerated strings max length 20 and autogenerated array max length 10...&#xD;
9/18/2026 12:55:40 PM: File location file://D:/a/Fededim.Extensions.Configuration.Protected/Fededim.Extensions.Configuration.Protected/Fededim.Extensions.Configuration.Protected.DataProtectionAPITest/bin/Release/net10.0/random_d446cb10-0d86-4373-ba58-575755e4964c.xml&#xD;
9/18/2026 12:55:40 PM: Generated random XML file (NumEntries 100000 NumValues 249239 size 57496 KB) duration 2214ms &#xD;
9/18/2026 12:55:48 PM: Encrypted random XML file (NumEntries 100000 NumValues 249239 size 83775 KB) duration 7322ms &#xD;
9/18/2026 12:55:49 PM: Checked that all random XML file is encrypted duration 1142ms &#xD;
9/18/2026 12:55:57 PM: Loaded and decrypted random XML file with ProtectedConfigurationBuilder duration 8130ms &#xD;
9/18/2026 12:55:57 PM: Checked that 201632 entries are equal duration 361ms</StdOut>
      </Output>
    </UnitTestResult>
  </Results>
  <TestDefinitions>
    <UnitTest name="Fededim.Extensions.Configuration.Protected.DataProtectionAPITest.ReverseChainedDataProtectionAPIProtectProviderTest.RandomJsonFileTest(useJsonWithCommentFileProcessor: True)" storage="d:\a\fededim.extensions.configuration.protected\fededim.extensions.configuration.protected\fededim.extensions.configuration.protected.dataprotectionapitest\bin\release\net10.0\fededim.extensions.configuration.protected.dataprotectionapitest.dll" id="76a3f103-314f-1ebd-bd22-53871a79c3fa">
      <Execution id="1896f522-4881-4c17-8e68-f93785707729" />
      <TestMethod codeBase="D:\a\Fededim.Extensions.Configuration.Protected\Fededim.Extensions.Configuration.Protected\Fededim.Extensions.Configuration.Protected.DataProtectionAPITest\bin\Release\net10.0\Fededim.Extensions.Configuration.Protected.DataProtectionAPITest.dll" adapterTypeName="executor://xunit/VsTestRunner2/netcoreapp" className="Fededim.Extensions.Configuration.Protected.DataProtectionAPITest.ReverseChainedDataProtectionAPIProtectProviderTest" name="RandomJsonFileTest" />
    </UnitTest>
    <UnitTest name="Fededim.Extensions.Configuration.Protected.DataProtectionAPITest.DataProtectionAPIProtectProviderTest.RandomJsonFileTest(useJsonWithCommentFileProcessor: True)" storage="d:\a\fededim.extensions.configuration.protected\fededim.extensions.configuration.protected\fededim.extensions.configuration.protected.dataprotectionapitest\bin\release\net10.0\fededim.extensions.configuration.protected.dataprotectionapitest.dll" id="40bc2ee2-12b8-c08c-ad81-e8c0efee775c">
      <Execution id="2f88e19e-bcb8-45b0-a2da-cc54b8773803" />
      <TestMethod codeBase="D:\a\Fededim.Extensions.Configuration.Protected\Fededim.Extensions.Configuration.Protected\Fededim.Extensions.Configuration.Protected.DataProtectionAPITest\bin\Release\net10.0\Fededim.Extensions.Configuration.Protected.DataProtectionAPITest.dll" adapterTypeName="executor://xunit/VsTestRunner2/netcoreapp" className="Fededim.Extensions.Configuration.Protected.DataProtectionAPITest.DataProtectionAPIProtectProviderTest" name="RandomJsonFileTest" />
    </UnitTest>
    <UnitTest name="Fededim.Extensions.Configuration.Protected.DataProtectionAPITest.DataProtectionAPIProtectProviderTest.RandomXmlFileTest" storage="d:\a\fededim.extensions.configuration.protected\fededim.extensions.configuration.protected\fededim.extensions.configuration.protected.dataprotectionapitest\bin\release\net10.0\fededim.extensions.configuration.protected.dataprotectionapitest.dll" id="cab792d5-caf7-94cb-7dd5-8cd2bf26d466">
      <Execution id="16e7c080-b4df-42a7-84f3-44fcb90da8ed" />
      <TestMethod codeBase="D:\a\Fededim.Extensions.Configuration.Protected\Fededim.Extensions.Configuration.Protected\Fededim.Extensions.Configuration.Protected.DataProtectionAPITest\bin\Release\net10.0\Fededim.Extensions.Configuration.Protected.DataProtectionAPITest.dll" adapterTypeName="executor://xunit/VsTestRunner2/netcoreapp" className="Fededim.Extensions.Configuration.Protected.DataProtectionAPITest.DataProtectionAPIProtectProviderTest" name="RandomXmlFileTest" />
    </UnitTest>
    <UnitTest name="Fededim.Extensions.Configuration.Protected.DataProtectionAPITest.ReverseChainedDataProtectionAPIProtectProviderTest.RandomCommandLineTest" storage="d:\a\fededim.extensions.configuration.protected\fededim.extensions.configuration.protected\fededim.extensions.configuration.protected.dataprotectionapitest\bin\release\net10.0\fededim.extensions.configuration.protected.dataprotectionapitest.dll" id="647b6c5b-225b-1ca2-d2e0-e37df89ba286">
      <Execution id="c1abd535-2a85-4e1b-bd03-0a5b1def8344" />
      <TestMethod codeBase="D:\a\Fededim.Extensions.Configuration.Protected\Fededim.Extensions.Configuration.Protected\Fededim.Extensions.Configuration.Protected.DataProtectionAPITest\bin\Release\net10.0\Fededim.Extensions.Configuration.Protected.DataProtectionAPITest.dll" adapterTypeName="executor://xunit/VsTestRunner2/netcoreapp" className="Fededim.Extensions.Configuration.Protected.DataProtectionAPITest.ReverseChainedDataProtectionAPIProtectProviderTest" name="RandomCommandLineTest" />
    </UnitTest>
    <UnitTest name="Fededim.Extensions.Configuration.Protected.DataProtectionAPITest.PassthroughProtectProviderTest.RandomCommandLineTest" storage="d:\a\fededim.extensions.configuration.protected\fededim.extensions.configuration.protected\fededim.extensions.configuration.protected.dataprotectionapitest\bin\release\net10.0\fededim.extensions.configuration.protected.dataprotectionapitest.dll" id="266c91ed-f749-9cf5-bf8c-4a55ef2a37c7">
      <Execution id="90bb62c1-29cf-4ad1-a519-878f91ad94cb" />
      <TestMethod codeBase="D:\a\Fededim.Extensions.Configuration.Protected\Fededim.Extensions.Configuration.Protected\Fededim.Extensions.Configuration.Protected.DataProtectionAPITest\bin\Release\net10.0\Fededim.Extensions.Configuration.Protected.DataProtectionAPITest.dll" adapterTypeName="executor://xunit/VsTestRunner2/netcoreapp" className="Fededim.Extensions.Configuration.Protected.DataProtectionAPITest.PassthroughProtectProviderTest" name="RandomCommandLineTest" />
    </UnitTest>
    <UnitTest name="Fededim.Extensions.Configuration.Protected.DataProtectionAPITest.PassthroughProtectProviderTest.RandomXmlFileTest" storage="d:\a\fededim.extensions.configuration.protected\fededim.extensions.configuration.protected\fededim.extensions.configuration.protected.dataprotectionapitest\bin\release\net10.0\fededim.extensions.configuration.protected.dataprotectionapitest.dll" id="bc65d678-ea47-f040-ebfc-ebf2c2e9a1f0">
      <Execution id="117ca5b5-4b96-41f1-bd80-62e8e02535e5" />
      <TestMethod codeBase="D:\a\Fededim.Extensions.Configuration.Protected\Fededim.Extensions.Configuration.Protected\Fededim.Extensions.Configuration.Protected.DataProtectionAPITest\bin\Release\net10.0\Fededim.Extensions.Configuration.Protected.DataProtectionAPITest.dll" adapterTypeName="executor://xunit/VsTestRunner2/netcoreapp" className="Fededim.Extensions.Configuration.Protected.DataProtectionAPITest.PassthroughProtectProviderTest" name="RandomXmlFileTest" />
    </UnitTest>
    <UnitTest name="Fededim.Extensions.Configuration.Protected.DataProtectionAPITest.ReverseChainedDataProtectionAPIProtectProviderTest.RandomXmlFileTest" storage="d:\a\fededim.extensions.configuration.protected\fededim.extensions.configuration.protected\fededim.extensions.configuration.protected.dataprotectionapitest\bin\release\net10.0\fededim.extensions.configuration.protected.dataprotectionapitest.dll" id="5bf2f350-f23f-f114-d6dd-98a507e43569">
      <Execution id="d8f028c7-ad64-48fb-8c1b-a5e1bef436ef" />
      <TestMethod codeBase="D:\a\Fededim.Extensions.Configuration.Protected\Fededim.Extensions.Configuration.Protected\Fededim.Extensions.Configuration.Protected.DataProtectionAPITest\bin\Release\net10.0\Fededim.Extensions.Configuration.Protected.DataProtectionAPITest.dll" adapterTypeName="executor://xunit/VsTestRunner2/netcoreapp" className="Fededim.Extensions.Configuration.Protected.DataProtectionAPITest.ReverseChainedDataProtectionAPIProtectProviderTest" name="RandomXmlFileTest" />
    </UnitTest>
    <UnitTest name="Fededim.Extensions.Configuration.Protected.DataProtectionAPITest.ReverseChainedDataProtectionAPIProtectProviderTest.RandomJsonFileTest(useJsonWithCommentFileProcessor: False)" storage="d:\a\fededim.extensions.configuration.protected\fededim.extensions.configuration.protected\fededim.extensions.configuration.protected.dataprotectionapitest\bin\release\net10.0\fededim.extensions.configuration.protected.dataprotectionapitest.dll" id="7854059b-30d2-55e5-a014-8ef220beca26">
      <Execution id="edd6874f-4a18-42b3-a46c-aabf84cf3beb" />
      <TestMethod codeBase="D:\a\Fededim.Extensions.Configuration.Protected\Fededim.Extensions.Configuration.Protected\Fededim.Extensions.Configuration.Protected.DataProtectionAPITest\bin\Release\net10.0\Fededim.Extensions.Configuration.Protected.DataProtectionAPITest.dll" adapterTypeName="executor://xunit/VsTestRunner2/netcoreapp" className="Fededim.Extensions.Configuration.Protected.DataProtectionAPITest.ReverseChainedDataProtectionAPIProtectProviderTest" name="RandomJsonFileTest" />
    </UnitTest>
    <UnitTest name="Fededim.Extensions.Configuration.Protected.DataProtectionAPITest.ReverseChainedDataProtectionAPIProtectProviderTest.RandomInMemoryDictionaryTest" storage="d:\a\fededim.extensions.configuration.protected\fededim.extensions.configuration.protected\fededim.extensions.configuration.protected.dataprotectionapitest\bin\release\net10.0\fededim.extensions.configuration.protected.dataprotectionapitest.dll" id="aeb7956b-7546-b053-446f-8b8f700e605b">
      <Execution id="5c0dbe23-e3d1-429c-bf14-c72bec3284b5" />
      <TestMethod codeBase="D:\a\Fededim.Extensions.Configuration.Protected\Fededim.Extensions.Configuration.Protected\Fededim.Extensions.Configuration.Protected.DataProtectionAPITest\bin\Release\net10.0\Fededim.Extensions.Configuration.Protected.DataProtectionAPITest.dll" adapterTypeName="executor://xunit/VsTestRunner2/netcoreapp" className="Fededim.Extensions.Configuration.Protected.DataProtectionAPITest.ReverseChainedDataProtectionAPIProtectProviderTest" name="RandomInMemoryDictionaryTest" />
    </UnitTest>
    <UnitTest name="Fededim.Extensions.Configuration.Protected.DataProtectionAPITest.DataProtectionAPIProtectProviderTest.RandomInMemoryDictionaryTest" storage="d:\a\fededim.extensions.configuration.protected\fededim.extensions.configuration.protected\fededim.extensions.configuration.protected.dataprotectionapitest\bin\release\net10.0\fededim.extensions.configuration.protected.dataprotectionapitest.dll" id="092a9e9f-643d-a75f-e646-45602e92186b">
      <Execution id="adf02c74-99e0-46ca-a2ea-c7ff0b707459" />
      <TestMethod codeBase="D:\a\Fededim.Extensions.Configuration.Protected\Fededim.Extensions.Configuration.Protected\Fededim.Extensions.Configuration.Protected.DataProtectionAPITest\bin\Release\net10.0\Fededim.Extensions.Configuration.Protected.DataProtectionAPITest.dll" adapterTypeName="executor://xunit/VsTestRunner2/netcoreapp" className="Fededim.Extensions.Configuration.Protected.DataProtectionAPITest.DataProtectionAPIProtectProviderTest" name="RandomInMemoryDictionaryTest" />
    </UnitTest>
    <UnitTest name="Fededim.Extensions.Configuration.Protected.DataProtectionAPITest.DataProtectionAPIProtectProviderTest.RandomCommandLineTest" storage="d:\a\fededim.extensions.configuration.protected\fededim.extensions.configuration.protected\fededim.extensions.configuration.protected.dataprotectionapitest\bin\release\net10.0\fededim.extensions.configuration.protected.dataprotectionapitest.dll" id="f63be0dc-1fac-0d73-eab5-ec6ea7cf7b08">
      <Execution id="ef341964-9b38-4d42-b5fa-b1abf42a6c66" />
      <TestMethod codeBase="D:\a\Fededim.Extensions.Configuration.Protected\Fededim.Extensions.Configuration.Protected\Fededim.Extensions.Configuration.Protected.DataProtectionAPITest\bin\Release\net10.0\Fededim.Extensions.Configuration.Protected.DataProtectionAPITest.dll" adapterTypeName="executor://xunit/VsTestRunner2/netcoreapp" className="Fededim.Extensions.Configuration.Protected.DataProtectionAPITest.DataProtectionAPIProtectProviderTest" name="RandomCommandLineTest" />
    </UnitTest>
    <UnitTest name="Fededim.Extensions.Configuration.Protected.DataProtectionAPITest.ReverseChainedPassthroughProtectProviderTest.RandomCommandLineTest" storage="d:\a\fededim.extensions.configuration.protected\fededim.extensions.configuration.protected\fededim.extensions.configuration.protected.dataprotectionapitest\bin\release\net10.0\fededim.extensions.configuration.protected.dataprotectionapitest.dll" id="53290695-3624-0469-7860-2a707aa4d5f4">
      <Execution id="120a1bff-decc-43f9-9df9-3dc8fb5411c0" />
      <TestMethod codeBase="D:\a\Fededim.Extensions.Configuration.Protected\Fededim.Extensions.Configuration.Protected\Fededim.Extensions.Configuration.Protected.DataProtectionAPITest\bin\Release\net10.0\Fededim.Extensions.Configuration.Protected.DataProtectionAPITest.dll" adapterTypeName="executor://xunit/VsTestRunner2/netcoreapp" className="Fededim.Extensions.Configuration.Protected.DataProtectionAPITest.ReverseChainedPassthroughProtectProviderTest" name="RandomCommandLineTest" />
    </UnitTest>
    <UnitTest name="Fededim.Extensions.Configuration.Protected.DataProtectionAPITest.ReverseChainedDataProtectionAPIProtectProviderTest.RandomEnvironmentVariablesTest" storage="d:\a\fededim.extensions.configuration.protected\fededim.extensions.configuration.protected\fededim.extensions.configuration.protected.dataprotectionapitest\bin\release\net10.0\fededim.extensions.configuration.protected.dataprotectionapitest.dll" id="6c6badd8-2315-c41e-9745-b2cf4b1a628a">
      <Execution id="e3ca9ca9-9eda-46ff-90ac-22621d202522" />
      <TestMethod codeBase="D:\a\Fededim.Extensions.Configuration.Protected\Fededim.Extensions.Configuration.Protected\Fededim.Extensions.Configuration.Protected.DataProtectionAPITest\bin\Release\net10.0\Fededim.Extensions.Configuration.Protected.DataProtectionAPITest.dll" adapterTypeName="executor://xunit/VsTestRunner2/netcoreapp" className="Fededim.Extensions.Configuration.Protected.DataProtectionAPITest.ReverseChainedDataProtectionAPIProtectProviderTest" name="RandomEnvironmentVariablesTest" />
    </UnitTest>
    <UnitTest name="Fededim.Extensions.Configuration.Protected.DataProtectionAPITest.PassthroughProtectProviderTest.RandomJsonFileTest(useJsonWithCommentFileProcessor: False)" storage="d:\a\fededim.extensions.configuration.protected\fededim.extensions.configuration.protected\fededim.extensions.configuration.protected.dataprotectionapitest\bin\release\net10.0\fededim.extensions.configuration.protected.dataprotectionapitest.dll" id="babc18e0-52be-6076-7768-76d0c302f279">
      <Execution id="daef0549-90a4-4924-b8d3-935fa34bfb42" />
      <TestMethod codeBase="D:\a\Fededim.Extensions.Configuration.Protected\Fededim.Extensions.Configuration.Protected\Fededim.Extensions.Configuration.Protected.DataProtectionAPITest\bin\Release\net10.0\Fededim.Extensions.Configuration.Protected.DataProtectionAPITest.dll" adapterTypeName="executor://xunit/VsTestRunner2/netcoreapp" className="Fededim.Extensions.Configuration.Protected.DataProtectionAPITest.PassthroughProtectProviderTest" name="RandomJsonFileTest" />
    </UnitTest>
    <UnitTest name="Fededim.Extensions.Configuration.Protected.DataProtectionAPITest.DataProtectionAPIProtectProviderTest.RandomJsonFileTest(useJsonWithCommentFileProcessor: False)" storage="d:\a\fededim.extensions.configuration.protected\fededim.extensions.configuration.protected\fededim.extensions.configuration.protected.dataprotectionapitest\bin\release\net10.0\fededim.extensions.configuration.protected.dataprotectionapitest.dll" id="4ea3de90-a59d-3955-9940-560839244413">
      <Execution id="ab6d4c40-cf69-4bdb-be5c-f11aea73cf48" />
      <TestMethod codeBase="D:\a\Fededim.Extensions.Configuration.Protected\Fededim.Extensions.Configuration.Protected\Fededim.Extensions.Configuration.Protected.DataProtectionAPITest\bin\Release\net10.0\Fededim.Extensions.Configuration.Protected.DataProtectionAPITest.dll" adapterTypeName="executor://xunit/VsTestRunner2/netcoreapp" className="Fededim.Extensions.Configuration.Protected.DataProtectionAPITest.DataProtectionAPIProtectProviderTest" name="RandomJsonFileTest" />
    </UnitTest>
    <UnitTest name="Fededim.Extensions.Configuration.Protected.DataProtectionAPITest.ReverseChainedPassthroughProtectProviderTest.RandomJsonFileTest(useJsonWithCommentFileProcessor: True)" storage="d:\a\fededim.extensions.configuration.protected\fededim.extensions.configuration.protected\fededim.extensions.configuration.protected.dataprotectionapitest\bin\release\net10.0\fededim.extensions.configuration.protected.dataprotectionapitest.dll" id="c47730a9-5677-c354-72b2-3037781cbdf4">
      <Execution id="9c793efd-8b95-4600-b0ef-d7947de71d20" />
      <TestMethod codeBase="D:\a\Fededim.Extensions.Configuration.Protected\Fededim.Extensions.Configuration.Protected\Fededim.Extensions.Configuration.Protected.DataProtectionAPITest\bin\Release\net10.0\Fededim.Extensions.Configuration.Protected.DataProtectionAPITest.dll" adapterTypeName="executor://xunit/VsTestRunner2/netcoreapp" className="Fededim.Extensions.Configuration.Protected.DataProtectionAPITest.ReverseChainedPassthroughProtectProviderTest" name="RandomJsonFileTest" />
    </UnitTest>
    <UnitTest name="Fededim.Extensions.Configuration.Protected.DataProtectionAPITest.DataProtectionAPIProtectProviderTest.RandomEnvironmentVariablesTest" storage="d:\a\fededim.extensions.configuration.protected\fededim.extensions.configuration.protected\fededim.extensions.configuration.protected.dataprotectionapitest\bin\release\net10.0\fededim.extensions.configuration.protected.dataprotectionapitest.dll" id="331a13af-5866-8d6a-671d-a2abfea42096">
      <Execution id="87be6c86-68ee-497b-b83b-a78c888bf123" />
      <TestMethod codeBase="D:\a\Fededim.Extensions.Configuration.Protected\Fededim.Extensions.Configuration.Protected\Fededim.Extensions.Configuration.Protected.DataProtectionAPITest\bin\Release\net10.0\Fededim.Extensions.Configuration.Protected.DataProtectionAPITest.dll" adapterTypeName="executor://xunit/VsTestRunner2/netcoreapp" className="Fededim.Extensions.Configuration.Protected.DataProtectionAPITest.DataProtectionAPIProtectProviderTest" name="RandomEnvironmentVariablesTest" />
    </UnitTest>
    <UnitTest name="Fededim.Extensions.Configuration.Protected.DataProtectionAPITest.ReverseChainedPassthroughProtectProviderTest.RandomJsonFileTest(useJsonWithCommentFileProcessor: False)" storage="d:\a\fededim.extensions.configuration.protected\fededim.extensions.configuration.protected\fededim.extensions.configuration.protected.dataprotectionapitest\bin\release\net10.0\fededim.extensions.configuration.protected.dataprotectionapitest.dll" id="7e6ddfbf-8406-e386-7c05-3e7c30fa7505">
      <Execution id="5e0b3ea4-00d6-43d4-87bd-824237ecbf93" />
      <TestMethod codeBase="D:\a\Fededim.Extensions.Configuration.Protected\Fededim.Extensions.Configuration.Protected\Fededim.Extensions.Configuration.Protected.DataProtectionAPITest\bin\Release\net10.0\Fededim.Extensions.Configuration.Protected.DataProtectionAPITest.dll" adapterTypeName="executor://xunit/VsTestRunner2/netcoreapp" className="Fededim.Extensions.Configuration.Protected.DataProtectionAPITest.ReverseChainedPassthroughProtectProviderTest" name="RandomJsonFileTest" />
    </UnitTest>
    <UnitTest name="Fededim.Extensions.Configuration.Protected.DataProtectionAPITest.PassthroughProtectProviderTest.RandomInMemoryDictionaryTest" storage="d:\a\fededim.extensions.configuration.protected\fededim.extensions.configuration.protected\fededim.extensions.configuration.protected.dataprotectionapitest\bin\release\net10.0\fededim.extensions.configuration.protected.dataprotectionapitest.dll" id="623fedfb-c200-d700-a583-c0520c9fd7be">
      <Execution id="3a0d8886-3c6e-461b-be4a-c4251debc065" />
      <TestMethod codeBase="D:\a\Fededim.Extensions.Configuration.Protected\Fededim.Extensions.Configuration.Protected\Fededim.Extensions.Configuration.Protected.DataProtectionAPITest\bin\Release\net10.0\Fededim.Extensions.Configuration.Protected.DataProtectionAPITest.dll" adapterTypeName="executor://xunit/VsTestRunner2/netcoreapp" className="Fededim.Extensions.Configuration.Protected.DataProtectionAPITest.PassthroughProtectProviderTest" name="RandomInMemoryDictionaryTest" />
    </UnitTest>
    <UnitTest name="Fededim.Extensions.Configuration.Protected.DataProtectionAPITest.PassthroughProtectProviderTest.RandomEnvironmentVariablesTest" storage="d:\a\fededim.extensions.configuration.protected\fededim.extensions.configuration.protected\fededim.extensions.configuration.protected.dataprotectionapitest\bin\release\net10.0\fededim.extensions.configuration.protected.dataprotectionapitest.dll" id="f10bb888-60df-1256-7dc3-3ea5b2020598">
      <Execution id="b810d30f-e668-4d68-8335-cece0d3e5d70" />
      <TestMethod codeBase="D:\a\Fededim.Extensions.Configuration.Protected\Fededim.Extensions.Configuration.Protected\Fededim.Extensions.Configuration.Protected.DataProtectionAPITest\bin\Release\net10.0\Fededim.Extensions.Configuration.Protected.DataProtectionAPITest.dll" adapterTypeName="executor://xunit/VsTestRunner2/netcoreapp" className="Fededim.Extensions.Configuration.Protected.DataProtectionAPITest.PassthroughProtectProviderTest" name="RandomEnvironmentVariablesTest" />
    </UnitTest>
    <UnitTest name="Fededim.Extensions.Configuration.Protected.DataProtectionAPITest.PassthroughProtectProviderTest.RandomJsonFileTest(useJsonWithCommentFileProcessor: True)" storage="d:\a\fededim.extensions.configuration.protected\fededim.extensions.configuration.protected\fededim.extensions.configuration.protected.dataprotectionapitest\bin\release\net10.0\fededim.extensions.configuration.protected.dataprotectionapitest.dll" id="94ea7642-4083-0632-dcd9-b9fdbebb7fc1">
      <Execution id="1200d631-b08a-42e0-87bf-adc121892892" />
      <TestMethod codeBase="D:\a\Fededim.Extensions.Configuration.Protected\Fededim.Extensions.Configuration.Protected\Fededim.Extensions.Configuration.Protected.DataProtectionAPITest\bin\Release\net10.0\Fededim.Extensions.Configuration.Protected.DataProtectionAPITest.dll" adapterTypeName="executor://xunit/VsTestRunner2/netcoreapp" className="Fededim.Extensions.Configuration.Protected.DataProtectionAPITest.PassthroughProtectProviderTest" name="RandomJsonFileTest" />
    </UnitTest>
    <UnitTest name="Fededim.Extensions.Configuration.Protected.DataProtectionAPITest.ReverseChainedPassthroughProtectProviderTest.RandomEnvironmentVariablesTest" storage="d:\a\fededim.extensions.configuration.protected\fededim.extensions.configuration.protected\fededim.extensions.configuration.protected.dataprotectionapitest\bin\release\net10.0\fededim.extensions.configuration.protected.dataprotectionapitest.dll" id="f4b49037-2be4-650f-fa20-2558b4f38cf7">
      <Execution id="19f27582-df0d-4607-9066-069d32d943a2" />
      <TestMethod codeBase="D:\a\Fededim.Extensions.Configuration.Protected\Fededim.Extensions.Configuration.Protected\Fededim.Extensions.Configuration.Protected.DataProtectionAPITest\bin\Release\net10.0\Fededim.Extensions.Configuration.Protected.DataProtectionAPITest.dll" adapterTypeName="executor://xunit/VsTestRunner2/netcoreapp" className="Fededim.Extensions.Configuration.Protected.DataProtectionAPITest.ReverseChainedPassthroughProtectProviderTest" name="RandomEnvironmentVariablesTest" />
    </UnitTest>
    <UnitTest name="Fededim.Extensions.Configuration.Protected.DataProtectionAPITest.ReverseChainedPassthroughProtectProviderTest.RandomXmlFileTest" storage="d:\a\fededim.extensions.configuration.protected\fededim.extensions.configuration.protected\fededim.extensions.configuration.protected.dataprotectionapitest\bin\release\net10.0\fededim.extensions.configuration.protected.dataprotectionapitest.dll" id="8fa56702-815f-46fb-f241-56617bf43be4">
      <Execution id="26b3189b-8c44-44f6-9fe1-9347e34eb8e6" />
      <TestMethod codeBase="D:\a\Fededim.Extensions.Configuration.Protected\Fededim.Extensions.Configuration.Protected\Fededim.Extensions.Configuration.Protected.DataProtectionAPITest\bin\Release\net10.0\Fededim.Extensions.Configuration.Protected.DataProtectionAPITest.dll" adapterTypeName="executor://xunit/VsTestRunner2/netcoreapp" className="Fededim.Extensions.Configuration.Protected.DataProtectionAPITest.ReverseChainedPassthroughProtectProviderTest" name="RandomXmlFileTest" />
    </UnitTest>
    <UnitTest name="Fededim.Extensions.Configuration.Protected.DataProtectionAPITest.ReverseChainedPassthroughProtectProviderTest.RandomInMemoryDictionaryTest" storage="d:\a\fededim.extensions.configuration.protected\fededim.extensions.configuration.protected\fededim.extensions.configuration.protected.dataprotectionapitest\bin\release\net10.0\fededim.extensions.configuration.protected.dataprotectionapitest.dll" id="69d8f2d8-3562-2bf4-0a5e-c226f303d955">
      <Execution id="bf04fd1a-ac53-42ad-957b-059f69c0f25a" />
      <TestMethod codeBase="D:\a\Fededim.Extensions.Configuration.Protected\Fededim.Extensions.Configuration.Protected\Fededim.Extensions.Configuration.Protected.DataProtectionAPITest\bin\Release\net10.0\Fededim.Extensions.Configuration.Protected.DataProtectionAPITest.dll" adapterTypeName="executor://xunit/VsTestRunner2/netcoreapp" className="Fededim.Extensions.Configuration.Protected.DataProtectionAPITest.ReverseChainedPassthroughProtectProviderTest" name="RandomInMemoryDictionaryTest" />
    </UnitTest>
  </TestDefinitions>
  <TestEntries>
    <TestEntry testId="4ea3de90-a59d-3955-9940-560839244413" executionId="ab6d4c40-cf69-4bdb-be5c-f11aea73cf48" testListId="8c84fa94-04c1-424b-9868-57a2d4851a1d" />
    <TestEntry testId="40bc2ee2-12b8-c08c-ad81-e8c0efee775c" executionId="2f88e19e-bcb8-45b0-a2da-cc54b8773803" testListId="8c84fa94-04c1-424b-9868-57a2d4851a1d" />
    <TestEntry testId="babc18e0-52be-6076-7768-76d0c302f279" executionId="daef0549-90a4-4924-b8d3-935fa34bfb42" testListId="8c84fa94-04c1-424b-9868-57a2d4851a1d" />
    <TestEntry testId="76a3f103-314f-1ebd-bd22-53871a79c3fa" executionId="1896f522-4881-4c17-8e68-f93785707729" testListId="8c84fa94-04c1-424b-9868-57a2d4851a1d" />
    <TestEntry testId="53290695-3624-0469-7860-2a707aa4d5f4" executionId="120a1bff-decc-43f9-9df9-3dc8fb5411c0" testListId="8c84fa94-04c1-424b-9868-57a2d4851a1d" />
    <TestEntry testId="5bf2f350-f23f-f114-d6dd-98a507e43569" executionId="d8f028c7-ad64-48fb-8c1b-a5e1bef436ef" testListId="8c84fa94-04c1-424b-9868-57a2d4851a1d" />
    <TestEntry testId="623fedfb-c200-d700-a583-c0520c9fd7be" executionId="3a0d8886-3c6e-461b-be4a-c4251debc065" testListId="8c84fa94-04c1-424b-9868-57a2d4851a1d" />
    <TestEntry testId="69d8f2d8-3562-2bf4-0a5e-c226f303d955" executionId="bf04fd1a-ac53-42ad-957b-059f69c0f25a" testListId="8c84fa94-04c1-424b-9868-57a2d4851a1d" />
    <TestEntry testId="f4b49037-2be4-650f-fa20-2558b4f38cf7" executionId="19f27582-df0d-4607-9066-069d32d943a2" testListId="8c84fa94-04c1-424b-9868-57a2d4851a1d" />
    <TestEntry testId="6c6badd8-2315-c41e-9745-b2cf4b1a628a" executionId="e3ca9ca9-9eda-46ff-90ac-22621d202522" testListId="8c84fa94-04c1-424b-9868-57a2d4851a1d" />
    <TestEntry testId="092a9e9f-643d-a75f-e646-45602e92186b" executionId="adf02c74-99e0-46ca-a2ea-c7ff0b707459" testListId="8c84fa94-04c1-424b-9868-57a2d4851a1d" />
    <TestEntry testId="f63be0dc-1fac-0d73-eab5-ec6ea7cf7b08" executionId="ef341964-9b38-4d42-b5fa-b1abf42a6c66" testListId="8c84fa94-04c1-424b-9868-57a2d4851a1d" />
    <TestEntry testId="bc65d678-ea47-f040-ebfc-ebf2c2e9a1f0" executionId="117ca5b5-4b96-41f1-bd80-62e8e02535e5" testListId="8c84fa94-04c1-424b-9868-57a2d4851a1d" />
    <TestEntry testId="266c91ed-f749-9cf5-bf8c-4a55ef2a37c7" executionId="90bb62c1-29cf-4ad1-a519-878f91ad94cb" testListId="8c84fa94-04c1-424b-9868-57a2d4851a1d" />
    <TestEntry testId="7854059b-30d2-55e5-a014-8ef220beca26" executionId="edd6874f-4a18-42b3-a46c-aabf84cf3beb" testListId="8c84fa94-04c1-424b-9868-57a2d4851a1d" />
    <TestEntry testId="647b6c5b-225b-1ca2-d2e0-e37df89ba286" executionId="c1abd535-2a85-4e1b-bd03-0a5b1def8344" testListId="8c84fa94-04c1-424b-9868-57a2d4851a1d" />
    <TestEntry testId="c47730a9-5677-c354-72b2-3037781cbdf4" executionId="9c793efd-8b95-4600-b0ef-d7947de71d20" testListId="8c84fa94-04c1-424b-9868-57a2d4851a1d" />
    <TestEntry testId="f10bb888-60df-1256-7dc3-3ea5b2020598" executionId="b810d30f-e668-4d68-8335-cece0d3e5d70" testListId="8c84fa94-04c1-424b-9868-57a2d4851a1d" />
    <TestEntry testId="8fa56702-815f-46fb-f241-56617bf43be4" executionId="26b3189b-8c44-44f6-9fe1-9347e34eb8e6" testListId="8c84fa94-04c1-424b-9868-57a2d4851a1d" />
    <TestEntry testId="aeb7956b-7546-b053-446f-8b8f700e605b" executionId="5c0dbe23-e3d1-429c-bf14-c72bec3284b5" testListId="8c84fa94-04c1-424b-9868-57a2d4851a1d" />
    <TestEntry testId="94ea7642-4083-0632-dcd9-b9fdbebb7fc1" executionId="1200d631-b08a-42e0-87bf-adc121892892" testListId="8c84fa94-04c1-424b-9868-57a2d4851a1d" />
    <TestEntry testId="7e6ddfbf-8406-e386-7c05-3e7c30fa7505" executionId="5e0b3ea4-00d6-43d4-87bd-824237ecbf93" testListId="8c84fa94-04c1-424b-9868-57a2d4851a1d" />
    <TestEntry testId="331a13af-5866-8d6a-671d-a2abfea42096" executionId="87be6c86-68ee-497b-b83b-a78c888bf123" testListId="8c84fa94-04c1-424b-9868-57a2d4851a1d" />
    <TestEntry testId="cab792d5-caf7-94cb-7dd5-8cd2bf26d466" executionId="16e7c080-b4df-42a7-84f3-44fcb90da8ed" testListId="8c84fa94-04c1-424b-9868-57a2d4851a1d" />
  </TestEntries>
  <TestLists>
    <TestList name="Results Not in a List" id="8c84fa94-04c1-424b-9868-57a2d4851a1d" />
    <TestList name="All Loaded Results" id="19431567-8539-422a-85d7-44ee4e166bda" />
  </TestLists>
  <ResultSummary outcome="Completed">
    <Counters total="24" executed="24" passed="24" failed="0" error="0" timeout="0" aborted="0" inconclusive="0" passedButRunAborted="0" notRunnable="0" notExecuted="0" disconnected="0" warning="0" completed="0" inProgress="0" pending="0" />
    <Output>
      <StdOut>[xUnit.net 00:00:00.00] xUnit.net VSTest Adapter v2.8.2+699d445a1a (64-bit .NET 10.0.12)&#xD;
[xUnit.net 00:00:00.14]   Discovering: Fededim.Extensions.Configuration.Protected.DataProtectionAPITest&#xD;
[xUnit.net 00:00:00.24]   Discovered:  Fededim.Extensions.Configuration.Protected.DataProtectionAPITest&#xD;
[xUnit.net 00:00:00.25]   Starting:    Fededim.Extensions.Configuration.Protected.DataProtectionAPITest&#xD;
[xUnit.net 00:01:21.56]   Finished:    Fededim.Extensions.Configuration.Protected.DataProtectionAPITest&#xD;
</StdOut>
    </Output>
  </ResultSummary>
</TestRun>